/home/xp2027/.local/lib/python3.9/site-packages/statsmodels/compat/pandas.py:65: FutureWarning: pandas.Int64Index is deprecated and will be removed from pandas in a future version. Use pandas.Index with the appropriate dtype instead.
  from pandas import Int64Index as NumericIndex
Config:
{'all_joints': [[0],
                [1],
                [2],
                [3],
                [4],
                [5],
                [6],
                [7],
                [8],
                [9],
                [10],
                [11],
                [12],
                [13],
                [14],
                [15],
                [16],
                [17],
                [18],
                [19],
                [20]],
 'all_joints_names': ['bodypart1',
                      'bodypart2',
                      'bodypart3',
                      'bodypart4',
                      'bodypart5',
                      'bodypart6',
                      'bodypart7',
                      'bodypart8',
                      'bodypart9',
                      'bodypart10',
                      'bodypart11',
                      'bodypart12',
                      'bodypart13',
                      'bodypart14',
                      'bodypart15',
                      'bodypart16',
                      'bodypart17',
                      'bodypart18',
                      'bodypart19',
                      'bodypart20',
                      'bodypart21'],
 'alpha_r': 0.02,
 'apply_prob': 0.5,
 'batch_size': 8,
 'clahe': True,
 'claheratio': 0.1,
 'crop_pad': 0,
 'crop_sampling': 'hybrid',
 'crop_size': [400, 400],
 'cropratio': 0.4,
 'dataset': 'training-datasets/iteration-0/UnaugmentedDataSet_PkPvRnetYu00Jul20/PkPvRnetYu00_Yuna90shuffle1.pickle',
 'dataset_type': 'multi-animal-imgaug',
 'decay_steps': 30000,
 'deterministic': False,
 'display_iters': 500,
 'edge': False,
 'emboss': {'alpha': [0.0, 1.0], 'embossratio': 0.1, 'strength': [0.5, 1.5]},
 'fg_fraction': 0.25,
 'global_scale': 0.8,
 'histeq': True,
 'histeqratio': 0.1,
 'init_weights': '/home/xp2027/.local/lib/python3.9/site-packages/deeplabcut/pose_estimation_tensorflow/models/pretrained/mobilenet_v2_1.0_224.ckpt',
 'intermediate_supervision': False,
 'intermediate_supervision_layer': 12,
 'location_refinement': True,
 'locref_huber_loss': True,
 'locref_loss_weight': 0.05,
 'locref_stdev': 7.2801,
 'log_dir': 'log',
 'lr_init': 0.0005,
 'max_input_size': 1500,
 'max_shift': 0.4,
 'mean_pixel': [123.68, 116.779, 103.939],
 'metadataset': 'training-datasets/iteration-0/UnaugmentedDataSet_PkPvRnetYu00Jul20/Documentation_data-PkPvRnetYu00_90shuffle1.pickle',
 'min_input_size': 64,
 'mirror': False,
 'multi_stage': False,
 'multi_step': [[0.0001, 7500], [5e-05, 12000], [1e-05, 200000]],
 'net_type': 'mobilenet_v2_1.0',
 'num_idchannel': 0,
 'num_joints': 21,
 'num_limbs': 63,
 'optimizer': 'adam',
 'pafwidth': 20,
 'pairwise_huber_loss': False,
 'pairwise_loss_weight': 0.1,
 'pairwise_predict': False,
 'partaffinityfield_graph': [[7, 16],
                             [5, 7],
                             [7, 9],
                             [7, 19],
                             [7, 18],
                             [2, 7],
                             [7, 17],
                             [16, 17],
                             [3, 16],
                             [1, 16],
                             [16, 19],
                             [10, 16],
                             [13, 16],
                             [4, 17],
                             [17, 18],
                             [1, 17],
                             [17, 19],
                             [15, 17],
                             [14, 17],
                             [11, 17],
                             [5, 18],
                             [1, 5],
                             [5, 12],
                             [5, 9],
                             [5, 14],
                             [3, 5],
                             [4, 8],
                             [4, 9],
                             [3, 4],
                             [10, 18],
                             [10, 15],
                             [0, 10],
                             [6, 10],
                             [10, 13],
                             [2, 18],
                             [6, 18],
                             [0, 18],
                             [2, 12],
                             [2, 6],
                             [2, 9],
                             [2, 13],
                             [12, 20],
                             [12, 15],
                             [6, 12],
                             [12, 13],
                             [0, 12],
                             [12, 19],
                             [12, 14],
                             [1, 9],
                             [9, 14],
                             [3, 20],
                             [3, 15],
                             [6, 20],
                             [19, 20],
                             [1, 8],
                             [8, 19],
                             [15, 19],
                             [14, 15],
                             [0, 1],
                             [6, 13],
                             [0, 11],
                             [11, 14],
                             [14, 19]],
 'partaffinityfield_predict': True,
 'pos_dist_thresh': 17,
 'pre_resize': [],
 'project_path': '/scratch/xp2027/lab_36_PkPvRnetYu/PkPvRnetYu00',
 'regularize': False,
 'rotation': 25,
 'rotratio': 0.4,
 'save_iters': 10000,
 'scale_jitter_lo': 0.5,
 'scale_jitter_up': 1.25,
 'scoremap_dir': 'test',
 'sharpen': False,
 'sharpenratio': 0.3,
 'shuffle': True,
 'snapshot_prefix': '/scratch/xp2027/lab_36_PkPvRnetYu/PkPvRnetYu00/dlc-models/iteration-0/PkPvRnetYu00Jul20-trainset90shuffle1/train/snapshot',
 'stride': 8.0,
 'weigh_negatives': False,
 'weigh_only_present_joints': False,
 'weigh_part_predictions': False,
 'weight_decay': 0.0001}
/home/xp2027/.local/lib/python3.9/site-packages/tensorflow/python/keras/engine/base_layer_v1.py:1694: UserWarning: `layer.apply` is deprecated and will be removed in a future version. Please use `layer.__call__` method instead.
  warnings.warn('`layer.apply` is deprecated and '
/home/xp2027/.local/lib/python3.9/site-packages/tf_slim/layers/layers.py:684: UserWarning: `layer.apply` is deprecated and will be removed in a future version. Please use `layer.__call__` method instead.
  outputs = layer.apply(inputs, training=is_training)
2022-07-22 13:42:09.602948: I tensorflow/core/platform/cpu_feature_guard.cc:151] This TensorFlow binary is optimized with oneAPI Deep Neural Network Library (oneDNN) to use the following CPU instructions in performance-critical operations:  AVX2 AVX512F FMA
To enable them in other operations, rebuild TensorFlow with the appropriate compiler flags.
2022-07-22 13:42:12.738038: I tensorflow/core/common_runtime/gpu/gpu_device.cc:1525] Created device /job:localhost/replica:0/task:0/device:GPU:0 with 30989 MB memory:  -> device: 0, name: Tesla V100-PCIE-32GB, pci bus id: 0000:86:00.0, compute capability: 7.0
2022-07-22 13:42:13.324064: I tensorflow/core/common_runtime/gpu/gpu_device.cc:1525] Created device /job:localhost/replica:0/task:0/device:GPU:0 with 30989 MB memory:  -> device: 0, name: Tesla V100-PCIE-32GB, pci bus id: 0000:86:00.0, compute capability: 7.0
2022-07-22 13:42:30.478185: I tensorflow/stream_executor/cuda/cuda_dnn.cc:368] Loaded cuDNN version 8101
iteration: 100 loss: 0.2039 scmap loss: 0.1662 locref loss: 0.0075 limb loss: 0.0301 lr: 0.0001
iteration: 200 loss: 0.0288 scmap loss: 0.0137 locref loss: 0.0030 limb loss: 0.0120 lr: 0.0001
iteration: 300 loss: 0.0124 scmap loss: 0.0062 locref loss: 0.0013 limb loss: 0.0050 lr: 0.0001
iteration: 400 loss: 0.0078 scmap loss: 0.0045 locref loss: 0.0006 limb loss: 0.0026 lr: 0.0001
iteration: 500 loss: 0.0058 scmap loss: 0.0038 locref loss: 0.0004 limb loss: 0.0016 lr: 0.0001
iteration: 600 loss: 0.0048 scmap loss: 0.0034 locref loss: 0.0003 limb loss: 0.0011 lr: 0.0001
iteration: 700 loss: 0.0045 scmap loss: 0.0034 locref loss: 0.0002 limb loss: 0.0009 lr: 0.0001
iteration: 800 loss: 0.0041 scmap loss: 0.0032 locref loss: 0.0002 limb loss: 0.0007 lr: 0.0001
iteration: 900 loss: 0.0035 scmap loss: 0.0028 locref loss: 0.0001 limb loss: 0.0005 lr: 0.0001
iteration: 1000 loss: 0.0033 scmap loss: 0.0027 locref loss: 0.0001 limb loss: 0.0005 lr: 0.0001
iteration: 1100 loss: 0.0032 scmap loss: 0.0027 locref loss: 0.0001 limb loss: 0.0004 lr: 0.0001
iteration: 1200 loss: 0.0030 scmap loss: 0.0026 locref loss: 0.0001 limb loss: 0.0003 lr: 0.0001
iteration: 1300 loss: 0.0029 scmap loss: 0.0026 locref loss: 0.0001 limb loss: 0.0003 lr: 0.0001
iteration: 1400 loss: 0.0029 scmap loss: 0.0026 locref loss: 0.0001 limb loss: 0.0003 lr: 0.0001
iteration: 1500 loss: 0.0029 scmap loss: 0.0026 locref loss: 0.0001 limb loss: 0.0002 lr: 0.0001
iteration: 1600 loss: 0.0029 scmap loss: 0.0027 locref loss: 0.0001 limb loss: 0.0002 lr: 0.0001
iteration: 1700 loss: 0.0027 scmap loss: 0.0025 locref loss: 0.0001 limb loss: 0.0002 lr: 0.0001
iteration: 1800 loss: 0.0027 scmap loss: 0.0025 locref loss: 0.0000 limb loss: 0.0002 lr: 0.0001
iteration: 1900 loss: 0.0025 scmap loss: 0.0023 locref loss: 0.0000 limb loss: 0.0002 lr: 0.0001
iteration: 2000 loss: 0.0026 scmap loss: 0.0024 locref loss: 0.0000 limb loss: 0.0002 lr: 0.0001
iteration: 2100 loss: 0.0024 scmap loss: 0.0022 locref loss: 0.0000 limb loss: 0.0001 lr: 0.0001
iteration: 2200 loss: 0.0022 scmap loss: 0.0020 locref loss: 0.0000 limb loss: 0.0001 lr: 0.0001
iteration: 2300 loss: 0.0023 scmap loss: 0.0021 locref loss: 0.0000 limb loss: 0.0001 lr: 0.0001
iteration: 2400 loss: 0.0023 scmap loss: 0.0021 locref loss: 0.0000 limb loss: 0.0001 lr: 0.0001
iteration: 2500 loss: 0.0022 scmap loss: 0.0021 locref loss: 0.0000 limb loss: 0.0001 lr: 0.0001
iteration: 2600 loss: 0.0023 scmap loss: 0.0022 locref loss: 0.0000 limb loss: 0.0001 lr: 0.0001
iteration: 2700 loss: 0.0021 scmap loss: 0.0019 locref loss: 0.0000 limb loss: 0.0001 lr: 0.0001
iteration: 2800 loss: 0.0021 scmap loss: 0.0019 locref loss: 0.0000 limb loss: 0.0001 lr: 0.0001
iteration: 2900 loss: 0.0021 scmap loss: 0.0019 locref loss: 0.0000 limb loss: 0.0001 lr: 0.0001
iteration: 3000 loss: 0.0021 scmap loss: 0.0019 locref loss: 0.0000 limb loss: 0.0001 lr: 0.0001
iteration: 3100 loss: 0.0018 scmap loss: 0.0017 locref loss: 0.0000 limb loss: 0.0001 lr: 0.0001
iteration: 3200 loss: 0.0021 scmap loss: 0.0020 locref loss: 0.0000 limb loss: 0.0001 lr: 0.0001
iteration: 3300 loss: 0.0018 scmap loss: 0.0016 locref loss: 0.0000 limb loss: 0.0001 lr: 0.0001
iteration: 3400 loss: 0.0017 scmap loss: 0.0016 locref loss: 0.0000 limb loss: 0.0001 lr: 0.0001
iteration: 3500 loss: 0.0017 scmap loss: 0.0016 locref loss: 0.0000 limb loss: 0.0001 lr: 0.0001
iteration: 3600 loss: 0.0017 scmap loss: 0.0016 locref loss: 0.0000 limb loss: 0.0001 lr: 0.0001
iteration: 3700 loss: 0.0017 scmap loss: 0.0016 locref loss: 0.0000 limb loss: 0.0001 lr: 0.0001
iteration: 3800 loss: 0.0015 scmap loss: 0.0014 locref loss: 0.0000 limb loss: 0.0001 lr: 0.0001
iteration: 3900 loss: 0.0016 scmap loss: 0.0015 locref loss: 0.0000 limb loss: 0.0001 lr: 0.0001
iteration: 4000 loss: 0.0014 scmap loss: 0.0013 locref loss: 0.0000 limb loss: 0.0001 lr: 0.0001
iteration: 4100 loss: 0.0015 scmap loss: 0.0014 locref loss: 0.0000 limb loss: 0.0001 lr: 0.0001
iteration: 4200 loss: 0.0015 scmap loss: 0.0014 locref loss: 0.0000 limb loss: 0.0001 lr: 0.0001
iteration: 4300 loss: 0.0013 scmap loss: 0.0012 locref loss: 0.0000 limb loss: 0.0001 lr: 0.0001
iteration: 4400 loss: 0.0013 scmap loss: 0.0012 locref loss: 0.0000 limb loss: 0.0001 lr: 0.0001
iteration: 4500 loss: 0.0013 scmap loss: 0.0012 locref loss: 0.0000 limb loss: 0.0001 lr: 0.0001
iteration: 4600 loss: 0.0012 scmap loss: 0.0012 locref loss: 0.0000 limb loss: 0.0001 lr: 0.0001
iteration: 4700 loss: 0.0013 scmap loss: 0.0012 locref loss: 0.0000 limb loss: 0.0001 lr: 0.0001
iteration: 4800 loss: 0.0012 scmap loss: 0.0011 locref loss: 0.0000 limb loss: 0.0001 lr: 0.0001
iteration: 4900 loss: 0.0012 scmap loss: 0.0011 locref loss: 0.0000 limb loss: 0.0001 lr: 0.0001
iteration: 5000 loss: 0.0012 scmap loss: 0.0011 locref loss: 0.0000 limb loss: 0.0001 lr: 0.0001
iteration: 5100 loss: 0.0011 scmap loss: 0.0010 locref loss: 0.0000 limb loss: 0.0001 lr: 0.0001
iteration: 5200 loss: 0.0011 scmap loss: 0.0010 locref loss: 0.0000 limb loss: 0.0001 lr: 0.0001
iteration: 5300 loss: 0.0010 scmap loss: 0.0009 locref loss: 0.0000 limb loss: 0.0000 lr: 0.0001
iteration: 5400 loss: 0.0010 scmap loss: 0.0010 locref loss: 0.0000 limb loss: 0.0000 lr: 0.0001
iteration: 5500 loss: 0.0010 scmap loss: 0.0010 locref loss: 0.0000 limb loss: 0.0000 lr: 0.0001
iteration: 5600 loss: 0.0010 scmap loss: 0.0009 locref loss: 0.0000 limb loss: 0.0000 lr: 0.0001
iteration: 5700 loss: 0.0009 scmap loss: 0.0009 locref loss: 0.0000 limb loss: 0.0000 lr: 0.0001
iteration: 5800 loss: 0.0010 scmap loss: 0.0009 locref loss: 0.0000 limb loss: 0.0000 lr: 0.0001
iteration: 5900 loss: 0.0009 scmap loss: 0.0008 locref loss: 0.0000 limb loss: 0.0000 lr: 0.0001
iteration: 6000 loss: 0.0009 scmap loss: 0.0008 locref loss: 0.0000 limb loss: 0.0000 lr: 0.0001
iteration: 6100 loss: 0.0008 scmap loss: 0.0008 locref loss: 0.0000 limb loss: 0.0000 lr: 0.0001
iteration: 6200 loss: 0.0009 scmap loss: 0.0008 locref loss: 0.0000 limb loss: 0.0000 lr: 0.0001
iteration: 6300 loss: 0.0008 scmap loss: 0.0008 locref loss: 0.0000 limb loss: 0.0000 lr: 0.0001
iteration: 6400 loss: 0.0009 scmap loss: 0.0008 locref loss: 0.0000 limb loss: 0.0000 lr: 0.0001
iteration: 6500 loss: 0.0009 scmap loss: 0.0008 locref loss: 0.0000 limb loss: 0.0000 lr: 0.0001
iteration: 6600 loss: 0.0008 scmap loss: 0.0008 locref loss: 0.0000 limb loss: 0.0000 lr: 0.0001
iteration: 6700 loss: 0.0008 scmap loss: 0.0007 locref loss: 0.0000 limb loss: 0.0000 lr: 0.0001
iteration: 6800 loss: 0.0008 scmap loss: 0.0008 locref loss: 0.0000 limb loss: 0.0000 lr: 0.0001
iteration: 6900 loss: 0.0008 scmap loss: 0.0007 locref loss: 0.0000 limb loss: 0.0000 lr: 0.0001
iteration: 7000 loss: 0.0007 scmap loss: 0.0007 locref loss: 0.0000 limb loss: 0.0000 lr: 0.0001
iteration: 7100 loss: 0.0007 scmap loss: 0.0007 locref loss: 0.0000 limb loss: 0.0000 lr: 0.0001
iteration: 7200 loss: 0.0008 scmap loss: 0.0007 locref loss: 0.0000 limb loss: 0.0000 lr: 0.0001
iteration: 7300 loss: 0.0007 scmap loss: 0.0007 locref loss: 0.0000 limb loss: 0.0000 lr: 0.0001
iteration: 7400 loss: 0.0007 scmap loss: 0.0007 locref loss: 0.0000 limb loss: 0.0000 lr: 0.0001
iteration: 7500 loss: 0.0008 scmap loss: 0.0007 locref loss: 0.0000 limb loss: 0.0000 lr: 0.0001
iteration: 7600 loss: 0.0006 scmap loss: 0.0006 locref loss: 0.0000 limb loss: 0.0000 lr: 5e-05
iteration: 7700 loss: 0.0006 scmap loss: 0.0006 locref loss: 0.0000 limb loss: 0.0000 lr: 5e-05
iteration: 7800 loss: 0.0006 scmap loss: 0.0006 locref loss: 0.0000 limb loss: 0.0000 lr: 5e-05
iteration: 7900 loss: 0.0006 scmap loss: 0.0006 locref loss: 0.0000 limb loss: 0.0000 lr: 5e-05
iteration: 8000 loss: 0.0006 scmap loss: 0.0006 locref loss: 0.0000 limb loss: 0.0000 lr: 5e-05
iteration: 8100 loss: 0.0006 scmap loss: 0.0006 locref loss: 0.0000 limb loss: 0.0000 lr: 5e-05
iteration: 8200 loss: 0.0006 scmap loss: 0.0006 locref loss: 0.0000 limb loss: 0.0000 lr: 5e-05
iteration: 8300 loss: 0.0006 scmap loss: 0.0005 locref loss: 0.0000 limb loss: 0.0000 lr: 5e-05
iteration: 8400 loss: 0.0006 scmap loss: 0.0005 locref loss: 0.0000 limb loss: 0.0000 lr: 5e-05
iteration: 8500 loss: 0.0006 scmap loss: 0.0006 locref loss: 0.0000 limb loss: 0.0000 lr: 5e-05
iteration: 8600 loss: 0.0005 scmap loss: 0.0005 locref loss: 0.0000 limb loss: 0.0000 lr: 5e-05
iteration: 8700 loss: 0.0006 scmap loss: 0.0005 locref loss: 0.0000 limb loss: 0.0000 lr: 5e-05
iteration: 8800 loss: 0.0006 scmap loss: 0.0005 locref loss: 0.0000 limb loss: 0.0000 lr: 5e-05
iteration: 8900 loss: 0.0006 scmap loss: 0.0005 locref loss: 0.0000 limb loss: 0.0000 lr: 5e-05
iteration: 9000 loss: 0.0006 scmap loss: 0.0005 locref loss: 0.0000 limb loss: 0.0000 lr: 5e-05
iteration: 9100 loss: 0.0006 scmap loss: 0.0005 locref loss: 0.0000 limb loss: 0.0000 lr: 5e-05
iteration: 9200 loss: 0.0005 scmap loss: 0.0005 locref loss: 0.0000 limb loss: 0.0000 lr: 5e-05
iteration: 9300 loss: 0.0005 scmap loss: 0.0005 locref loss: 0.0000 limb loss: 0.0000 lr: 5e-05
iteration: 9400 loss: 0.0005 scmap loss: 0.0005 locref loss: 0.0000 limb loss: 0.0000 lr: 5e-05
iteration: 9500 loss: 0.0005 scmap loss: 0.0005 locref loss: 0.0000 limb loss: 0.0000 lr: 5e-05
iteration: 9600 loss: 0.0006 scmap loss: 0.0005 locref loss: 0.0000 limb loss: 0.0000 lr: 5e-05
iteration: 9700 loss: 0.0005 scmap loss: 0.0005 locref loss: 0.0000 limb loss: 0.0000 lr: 5e-05
iteration: 9800 loss: 0.0006 scmap loss: 0.0006 locref loss: 0.0000 limb loss: 0.0000 lr: 5e-05
iteration: 9900 loss: 0.0005 scmap loss: 0.0005 locref loss: 0.0000 limb loss: 0.0000 lr: 5e-05
iteration: 10000 loss: 0.0006 scmap loss: 0.0005 locref loss: 0.0000 limb loss: 0.0000 lr: 5e-05
iteration: 10100 loss: 0.0006 scmap loss: 0.0005 locref loss: 0.0000 limb loss: 0.0000 lr: 5e-05
iteration: 10200 loss: 0.0005 scmap loss: 0.0005 locref loss: 0.0000 limb loss: 0.0000 lr: 5e-05
iteration: 10300 loss: 0.0005 scmap loss: 0.0005 locref loss: 0.0000 limb loss: 0.0000 lr: 5e-05
iteration: 10400 loss: 0.0005 scmap loss: 0.0005 locref loss: 0.0000 limb loss: 0.0000 lr: 5e-05
iteration: 10500 loss: 0.0005 scmap loss: 0.0005 locref loss: 0.0000 limb loss: 0.0000 lr: 5e-05
iteration: 10600 loss: 0.0005 scmap loss: 0.0005 locref loss: 0.0000 limb loss: 0.0000 lr: 5e-05
iteration: 10700 loss: 0.0005 scmap loss: 0.0004 locref loss: 0.0000 limb loss: 0.0000 lr: 5e-05
iteration: 10800 loss: 0.0005 scmap loss: 0.0005 locref loss: 0.0000 limb loss: 0.0000 lr: 5e-05
iteration: 10900 loss: 0.0005 scmap loss: 0.0005 locref loss: 0.0000 limb loss: 0.0000 lr: 5e-05
iteration: 11000 loss: 0.0005 scmap loss: 0.0005 locref loss: 0.0000 limb loss: 0.0000 lr: 5e-05
iteration: 11100 loss: 0.0005 scmap loss: 0.0005 locref loss: 0.0000 limb loss: 0.0000 lr: 5e-05
iteration: 11200 loss: 0.0005 scmap loss: 0.0004 locref loss: 0.0000 limb loss: 0.0000 lr: 5e-05
iteration: 11300 loss: 0.0005 scmap loss: 0.0005 locref loss: 0.0000 limb loss: 0.0000 lr: 5e-05
iteration: 11400 loss: 0.0005 scmap loss: 0.0005 locref loss: 0.0000 limb loss: 0.0000 lr: 5e-05
iteration: 11500 loss: 0.0005 scmap loss: 0.0005 locref loss: 0.0000 limb loss: 0.0000 lr: 5e-05
iteration: 11600 loss: 0.0005 scmap loss: 0.0004 locref loss: 0.0000 limb loss: 0.0000 lr: 5e-05
iteration: 11700 loss: 0.0005 scmap loss: 0.0005 locref loss: 0.0000 limb loss: 0.0000 lr: 5e-05
iteration: 11800 loss: 0.0004 scmap loss: 0.0004 locref loss: 0.0000 limb loss: 0.0000 lr: 5e-05
iteration: 11900 loss: 0.0005 scmap loss: 0.0004 locref loss: 0.0000 limb loss: 0.0000 lr: 5e-05
iteration: 12000 loss: 0.0005 scmap loss: 0.0005 locref loss: 0.0000 limb loss: 0.0000 lr: 5e-05
iteration: 12100 loss: 0.0004 scmap loss: 0.0004 locref loss: 0.0000 limb loss: 0.0000 lr: 1e-05
iteration: 12200 loss: 0.0004 scmap loss: 0.0004 locref loss: 0.0000 limb loss: 0.0000 lr: 1e-05
iteration: 12300 loss: 0.0004 scmap loss: 0.0004 locref loss: 0.0000 limb loss: 0.0000 lr: 1e-05
iteration: 12400 loss: 0.0004 scmap loss: 0.0004 locref loss: 0.0000 limb loss: 0.0000 lr: 1e-05
iteration: 12500 loss: 0.0004 scmap loss: 0.0004 locref loss: 0.0000 limb loss: 0.0000 lr: 1e-05
iteration: 12600 loss: 0.0004 scmap loss: 0.0004 locref loss: 0.0000 limb loss: 0.0000 lr: 1e-05
iteration: 12700 loss: 0.0004 scmap loss: 0.0004 locref loss: 0.0000 limb loss: 0.0000 lr: 1e-05
iteration: 12800 loss: 0.0004 scmap loss: 0.0004 locref loss: 0.0000 limb loss: 0.0000 lr: 1e-05
iteration: 12900 loss: 0.0004 scmap loss: 0.0004 locref loss: 0.0000 limb loss: 0.0000 lr: 1e-05
iteration: 13000 loss: 0.0004 scmap loss: 0.0004 locref loss: 0.0000 limb loss: 0.0000 lr: 1e-05
iteration: 13100 loss: 0.0004 scmap loss: 0.0004 locref loss: 0.0000 limb loss: 0.0000 lr: 1e-05
iteration: 13200 loss: 0.0004 scmap loss: 0.0004 locref loss: 0.0000 limb loss: 0.0000 lr: 1e-05
iteration: 13300 loss: 0.0004 scmap loss: 0.0004 locref loss: 0.0000 limb loss: 0.0000 lr: 1e-05
iteration: 13400 loss: 0.0004 scmap loss: 0.0004 locref loss: 0.0000 limb loss: 0.0000 lr: 1e-05
iteration: 13500 loss: 0.0005 scmap loss: 0.0004 locref loss: 0.0000 limb loss: 0.0000 lr: 1e-05
iteration: 13600 loss: 0.0004 scmap loss: 0.0004 locref loss: 0.0000 limb loss: 0.0000 lr: 1e-05
iteration: 13700 loss: 0.0004 scmap loss: 0.0004 locref loss: 0.0000 limb loss: 0.0000 lr: 1e-05
iteration: 13800 loss: 0.0004 scmap loss: 0.0004 locref loss: 0.0000 limb loss: 0.0000 lr: 1e-05
iteration: 13900 loss: 0.0004 scmap loss: 0.0004 locref loss: 0.0000 limb loss: 0.0000 lr: 1e-05
iteration: 14000 loss: 0.0004 scmap loss: 0.0004 locref loss: 0.0000 limb loss: 0.0000 lr: 1e-05
iteration: 14100 loss: 0.0004 scmap loss: 0.0004 locref loss: 0.0000 limb loss: 0.0000 lr: 1e-05
iteration: 14200 loss: 0.0004 scmap loss: 0.0004 locref loss: 0.0000 limb loss: 0.0000 lr: 1e-05
iteration: 14300 loss: 0.0004 scmap loss: 0.0004 locref loss: 0.0000 limb loss: 0.0000 lr: 1e-05
iteration: 14400 loss: 0.0004 scmap loss: 0.0004 locref loss: 0.0000 limb loss: 0.0000 lr: 1e-05
iteration: 14500 loss: 0.0004 scmap loss: 0.0004 locref loss: 0.0000 limb loss: 0.0000 lr: 1e-05
iteration: 14600 loss: 0.0004 scmap loss: 0.0004 locref loss: 0.0000 limb loss: 0.0000 lr: 1e-05
iteration: 14700 loss: 0.0004 scmap loss: 0.0004 locref loss: 0.0000 limb loss: 0.0000 lr: 1e-05
iteration: 14800 loss: 0.0004 scmap loss: 0.0004 locref loss: 0.0000 limb loss: 0.0000 lr: 1e-05
iteration: 14900 loss: 0.0004 scmap loss: 0.0004 locref loss: 0.0000 limb loss: 0.0000 lr: 1e-05
iteration: 15000 loss: 0.0004 scmap loss: 0.0004 locref loss: 0.0000 limb loss: 0.0000 lr: 1e-05
iteration: 15100 loss: 0.0004 scmap loss: 0.0004 locref loss: 0.0000 limb loss: 0.0000 lr: 1e-05
iteration: 15200 loss: 0.0004 scmap loss: 0.0004 locref loss: 0.0000 limb loss: 0.0000 lr: 1e-05
iteration: 15300 loss: 0.0004 scmap loss: 0.0004 locref loss: 0.0000 limb loss: 0.0000 lr: 1e-05
iteration: 15400 loss: 0.0004 scmap loss: 0.0004 locref loss: 0.0000 limb loss: 0.0000 lr: 1e-05
iteration: 15500 loss: 0.0004 scmap loss: 0.0004 locref loss: 0.0000 limb loss: 0.0000 lr: 1e-05
iteration: 15600 loss: 0.0004 scmap loss: 0.0004 locref loss: 0.0000 limb loss: 0.0000 lr: 1e-05
iteration: 15700 loss: 0.0004 scmap loss: 0.0004 locref loss: 0.0000 limb loss: 0.0000 lr: 1e-05
iteration: 15800 loss: 0.0004 scmap loss: 0.0004 locref loss: 0.0000 limb loss: 0.0000 lr: 1e-05
iteration: 15900 loss: 0.0004 scmap loss: 0.0004 locref loss: 0.0000 limb loss: 0.0000 lr: 1e-05
iteration: 16000 loss: 0.0004 scmap loss: 0.0004 locref loss: 0.0000 limb loss: 0.0000 lr: 1e-05
iteration: 16100 loss: 0.0004 scmap loss: 0.0004 locref loss: 0.0000 limb loss: 0.0000 lr: 1e-05
iteration: 16200 loss: 0.0004 scmap loss: 0.0004 locref loss: 0.0000 limb loss: 0.0000 lr: 1e-05
iteration: 16300 loss: 0.0004 scmap loss: 0.0004 locref loss: 0.0000 limb loss: 0.0000 lr: 1e-05
iteration: 16400 loss: 0.0004 scmap loss: 0.0004 locref loss: 0.0000 limb loss: 0.0000 lr: 1e-05
iteration: 16500 loss: 0.0004 scmap loss: 0.0004 locref loss: 0.0000 limb loss: 0.0000 lr: 1e-05
iteration: 16600 loss: 0.0004 scmap loss: 0.0004 locref loss: 0.0000 limb loss: 0.0000 lr: 1e-05
iteration: 16700 loss: 0.0004 scmap loss: 0.0004 locref loss: 0.0000 limb loss: 0.0000 lr: 1e-05
iteration: 16800 loss: 0.0004 scmap loss: 0.0004 locref loss: 0.0000 limb loss: 0.0000 lr: 1e-05
iteration: 16900 loss: 0.0004 scmap loss: 0.0004 locref loss: 0.0000 limb loss: 0.0000 lr: 1e-05
iteration: 17000 loss: 0.0004 scmap loss: 0.0004 locref loss: 0.0000 limb loss: 0.0000 lr: 1e-05
iteration: 17100 loss: 0.0004 scmap loss: 0.0004 locref loss: 0.0000 limb loss: 0.0000 lr: 1e-05
iteration: 17200 loss: 0.0004 scmap loss: 0.0003 locref loss: 0.0000 limb loss: 0.0000 lr: 1e-05
iteration: 17300 loss: 0.0004 scmap loss: 0.0004 locref loss: 0.0000 limb loss: 0.0000 lr: 1e-05
iteration: 17400 loss: 0.0004 scmap loss: 0.0004 locref loss: 0.0000 limb loss: 0.0000 lr: 1e-05
iteration: 17500 loss: 0.0004 scmap loss: 0.0004 locref loss: 0.0000 limb loss: 0.0000 lr: 1e-05
iteration: 17600 loss: 0.0004 scmap loss: 0.0004 locref loss: 0.0000 limb loss: 0.0000 lr: 1e-05
iteration: 17700 loss: 0.0004 scmap loss: 0.0004 locref loss: 0.0000 limb loss: 0.0000 lr: 1e-05
iteration: 17800 loss: 0.0004 scmap loss: 0.0003 locref loss: 0.0000 limb loss: 0.0000 lr: 1e-05
iteration: 17900 loss: 0.0004 scmap loss: 0.0004 locref loss: 0.0000 limb loss: 0.0000 lr: 1e-05
iteration: 18000 loss: 0.0004 scmap loss: 0.0004 locref loss: 0.0000 limb loss: 0.0000 lr: 1e-05
iteration: 18100 loss: 0.0004 scmap loss: 0.0004 locref loss: 0.0000 limb loss: 0.0000 lr: 1e-05
iteration: 18200 loss: 0.0004 scmap loss: 0.0004 locref loss: 0.0000 limb loss: 0.0000 lr: 1e-05
iteration: 18300 loss: 0.0004 scmap loss: 0.0004 locref loss: 0.0000 limb loss: 0.0000 lr: 1e-05
iteration: 18400 loss: 0.0004 scmap loss: 0.0004 locref loss: 0.0000 limb loss: 0.0000 lr: 1e-05
iteration: 18500 loss: 0.0004 scmap loss: 0.0004 locref loss: 0.0000 limb loss: 0.0000 lr: 1e-05
iteration: 18600 loss: 0.0004 scmap loss: 0.0004 locref loss: 0.0000 limb loss: 0.0000 lr: 1e-05
iteration: 18700 loss: 0.0004 scmap loss: 0.0003 locref loss: 0.0000 limb loss: 0.0000 lr: 1e-05
iteration: 18800 loss: 0.0004 scmap loss: 0.0004 locref loss: 0.0000 limb loss: 0.0000 lr: 1e-05
iteration: 18900 loss: 0.0004 scmap loss: 0.0003 locref loss: 0.0000 limb loss: 0.0000 lr: 1e-05
iteration: 19000 loss: 0.0004 scmap loss: 0.0003 locref loss: 0.0000 limb loss: 0.0000 lr: 1e-05
iteration: 19100 loss: 0.0004 scmap loss: 0.0004 locref loss: 0.0000 limb loss: 0.0000 lr: 1e-05
iteration: 19200 loss: 0.0004 scmap loss: 0.0004 locref loss: 0.0000 limb loss: 0.0000 lr: 1e-05
iteration: 19300 loss: 0.0004 scmap loss: 0.0004 locref loss: 0.0000 limb loss: 0.0000 lr: 1e-05
iteration: 19400 loss: 0.0004 scmap loss: 0.0003 locref loss: 0.0000 limb loss: 0.0000 lr: 1e-05
iteration: 19500 loss: 0.0004 scmap loss: 0.0004 locref loss: 0.0000 limb loss: 0.0000 lr: 1e-05
iteration: 19600 loss: 0.0004 scmap loss: 0.0003 locref loss: 0.0000 limb loss: 0.0000 lr: 1e-05
iteration: 19700 loss: 0.0003 scmap loss: 0.0003 locref loss: 0.0000 limb loss: 0.0000 lr: 1e-05
iteration: 19800 loss: 0.0004 scmap loss: 0.0004 locref loss: 0.0000 limb loss: 0.0000 lr: 1e-05
iteration: 19900 loss: 0.0004 scmap loss: 0.0003 locref loss: 0.0000 limb loss: 0.0000 lr: 1e-05
iteration: 20000 loss: 0.0004 scmap loss: 0.0004 locref loss: 0.0000 limb loss: 0.0000 lr: 1e-05
iteration: 20100 loss: 0.0004 scmap loss: 0.0004 locref loss: 0.0000 limb loss: 0.0000 lr: 1e-05
iteration: 20200 loss: 0.0004 scmap loss: 0.0004 locref loss: 0.0000 limb loss: 0.0000 lr: 1e-05
iteration: 20300 loss: 0.0004 scmap loss: 0.0004 locref loss: 0.0000 limb loss: 0.0000 lr: 1e-05
iteration: 20400 loss: 0.0004 scmap loss: 0.0004 locref loss: 0.0000 limb loss: 0.0000 lr: 1e-05
iteration: 20500 loss: 0.0004 scmap loss: 0.0004 locref loss: 0.0000 limb loss: 0.0000 lr: 1e-05
iteration: 20600 loss: 0.0004 scmap loss: 0.0004 locref loss: 0.0000 limb loss: 0.0000 lr: 1e-05
iteration: 20700 loss: 0.0004 scmap loss: 0.0004 locref loss: 0.0000 limb loss: 0.0000 lr: 1e-05
iteration: 20800 loss: 0.0004 scmap loss: 0.0004 locref loss: 0.0000 limb loss: 0.0000 lr: 1e-05
iteration: 20900 loss: 0.0004 scmap loss: 0.0004 locref loss: 0.0000 limb loss: 0.0000 lr: 1e-05
iteration: 21000 loss: 0.0004 scmap loss: 0.0004 locref loss: 0.0000 limb loss: 0.0000 lr: 1e-05
iteration: 21100 loss: 0.0004 scmap loss: 0.0004 locref loss: 0.0000 limb loss: 0.0000 lr: 1e-05
iteration: 21200 loss: 0.0004 scmap loss: 0.0004 locref loss: 0.0000 limb loss: 0.0000 lr: 1e-05
iteration: 21300 loss: 0.0004 scmap loss: 0.0003 locref loss: 0.0000 limb loss: 0.0000 lr: 1e-05
iteration: 21400 loss: 0.0004 scmap loss: 0.0004 locref loss: 0.0000 limb loss: 0.0000 lr: 1e-05
iteration: 21500 loss: 0.0004 scmap loss: 0.0004 locref loss: 0.0000 limb loss: 0.0000 lr: 1e-05
iteration: 21600 loss: 0.0004 scmap loss: 0.0004 locref loss: 0.0000 limb loss: 0.0000 lr: 1e-05
iteration: 21700 loss: 0.0004 scmap loss: 0.0004 locref loss: 0.0000 limb loss: 0.0000 lr: 1e-05
iteration: 21800 loss: 0.0004 scmap loss: 0.0004 locref loss: 0.0000 limb loss: 0.0000 lr: 1e-05
iteration: 21900 loss: 0.0004 scmap loss: 0.0004 locref loss: 0.0000 limb loss: 0.0000 lr: 1e-05
iteration: 22000 loss: 0.0004 scmap loss: 0.0004 locref loss: 0.0000 limb loss: 0.0000 lr: 1e-05
iteration: 22100 loss: 0.0004 scmap loss: 0.0004 locref loss: 0.0000 limb loss: 0.0000 lr: 1e-05
iteration: 22200 loss: 0.0004 scmap loss: 0.0003 locref loss: 0.0000 limb loss: 0.0000 lr: 1e-05
iteration: 22300 loss: 0.0004 scmap loss: 0.0004 locref loss: 0.0000 limb loss: 0.0000 lr: 1e-05
iteration: 22400 loss: 0.0004 scmap loss: 0.0004 locref loss: 0.0000 limb loss: 0.0000 lr: 1e-05
iteration: 22500 loss: 0.0004 scmap loss: 0.0003 locref loss: 0.0000 limb loss: 0.0000 lr: 1e-05
iteration: 22600 loss: 0.0004 scmap loss: 0.0004 locref loss: 0.0000 limb loss: 0.0000 lr: 1e-05
iteration: 22700 loss: 0.0004 scmap loss: 0.0004 locref loss: 0.0000 limb loss: 0.0000 lr: 1e-05
iteration: 22800 loss: 0.0003 scmap loss: 0.0003 locref loss: 0.0000 limb loss: 0.0000 lr: 1e-05
iteration: 22900 loss: 0.0004 scmap loss: 0.0004 locref loss: 0.0000 limb loss: 0.0000 lr: 1e-05
iteration: 23000 loss: 0.0004 scmap loss: 0.0003 locref loss: 0.0000 limb loss: 0.0000 lr: 1e-05
iteration: 23100 loss: 0.0004 scmap loss: 0.0004 locref loss: 0.0000 limb loss: 0.0000 lr: 1e-05
iteration: 23200 loss: 0.0003 scmap loss: 0.0003 locref loss: 0.0000 limb loss: 0.0000 lr: 1e-05
iteration: 23300 loss: 0.0004 scmap loss: 0.0004 locref loss: 0.0000 limb loss: 0.0000 lr: 1e-05
iteration: 23400 loss: 0.0004 scmap loss: 0.0003 locref loss: 0.0000 limb loss: 0.0000 lr: 1e-05
iteration: 23500 loss: 0.0004 scmap loss: 0.0003 locref loss: 0.0000 limb loss: 0.0000 lr: 1e-05
iteration: 23600 loss: 0.0004 scmap loss: 0.0003 locref loss: 0.0000 limb loss: 0.0000 lr: 1e-05
iteration: 23700 loss: 0.0003 scmap loss: 0.0003 locref loss: 0.0000 limb loss: 0.0000 lr: 1e-05
iteration: 23800 loss: 0.0004 scmap loss: 0.0003 locref loss: 0.0000 limb loss: 0.0000 lr: 1e-05
iteration: 23900 loss: 0.0004 scmap loss: 0.0004 locref loss: 0.0000 limb loss: 0.0000 lr: 1e-05
iteration: 24000 loss: 0.0004 scmap loss: 0.0003 locref loss: 0.0000 limb loss: 0.0000 lr: 1e-05
iteration: 24100 loss: 0.0004 scmap loss: 0.0003 locref loss: 0.0000 limb loss: 0.0000 lr: 1e-05
iteration: 24200 loss: 0.0004 scmap loss: 0.0003 locref loss: 0.0000 limb loss: 0.0000 lr: 1e-05
iteration: 24300 loss: 0.0004 scmap loss: 0.0003 locref loss: 0.0000 limb loss: 0.0000 lr: 1e-05
iteration: 24400 loss: 0.0004 scmap loss: 0.0003 locref loss: 0.0000 limb loss: 0.0000 lr: 1e-05
iteration: 24500 loss: 0.0004 scmap loss: 0.0004 locref loss: 0.0000 limb loss: 0.0000 lr: 1e-05
iteration: 24600 loss: 0.0004 scmap loss: 0.0003 locref loss: 0.0000 limb loss: 0.0000 lr: 1e-05
iteration: 24700 loss: 0.0004 scmap loss: 0.0003 locref loss: 0.0000 limb loss: 0.0000 lr: 1e-05
iteration: 24800 loss: 0.0004 scmap loss: 0.0004 locref loss: 0.0000 limb loss: 0.0000 lr: 1e-05
iteration: 24900 loss: 0.0003 scmap loss: 0.0003 locref loss: 0.0000 limb loss: 0.0000 lr: 1e-05
iteration: 25000 loss: 0.0003 scmap loss: 0.0003 locref loss: 0.0000 limb loss: 0.0000 lr: 1e-05
iteration: 25100 loss: 0.0003 scmap loss: 0.0003 locref loss: 0.0000 limb loss: 0.0000 lr: 1e-05
iteration: 25200 loss: 0.0004 scmap loss: 0.0004 locref loss: 0.0000 limb loss: 0.0000 lr: 1e-05
iteration: 25300 loss: 0.0004 scmap loss: 0.0004 locref loss: 0.0000 limb loss: 0.0000 lr: 1e-05
iteration: 25400 loss: 0.0004 scmap loss: 0.0003 locref loss: 0.0000 limb loss: 0.0000 lr: 1e-05
iteration: 25500 loss: 0.0004 scmap loss: 0.0003 locref loss: 0.0000 limb loss: 0.0000 lr: 1e-05
iteration: 25600 loss: 0.0004 scmap loss: 0.0003 locref loss: 0.0000 limb loss: 0.0000 lr: 1e-05
iteration: 25700 loss: 0.0004 scmap loss: 0.0004 locref loss: 0.0000 limb loss: 0.0000 lr: 1e-05
iteration: 25800 loss: 0.0004 scmap loss: 0.0004 locref loss: 0.0000 limb loss: 0.0000 lr: 1e-05
iteration: 25900 loss: 0.0004 scmap loss: 0.0003 locref loss: 0.0000 limb loss: 0.0000 lr: 1e-05
iteration: 26000 loss: 0.0003 scmap loss: 0.0003 locref loss: 0.0000 limb loss: 0.0000 lr: 1e-05
iteration: 26100 loss: 0.0004 scmap loss: 0.0003 locref loss: 0.0000 limb loss: 0.0000 lr: 1e-05
iteration: 26200 loss: 0.0004 scmap loss: 0.0003 locref loss: 0.0000 limb loss: 0.0000 lr: 1e-05
iteration: 26300 loss: 0.0003 scmap loss: 0.0003 locref loss: 0.0000 limb loss: 0.0000 lr: 1e-05
iteration: 26400 loss: 0.0004 scmap loss: 0.0003 locref loss: 0.0000 limb loss: 0.0000 lr: 1e-05
iteration: 26500 loss: 0.0004 scmap loss: 0.0003 locref loss: 0.0000 limb loss: 0.0000 lr: 1e-05
iteration: 26600 loss: 0.0004 scmap loss: 0.0003 locref loss: 0.0000 limb loss: 0.0000 lr: 1e-05
iteration: 26700 loss: 0.0004 scmap loss: 0.0004 locref loss: 0.0000 limb loss: 0.0000 lr: 1e-05
iteration: 26800 loss: 0.0004 scmap loss: 0.0003 locref loss: 0.0000 limb loss: 0.0000 lr: 1e-05
iteration: 26900 loss: 0.0004 scmap loss: 0.0003 locref loss: 0.0000 limb loss: 0.0000 lr: 1e-05
iteration: 27000 loss: 0.0004 scmap loss: 0.0003 locref loss: 0.0000 limb loss: 0.0000 lr: 1e-05
iteration: 27100 loss: 0.0004 scmap loss: 0.0003 locref loss: 0.0000 limb loss: 0.0000 lr: 1e-05
iteration: 27200 loss: 0.0004 scmap loss: 0.0003 locref loss: 0.0000 limb loss: 0.0000 lr: 1e-05
iteration: 27300 loss: 0.0004 scmap loss: 0.0003 locref loss: 0.0000 limb loss: 0.0000 lr: 1e-05
iteration: 27400 loss: 0.0004 scmap loss: 0.0003 locref loss: 0.0000 limb loss: 0.0000 lr: 1e-05
iteration: 27500 loss: 0.0004 scmap loss: 0.0004 locref loss: 0.0000 limb loss: 0.0000 lr: 1e-05
iteration: 27600 loss: 0.0004 scmap loss: 0.0003 locref loss: 0.0000 limb loss: 0.0000 lr: 1e-05
iteration: 27700 loss: 0.0004 scmap loss: 0.0003 locref loss: 0.0000 limb loss: 0.0000 lr: 1e-05
iteration: 27800 loss: 0.0003 scmap loss: 0.0003 locref loss: 0.0000 limb loss: 0.0000 lr: 1e-05
iteration: 27900 loss: 0.0004 scmap loss: 0.0003 locref loss: 0.0000 limb loss: 0.0000 lr: 1e-05
iteration: 28000 loss: 0.0004 scmap loss: 0.0003 locref loss: 0.0000 limb loss: 0.0000 lr: 1e-05
iteration: 28100 loss: 0.0004 scmap loss: 0.0003 locref loss: 0.0000 limb loss: 0.0000 lr: 1e-05
iteration: 28200 loss: 0.0004 scmap loss: 0.0003 locref loss: 0.0000 limb loss: 0.0000 lr: 1e-05
iteration: 28300 loss: 0.0004 scmap loss: 0.0003 locref loss: 0.0000 limb loss: 0.0000 lr: 1e-05
iteration: 28400 loss: 0.0004 scmap loss: 0.0003 locref loss: 0.0000 limb loss: 0.0000 lr: 1e-05
iteration: 28500 loss: 0.0003 scmap loss: 0.0003 locref loss: 0.0000 limb loss: 0.0000 lr: 1e-05
iteration: 28600 loss: 0.0004 scmap loss: 0.0003 locref loss: 0.0000 limb loss: 0.0000 lr: 1e-05
iteration: 28700 loss: 0.0004 scmap loss: 0.0003 locref loss: 0.0000 limb loss: 0.0000 lr: 1e-05
iteration: 28800 loss: 0.0003 scmap loss: 0.0003 locref loss: 0.0000 limb loss: 0.0000 lr: 1e-05
iteration: 28900 loss: 0.0004 scmap loss: 0.0004 locref loss: 0.0000 limb loss: 0.0000 lr: 1e-05
iteration: 29000 loss: 0.0004 scmap loss: 0.0004 locref loss: 0.0000 limb loss: 0.0000 lr: 1e-05
iteration: 29100 loss: 0.0004 scmap loss: 0.0004 locref loss: 0.0000 limb loss: 0.0000 lr: 1e-05
iteration: 29200 loss: 0.0003 scmap loss: 0.0003 locref loss: 0.0000 limb loss: 0.0000 lr: 1e-05
iteration: 29300 loss: 0.0004 scmap loss: 0.0003 locref loss: 0.0000 limb loss: 0.0000 lr: 1e-05
iteration: 29400 loss: 0.0003 scmap loss: 0.0003 locref loss: 0.0000 limb loss: 0.0000 lr: 1e-05
iteration: 29500 loss: 0.0003 scmap loss: 0.0003 locref loss: 0.0000 limb loss: 0.0000 lr: 1e-05
iteration: 29600 loss: 0.0004 scmap loss: 0.0003 locref loss: 0.0000 limb loss: 0.0000 lr: 1e-05
iteration: 29700 loss: 0.0003 scmap loss: 0.0003 locref loss: 0.0000 limb loss: 0.0000 lr: 1e-05
iteration: 29800 loss: 0.0004 scmap loss: 0.0004 locref loss: 0.0000 limb loss: 0.0000 lr: 1e-05
iteration: 29900 loss: 0.0004 scmap loss: 0.0004 locref loss: 0.0000 limb loss: 0.0000 lr: 1e-05
iteration: 30000 loss: 0.0004 scmap loss: 0.0003 locref loss: 0.0000 limb loss: 0.0000 lr: 1e-05
iteration: 30100 loss: 0.0004 scmap loss: 0.0004 locref loss: 0.0000 limb loss: 0.0000 lr: 1e-05
iteration: 30200 loss: 0.0003 scmap loss: 0.0003 locref loss: 0.0000 limb loss: 0.0000 lr: 1e-05
iteration: 30300 loss: 0.0004 scmap loss: 0.0003 locref loss: 0.0000 limb loss: 0.0000 lr: 1e-05
iteration: 30400 loss: 0.0004 scmap loss: 0.0004 locref loss: 0.0000 limb loss: 0.0000 lr: 1e-05
iteration: 30500 loss: 0.0003 scmap loss: 0.0003 locref loss: 0.0000 limb loss: 0.0000 lr: 1e-05
iteration: 30600 loss: 0.0004 scmap loss: 0.0004 locref loss: 0.0000 limb loss: 0.0000 lr: 1e-05
iteration: 30700 loss: 0.0004 scmap loss: 0.0003 locref loss: 0.0000 limb loss: 0.0000 lr: 1e-05
iteration: 30800 loss: 0.0003 scmap loss: 0.0003 locref loss: 0.0000 limb loss: 0.0000 lr: 1e-05
iteration: 30900 loss: 0.0004 scmap loss: 0.0004 locref loss: 0.0000 limb loss: 0.0000 lr: 1e-05
iteration: 31000 loss: 0.0004 scmap loss: 0.0003 locref loss: 0.0000 limb loss: 0.0000 lr: 1e-05
iteration: 31100 loss: 0.0004 scmap loss: 0.0003 locref loss: 0.0000 limb loss: 0.0000 lr: 1e-05
iteration: 31200 loss: 0.0003 scmap loss: 0.0003 locref loss: 0.0000 limb loss: 0.0000 lr: 1e-05
iteration: 31300 loss: 0.0003 scmap loss: 0.0003 locref loss: 0.0000 limb loss: 0.0000 lr: 1e-05
iteration: 31400 loss: 0.0003 scmap loss: 0.0003 locref loss: 0.0000 limb loss: 0.0000 lr: 1e-05
iteration: 31500 loss: 0.0004 scmap loss: 0.0003 locref loss: 0.0000 limb loss: 0.0000 lr: 1e-05
iteration: 31600 loss: 0.0003 scmap loss: 0.0003 locref loss: 0.0000 limb loss: 0.0000 lr: 1e-05
iteration: 31700 loss: 0.0004 scmap loss: 0.0003 locref loss: 0.0000 limb loss: 0.0000 lr: 1e-05
iteration: 31800 loss: 0.0003 scmap loss: 0.0003 locref loss: 0.0000 limb loss: 0.0000 lr: 1e-05
iteration: 31900 loss: 0.0003 scmap loss: 0.0003 locref loss: 0.0000 limb loss: 0.0000 lr: 1e-05
iteration: 32000 loss: 0.0003 scmap loss: 0.0003 locref loss: 0.0000 limb loss: 0.0000 lr: 1e-05
iteration: 32100 loss: 0.0003 scmap loss: 0.0003 locref loss: 0.0000 limb loss: 0.0000 lr: 1e-05
iteration: 32200 loss: 0.0003 scmap loss: 0.0003 locref loss: 0.0000 limb loss: 0.0000 lr: 1e-05
iteration: 32300 loss: 0.0004 scmap loss: 0.0003 locref loss: 0.0000 limb loss: 0.0000 lr: 1e-05
iteration: 32400 loss: 0.0004 scmap loss: 0.0003 locref loss: 0.0000 limb loss: 0.0000 lr: 1e-05
iteration: 32500 loss: 0.0003 scmap loss: 0.0003 locref loss: 0.0000 limb loss: 0.0000 lr: 1e-05
iteration: 32600 loss: 0.0004 scmap loss: 0.0003 locref loss: 0.0000 limb loss: 0.0000 lr: 1e-05
iteration: 32700 loss: 0.0003 scmap loss: 0.0003 locref loss: 0.0000 limb loss: 0.0000 lr: 1e-05
iteration: 32800 loss: 0.0004 scmap loss: 0.0003 locref loss: 0.0000 limb loss: 0.0000 lr: 1e-05
iteration: 32900 loss: 0.0003 scmap loss: 0.0003 locref loss: 0.0000 limb loss: 0.0000 lr: 1e-05
iteration: 33000 loss: 0.0003 scmap loss: 0.0003 locref loss: 0.0000 limb loss: 0.0000 lr: 1e-05
iteration: 33100 loss: 0.0003 scmap loss: 0.0003 locref loss: 0.0000 limb loss: 0.0000 lr: 1e-05
iteration: 33200 loss: 0.0003 scmap loss: 0.0003 locref loss: 0.0000 limb loss: 0.0000 lr: 1e-05
iteration: 33300 loss: 0.0004 scmap loss: 0.0003 locref loss: 0.0000 limb loss: 0.0000 lr: 1e-05
iteration: 33400 loss: 0.0003 scmap loss: 0.0003 locref loss: 0.0000 limb loss: 0.0000 lr: 1e-05
iteration: 33500 loss: 0.0003 scmap loss: 0.0003 locref loss: 0.0000 limb loss: 0.0000 lr: 1e-05
iteration: 33600 loss: 0.0003 scmap loss: 0.0003 locref loss: 0.0000 limb loss: 0.0000 lr: 1e-05
iteration: 33700 loss: 0.0003 scmap loss: 0.0003 locref loss: 0.0000 limb loss: 0.0000 lr: 1e-05
iteration: 33800 loss: 0.0004 scmap loss: 0.0003 locref loss: 0.0000 limb loss: 0.0000 lr: 1e-05
iteration: 33900 loss: 0.0004 scmap loss: 0.0004 locref loss: 0.0000 limb loss: 0.0000 lr: 1e-05
iteration: 34000 loss: 0.0003 scmap loss: 0.0003 locref loss: 0.0000 limb loss: 0.0000 lr: 1e-05
iteration: 34100 loss: 0.0004 scmap loss: 0.0003 locref loss: 0.0000 limb loss: 0.0000 lr: 1e-05
iteration: 34200 loss: 0.0003 scmap loss: 0.0003 locref loss: 0.0000 limb loss: 0.0000 lr: 1e-05
iteration: 34300 loss: 0.0003 scmap loss: 0.0003 locref loss: 0.0000 limb loss: 0.0000 lr: 1e-05
iteration: 34400 loss: 0.0004 scmap loss: 0.0003 locref loss: 0.0000 limb loss: 0.0000 lr: 1e-05
iteration: 34500 loss: 0.0003 scmap loss: 0.0003 locref loss: 0.0000 limb loss: 0.0000 lr: 1e-05
iteration: 34600 loss: 0.0003 scmap loss: 0.0003 locref loss: 0.0000 limb loss: 0.0000 lr: 1e-05
iteration: 34700 loss: 0.0003 scmap loss: 0.0003 locref loss: 0.0000 limb loss: 0.0000 lr: 1e-05
iteration: 34800 loss: 0.0003 scmap loss: 0.0003 locref loss: 0.0000 limb loss: 0.0000 lr: 1e-05
iteration: 34900 loss: 0.0003 scmap loss: 0.0003 locref loss: 0.0000 limb loss: 0.0000 lr: 1e-05
iteration: 35000 loss: 0.0004 scmap loss: 0.0003 locref loss: 0.0000 limb loss: 0.0000 lr: 1e-05
iteration: 35100 loss: 0.0003 scmap loss: 0.0003 locref loss: 0.0000 limb loss: 0.0000 lr: 1e-05
iteration: 35200 loss: 0.0004 scmap loss: 0.0003 locref loss: 0.0000 limb loss: 0.0000 lr: 1e-05
iteration: 35300 loss: 0.0003 scmap loss: 0.0003 locref loss: 0.0000 limb loss: 0.0000 lr: 1e-05
iteration: 35400 loss: 0.0003 scmap loss: 0.0003 locref loss: 0.0000 limb loss: 0.0000 lr: 1e-05
iteration: 35500 loss: 0.0003 scmap loss: 0.0003 locref loss: 0.0000 limb loss: 0.0000 lr: 1e-05
iteration: 35600 loss: 0.0003 scmap loss: 0.0003 locref loss: 0.0000 limb loss: 0.0000 lr: 1e-05
iteration: 35700 loss: 0.0003 scmap loss: 0.0003 locref loss: 0.0000 limb loss: 0.0000 lr: 1e-05
iteration: 35800 loss: 0.0003 scmap loss: 0.0003 locref loss: 0.0000 limb loss: 0.0000 lr: 1e-05
iteration: 35900 loss: 0.0004 scmap loss: 0.0003 locref loss: 0.0000 limb loss: 0.0000 lr: 1e-05
iteration: 36000 loss: 0.0003 scmap loss: 0.0003 locref loss: 0.0000 limb loss: 0.0000 lr: 1e-05
iteration: 36100 loss: 0.0003 scmap loss: 0.0003 locref loss: 0.0000 limb loss: 0.0000 lr: 1e-05
iteration: 36200 loss: 0.0003 scmap loss: 0.0003 locref loss: 0.0000 limb loss: 0.0000 lr: 1e-05
iteration: 36300 loss: 0.0003 scmap loss: 0.0003 locref loss: 0.0000 limb loss: 0.0000 lr: 1e-05
iteration: 36400 loss: 0.0003 scmap loss: 0.0003 locref loss: 0.0000 limb loss: 0.0000 lr: 1e-05
iteration: 36500 loss: 0.0003 scmap loss: 0.0003 locref loss: 0.0000 limb loss: 0.0000 lr: 1e-05
iteration: 36600 loss: 0.0003 scmap loss: 0.0003 locref loss: 0.0000 limb loss: 0.0000 lr: 1e-05
iteration: 36700 loss: 0.0003 scmap loss: 0.0003 locref loss: 0.0000 limb loss: 0.0000 lr: 1e-05
iteration: 36800 loss: 0.0003 scmap loss: 0.0003 locref loss: 0.0000 limb loss: 0.0000 lr: 1e-05
iteration: 36900 loss: 0.0003 scmap loss: 0.0003 locref loss: 0.0000 limb loss: 0.0000 lr: 1e-05
iteration: 37000 loss: 0.0003 scmap loss: 0.0003 locref loss: 0.0000 limb loss: 0.0000 lr: 1e-05
iteration: 37100 loss: 0.0003 scmap loss: 0.0003 locref loss: 0.0000 limb loss: 0.0000 lr: 1e-05
iteration: 37200 loss: 0.0003 scmap loss: 0.0003 locref loss: 0.0000 limb loss: 0.0000 lr: 1e-05
iteration: 37300 loss: 0.0004 scmap loss: 0.0003 locref loss: 0.0000 limb loss: 0.0000 lr: 1e-05
iteration: 37400 loss: 0.0003 scmap loss: 0.0003 locref loss: 0.0000 limb loss: 0.0000 lr: 1e-05
iteration: 37500 loss: 0.0003 scmap loss: 0.0003 locref loss: 0.0000 limb loss: 0.0000 lr: 1e-05
iteration: 37600 loss: 0.0003 scmap loss: 0.0003 locref loss: 0.0000 limb loss: 0.0000 lr: 1e-05
iteration: 37700 loss: 0.0003 scmap loss: 0.0003 locref loss: 0.0000 limb loss: 0.0000 lr: 1e-05
iteration: 37800 loss: 0.0003 scmap loss: 0.0003 locref loss: 0.0000 limb loss: 0.0000 lr: 1e-05
iteration: 37900 loss: 0.0003 scmap loss: 0.0003 locref loss: 0.0000 limb loss: 0.0000 lr: 1e-05
iteration: 38000 loss: 0.0004 scmap loss: 0.0004 locref loss: 0.0000 limb loss: 0.0000 lr: 1e-05
iteration: 38100 loss: 0.0003 scmap loss: 0.0003 locref loss: 0.0000 limb loss: 0.0000 lr: 1e-05
iteration: 38200 loss: 0.0003 scmap loss: 0.0003 locref loss: 0.0000 limb loss: 0.0000 lr: 1e-05
iteration: 38300 loss: 0.0003 scmap loss: 0.0003 locref loss: 0.0000 limb loss: 0.0000 lr: 1e-05
iteration: 38400 loss: 0.0003 scmap loss: 0.0003 locref loss: 0.0000 limb loss: 0.0000 lr: 1e-05
iteration: 38500 loss: 0.0004 scmap loss: 0.0003 locref loss: 0.0000 limb loss: 0.0000 lr: 1e-05
iteration: 38600 loss: 0.0003 scmap loss: 0.0003 locref loss: 0.0000 limb loss: 0.0000 lr: 1e-05
iteration: 38700 loss: 0.0003 scmap loss: 0.0003 locref loss: 0.0000 limb loss: 0.0000 lr: 1e-05
iteration: 38800 loss: 0.0003 scmap loss: 0.0003 locref loss: 0.0000 limb loss: 0.0000 lr: 1e-05
iteration: 38900 loss: 0.0003 scmap loss: 0.0003 locref loss: 0.0000 limb loss: 0.0000 lr: 1e-05
iteration: 39000 loss: 0.0003 scmap loss: 0.0003 locref loss: 0.0000 limb loss: 0.0000 lr: 1e-05
iteration: 39100 loss: 0.0003 scmap loss: 0.0003 locref loss: 0.0000 limb loss: 0.0000 lr: 1e-05
iteration: 39200 loss: 0.0003 scmap loss: 0.0003 locref loss: 0.0000 limb loss: 0.0000 lr: 1e-05
iteration: 39300 loss: 0.0003 scmap loss: 0.0003 locref loss: 0.0000 limb loss: 0.0000 lr: 1e-05
iteration: 39400 loss: 0.0003 scmap loss: 0.0003 locref loss: 0.0000 limb loss: 0.0000 lr: 1e-05
iteration: 39500 loss: 0.0003 scmap loss: 0.0003 locref loss: 0.0000 limb loss: 0.0000 lr: 1e-05
iteration: 39600 loss: 0.0003 scmap loss: 0.0003 locref loss: 0.0000 limb loss: 0.0000 lr: 1e-05
iteration: 39700 loss: 0.0003 scmap loss: 0.0003 locref loss: 0.0000 limb loss: 0.0000 lr: 1e-05
iteration: 39800 loss: 0.0003 scmap loss: 0.0003 locref loss: 0.0000 limb loss: 0.0000 lr: 1e-05
iteration: 39900 loss: 0.0003 scmap loss: 0.0003 locref loss: 0.0000 limb loss: 0.0000 lr: 1e-05
iteration: 40000 loss: 0.0003 scmap loss: 0.0003 locref loss: 0.0000 limb loss: 0.0000 lr: 1e-05
Exception in thread Thread-1:
Traceback (most recent call last):
  File "/ext3/miniconda3/lib/python3.9/threading.py", line 973, in _bootstrap_inner
    self.run()
  File "/ext3/miniconda3/lib/python3.9/threading.py", line 910, in run
    self._target(*self._args, **self._kwargs)
  File "/home/xp2027/.local/lib/python3.9/site-packages/deeplabcut/pose_estimation_tensorflow/core/train.py", line 83, in load_and_enqueue
    sess.run(enqueue_op, feed_dict=food)
  File "/home/xp2027/.local/lib/python3.9/site-packages/tensorflow/python/client/session.py", line 967, in run
    result = self._run(None, fetches, feed_dict, options_ptr,
  File "/home/xp2027/.local/lib/python3.9/site-packages/tensorflow/python/client/session.py", line 1115, in _run
    raise RuntimeError('Attempted to use a closed Session.')
RuntimeError: Attempted to use a closed Session.
Config:
{'all_joints': [[0],
                [1],
                [2],
                [3],
                [4],
                [5],
                [6],
                [7],
                [8],
                [9],
                [10],
                [11],
                [12],
                [13],
                [14],
                [15],
                [16],
                [17],
                [18],
                [19],
                [20]],
 'all_joints_names': ['bodypart1',
                      'bodypart2',
                      'bodypart3',
                      'bodypart4',
                      'bodypart5',
                      'bodypart6',
                      'bodypart7',
                      'bodypart8',
                      'bodypart9',
                      'bodypart10',
                      'bodypart11',
                      'bodypart12',
                      'bodypart13',
                      'bodypart14',
                      'bodypart15',
                      'bodypart16',
                      'bodypart17',
                      'bodypart18',
                      'bodypart19',
                      'bodypart20',
                      'bodypart21'],
 'batch_size': 1,
 'crop_pad': 0,
 'dataset': 'training-datasets/iteration-0/UnaugmentedDataSet_PkPvRnetYu00Jul20/PkPvRnetYu00_Yuna90shuffle1.pickle',
 'dataset_type': 'multi-animal-imgaug',
 'deterministic': False,
 'fg_fraction': 0.25,
 'global_scale': 0.8,
 'init_weights': '/home/xp2027/.local/lib/python3.9/site-packages/deeplabcut/pose_estimation_tensorflow/models/pretrained/mobilenet_v2_1.0_224.ckpt',
 'intermediate_supervision': False,
 'intermediate_supervision_layer': 12,
 'location_refinement': True,
 'locref_huber_loss': True,
 'locref_loss_weight': 1.0,
 'locref_smooth': False,
 'locref_stdev': 7.2801,
 'log_dir': 'log',
 'mean_pixel': [123.68, 116.779, 103.939],
 'minconfidence': 0.01,
 'mirror': False,
 'multi_stage': False,
 'net_type': 'mobilenet_v2_1.0',
 'nmsradius': 5.0,
 'num_idchannel': 0,
 'num_joints': 21,
 'num_limbs': 63,
 'optimizer': 'sgd',
 'pairwise_huber_loss': True,
 'pairwise_predict': False,
 'partaffinityfield_graph': [[7, 16],
                             [5, 7],
                             [7, 9],
                             [7, 19],
                             [7, 18],
                             [2, 7],
                             [7, 17],
                             [16, 17],
                             [3, 16],
                             [1, 16],
                             [16, 19],
                             [10, 16],
                             [13, 16],
                             [4, 17],
                             [17, 18],
                             [1, 17],
                             [17, 19],
                             [15, 17],
                             [14, 17],
                             [11, 17],
                             [5, 18],
                             [1, 5],
                             [5, 12],
                             [5, 9],
                             [5, 14],
                             [3, 5],
                             [4, 8],
                             [4, 9],
                             [3, 4],
                             [10, 18],
                             [10, 15],
                             [0, 10],
                             [6, 10],
                             [10, 13],
                             [2, 18],
                             [6, 18],
                             [0, 18],
                             [2, 12],
                             [2, 6],
                             [2, 9],
                             [2, 13],
                             [12, 20],
                             [12, 15],
                             [6, 12],
                             [12, 13],
                             [0, 12],
                             [12, 19],
                             [12, 14],
                             [1, 9],
                             [9, 14],
                             [3, 20],
                             [3, 15],
                             [6, 20],
                             [19, 20],
                             [1, 8],
                             [8, 19],
                             [15, 19],
                             [14, 15],
                             [0, 1],
                             [6, 13],
                             [0, 11],
                             [11, 14],
                             [14, 19]],
 'partaffinityfield_predict': True,
 'regularize': False,
 'scoremap_dir': 'test',
 'shuffle': True,
 'sigma': 1,
 'snapshot_prefix': '/scratch/xp2027/lab_36_PkPvRnetYu/PkPvRnetYu00/dlc-models/iteration-0/PkPvRnetYu00Jul20-trainset90shuffle1/test/snapshot',
 'stride': 8.0,
 'weigh_negatives': False,
 'weigh_only_present_joints': False,
 'weigh_part_predictions': False,
 'weight_decay': 0.0001}
/home/xp2027/.local/lib/python3.9/site-packages/tensorflow/python/keras/engine/base_layer_v1.py:1694: UserWarning: `layer.apply` is deprecated and will be removed in a future version. Please use `layer.__call__` method instead.
  warnings.warn('`layer.apply` is deprecated and '
/home/xp2027/.local/lib/python3.9/site-packages/tf_slim/layers/layers.py:684: UserWarning: `layer.apply` is deprecated and will be removed in a future version. Please use `layer.__call__` method instead.
  outputs = layer.apply(inputs, training=is_training)
2022-07-22 18:06:33.165292: I tensorflow/core/common_runtime/gpu/gpu_device.cc:1525] Created device /job:localhost/replica:0/task:0/device:GPU:0 with 30989 MB memory:  -> device: 0, name: Tesla V100-PCIE-32GB, pci bus id: 0000:86:00.0, compute capability: 7.0
Loading DLC 2.2.1.1...
DLC loaded in light mode; you cannot use any GUI (labeling, relabeling and standalone GUI)
Selecting multi-animal trainer
Activating limb prediction...
Batch Size is 8
Getting specs multi-animal-imgaug 63 21
Loading ImageNet-pretrained mobilenet_v2_1.0
Max_iters overwritten as 40000
Display_iters overwritten as 100
Save_iters overwritten as 2000
Training parameters:
{'stride': 8.0, 'weigh_part_predictions': False, 'weigh_negatives': False, 'fg_fraction': 0.25, 'mean_pixel': [123.68, 116.779, 103.939], 'shuffle': True, 'snapshot_prefix': '/scratch/xp2027/lab_36_PkPvRnetYu/PkPvRnetYu00/dlc-models/iteration-0/PkPvRnetYu00Jul20-trainset90shuffle1/train/snapshot', 'log_dir': 'log', 'global_scale': 0.8, 'location_refinement': True, 'locref_stdev': 7.2801, 'locref_loss_weight': 0.05, 'locref_huber_loss': True, 'optimizer': 'adam', 'intermediate_supervision': False, 'intermediate_supervision_layer': 12, 'regularize': False, 'weight_decay': 0.0001, 'crop_pad': 0, 'scoremap_dir': 'test', 'batch_size': 8, 'dataset_type': 'multi-animal-imgaug', 'deterministic': False, 'mirror': False, 'pairwise_huber_loss': False, 'weigh_only_present_joints': False, 'partaffinityfield_predict': True, 'pairwise_predict': True, 'all_joints': [[0], [1], [2], [3], [4], [5], [6], [7], [8], [9], [10], [11], [12], [13], [14], [15], [16], [17], [18], [19], [20]], 'all_joints_names': ['bodypart1', 'bodypart2', 'bodypart3', 'bodypart4', 'bodypart5', 'bodypart6', 'bodypart7', 'bodypart8', 'bodypart9', 'bodypart10', 'bodypart11', 'bodypart12', 'bodypart13', 'bodypart14', 'bodypart15', 'bodypart16', 'bodypart17', 'bodypart18', 'bodypart19', 'bodypart20', 'bodypart21'], 'alpha_r': 0.02, 'apply_prob': 0.5, 'clahe': True, 'claheratio': 0.1, 'crop_sampling': 'hybrid', 'crop_size': [400, 400], 'cropratio': 0.4, 'dataset': 'training-datasets/iteration-0/UnaugmentedDataSet_PkPvRnetYu00Jul20/PkPvRnetYu00_Yuna90shuffle1.pickle', 'decay_steps': 30000, 'display_iters': 500, 'edge': False, 'emboss': {'alpha': [0.0, 1.0], 'embossratio': 0.1, 'strength': [0.5, 1.5]}, 'histeq': True, 'histeqratio': 0.1, 'init_weights': '/home/xp2027/.local/lib/python3.9/site-packages/deeplabcut/pose_estimation_tensorflow/models/pretrained/mobilenet_v2_1.0_224.ckpt', 'lr_init': 0.0005, 'max_input_size': 1500, 'max_shift': 0.4, 'metadataset': 'training-datasets/iteration-0/UnaugmentedDataSet_PkPvRnetYu00Jul20/Documentation_data-PkPvRnetYu00_90shuffle1.pickle', 'min_input_size': 64, 'multi_stage': False, 'multi_step': [[0.0001, 7500], [5e-05, 12000], [1e-05, 200000]], 'net_type': 'mobilenet_v2_1.0', 'num_idchannel': 0, 'num_joints': 21, 'num_limbs': 63, 'pafwidth': 20, 'pairwise_loss_weight': 0.1, 'partaffinityfield_graph': [[7, 16], [5, 7], [7, 9], [7, 19], [7, 18], [2, 7], [7, 17], [16, 17], [3, 16], [1, 16], [16, 19], [10, 16], [13, 16], [4, 17], [17, 18], [1, 17], [17, 19], [15, 17], [14, 17], [11, 17], [5, 18], [1, 5], [5, 12], [5, 9], [5, 14], [3, 5], [4, 8], [4, 9], [3, 4], [10, 18], [10, 15], [0, 10], [6, 10], [10, 13], [2, 18], [6, 18], [0, 18], [2, 12], [2, 6], [2, 9], [2, 13], [12, 20], [12, 15], [6, 12], [12, 13], [0, 12], [12, 19], [12, 14], [1, 9], [9, 14], [3, 20], [3, 15], [6, 20], [19, 20], [1, 8], [8, 19], [15, 19], [14, 15], [0, 1], [6, 13], [0, 11], [11, 14], [14, 19]], 'pos_dist_thresh': 17, 'pre_resize': [], 'project_path': '/scratch/xp2027/lab_36_PkPvRnetYu/PkPvRnetYu00', 'rotation': 25, 'rotratio': 0.4, 'save_iters': 10000, 'scale_jitter_lo': 0.5, 'scale_jitter_up': 1.25, 'sharpen': False, 'sharpenratio': 0.3}
Starting multi-animal training....
The network is now trained and ready to evaluate. Use the function 'evaluate_network' to evaluate the network.
Running  DLC_mobnet_100_PkPvRnetYu00Jul20shuffle1_40000  with # of trainingiterations: 40000
Activating extracting of PAFs
Network Evaluation underway...
0it [00:00, ?it/s]1it [00:02,  2.96s/it]2it [00:03,  1.76s/it]3it [00:04,  1.39s/it]4it [00:05,  1.23s/it]5it [00:06,  1.10s/it]6it [00:07,  1.02s/it]7it [00:08,  1.02it/s]8it [00:09,  1.05it/s]9it [00:10,  1.07it/s]10it [00:11,  1.10it/s]11it [00:11,  1.14it/s]12it [00:12,  1.16it/s]13it [00:13,  1.14it/s]14it [00:14,  1.14it/s]15it [00:15,  1.13it/s]16it [00:16,  1.12it/s]17it [00:17,  1.15it/s]18it [00:17,  1.16it/s]19it [00:18,  1.17it/s]20it [00:19,  1.21it/s]21it [00:20,  1.17it/s]22it [00:21,  1.15it/s]23it [00:22,  1.12it/s]24it [00:23,  1.11it/s]25it [00:24,  1.10it/s]25it [00:24,  1.03it/s]
Results for 40000 training iterations, training fraction of 90, and shuffle 1:
Train error: 6.91 pixels. Test error: 10.75 pixels.
With pcutoff of 0.8:
Train error: 6.89 pixels. Test error: 8.6 pixels.
##########################################
Average Euclidean distance to GT per individual (in pixels; test-only)
individuals
individual1    8.690043
Average Euclidean distance to GT per bodypart (in pixels; test-only)
bodyparts
bodypart1      8.583712
bodypart10     8.320020
bodypart11     9.100168
bodypart12     9.528401
bodypart13    10.128702
bodypart14     9.827865
bodypart15     6.013117
bodypart16     6.221470
bodypart17     6.333402
bodypart18     6.491397
bodypart19     6.536151
bodypart2     14.720467
bodypart20    14.147155
bodypart21     5.376053
bodypart3     10.288105
bodypart4      4.852105
bodypart5      5.207059
bodypart6     13.313777
bodypart7     14.595544
bodypart8      5.634142
bodypart9      8.653579
Done and results stored for snapshot:  snapshot-40000
Graph 1|1
  0%|          | 0/25 [00:00<?, ?it/s]100%|| 25/25 [00:00<00:00, 408.38it/s]
  0%|          | 0/22 [00:00<?, ?it/s]100%|| 22/22 [00:00<00:00, 6411.97it/s]
  0%|          | 0/3 [00:00<?, ?it/s]100%|| 3/3 [00:00<00:00, 6247.72it/s]
  0%|          | 0/25 [00:00<?, ?it/s]100%|| 25/25 [00:00<00:00, 44150.57it/s]
Config:
{'all_joints': [[0],
                [1],
                [2],
                [3],
                [4],
                [5],
                [6],
                [7],
                [8],
                [9],
                [10],
                [11],
                [12],
                [13],
                [14],
                [15],
                [16],
                [17],
                [18],
                [19],
                [20]],
 'all_joints_names': ['bodypart1',
                      'bodypart2',
                      'bodypart3',
                      'bodypart4',
                      'bodypart5',
                      'bodypart6',
                      'bodypart7',
                      'bodypart8',
                      'bodypart9',
                      'bodypart10',
                      'bodypart11',
                      'bodypart12',
                      'bodypart13',
                      'bodypart14',
                      'bodypart15',
                      'bodypart16',
                      'bodypart17',
                      'bodypart18',
                      'bodypart19',
                      'bodypart20',
                      'bodypart21'],
 'batch_size': 1,
 'crop_pad': 0,
 'dataset': 'training-datasets/iteration-0/UnaugmentedDataSet_PkPvRnetYu00Jul20/PkPvRnetYu00_Yuna90shuffle1.pickle',
 'dataset_type': 'multi-animal-imgaug',
 'deterministic': False,
 'fg_fraction': 0.25,
 'global_scale': 0.8,
 'init_weights': '/home/xp2027/.local/lib/python3.9/site-packages/deeplabcut/pose_estimation_tensorflow/models/pretrained/mobilenet_v2_1.0_224.ckpt',
 'intermediate_supervision': False,
 'intermediate_supervision_layer': 12,
 'location_refinement': True,
 'locref_huber_loss': True,
 'locref_loss_weight': 1.0,
 'locref_smooth': False,
 'locref_stdev': 7.2801,
 'log_dir': 'log',
 'mean_pixel': [123.68, 116.779, 103.939],
 'minconfidence': 0.01,
 'mirror': False,
 'multi_stage': False,
 'net_type': 'mobilenet_v2_1.0',
 'nmsradius': 5.0,
 'num_idchannel': 0,
 'num_joints': 21,
 'num_limbs': 63,
 'optimizer': 'sgd',
 'paf_best': [0,
              1,
              2,
              3,
              4,
              5,
              6,
              7,
              8,
              9,
              10,
              11,
              12,
              13,
              14,
              15,
              16,
              17,
              18,
              19,
              20,
              21,
              22,
              23,
              24,
              25,
              26,
              27,
              28,
              29,
              30,
              31,
              32,
              33,
              34,
              35,
              36,
              37,
              38,
              39,
              40,
              41,
              42,
              43,
              44,
              45,
              46,
              47,
              48,
              49,
              50,
              51,
              52,
              53,
              54,
              55,
              56,
              57,
              58,
              59,
              60,
              61,
              62],
 'pairwise_huber_loss': True,
 'pairwise_predict': False,
 'partaffinityfield_graph': [[7, 16],
                             [5, 7],
                             [7, 9],
                             [7, 19],
                             [7, 18],
                             [2, 7],
                             [7, 17],
                             [16, 17],
                             [3, 16],
                             [1, 16],
                             [16, 19],
                             [10, 16],
                             [13, 16],
                             [4, 17],
                             [17, 18],
                             [1, 17],
                             [17, 19],
                             [15, 17],
                             [14, 17],
                             [11, 17],
                             [5, 18],
                             [1, 5],
                             [5, 12],
                             [5, 9],
                             [5, 14],
                             [3, 5],
                             [4, 8],
                             [4, 9],
                             [3, 4],
                             [10, 18],
                             [10, 15],
                             [0, 10],
                             [6, 10],
                             [10, 13],
                             [2, 18],
                             [6, 18],
                             [0, 18],
                             [2, 12],
                             [2, 6],
                             [2, 9],
                             [2, 13],
                             [12, 20],
                             [12, 15],
                             [6, 12],
                             [12, 13],
                             [0, 12],
                             [12, 19],
                             [12, 14],
                             [1, 9],
                             [9, 14],
                             [3, 20],
                             [3, 15],
                             [6, 20],
                             [19, 20],
                             [1, 8],
                             [8, 19],
                             [15, 19],
                             [14, 15],
                             [0, 1],
                             [6, 13],
                             [0, 11],
                             [11, 14],
                             [14, 19]],
 'partaffinityfield_predict': True,
 'regularize': False,
 'scoremap_dir': 'test',
 'shuffle': True,
 'sigma': 1,
 'snapshot_prefix': '/scratch/xp2027/lab_36_PkPvRnetYu/PkPvRnetYu00/dlc-models/iteration-0/PkPvRnetYu00Jul20-trainset90shuffle1/test/snapshot',
 'stride': 8.0,
 'weigh_negatives': False,
 'weigh_only_present_joints': False,
 'weigh_part_predictions': False,
 'weight_decay': 0.0001}
/home/xp2027/.local/lib/python3.9/site-packages/tensorflow/python/keras/engine/base_layer_v1.py:1694: UserWarning: `layer.apply` is deprecated and will be removed in a future version. Please use `layer.__call__` method instead.
  warnings.warn('`layer.apply` is deprecated and '
/home/xp2027/.local/lib/python3.9/site-packages/tf_slim/layers/layers.py:684: UserWarning: `layer.apply` is deprecated and will be removed in a future version. Please use `layer.__call__` method instead.
  outputs = layer.apply(inputs, training=is_training)
2022-07-22 18:07:05.889029: I tensorflow/core/common_runtime/gpu/gpu_device.cc:1525] Created device /job:localhost/replica:0/task:0/device:GPU:0 with 30989 MB memory:  -> device: 0, name: Tesla V100-PCIE-32GB, pci bus id: 0000:86:00.0, compute capability: 7.0
Using snapshot-40000 for model /scratch/xp2027/lab_36_PkPvRnetYu/PkPvRnetYu00/dlc-models/iteration-0/PkPvRnetYu00Jul20-trainset90shuffle1
Activating extracting of PAFs
Starting to analyze %  /scratch/xp2027/lab_36_PkPvRnetYu/PkPvRnetYu00/videos/pink02-train-2022-02-21-20.05.09.mp4
Loading  /scratch/xp2027/lab_36_PkPvRnetYu/PkPvRnetYu00/videos/pink02-train-2022-02-21-20.05.09.mp4
Duration of video [s]:  23.27 , recorded with  30.0 fps!
Overall # of frames:  698  found with (before cropping) frame dimensions:  1080 1920
Starting to extract posture from the video(s) with batchsize: 8
  0%|          | 0/698 [00:00<?, ?it/s]  0%|          | 1/698 [00:00<03:48,  3.06it/s]  1%|          | 7/698 [00:00<00:34, 19.95it/s]  2%|         | 11/698 [00:03<04:03,  2.82it/s]  2%|         | 16/698 [00:04<03:02,  3.73it/s]  3%|         | 22/698 [00:04<01:47,  6.30it/s]  4%|         | 26/698 [00:05<01:54,  5.85it/s]  5%|         | 32/698 [00:05<01:45,  6.34it/s]  6%|         | 39/698 [00:05<01:07,  9.77it/s]  6%|         | 43/698 [00:06<01:24,  7.74it/s]  7%|         | 48/698 [00:07<01:33,  6.96it/s]  8%|         | 55/698 [00:07<01:01, 10.45it/s]  8%|         | 59/698 [00:08<01:19,  8.05it/s]  9%|         | 64/698 [00:09<01:27,  7.26it/s] 10%|         | 70/698 [00:09<01:01, 10.28it/s] 10%|         | 73/698 [00:10<01:21,  7.69it/s] 11%|        | 79/698 [00:10<00:55, 11.08it/s] 12%|        | 83/698 [00:11<01:12,  8.44it/s] 13%|        | 88/698 [00:12<01:21,  7.48it/s] 13%|        | 94/698 [00:12<00:56, 10.70it/s] 14%|        | 97/698 [00:13<01:16,  7.86it/s] 15%|        | 103/698 [00:13<00:51, 11.44it/s] 15%|        | 107/698 [00:13<01:06,  8.82it/s] 16%|        | 112/698 [00:14<01:13,  7.99it/s] 17%|        | 118/698 [00:14<00:50, 11.41it/s] 17%|        | 121/698 [00:15<01:07,  8.52it/s] 18%|        | 127/698 [00:15<00:46, 12.31it/s] 19%|        | 131/698 [00:16<01:02,  9.03it/s] 19%|        | 136/698 [00:17<01:10,  8.00it/s] 20%|        | 142/698 [00:17<00:48, 11.44it/s] 21%|        | 146/698 [00:18<01:04,  8.58it/s] 22%|       | 152/698 [00:18<01:08,  7.96it/s] 23%|       | 158/698 [00:19<00:48, 11.12it/s] 23%|       | 161/698 [00:19<01:01,  8.76it/s] 24%|       | 167/698 [00:19<00:42, 12.47it/s] 24%|       | 171/698 [00:20<00:55,  9.54it/s] 25%|       | 176/698 [00:21<01:00,  8.69it/s] 26%|       | 182/698 [00:21<00:41, 12.30it/s] 27%|       | 185/698 [00:21<00:54,  9.40it/s] 27%|       | 191/698 [00:22<00:37, 13.47it/s] 28%|       | 195/698 [00:22<00:48, 10.32it/s] 29%|       | 200/698 [00:23<00:54,  9.06it/s] 30%|       | 206/698 [00:23<00:38, 12.80it/s] 30%|       | 210/698 [00:24<00:49,  9.88it/s] 31%|       | 216/698 [00:25<00:57,  8.45it/s] 32%|      | 222/698 [00:25<00:40, 11.76it/s] 32%|      | 225/698 [00:26<00:57,  8.29it/s] 33%|      | 231/698 [00:26<00:39, 11.83it/s] 34%|      | 235/698 [00:26<00:53,  8.71it/s] 34%|      | 240/698 [00:27<00:56,  8.15it/s] 35%|      | 246/698 [00:27<00:39, 11.59it/s] 36%|      | 249/698 [00:28<00:51,  8.70it/s] 37%|      | 255/698 [00:28<00:35, 12.55it/s] 37%|      | 259/698 [00:29<00:45,  9.63it/s] 38%|      | 264/698 [00:29<00:50,  8.54it/s] 39%|      | 270/698 [00:30<00:35, 12.18it/s] 39%|      | 274/698 [00:30<00:44,  9.59it/s] 40%|      | 280/698 [00:31<00:46,  9.07it/s] 41%|      | 286/698 [00:31<00:32, 12.61it/s] 42%|     | 290/698 [00:32<00:42,  9.68it/s] 42%|     | 296/698 [00:33<00:45,  8.93it/s] 43%|     | 302/698 [00:33<00:32, 12.34it/s] 44%|     | 306/698 [00:33<00:40,  9.70it/s] 45%|     | 312/698 [00:34<00:43,  8.79it/s] 46%|     | 318/698 [00:34<00:31, 12.16it/s] 46%|     | 322/698 [00:35<00:39,  9.40it/s] 47%|     | 328/698 [00:36<00:42,  8.75it/s] 48%|     | 334/698 [00:36<00:30, 12.03it/s] 48%|     | 337/698 [00:37<00:39,  9.12it/s] 49%|     | 343/698 [00:37<00:27, 12.94it/s] 50%|     | 347/698 [00:37<00:36,  9.59it/s] 50%|     | 352/698 [00:38<00:41,  8.25it/s] 51%|    | 358/698 [00:38<00:28, 11.73it/s] 52%|    | 362/698 [00:39<00:37,  9.05it/s] 53%|    | 368/698 [00:40<00:39,  8.39it/s] 54%|    | 375/698 [00:40<00:26, 12.26it/s] 54%|    | 379/698 [00:41<00:33,  9.66it/s] 55%|    | 384/698 [00:41<00:36,  8.68it/s] 56%|    | 390/698 [00:42<00:25, 12.14it/s] 56%|    | 394/698 [00:42<00:34,  8.90it/s] 57%|    | 400/698 [00:43<00:35,  8.40it/s] 58%|    | 406/698 [00:43<00:24, 11.68it/s] 59%|    | 410/698 [00:44<00:31,  9.19it/s] 60%|    | 416/698 [00:45<00:32,  8.62it/s] 60%|    | 422/698 [00:45<00:23, 11.85it/s] 61%|    | 425/698 [00:46<00:31,  8.78it/s] 62%|   | 431/698 [00:46<00:21, 12.42it/s] 62%|   | 435/698 [00:46<00:28,  9.32it/s] 63%|   | 440/698 [00:47<00:30,  8.44it/s] 64%|   | 446/698 [00:47<00:21, 11.95it/s] 64%|   | 449/698 [00:48<00:29,  8.41it/s] 65%|   | 455/698 [00:48<00:20, 12.06it/s] 66%|   | 459/698 [00:49<00:25,  9.29it/s] 66%|   | 464/698 [00:50<00:28,  8.28it/s] 67%|   | 470/698 [00:50<00:19, 11.79it/s] 68%|   | 473/698 [00:50<00:25,  8.76it/s] 69%|   | 479/698 [00:51<00:17, 12.60it/s] 69%|   | 483/698 [00:51<00:22,  9.51it/s] 70%|   | 488/698 [00:52<00:24,  8.64it/s] 71%|   | 494/698 [00:52<00:16, 12.25it/s] 71%|   | 497/698 [00:53<00:21,  9.29it/s] 72%|  | 503/698 [00:53<00:14, 13.34it/s] 73%|  | 507/698 [00:53<00:18, 10.35it/s] 73%|  | 512/698 [00:54<00:20,  9.10it/s] 74%|  | 518/698 [00:54<00:13, 12.94it/s] 75%|  | 522/698 [00:55<00:17, 10.03it/s] 76%|  | 528/698 [00:56<00:18,  9.29it/s] 77%|  | 534/698 [00:56<00:12, 12.93it/s] 77%|  | 538/698 [00:56<00:16,  9.93it/s] 78%|  | 544/698 [00:57<00:16,  9.11it/s] 79%|  | 551/698 [00:57<00:11, 13.16it/s] 80%|  | 555/698 [00:58<00:14,  9.63it/s] 80%|  | 560/698 [00:59<00:16,  8.39it/s] 81%|  | 566/698 [00:59<00:11, 11.72it/s] 82%| | 570/698 [01:00<00:14,  8.96it/s] 83%| | 576/698 [01:01<00:14,  8.52it/s] 84%| | 583/698 [01:01<00:09, 12.37it/s] 84%| | 587/698 [01:01<00:11,  9.30it/s] 85%| | 592/698 [01:02<00:12,  8.24it/s] 86%| | 598/698 [01:02<00:08, 11.50it/s] 86%| | 601/698 [01:03<00:11,  8.50it/s] 87%| | 608/698 [01:04<00:10,  8.49it/s] 88%| | 615/698 [01:04<00:06, 12.27it/s] 89%| | 619/698 [01:05<00:08,  9.32it/s] 89%| | 624/698 [01:06<00:09,  8.19it/s] 90%| | 631/698 [01:06<00:05, 11.99it/s] 91%| | 635/698 [01:07<00:06,  9.11it/s] 92%|| 640/698 [01:07<00:07,  7.90it/s] 93%|| 647/698 [01:07<00:04, 11.63it/s] 93%|| 651/698 [01:08<00:05,  9.16it/s] 94%|| 656/698 [01:09<00:05,  8.28it/s] 95%|| 664/698 [01:10<00:03,  9.09it/s] 96%|| 672/698 [01:10<00:02,  9.49it/s] 97%|| 680/698 [01:11<00:01,  9.81it/s] 99%|| 688/698 [01:12<00:01,  9.88it/s]100%|| 696/698 [01:13<00:00,  9.92it/s]100%|| 698/698 [01:14<00:00,  9.42it/s]
Config:
{'all_joints': [[0],
                [1],
                [2],
                [3],
                [4],
                [5],
                [6],
                [7],
                [8],
                [9],
                [10],
                [11],
                [12],
                [13],
                [14],
                [15],
                [16],
                [17],
                [18],
                [19],
                [20]],
 'all_joints_names': ['bodypart1',
                      'bodypart2',
                      'bodypart3',
                      'bodypart4',
                      'bodypart5',
                      'bodypart6',
                      'bodypart7',
                      'bodypart8',
                      'bodypart9',
                      'bodypart10',
                      'bodypart11',
                      'bodypart12',
                      'bodypart13',
                      'bodypart14',
                      'bodypart15',
                      'bodypart16',
                      'bodypart17',
                      'bodypart18',
                      'bodypart19',
                      'bodypart20',
                      'bodypart21'],
 'batch_size': 1,
 'crop_pad': 0,
 'dataset': 'training-datasets/iteration-0/UnaugmentedDataSet_PkPvRnetYu00Jul20/PkPvRnetYu00_Yuna90shuffle1.pickle',
 'dataset_type': 'multi-animal-imgaug',
 'deterministic': False,
 'fg_fraction': 0.25,
 'global_scale': 0.8,
 'init_weights': '/home/xp2027/.local/lib/python3.9/site-packages/deeplabcut/pose_estimation_tensorflow/models/pretrained/mobilenet_v2_1.0_224.ckpt',
 'intermediate_supervision': False,
 'intermediate_supervision_layer': 12,
 'location_refinement': True,
 'locref_huber_loss': True,
 'locref_loss_weight': 1.0,
 'locref_smooth': False,
 'locref_stdev': 7.2801,
 'log_dir': 'log',
 'mean_pixel': [123.68, 116.779, 103.939],
 'minconfidence': 0.01,
 'mirror': False,
 'multi_stage': False,
 'net_type': 'mobilenet_v2_1.0',
 'nmsradius': 5.0,
 'num_idchannel': 0,
 'num_joints': 21,
 'num_limbs': 63,
 'optimizer': 'sgd',
 'paf_best': [0,
              1,
              2,
              3,
              4,
              5,
              6,
              7,
              8,
              9,
              10,
              11,
              12,
              13,
              14,
              15,
              16,
              17,
              18,
              19,
              20,
              21,
              22,
              23,
              24,
              25,
              26,
              27,
              28,
              29,
              30,
              31,
              32,
              33,
              34,
              35,
              36,
              37,
              38,
              39,
              40,
              41,
              42,
              43,
              44,
              45,
              46,
              47,
              48,
              49,
              50,
              51,
              52,
              53,
              54,
              55,
              56,
              57,
              58,
              59,
              60,
              61,
              62],
 'pairwise_huber_loss': True,
 'pairwise_predict': False,
 'partaffinityfield_graph': [[7, 16],
                             [5, 7],
                             [7, 9],
                             [7, 19],
                             [7, 18],
                             [2, 7],
                             [7, 17],
                             [16, 17],
                             [3, 16],
                             [1, 16],
                             [16, 19],
                             [10, 16],
                             [13, 16],
                             [4, 17],
                             [17, 18],
                             [1, 17],
                             [17, 19],
                             [15, 17],
                             [14, 17],
                             [11, 17],
                             [5, 18],
                             [1, 5],
                             [5, 12],
                             [5, 9],
                             [5, 14],
                             [3, 5],
                             [4, 8],
                             [4, 9],
                             [3, 4],
                             [10, 18],
                             [10, 15],
                             [0, 10],
                             [6, 10],
                             [10, 13],
                             [2, 18],
                             [6, 18],
                             [0, 18],
                             [2, 12],
                             [2, 6],
                             [2, 9],
                             [2, 13],
                             [12, 20],
                             [12, 15],
                             [6, 12],
                             [12, 13],
                             [0, 12],
                             [12, 19],
                             [12, 14],
                             [1, 9],
                             [9, 14],
                             [3, 20],
                             [3, 15],
                             [6, 20],
                             [19, 20],
                             [1, 8],
                             [8, 19],
                             [15, 19],
                             [14, 15],
                             [0, 1],
                             [6, 13],
                             [0, 11],
                             [11, 14],
                             [14, 19]],
 'partaffinityfield_predict': True,
 'regularize': False,
 'scoremap_dir': 'test',
 'shuffle': True,
 'sigma': 1,
 'snapshot_prefix': '/scratch/xp2027/lab_36_PkPvRnetYu/PkPvRnetYu00/dlc-models/iteration-0/PkPvRnetYu00Jul20-trainset90shuffle1/test/snapshot',
 'stride': 8.0,
 'weigh_negatives': False,
 'weigh_only_present_joints': False,
 'weigh_part_predictions': False,
 'weight_decay': 0.0001}
Video Analyzed. Saving results in /scratch/xp2027/lab_36_PkPvRnetYu/PkPvRnetYu00/videos/iteration-0/shuffle-1...
Using snapshot-40000 for model /scratch/xp2027/lab_36_PkPvRnetYu/PkPvRnetYu00/dlc-models/iteration-0/PkPvRnetYu00Jul20-trainset90shuffle1
Processing...  /scratch/xp2027/lab_36_PkPvRnetYu/PkPvRnetYu00/videos/pink02-train-2022-02-21-20.05.09.mp4
Analyzing /scratch/xp2027/lab_36_PkPvRnetYu/PkPvRnetYu00/videos/iteration-0/shuffle-1/pink02-train-2022-02-21-20.05.09DLC_mobnet_100_PkPvRnetYu00Jul20shuffle1_40000.h5
  0%|          | 0/698 [00:00<?, ?it/s]  0%|          | 1/698 [00:00<03:13,  3.61it/s]  7%|         | 49/698 [00:00<00:03, 162.96it/s] 28%|       | 193/698 [00:00<00:00, 561.91it/s] 41%|     | 289/698 [00:00<00:00, 670.54it/s] 55%|    | 385/698 [00:00<00:00, 736.01it/s] 69%|   | 481/698 [00:00<00:00, 660.21it/s] 90%| | 625/698 [00:00<00:00, 855.27it/s]100%|| 698/698 [00:00<00:00, 704.41it/s]
0it [00:00, ?it/s]698it [00:00, 508179.86it/s]
The tracklets were created (i.e., under the hood deeplabcut.convert_detections2tracklets was run). Now you can 'refine_tracklets' in the GUI, or run 'deeplabcut.stitch_tracklets'.
Processing...  /scratch/xp2027/lab_36_PkPvRnetYu/PkPvRnetYu00/videos/pink02-train-2022-02-21-20.05.09.mp4
  0%|          | 0/1 [00:00<?, ?it/s]100%|| 1/1 [00:00<00:00, 26214.40it/s]
The videos are analyzed. Time to assemble animals and track 'em... 
 Call 'create_video_with_all_detections' to check multi-animal detection quality before tracking.
If the tracking is not satisfactory for some videos, consider expanding the training set. You can use the function 'extract_outlier_frames' to extract a few representative outlier frames.
Loading  /scratch/xp2027/lab_36_PkPvRnetYu/PkPvRnetYu00/videos/pink02-train-2022-02-21-20.05.09.mp4 and data.
Plots created! Please check the directory "plot-poses" within the video directory
Starting to process video: /scratch/xp2027/lab_36_PkPvRnetYu/PkPvRnetYu00/videos/pink02-train-2022-02-21-20.05.09.mp4
Loading /scratch/xp2027/lab_36_PkPvRnetYu/PkPvRnetYu00/videos/pink02-train-2022-02-21-20.05.09.mp4 and data.
Duration of video [s]: 23.27, recorded with 30.0 fps!
Overall # of frames: 698 with cropped frame dimensions: 1080 1920
Generating frames and creating video.
  0%|          | 0/698 [00:00<?, ?it/s]  0%|          | 1/698 [00:00<04:44,  2.45it/s]  1%|          | 5/698 [00:00<00:57, 11.97it/s]  1%|         | 10/698 [00:00<00:31, 21.55it/s]  2%|         | 14/698 [00:00<00:25, 26.52it/s]  3%|         | 19/698 [00:00<00:21, 31.79it/s]  3%|         | 24/698 [00:00<00:18, 35.50it/s]  4%|         | 29/698 [00:01<00:17, 37.37it/s]  5%|         | 34/698 [00:01<00:17, 38.74it/s]  6%|         | 39/698 [00:01<00:16, 40.05it/s]  6%|         | 44/698 [00:01<00:16, 40.60it/s]  7%|         | 49/698 [00:01<00:15, 41.15it/s]  8%|         | 54/698 [00:01<00:15, 41.80it/s]  8%|         | 59/698 [00:01<00:15, 42.19it/s]  9%|         | 64/698 [00:01<00:15, 41.72it/s] 10%|         | 69/698 [00:02<00:14, 42.52it/s] 11%|         | 74/698 [00:02<00:15, 41.20it/s] 11%|        | 79/698 [00:02<00:15, 40.31it/s] 12%|        | 84/698 [00:02<00:15, 40.24it/s] 13%|        | 89/698 [00:02<00:15, 40.12it/s] 13%|        | 94/698 [00:02<00:15, 39.93it/s] 14%|        | 99/698 [00:02<00:15, 39.65it/s] 15%|        | 103/698 [00:02<00:14, 39.73it/s] 15%|        | 108/698 [00:03<00:14, 39.72it/s] 16%|        | 112/698 [00:03<00:14, 39.25it/s] 17%|        | 116/698 [00:03<00:14, 39.13it/s] 17%|        | 120/698 [00:03<00:14, 38.98it/s] 18%|        | 124/698 [00:03<00:14, 38.30it/s] 18%|        | 128/698 [00:03<00:15, 37.68it/s] 19%|        | 132/698 [00:03<00:15, 37.46it/s] 19%|        | 136/698 [00:03<00:14, 37.61it/s] 20%|        | 141/698 [00:03<00:14, 38.31it/s] 21%|        | 145/698 [00:03<00:14, 37.86it/s] 21%|       | 149/698 [00:04<00:14, 37.47it/s] 22%|       | 153/698 [00:04<00:14, 37.20it/s] 22%|       | 157/698 [00:04<00:14, 36.75it/s] 23%|       | 161/698 [00:04<00:14, 36.61it/s] 24%|       | 165/698 [00:04<00:14, 36.98it/s] 24%|       | 169/698 [00:04<00:14, 37.69it/s] 25%|       | 173/698 [00:04<00:14, 37.36it/s] 25%|       | 177/698 [00:04<00:13, 37.47it/s] 26%|       | 181/698 [00:04<00:14, 36.74it/s] 27%|       | 185/698 [00:05<00:13, 36.72it/s] 27%|       | 189/698 [00:05<00:13, 36.81it/s] 28%|       | 193/698 [00:05<00:13, 36.46it/s] 28%|       | 197/698 [00:05<00:13, 36.42it/s] 29%|       | 201/698 [00:05<00:13, 37.03it/s] 29%|       | 205/698 [00:05<00:13, 36.78it/s] 30%|       | 209/698 [00:05<00:13, 37.57it/s] 31%|       | 213/698 [00:05<00:12, 38.06it/s] 31%|       | 217/698 [00:05<00:12, 37.98it/s] 32%|      | 221/698 [00:06<00:12, 37.47it/s] 32%|      | 225/698 [00:06<00:12, 37.36it/s] 33%|      | 229/698 [00:06<00:12, 36.61it/s] 33%|      | 233/698 [00:06<00:12, 36.60it/s] 34%|      | 237/698 [00:06<00:12, 37.43it/s] 35%|      | 241/698 [00:06<00:12, 36.86it/s] 35%|      | 245/698 [00:06<00:12, 37.61it/s] 36%|      | 250/698 [00:06<00:11, 38.72it/s] 37%|      | 255/698 [00:06<00:11, 39.26it/s] 37%|      | 259/698 [00:07<00:11, 39.34it/s] 38%|      | 263/698 [00:07<00:11, 39.41it/s] 38%|      | 267/698 [00:07<00:10, 39.38it/s] 39%|      | 271/698 [00:07<00:11, 38.78it/s] 39%|      | 275/698 [00:07<00:11, 38.40it/s] 40%|      | 279/698 [00:07<00:11, 38.02it/s] 41%|      | 283/698 [00:07<00:11, 37.59it/s] 41%|     | 288/698 [00:07<00:10, 38.77it/s] 42%|     | 292/698 [00:07<00:10, 39.05it/s] 43%|     | 297/698 [00:08<00:10, 39.95it/s] 43%|     | 301/698 [00:08<00:10, 39.36it/s] 44%|     | 305/698 [00:08<00:10, 36.87it/s] 44%|     | 310/698 [00:08<00:10, 38.09it/s] 45%|     | 314/698 [00:08<00:09, 38.41it/s] 46%|     | 319/698 [00:08<00:09, 39.20it/s] 46%|     | 323/698 [00:08<00:09, 38.76it/s] 47%|     | 328/698 [00:08<00:09, 39.99it/s] 48%|     | 333/698 [00:08<00:09, 39.83it/s] 48%|     | 337/698 [00:09<00:09, 39.87it/s] 49%|     | 342/698 [00:09<00:08, 40.24it/s] 50%|     | 347/698 [00:09<00:08, 40.38it/s] 50%|     | 352/698 [00:09<00:08, 40.12it/s] 51%|     | 357/698 [00:09<00:08, 40.35it/s] 52%|    | 362/698 [00:09<00:08, 41.03it/s] 53%|    | 367/698 [00:09<00:07, 42.00it/s] 53%|    | 372/698 [00:09<00:09, 32.72it/s] 54%|    | 376/698 [00:10<00:09, 33.58it/s] 54%|    | 380/698 [00:10<00:09, 34.96it/s] 55%|    | 384/698 [00:10<00:08, 35.64it/s] 56%|    | 389/698 [00:10<00:08, 37.56it/s] 56%|    | 394/698 [00:10<00:07, 38.63it/s] 57%|    | 399/698 [00:10<00:07, 39.59it/s] 58%|    | 404/698 [00:10<00:07, 40.69it/s] 59%|    | 409/698 [00:10<00:07, 41.13it/s] 59%|    | 414/698 [00:11<00:06, 41.17it/s] 60%|    | 419/698 [00:11<00:06, 41.51it/s] 61%|    | 424/698 [00:11<00:06, 40.77it/s] 61%|   | 429/698 [00:11<00:06, 41.00it/s] 62%|   | 434/698 [00:11<00:06, 40.45it/s] 63%|   | 439/698 [00:11<00:06, 40.18it/s] 64%|   | 444/698 [00:11<00:06, 40.02it/s] 64%|   | 449/698 [00:11<00:06, 40.08it/s] 65%|   | 454/698 [00:12<00:06, 39.71it/s] 66%|   | 458/698 [00:12<00:06, 39.26it/s] 66%|   | 462/698 [00:12<00:06, 39.05it/s] 67%|   | 466/698 [00:12<00:06, 38.44it/s] 67%|   | 470/698 [00:12<00:05, 38.34it/s] 68%|   | 474/698 [00:12<00:05, 37.88it/s] 68%|   | 478/698 [00:12<00:05, 37.94it/s] 69%|   | 482/698 [00:12<00:05, 37.91it/s] 70%|   | 486/698 [00:12<00:05, 37.85it/s] 70%|   | 490/698 [00:12<00:05, 37.98it/s] 71%|   | 494/698 [00:13<00:05, 37.38it/s] 71%|  | 498/698 [00:13<00:05, 37.51it/s] 72%|  | 502/698 [00:13<00:05, 37.82it/s] 72%|  | 506/698 [00:13<00:05, 38.09it/s] 73%|  | 510/698 [00:13<00:04, 38.38it/s] 74%|  | 514/698 [00:13<00:04, 37.96it/s] 74%|  | 518/698 [00:13<00:04, 38.42it/s] 75%|  | 522/698 [00:13<00:04, 38.87it/s] 76%|  | 527/698 [00:13<00:04, 39.85it/s] 76%|  | 532/698 [00:14<00:04, 40.28it/s] 77%|  | 537/698 [00:14<00:04, 39.78it/s] 78%|  | 541/698 [00:14<00:04, 39.23it/s] 78%|  | 545/698 [00:14<00:03, 39.08it/s] 79%|  | 550/698 [00:14<00:03, 39.79it/s] 79%|  | 554/698 [00:14<00:03, 38.74it/s] 80%|  | 559/698 [00:14<00:03, 39.25it/s] 81%|  | 564/698 [00:14<00:03, 40.19it/s] 82%| | 569/698 [00:14<00:03, 41.12it/s] 82%| | 574/698 [00:15<00:02, 42.53it/s] 83%| | 579/698 [00:15<00:02, 41.67it/s] 84%| | 584/698 [00:15<00:02, 42.18it/s] 84%| | 589/698 [00:15<00:02, 41.57it/s] 85%| | 594/698 [00:15<00:02, 41.09it/s] 86%| | 599/698 [00:15<00:02, 40.76it/s] 87%| | 604/698 [00:15<00:02, 40.15it/s] 87%| | 609/698 [00:15<00:02, 40.45it/s] 88%| | 614/698 [00:16<00:02, 40.85it/s] 89%| | 619/698 [00:16<00:01, 41.87it/s] 89%| | 624/698 [00:16<00:01, 41.81it/s] 90%| | 629/698 [00:16<00:01, 41.80it/s] 91%| | 634/698 [00:16<00:01, 42.26it/s] 92%|| 639/698 [00:16<00:01, 42.36it/s] 92%|| 644/698 [00:16<00:01, 41.83it/s] 93%|| 649/698 [00:16<00:01, 42.77it/s] 94%|| 655/698 [00:16<00:00, 45.84it/s] 95%|| 661/698 [00:17<00:00, 47.55it/s] 95%|| 666/698 [00:17<00:00, 48.19it/s] 96%|| 671/698 [00:17<00:00, 48.67it/s] 97%|| 676/698 [00:17<00:00, 48.35it/s] 98%|| 682/698 [00:17<00:00, 49.17it/s] 98%|| 687/698 [00:17<00:00, 49.03it/s] 99%|| 693/698 [00:17<00:00, 50.24it/s]100%|| 698/698 [00:17<00:00, 39.10it/s]
