/home/xp2027/.local/lib/python3.9/site-packages/statsmodels/compat/pandas.py:65: FutureWarning: pandas.Int64Index is deprecated and will be removed from pandas in a future version. Use pandas.Index with the appropriate dtype instead.
  from pandas import Int64Index as NumericIndex
Loading DLC 2.2.1.1...
DLC loaded in light mode; you cannot use any GUI (labeling, relabeling and standalone GUI)
Valid subgraph found...
Utilizing the following graph: [[6, 17], [6, 15], [6, 11], [6, 13], [2, 6], [6, 9], [16, 17], [17, 20], [11, 17], [14, 17], [4, 17], [4, 10], [0, 4], [3, 4], [4, 5], [4, 14], [10, 14], [7, 10], [10, 18], [14, 16], [2, 14], [14, 18], [14, 19], [11, 14], [12, 14], [5, 12], [5, 20], [5, 19], [5, 8], [12, 20], [12, 13], [0, 12], [7, 12], [9, 15], [0, 13], [0, 1], [0, 9], [0, 3], [0, 2], [0, 7], [0, 16], [0, 20], [9, 13], [11, 13], [1, 9], [1, 19], [1, 11], [1, 20], [9, 16], [7, 9], [9, 19], [19, 20], [16, 19], [11, 19], [2, 20], [8, 20], [11, 18], [11, 16], [3, 16], [8, 16], [3, 8], [2, 3], [8, 18]]
Creating training data for: Shuffle: 0 TrainFraction:  0.9
  0%|          | 0/22 [00:00<?, ?it/s] 14%|█▎        | 3/22 [00:00<00:00, 22.24it/s] 32%|███▏      | 7/22 [00:00<00:00, 29.01it/s] 45%|████▌     | 10/22 [00:00<00:00, 28.48it/s] 59%|█████▉    | 13/22 [00:00<00:00, 25.96it/s] 77%|███████▋  | 17/22 [00:00<00:00, 29.39it/s]100%|██████████| 22/22 [00:00<00:00, 34.07it/s]100%|██████████| 22/22 [00:00<00:00, 30.65it/s]
The training dataset is successfully created. Use the function 'train_network' to start training. Happy training!
Valid subgraph found...
Utilizing the following graph: [[7, 16], [5, 7], [7, 9], [7, 19], [7, 18], [2, 7], [7, 17], [16, 17], [3, 16], [1, 16], [16, 19], [10, 16], [13, 16], [4, 17], [17, 18], [1, 17], [17, 19], [15, 17], [14, 17], [11, 17], [5, 18], [1, 5], [5, 12], [5, 9], [5, 14], [3, 5], [4, 8], [4, 9], [3, 4], [10, 18], [10, 15], [0, 10], [6, 10], [10, 13], [2, 18], [6, 18], [0, 18], [2, 12], [2, 6], [2, 9], [2, 13], [12, 20], [12, 15], [6, 12], [12, 13], [0, 12], [12, 19], [12, 14], [1, 9], [9, 14], [3, 20], [3, 15], [6, 20], [19, 20], [1, 8], [8, 19], [15, 19], [14, 15], [0, 1], [6, 13], [0, 11], [11, 14], [14, 19]]
Downloading a ImageNet-pretrained model from https://storage.googleapis.com/mobilenet_v2/checkpoints/mobilenet_v2_1.0_224.tgz....
Creating training data for: Shuffle: 1 TrainFraction:  0.9
  0%|          | 0/22 [00:00<?, ?it/s]100%|██████████| 22/22 [00:00<00:00, 337.69it/s]
The training dataset is successfully created. Use the function 'train_network' to start training. Happy training!
Valid subgraph found...
Utilizing the following graph: [[2, 4], [2, 18], [2, 17], [2, 3], [2, 9], [2, 8], [1, 2], [2, 6], [2, 16], [3, 4], [4, 20], [12, 18], [12, 19], [0, 12], [10, 12], [9, 12], [12, 14], [0, 18], [9, 18], [5, 18], [1, 18], [8, 18], [18, 19], [14, 18], [16, 18], [14, 19], [3, 14], [14, 15], [14, 17], [9, 19], [3, 19], [11, 19], [0, 19], [7, 9], [9, 10], [8, 9], [0, 7], [7, 15], [7, 11], [6, 7], [7, 8], [7, 17], [0, 15], [0, 17], [0, 1], [1, 15], [5, 15], [10, 15], [1, 8], [1, 16], [1, 6], [1, 20], [6, 8], [6, 17], [13, 17], [5, 6], [6, 20], [6, 13], [6, 10], [3, 16], [3, 13], [5, 20], [13, 16]]
Downloading a ImageNet-pretrained model from https://storage.googleapis.com/mobilenet_v2/checkpoints/mobilenet_v2_0.75_224.tgz....
Creating training data for: Shuffle: 2 TrainFraction:  0.9
  0%|          | 0/22 [00:00<?, ?it/s]100%|██████████| 22/22 [00:00<00:00, 549.84it/s]
The training dataset is successfully created. Use the function 'train_network' to start training. Happy training!
Valid subgraph found...
Utilizing the following graph: [[0, 13], [0, 8], [0, 16], [0, 9], [0, 7], [0, 17], [0, 20], [0, 2], [2, 13], [5, 13], [6, 13], [9, 13], [8, 10], [6, 8], [8, 20], [4, 8], [8, 18], [7, 16], [1, 7], [5, 7], [7, 12], [9, 16], [16, 18], [12, 16], [1, 16], [11, 16], [2, 16], [16, 19], [3, 16], [10, 16], [9, 10], [9, 18], [9, 19], [6, 9], [2, 11], [2, 6], [2, 12], [6, 20], [3, 6], [6, 15], [17, 20], [3, 20], [14, 20], [10, 20], [11, 20], [18, 20], [1, 4], [1, 10], [4, 15], [3, 4], [4, 5], [17, 18], [10, 17], [17, 19], [11, 17], [5, 18], [11, 18], [3, 11], [5, 12], [5, 11], [11, 15], [11, 19], [12, 19]]
Downloading a ImageNet-pretrained model from https://storage.googleapis.com/cloud-tpu-checkpoints/efficientnet/ckptsaug/efficientnet-b6.tar.gz....
Creating training data for: Shuffle: 3 TrainFraction:  0.9
  0%|          | 0/22 [00:00<?, ?it/s]100%|██████████| 22/22 [00:00<00:00, 27627.15it/s]
The training dataset is successfully created. Use the function 'train_network' to start training. Happy training!
