/home/xp2027/.local/lib/python3.9/site-packages/statsmodels/compat/pandas.py:65: FutureWarning: pandas.Int64Index is deprecated and will be removed from pandas in a future version. Use pandas.Index with the appropriate dtype instead.
  from pandas import Int64Index as NumericIndex
Loading DLC 2.2.1.1...
DLC loaded in light mode; you cannot use any GUI (labeling, relabeling and standalone GUI)
Utilizing the following graph: [[0, 1], [0, 2], [0, 3], [0, 4], [0, 5], [0, 6], [0, 7], [0, 8], [0, 9], [0, 10], [0, 11], [1, 2], [1, 3], [1, 4], [1, 5], [1, 6], [1, 7], [1, 8], [1, 9], [1, 10], [1, 11], [2, 3], [2, 4], [2, 5], [2, 6], [2, 7], [2, 8], [2, 9], [2, 10], [2, 11], [3, 4], [3, 5], [3, 6], [3, 7], [3, 8], [3, 9], [3, 10], [3, 11], [4, 5], [4, 6], [4, 7], [4, 8], [4, 9], [4, 10], [4, 11], [5, 6], [5, 7], [5, 8], [5, 9], [5, 10], [5, 11], [6, 7], [6, 8], [6, 9], [6, 10], [6, 11], [7, 8], [7, 9], [7, 10], [7, 11], [8, 9], [8, 10], [8, 11], [9, 10], [9, 11], [10, 11]]
Creating training data for: Shuffle: 0 TrainFraction:  0.85
  0%|          | 0/108 [00:00<?, ?it/s]  1%|          | 1/108 [00:00<00:13,  8.13it/s]  8%|▊         | 9/108 [00:00<00:02, 41.47it/s] 14%|█▍        | 15/108 [00:00<00:02, 46.08it/s] 20%|██        | 22/108 [00:00<00:01, 53.33it/s] 28%|██▊       | 30/108 [00:00<00:01, 59.65it/s] 34%|███▍      | 37/108 [00:00<00:01, 56.05it/s] 40%|███▉      | 43/108 [00:00<00:01, 56.59it/s] 47%|████▋     | 51/108 [00:00<00:00, 61.47it/s] 56%|█████▋    | 61/108 [00:01<00:00, 70.10it/s] 64%|██████▍   | 69/108 [00:01<00:00, 67.18it/s] 71%|███████▏  | 77/108 [00:01<00:00, 70.18it/s] 80%|███████▉  | 86/108 [00:01<00:00, 68.22it/s] 86%|████████▌ | 93/108 [00:01<00:00, 62.68it/s] 93%|█████████▎| 100/108 [00:01<00:00, 60.51it/s]100%|██████████| 108/108 [00:01<00:00, 60.95it/s]
Config:
{'all_joints': [[0], [1], [2], [3], [4], [5], [6], [7], [8], [9], [10], [11]],
 'all_joints_names': ['point1',
                      'point2',
                      'point3',
                      'point4',
                      'point5',
                      'point6',
                      'point7',
                      'point8',
                      'point9',
                      'point10',
                      'point11',
                      'point12'],
 'alpha_r': 0.02,
 'apply_prob': 0.5,
 'batch_size': 8,
 'clahe': True,
 'claheratio': 0.1,
 'crop_pad': 0,
 'crop_sampling': 'hybrid',
 'crop_size': [400, 400],
 'cropratio': 0.4,
 'dataset': 'training-datasets/iteration-0/UnaugmentedDataSet_GnSsEnetSt01Jul8/GnSsEnetSt01_Steven85shuffle0.pickle',
 'dataset_type': 'multi-animal-imgaug',
 'decay_steps': 30000,
 'deterministic': False,
 'display_iters': 500,
 'edge': False,
 'emboss': {'alpha': [0.0, 1.0], 'embossratio': 0.1, 'strength': [0.5, 1.5]},
 'fg_fraction': 0.25,
 'global_scale': 0.8,
 'histeq': True,
 'histeqratio': 0.1,
 'init_weights': '/home/xp2027/.local/lib/python3.9/site-packages/deeplabcut/pose_estimation_tensorflow/models/pretrained/resnet_v1_50.ckpt',
 'intermediate_supervision': False,
 'intermediate_supervision_layer': 12,
 'location_refinement': True,
 'locref_huber_loss': True,
 'locref_loss_weight': 0.05,
 'locref_stdev': 7.2801,
 'log_dir': 'log',
 'lr_init': 0.0005,
 'max_input_size': 1500,
 'max_shift': 0.4,
 'mean_pixel': [123.68, 116.779, 103.939],
 'metadataset': 'training-datasets/iteration-0/UnaugmentedDataSet_GnSsEnetSt01Jul8/Documentation_data-GnSsEnetSt01_85shuffle0.pickle',
 'min_input_size': 64,
 'mirror': False,
 'multi_stage': False,
 'multi_step': [[0.0001, 7500], [5e-05, 12000], [1e-05, 200000]],
 'net_type': 'resnet_50',
 'num_idchannel': 0,
 'num_joints': 12,
 'num_limbs': 66,
 'optimizer': 'adam',
 'pafwidth': 20,
 'pairwise_huber_loss': False,
 'pairwise_loss_weight': 0.1,
 'pairwise_predict': False,
 'partaffinityfield_graph': [[0, 1],
                             [0, 2],
                             [0, 3],
                             [0, 4],
                             [0, 5],
                             [0, 6],
                             [0, 7],
                             [0, 8],
                             [0, 9],
                             [0, 10],
                             [0, 11],
                             [1, 2],
                             [1, 3],
                             [1, 4],
                             [1, 5],
                             [1, 6],
                             [1, 7],
                             [1, 8],
                             [1, 9],
                             [1, 10],
                             [1, 11],
                             [2, 3],
                             [2, 4],
                             [2, 5],
                             [2, 6],
                             [2, 7],
                             [2, 8],
                             [2, 9],
                             [2, 10],
                             [2, 11],
                             [3, 4],
                             [3, 5],
                             [3, 6],
                             [3, 7],
                             [3, 8],
                             [3, 9],
                             [3, 10],
                             [3, 11],
                             [4, 5],
                             [4, 6],
                             [4, 7],
                             [4, 8],
                             [4, 9],
                             [4, 10],
                             [4, 11],
                             [5, 6],
                             [5, 7],
                             [5, 8],
                             [5, 9],
                             [5, 10],
                             [5, 11],
                             [6, 7],
                             [6, 8],
                             [6, 9],
                             [6, 10],
                             [6, 11],
                             [7, 8],
                             [7, 9],
                             [7, 10],
                             [7, 11],
                             [8, 9],
                             [8, 10],
                             [8, 11],
                             [9, 10],
                             [9, 11],
                             [10, 11]],
 'partaffinityfield_predict': True,
 'pos_dist_thresh': 17,
 'pre_resize': [],
 'project_path': '/scratch/xp2027/lab_38_GnSsRnetSt/GnSsEnetSt',
 'regularize': False,
 'rotation': 25,
 'rotratio': 0.4,
 'save_iters': 10000,
 'scale_jitter_lo': 0.5,
 'scale_jitter_up': 1.25,
 'scoremap_dir': 'test',
 'sharpen': False,
 'sharpenratio': 0.3,
 'shuffle': True,
 'snapshot_prefix': '/scratch/xp2027/lab_38_GnSsRnetSt/GnSsEnetSt/dlc-models/iteration-0/GnSsEnetSt01Jul8-trainset85shuffle0/train/snapshot',
 'stride': 8.0,
 'weigh_negatives': False,
 'weigh_only_present_joints': False,
 'weigh_part_predictions': False,
 'weight_decay': 0.0001}
/home/xp2027/.local/lib/python3.9/site-packages/tensorflow/python/keras/engine/base_layer_v1.py:1694: UserWarning: `layer.apply` is deprecated and will be removed in a future version. Please use `layer.__call__` method instead.
  warnings.warn('`layer.apply` is deprecated and '
/home/xp2027/.local/lib/python3.9/site-packages/tf_slim/layers/layers.py:684: UserWarning: `layer.apply` is deprecated and will be removed in a future version. Please use `layer.__call__` method instead.
  outputs = layer.apply(inputs, training=is_training)
2022-07-25 17:51:49.577870: I tensorflow/core/platform/cpu_feature_guard.cc:151] This TensorFlow binary is optimized with oneAPI Deep Neural Network Library (oneDNN) to use the following CPU instructions in performance-critical operations:  AVX2 AVX512F FMA
To enable them in other operations, rebuild TensorFlow with the appropriate compiler flags.
2022-07-25 17:51:53.460985: I tensorflow/core/common_runtime/gpu/gpu_device.cc:1525] Created device /job:localhost/replica:0/task:0/device:GPU:0 with 44182 MB memory:  -> device: 0, name: Quadro RTX 8000, pci bus id: 0000:06:00.0, compute capability: 7.5
2022-07-25 17:51:54.144394: I tensorflow/core/common_runtime/gpu/gpu_device.cc:1525] Created device /job:localhost/replica:0/task:0/device:GPU:0 with 44182 MB memory:  -> device: 0, name: Quadro RTX 8000, pci bus id: 0000:06:00.0, compute capability: 7.5
2022-07-25 17:52:15.365752: I tensorflow/stream_executor/cuda/cuda_dnn.cc:368] Loaded cuDNN version 8101
iteration: 100 loss: 0.0719 scmap loss: 0.0545 locref loss: 0.0032 limb loss: 0.0143 lr: 0.0001
slurmstepd: error: *** JOB 22770467 ON gr051 CANCELLED AT 2022-07-25T17:53:14 ***
