/home/xp2027/.local/lib/python3.9/site-packages/statsmodels/compat/pandas.py:65: FutureWarning: pandas.Int64Index is deprecated and will be removed from pandas in a future version. Use pandas.Index with the appropriate dtype instead.
  from pandas import Int64Index as NumericIndex
Loading DLC 2.2.1.1...
DLC loaded in light mode; you cannot use any GUI (labeling, relabeling and standalone GUI)
Utilizing the following graph: [[0, 1], [0, 2], [0, 3], [0, 4], [0, 5], [0, 6], [0, 7], [0, 8], [0, 9], [0, 10], [0, 11], [1, 2], [1, 3], [1, 4], [1, 5], [1, 6], [1, 7], [1, 8], [1, 9], [1, 10], [1, 11], [2, 3], [2, 4], [2, 5], [2, 6], [2, 7], [2, 8], [2, 9], [2, 10], [2, 11], [3, 4], [3, 5], [3, 6], [3, 7], [3, 8], [3, 9], [3, 10], [3, 11], [4, 5], [4, 6], [4, 7], [4, 8], [4, 9], [4, 10], [4, 11], [5, 6], [5, 7], [5, 8], [5, 9], [5, 10], [5, 11], [6, 7], [6, 8], [6, 9], [6, 10], [6, 11], [7, 8], [7, 9], [7, 10], [7, 11], [8, 9], [8, 10], [8, 11], [9, 10], [9, 11], [10, 11]]
Creating training data for: Shuffle: 0 TrainFraction:  0.95
  0%|          | 0/80 [00:00<?, ?it/s]  5%|▌         | 4/80 [00:00<00:02, 36.96it/s] 14%|█▍        | 11/80 [00:00<00:01, 49.86it/s] 20%|██        | 16/80 [00:00<00:01, 48.25it/s] 30%|███       | 24/80 [00:00<00:00, 58.71it/s] 39%|███▉      | 31/80 [00:00<00:00, 62.17it/s] 52%|█████▎    | 42/80 [00:00<00:00, 76.50it/s] 62%|██████▎   | 50/80 [00:00<00:00, 77.00it/s] 75%|███████▌  | 60/80 [00:00<00:00, 81.94it/s] 86%|████████▋ | 69/80 [00:01<00:00, 75.09it/s] 98%|█████████▊| 78/80 [00:01<00:00, 77.61it/s]100%|██████████| 80/80 [00:01<00:00, 71.13it/s]
Config:
{'all_joints': [[0], [1], [2], [3], [4], [5], [6], [7], [8], [9], [10], [11]],
 'all_joints_names': ['bodypart1',
                      'bodypart2',
                      'bodypart3',
                      'bodypart4',
                      'bodypart5',
                      'bodypart6',
                      'bodypart7',
                      'bodypart8',
                      'bodypart9',
                      'bodypart10',
                      'bodypart11',
                      'bodypart12'],
 'alpha_r': 0.02,
 'apply_prob': 0.5,
 'batch_size': 8,
 'clahe': True,
 'claheratio': 0.1,
 'crop_pad': 0,
 'crop_sampling': 'hybrid',
 'crop_size': [400, 400],
 'cropratio': 0.4,
 'dataset': 'training-datasets/iteration-0/UnaugmentedDataSet_YlSsEnetCh01Jul8/YlSsEnetCh01_Chen95shuffle0.pickle',
 'dataset_type': 'multi-animal-imgaug',
 'decay_steps': 30000,
 'deterministic': False,
 'display_iters': 500,
 'edge': False,
 'emboss': {'alpha': [0.0, 1.0], 'embossratio': 0.1, 'strength': [0.5, 1.5]},
 'fg_fraction': 0.25,
 'global_scale': 0.8,
 'histeq': True,
 'histeqratio': 0.1,
 'init_weights': '/home/xp2027/.local/lib/python3.9/site-packages/deeplabcut/pose_estimation_tensorflow/models/pretrained/resnet_v1_50.ckpt',
 'intermediate_supervision': False,
 'intermediate_supervision_layer': 12,
 'location_refinement': True,
 'locref_huber_loss': True,
 'locref_loss_weight': 0.05,
 'locref_stdev': 7.2801,
 'log_dir': 'log',
 'lr_init': 0.0005,
 'max_input_size': 1500,
 'max_shift': 0.4,
 'mean_pixel': [123.68, 116.779, 103.939],
 'metadataset': 'training-datasets/iteration-0/UnaugmentedDataSet_YlSsEnetCh01Jul8/Documentation_data-YlSsEnetCh01_95shuffle0.pickle',
 'min_input_size': 64,
 'mirror': False,
 'multi_stage': False,
 'multi_step': [[0.0001, 7500], [5e-05, 12000], [1e-05, 200000]],
 'net_type': 'resnet_50',
 'num_idchannel': 0,
 'num_joints': 12,
 'num_limbs': 66,
 'optimizer': 'adam',
 'pafwidth': 20,
 'pairwise_huber_loss': False,
 'pairwise_loss_weight': 0.1,
 'pairwise_predict': False,
 'partaffinityfield_graph': [[0, 1],
                             [0, 2],
                             [0, 3],
                             [0, 4],
                             [0, 5],
                             [0, 6],
                             [0, 7],
                             [0, 8],
                             [0, 9],
                             [0, 10],
                             [0, 11],
                             [1, 2],
                             [1, 3],
                             [1, 4],
                             [1, 5],
                             [1, 6],
                             [1, 7],
                             [1, 8],
                             [1, 9],
                             [1, 10],
                             [1, 11],
                             [2, 3],
                             [2, 4],
                             [2, 5],
                             [2, 6],
                             [2, 7],
                             [2, 8],
                             [2, 9],
                             [2, 10],
                             [2, 11],
                             [3, 4],
                             [3, 5],
                             [3, 6],
                             [3, 7],
                             [3, 8],
                             [3, 9],
                             [3, 10],
                             [3, 11],
                             [4, 5],
                             [4, 6],
                             [4, 7],
                             [4, 8],
                             [4, 9],
                             [4, 10],
                             [4, 11],
                             [5, 6],
                             [5, 7],
                             [5, 8],
                             [5, 9],
                             [5, 10],
                             [5, 11],
                             [6, 7],
                             [6, 8],
                             [6, 9],
                             [6, 10],
                             [6, 11],
                             [7, 8],
                             [7, 9],
                             [7, 10],
                             [7, 11],
                             [8, 9],
                             [8, 10],
                             [8, 11],
                             [9, 10],
                             [9, 11],
                             [10, 11]],
 'partaffinityfield_predict': True,
 'pos_dist_thresh': 17,
 'pre_resize': [],
 'project_path': '/scratch/xp2027/lab_39_YlSsRnetCh/YlSsRnetChen',
 'regularize': False,
 'rotation': 25,
 'rotratio': 0.4,
 'save_iters': 10000,
 'scale_jitter_lo': 0.5,
 'scale_jitter_up': 1.25,
 'scoremap_dir': 'test',
 'sharpen': False,
 'sharpenratio': 0.3,
 'shuffle': True,
 'snapshot_prefix': '/scratch/xp2027/lab_39_YlSsRnetCh/YlSsRnetChen/dlc-models/iteration-0/YlSsEnetCh01Jul8-trainset95shuffle0/train/snapshot',
 'stride': 8.0,
 'weigh_negatives': False,
 'weigh_only_present_joints': False,
 'weigh_part_predictions': False,
 'weight_decay': 0.0001}
/home/xp2027/.local/lib/python3.9/site-packages/tensorflow/python/keras/engine/base_layer_v1.py:1694: UserWarning: `layer.apply` is deprecated and will be removed in a future version. Please use `layer.__call__` method instead.
  warnings.warn('`layer.apply` is deprecated and '
/home/xp2027/.local/lib/python3.9/site-packages/tf_slim/layers/layers.py:684: UserWarning: `layer.apply` is deprecated and will be removed in a future version. Please use `layer.__call__` method instead.
  outputs = layer.apply(inputs, training=is_training)
2022-07-25 23:47:50.792242: I tensorflow/core/platform/cpu_feature_guard.cc:151] This TensorFlow binary is optimized with oneAPI Deep Neural Network Library (oneDNN) to use the following CPU instructions in performance-critical operations:  AVX2 AVX512F FMA
To enable them in other operations, rebuild TensorFlow with the appropriate compiler flags.
2022-07-25 23:47:54.245915: I tensorflow/core/common_runtime/gpu/gpu_device.cc:1525] Created device /job:localhost/replica:0/task:0/device:GPU:0 with 78953 MB memory:  -> device: 0, name: NVIDIA A100-SXM4-80GB, pci bus id: 0000:ca:00.0, compute capability: 8.0
2022-07-25 23:47:54.822681: I tensorflow/core/common_runtime/gpu/gpu_device.cc:1525] Created device /job:localhost/replica:0/task:0/device:GPU:0 with 78953 MB memory:  -> device: 0, name: NVIDIA A100-SXM4-80GB, pci bus id: 0000:ca:00.0, compute capability: 8.0
2022-07-25 23:48:06.007333: I tensorflow/stream_executor/cuda/cuda_dnn.cc:368] Loaded cuDNN version 8101
iteration: 100 loss: 0.0778 scmap loss: 0.0615 locref loss: 0.0029 limb loss: 0.0134 lr: 0.0001
iteration: 200 loss: 0.0167 scmap loss: 0.0144 locref loss: 0.0004 limb loss: 0.0019 lr: 0.0001
iteration: 300 loss: 0.0109 scmap loss: 0.0090 locref loss: 0.0003 limb loss: 0.0015 lr: 0.0001
iteration: 400 loss: 0.0093 scmap loss: 0.0076 locref loss: 0.0003 limb loss: 0.0014 lr: 0.0001
iteration: 500 loss: 0.0071 scmap loss: 0.0058 locref loss: 0.0003 limb loss: 0.0011 lr: 0.0001
iteration: 600 loss: 0.0064 scmap loss: 0.0053 locref loss: 0.0002 limb loss: 0.0009 lr: 0.0001
iteration: 700 loss: 0.0057 scmap loss: 0.0047 locref loss: 0.0002 limb loss: 0.0008 lr: 0.0001
iteration: 800 loss: 0.0053 scmap loss: 0.0044 locref loss: 0.0002 limb loss: 0.0008 lr: 0.0001
iteration: 900 loss: 0.0051 scmap loss: 0.0042 locref loss: 0.0002 limb loss: 0.0007 lr: 0.0001
iteration: 1000 loss: 0.0049 scmap loss: 0.0041 locref loss: 0.0002 limb loss: 0.0006 lr: 0.0001
iteration: 1100 loss: 0.0046 scmap loss: 0.0039 locref loss: 0.0002 limb loss: 0.0006 lr: 0.0001
iteration: 1200 loss: 0.0044 scmap loss: 0.0037 locref loss: 0.0001 limb loss: 0.0005 lr: 0.0001
iteration: 1300 loss: 0.0044 scmap loss: 0.0037 locref loss: 0.0001 limb loss: 0.0006 lr: 0.0001
iteration: 1400 loss: 0.0044 scmap loss: 0.0037 locref loss: 0.0001 limb loss: 0.0006 lr: 0.0001
iteration: 1500 loss: 0.0040 scmap loss: 0.0033 locref loss: 0.0001 limb loss: 0.0005 lr: 0.0001
iteration: 1600 loss: 0.0040 scmap loss: 0.0034 locref loss: 0.0001 limb loss: 0.0005 lr: 0.0001
iteration: 1700 loss: 0.0039 scmap loss: 0.0033 locref loss: 0.0001 limb loss: 0.0005 lr: 0.0001
iteration: 1800 loss: 0.0037 scmap loss: 0.0031 locref loss: 0.0001 limb loss: 0.0005 lr: 0.0001
iteration: 1900 loss: 0.0036 scmap loss: 0.0031 locref loss: 0.0001 limb loss: 0.0004 lr: 0.0001
iteration: 2000 loss: 0.0035 scmap loss: 0.0030 locref loss: 0.0001 limb loss: 0.0004 lr: 0.0001
iteration: 2100 loss: 0.0035 scmap loss: 0.0030 locref loss: 0.0001 limb loss: 0.0004 lr: 0.0001
iteration: 2200 loss: 0.0037 scmap loss: 0.0031 locref loss: 0.0001 limb loss: 0.0004 lr: 0.0001
iteration: 2300 loss: 0.0034 scmap loss: 0.0029 locref loss: 0.0001 limb loss: 0.0004 lr: 0.0001
iteration: 2400 loss: 0.0033 scmap loss: 0.0029 locref loss: 0.0001 limb loss: 0.0004 lr: 0.0001
iteration: 2500 loss: 0.0033 scmap loss: 0.0028 locref loss: 0.0001 limb loss: 0.0003 lr: 0.0001
iteration: 2600 loss: 0.0036 scmap loss: 0.0031 locref loss: 0.0001 limb loss: 0.0004 lr: 0.0001
iteration: 2700 loss: 0.0033 scmap loss: 0.0028 locref loss: 0.0001 limb loss: 0.0004 lr: 0.0001
iteration: 2800 loss: 0.0033 scmap loss: 0.0029 locref loss: 0.0001 limb loss: 0.0003 lr: 0.0001
iteration: 2900 loss: 0.0031 scmap loss: 0.0027 locref loss: 0.0001 limb loss: 0.0003 lr: 0.0001
iteration: 3000 loss: 0.0033 scmap loss: 0.0029 locref loss: 0.0001 limb loss: 0.0003 lr: 0.0001
iteration: 3100 loss: 0.0032 scmap loss: 0.0027 locref loss: 0.0001 limb loss: 0.0003 lr: 0.0001
iteration: 3200 loss: 0.0033 scmap loss: 0.0028 locref loss: 0.0001 limb loss: 0.0003 lr: 0.0001
iteration: 3300 loss: 0.0031 scmap loss: 0.0026 locref loss: 0.0001 limb loss: 0.0004 lr: 0.0001
iteration: 3400 loss: 0.0031 scmap loss: 0.0027 locref loss: 0.0001 limb loss: 0.0003 lr: 0.0001
iteration: 3500 loss: 0.0031 scmap loss: 0.0027 locref loss: 0.0001 limb loss: 0.0003 lr: 0.0001
iteration: 3600 loss: 0.0032 scmap loss: 0.0028 locref loss: 0.0001 limb loss: 0.0004 lr: 0.0001
iteration: 3700 loss: 0.0031 scmap loss: 0.0027 locref loss: 0.0001 limb loss: 0.0003 lr: 0.0001
iteration: 3800 loss: 0.0031 scmap loss: 0.0027 locref loss: 0.0001 limb loss: 0.0003 lr: 0.0001
iteration: 3900 loss: 0.0031 scmap loss: 0.0027 locref loss: 0.0001 limb loss: 0.0003 lr: 0.0001
iteration: 4000 loss: 0.0030 scmap loss: 0.0026 locref loss: 0.0001 limb loss: 0.0003 lr: 0.0001
iteration: 4100 loss: 0.0029 scmap loss: 0.0025 locref loss: 0.0001 limb loss: 0.0003 lr: 0.0001
iteration: 4200 loss: 0.0029 scmap loss: 0.0026 locref loss: 0.0001 limb loss: 0.0003 lr: 0.0001
iteration: 4300 loss: 0.0028 scmap loss: 0.0024 locref loss: 0.0001 limb loss: 0.0003 lr: 0.0001
iteration: 4400 loss: 0.0027 scmap loss: 0.0024 locref loss: 0.0001 limb loss: 0.0003 lr: 0.0001
iteration: 4500 loss: 0.0027 scmap loss: 0.0023 locref loss: 0.0001 limb loss: 0.0003 lr: 0.0001
iteration: 4600 loss: 0.0028 scmap loss: 0.0024 locref loss: 0.0001 limb loss: 0.0003 lr: 0.0001
iteration: 4700 loss: 0.0026 scmap loss: 0.0022 locref loss: 0.0001 limb loss: 0.0003 lr: 0.0001
iteration: 4800 loss: 0.0025 scmap loss: 0.0022 locref loss: 0.0001 limb loss: 0.0003 lr: 0.0001
iteration: 4900 loss: 0.0026 scmap loss: 0.0023 locref loss: 0.0001 limb loss: 0.0003 lr: 0.0001
iteration: 5000 loss: 0.0027 scmap loss: 0.0023 locref loss: 0.0001 limb loss: 0.0003 lr: 0.0001
iteration: 5100 loss: 0.0028 scmap loss: 0.0024 locref loss: 0.0001 limb loss: 0.0003 lr: 0.0001
iteration: 5200 loss: 0.0028 scmap loss: 0.0025 locref loss: 0.0001 limb loss: 0.0003 lr: 0.0001
iteration: 5300 loss: 0.0026 scmap loss: 0.0022 locref loss: 0.0001 limb loss: 0.0003 lr: 0.0001
iteration: 5400 loss: 0.0025 scmap loss: 0.0021 locref loss: 0.0001 limb loss: 0.0003 lr: 0.0001
iteration: 5500 loss: 0.0023 scmap loss: 0.0020 locref loss: 0.0001 limb loss: 0.0002 lr: 0.0001
iteration: 5600 loss: 0.0022 scmap loss: 0.0019 locref loss: 0.0001 limb loss: 0.0002 lr: 0.0001
iteration: 5700 loss: 0.0027 scmap loss: 0.0024 locref loss: 0.0001 limb loss: 0.0002 lr: 0.0001
iteration: 5800 loss: 0.0023 scmap loss: 0.0020 locref loss: 0.0001 limb loss: 0.0003 lr: 0.0001
iteration: 5900 loss: 0.0023 scmap loss: 0.0019 locref loss: 0.0001 limb loss: 0.0002 lr: 0.0001
iteration: 6000 loss: 0.0023 scmap loss: 0.0020 locref loss: 0.0001 limb loss: 0.0002 lr: 0.0001
iteration: 6100 loss: 0.0023 scmap loss: 0.0020 locref loss: 0.0001 limb loss: 0.0002 lr: 0.0001
iteration: 6200 loss: 0.0024 scmap loss: 0.0021 locref loss: 0.0001 limb loss: 0.0003 lr: 0.0001
iteration: 6300 loss: 0.0022 scmap loss: 0.0019 locref loss: 0.0001 limb loss: 0.0002 lr: 0.0001
iteration: 6400 loss: 0.0022 scmap loss: 0.0019 locref loss: 0.0001 limb loss: 0.0002 lr: 0.0001
iteration: 6500 loss: 0.0023 scmap loss: 0.0020 locref loss: 0.0001 limb loss: 0.0002 lr: 0.0001
iteration: 6600 loss: 0.0020 scmap loss: 0.0018 locref loss: 0.0001 limb loss: 0.0002 lr: 0.0001
iteration: 6700 loss: 0.0021 scmap loss: 0.0018 locref loss: 0.0001 limb loss: 0.0002 lr: 0.0001
iteration: 6800 loss: 0.0021 scmap loss: 0.0018 locref loss: 0.0001 limb loss: 0.0002 lr: 0.0001
iteration: 6900 loss: 0.0022 scmap loss: 0.0019 locref loss: 0.0001 limb loss: 0.0002 lr: 0.0001
iteration: 7000 loss: 0.0022 scmap loss: 0.0019 locref loss: 0.0001 limb loss: 0.0002 lr: 0.0001
iteration: 7100 loss: 0.0021 scmap loss: 0.0018 locref loss: 0.0001 limb loss: 0.0002 lr: 0.0001
iteration: 7200 loss: 0.0021 scmap loss: 0.0018 locref loss: 0.0001 limb loss: 0.0002 lr: 0.0001
iteration: 7300 loss: 0.0020 scmap loss: 0.0018 locref loss: 0.0001 limb loss: 0.0002 lr: 0.0001
iteration: 7400 loss: 0.0022 scmap loss: 0.0019 locref loss: 0.0001 limb loss: 0.0002 lr: 0.0001
iteration: 7500 loss: 0.0021 scmap loss: 0.0018 locref loss: 0.0001 limb loss: 0.0002 lr: 0.0001
iteration: 7600 loss: 0.0018 scmap loss: 0.0015 locref loss: 0.0001 limb loss: 0.0002 lr: 5e-05
iteration: 7700 loss: 0.0017 scmap loss: 0.0015 locref loss: 0.0001 limb loss: 0.0002 lr: 5e-05
iteration: 7800 loss: 0.0018 scmap loss: 0.0016 locref loss: 0.0001 limb loss: 0.0002 lr: 5e-05
iteration: 7900 loss: 0.0017 scmap loss: 0.0015 locref loss: 0.0001 limb loss: 0.0002 lr: 5e-05
iteration: 8000 loss: 0.0018 scmap loss: 0.0015 locref loss: 0.0000 limb loss: 0.0002 lr: 5e-05
iteration: 8100 loss: 0.0017 scmap loss: 0.0015 locref loss: 0.0000 limb loss: 0.0002 lr: 5e-05
iteration: 8200 loss: 0.0017 scmap loss: 0.0015 locref loss: 0.0001 limb loss: 0.0002 lr: 5e-05
iteration: 8300 loss: 0.0017 scmap loss: 0.0015 locref loss: 0.0000 limb loss: 0.0002 lr: 5e-05
iteration: 8400 loss: 0.0017 scmap loss: 0.0015 locref loss: 0.0000 limb loss: 0.0002 lr: 5e-05
iteration: 8500 loss: 0.0018 scmap loss: 0.0016 locref loss: 0.0001 limb loss: 0.0002 lr: 5e-05
iteration: 8600 loss: 0.0016 scmap loss: 0.0014 locref loss: 0.0000 limb loss: 0.0001 lr: 5e-05
iteration: 8700 loss: 0.0017 scmap loss: 0.0015 locref loss: 0.0001 limb loss: 0.0002 lr: 5e-05
iteration: 8800 loss: 0.0016 scmap loss: 0.0014 locref loss: 0.0000 limb loss: 0.0001 lr: 5e-05
iteration: 8900 loss: 0.0015 scmap loss: 0.0013 locref loss: 0.0000 limb loss: 0.0001 lr: 5e-05
iteration: 9000 loss: 0.0016 scmap loss: 0.0014 locref loss: 0.0000 limb loss: 0.0002 lr: 5e-05
iteration: 9100 loss: 0.0017 scmap loss: 0.0015 locref loss: 0.0000 limb loss: 0.0002 lr: 5e-05
iteration: 9200 loss: 0.0018 scmap loss: 0.0015 locref loss: 0.0000 limb loss: 0.0002 lr: 5e-05
iteration: 9300 loss: 0.0018 scmap loss: 0.0016 locref loss: 0.0000 limb loss: 0.0002 lr: 5e-05
iteration: 9400 loss: 0.0017 scmap loss: 0.0015 locref loss: 0.0000 limb loss: 0.0001 lr: 5e-05
iteration: 9500 loss: 0.0017 scmap loss: 0.0014 locref loss: 0.0000 limb loss: 0.0002 lr: 5e-05
iteration: 9600 loss: 0.0016 scmap loss: 0.0014 locref loss: 0.0000 limb loss: 0.0002 lr: 5e-05
iteration: 9700 loss: 0.0015 scmap loss: 0.0013 locref loss: 0.0000 limb loss: 0.0001 lr: 5e-05
iteration: 9800 loss: 0.0016 scmap loss: 0.0014 locref loss: 0.0000 limb loss: 0.0002 lr: 5e-05
iteration: 9900 loss: 0.0016 scmap loss: 0.0014 locref loss: 0.0000 limb loss: 0.0002 lr: 5e-05
iteration: 10000 loss: 0.0016 scmap loss: 0.0014 locref loss: 0.0000 limb loss: 0.0001 lr: 5e-05
iteration: 10100 loss: 0.0015 scmap loss: 0.0014 locref loss: 0.0000 limb loss: 0.0001 lr: 5e-05
iteration: 10200 loss: 0.0016 scmap loss: 0.0014 locref loss: 0.0001 limb loss: 0.0002 lr: 5e-05
iteration: 10300 loss: 0.0017 scmap loss: 0.0014 locref loss: 0.0000 limb loss: 0.0002 lr: 5e-05
iteration: 10400 loss: 0.0017 scmap loss: 0.0015 locref loss: 0.0000 limb loss: 0.0002 lr: 5e-05
iteration: 10500 loss: 0.0016 scmap loss: 0.0014 locref loss: 0.0000 limb loss: 0.0001 lr: 5e-05
iteration: 10600 loss: 0.0018 scmap loss: 0.0015 locref loss: 0.0000 limb loss: 0.0002 lr: 5e-05
iteration: 10700 loss: 0.0015 scmap loss: 0.0013 locref loss: 0.0000 limb loss: 0.0001 lr: 5e-05
iteration: 10800 loss: 0.0016 scmap loss: 0.0014 locref loss: 0.0000 limb loss: 0.0001 lr: 5e-05
iteration: 10900 loss: 0.0017 scmap loss: 0.0015 locref loss: 0.0000 limb loss: 0.0002 lr: 5e-05
iteration: 11000 loss: 0.0016 scmap loss: 0.0014 locref loss: 0.0000 limb loss: 0.0002 lr: 5e-05
iteration: 11100 loss: 0.0016 scmap loss: 0.0014 locref loss: 0.0000 limb loss: 0.0001 lr: 5e-05
iteration: 11200 loss: 0.0016 scmap loss: 0.0014 locref loss: 0.0000 limb loss: 0.0002 lr: 5e-05
iteration: 11300 loss: 0.0016 scmap loss: 0.0014 locref loss: 0.0000 limb loss: 0.0002 lr: 5e-05
iteration: 11400 loss: 0.0015 scmap loss: 0.0014 locref loss: 0.0000 limb loss: 0.0001 lr: 5e-05
iteration: 11500 loss: 0.0015 scmap loss: 0.0013 locref loss: 0.0000 limb loss: 0.0001 lr: 5e-05
iteration: 11600 loss: 0.0016 scmap loss: 0.0014 locref loss: 0.0000 limb loss: 0.0001 lr: 5e-05
iteration: 11700 loss: 0.0016 scmap loss: 0.0014 locref loss: 0.0000 limb loss: 0.0001 lr: 5e-05
iteration: 11800 loss: 0.0015 scmap loss: 0.0013 locref loss: 0.0000 limb loss: 0.0001 lr: 5e-05
iteration: 11900 loss: 0.0015 scmap loss: 0.0013 locref loss: 0.0000 limb loss: 0.0002 lr: 5e-05
iteration: 12000 loss: 0.0015 scmap loss: 0.0013 locref loss: 0.0000 limb loss: 0.0001 lr: 5e-05
iteration: 12100 loss: 0.0014 scmap loss: 0.0013 locref loss: 0.0000 limb loss: 0.0001 lr: 1e-05
iteration: 12200 loss: 0.0014 scmap loss: 0.0012 locref loss: 0.0000 limb loss: 0.0001 lr: 1e-05
iteration: 12300 loss: 0.0013 scmap loss: 0.0011 locref loss: 0.0000 limb loss: 0.0001 lr: 1e-05
iteration: 12400 loss: 0.0013 scmap loss: 0.0012 locref loss: 0.0000 limb loss: 0.0001 lr: 1e-05
iteration: 12500 loss: 0.0013 scmap loss: 0.0011 locref loss: 0.0000 limb loss: 0.0001 lr: 1e-05
iteration: 12600 loss: 0.0013 scmap loss: 0.0011 locref loss: 0.0000 limb loss: 0.0001 lr: 1e-05
iteration: 12700 loss: 0.0012 scmap loss: 0.0011 locref loss: 0.0000 limb loss: 0.0001 lr: 1e-05
iteration: 12800 loss: 0.0013 scmap loss: 0.0011 locref loss: 0.0000 limb loss: 0.0001 lr: 1e-05
iteration: 12900 loss: 0.0013 scmap loss: 0.0011 locref loss: 0.0000 limb loss: 0.0001 lr: 1e-05
iteration: 13000 loss: 0.0012 scmap loss: 0.0011 locref loss: 0.0000 limb loss: 0.0001 lr: 1e-05
iteration: 13100 loss: 0.0013 scmap loss: 0.0011 locref loss: 0.0000 limb loss: 0.0001 lr: 1e-05
iteration: 13200 loss: 0.0013 scmap loss: 0.0011 locref loss: 0.0000 limb loss: 0.0001 lr: 1e-05
iteration: 13300 loss: 0.0013 scmap loss: 0.0011 locref loss: 0.0000 limb loss: 0.0001 lr: 1e-05
iteration: 13400 loss: 0.0013 scmap loss: 0.0011 locref loss: 0.0000 limb loss: 0.0001 lr: 1e-05
iteration: 13500 loss: 0.0012 scmap loss: 0.0011 locref loss: 0.0000 limb loss: 0.0001 lr: 1e-05
iteration: 13600 loss: 0.0013 scmap loss: 0.0012 locref loss: 0.0000 limb loss: 0.0001 lr: 1e-05
iteration: 13700 loss: 0.0013 scmap loss: 0.0011 locref loss: 0.0000 limb loss: 0.0001 lr: 1e-05
iteration: 13800 loss: 0.0013 scmap loss: 0.0011 locref loss: 0.0000 limb loss: 0.0001 lr: 1e-05
iteration: 13900 loss: 0.0012 scmap loss: 0.0011 locref loss: 0.0000 limb loss: 0.0001 lr: 1e-05
iteration: 14000 loss: 0.0012 scmap loss: 0.0011 locref loss: 0.0000 limb loss: 0.0001 lr: 1e-05
iteration: 14100 loss: 0.0012 scmap loss: 0.0011 locref loss: 0.0000 limb loss: 0.0001 lr: 1e-05
iteration: 14200 loss: 0.0012 scmap loss: 0.0011 locref loss: 0.0000 limb loss: 0.0001 lr: 1e-05
iteration: 14300 loss: 0.0013 scmap loss: 0.0011 locref loss: 0.0000 limb loss: 0.0001 lr: 1e-05
iteration: 14400 loss: 0.0012 scmap loss: 0.0011 locref loss: 0.0000 limb loss: 0.0001 lr: 1e-05
iteration: 14500 loss: 0.0012 scmap loss: 0.0011 locref loss: 0.0000 limb loss: 0.0001 lr: 1e-05
iteration: 14600 loss: 0.0013 scmap loss: 0.0011 locref loss: 0.0000 limb loss: 0.0001 lr: 1e-05
iteration: 14700 loss: 0.0013 scmap loss: 0.0011 locref loss: 0.0000 limb loss: 0.0001 lr: 1e-05
iteration: 14800 loss: 0.0012 scmap loss: 0.0011 locref loss: 0.0000 limb loss: 0.0001 lr: 1e-05
iteration: 14900 loss: 0.0012 scmap loss: 0.0011 locref loss: 0.0000 limb loss: 0.0001 lr: 1e-05
iteration: 15000 loss: 0.0012 scmap loss: 0.0010 locref loss: 0.0000 limb loss: 0.0001 lr: 1e-05
iteration: 15100 loss: 0.0012 scmap loss: 0.0011 locref loss: 0.0000 limb loss: 0.0001 lr: 1e-05
iteration: 15200 loss: 0.0012 scmap loss: 0.0011 locref loss: 0.0000 limb loss: 0.0001 lr: 1e-05
iteration: 15300 loss: 0.0012 scmap loss: 0.0010 locref loss: 0.0000 limb loss: 0.0001 lr: 1e-05
iteration: 15400 loss: 0.0012 scmap loss: 0.0011 locref loss: 0.0000 limb loss: 0.0001 lr: 1e-05
iteration: 15500 loss: 0.0012 scmap loss: 0.0011 locref loss: 0.0000 limb loss: 0.0001 lr: 1e-05
iteration: 15600 loss: 0.0012 scmap loss: 0.0010 locref loss: 0.0000 limb loss: 0.0001 lr: 1e-05
iteration: 15700 loss: 0.0013 scmap loss: 0.0011 locref loss: 0.0000 limb loss: 0.0001 lr: 1e-05
iteration: 15800 loss: 0.0012 scmap loss: 0.0011 locref loss: 0.0000 limb loss: 0.0001 lr: 1e-05
iteration: 15900 loss: 0.0012 scmap loss: 0.0010 locref loss: 0.0000 limb loss: 0.0001 lr: 1e-05
iteration: 16000 loss: 0.0012 scmap loss: 0.0011 locref loss: 0.0000 limb loss: 0.0001 lr: 1e-05
iteration: 16100 loss: 0.0012 scmap loss: 0.0011 locref loss: 0.0000 limb loss: 0.0001 lr: 1e-05
iteration: 16200 loss: 0.0012 scmap loss: 0.0011 locref loss: 0.0000 limb loss: 0.0001 lr: 1e-05
iteration: 16300 loss: 0.0012 scmap loss: 0.0011 locref loss: 0.0000 limb loss: 0.0001 lr: 1e-05
iteration: 16400 loss: 0.0012 scmap loss: 0.0011 locref loss: 0.0000 limb loss: 0.0001 lr: 1e-05
iteration: 16500 loss: 0.0012 scmap loss: 0.0011 locref loss: 0.0000 limb loss: 0.0001 lr: 1e-05
iteration: 16600 loss: 0.0012 scmap loss: 0.0010 locref loss: 0.0000 limb loss: 0.0001 lr: 1e-05
iteration: 16700 loss: 0.0012 scmap loss: 0.0011 locref loss: 0.0000 limb loss: 0.0001 lr: 1e-05
iteration: 16800 loss: 0.0012 scmap loss: 0.0010 locref loss: 0.0000 limb loss: 0.0001 lr: 1e-05
iteration: 16900 loss: 0.0012 scmap loss: 0.0010 locref loss: 0.0000 limb loss: 0.0001 lr: 1e-05
iteration: 17000 loss: 0.0012 scmap loss: 0.0011 locref loss: 0.0000 limb loss: 0.0001 lr: 1e-05
iteration: 17100 loss: 0.0012 scmap loss: 0.0010 locref loss: 0.0000 limb loss: 0.0001 lr: 1e-05
iteration: 17200 loss: 0.0012 scmap loss: 0.0010 locref loss: 0.0000 limb loss: 0.0001 lr: 1e-05
iteration: 17300 loss: 0.0012 scmap loss: 0.0010 locref loss: 0.0000 limb loss: 0.0001 lr: 1e-05
iteration: 17400 loss: 0.0012 scmap loss: 0.0010 locref loss: 0.0000 limb loss: 0.0001 lr: 1e-05
iteration: 17500 loss: 0.0012 scmap loss: 0.0010 locref loss: 0.0000 limb loss: 0.0001 lr: 1e-05
iteration: 17600 loss: 0.0011 scmap loss: 0.0010 locref loss: 0.0000 limb loss: 0.0001 lr: 1e-05
iteration: 17700 loss: 0.0012 scmap loss: 0.0011 locref loss: 0.0000 limb loss: 0.0001 lr: 1e-05
iteration: 17800 loss: 0.0011 scmap loss: 0.0010 locref loss: 0.0000 limb loss: 0.0001 lr: 1e-05
iteration: 17900 loss: 0.0012 scmap loss: 0.0010 locref loss: 0.0000 limb loss: 0.0001 lr: 1e-05
iteration: 18000 loss: 0.0012 scmap loss: 0.0010 locref loss: 0.0000 limb loss: 0.0001 lr: 1e-05
iteration: 18100 loss: 0.0012 scmap loss: 0.0010 locref loss: 0.0000 limb loss: 0.0001 lr: 1e-05
iteration: 18200 loss: 0.0012 scmap loss: 0.0010 locref loss: 0.0000 limb loss: 0.0001 lr: 1e-05
iteration: 18300 loss: 0.0012 scmap loss: 0.0010 locref loss: 0.0000 limb loss: 0.0001 lr: 1e-05
iteration: 18400 loss: 0.0011 scmap loss: 0.0010 locref loss: 0.0000 limb loss: 0.0001 lr: 1e-05
iteration: 18500 loss: 0.0012 scmap loss: 0.0010 locref loss: 0.0000 limb loss: 0.0001 lr: 1e-05
iteration: 18600 loss: 0.0011 scmap loss: 0.0010 locref loss: 0.0000 limb loss: 0.0001 lr: 1e-05
iteration: 18700 loss: 0.0011 scmap loss: 0.0010 locref loss: 0.0000 limb loss: 0.0001 lr: 1e-05
iteration: 18800 loss: 0.0011 scmap loss: 0.0010 locref loss: 0.0000 limb loss: 0.0001 lr: 1e-05
iteration: 18900 loss: 0.0012 scmap loss: 0.0010 locref loss: 0.0000 limb loss: 0.0001 lr: 1e-05
iteration: 19000 loss: 0.0011 scmap loss: 0.0010 locref loss: 0.0000 limb loss: 0.0001 lr: 1e-05
iteration: 19100 loss: 0.0012 scmap loss: 0.0010 locref loss: 0.0000 limb loss: 0.0001 lr: 1e-05
iteration: 19200 loss: 0.0012 scmap loss: 0.0010 locref loss: 0.0000 limb loss: 0.0001 lr: 1e-05
iteration: 19300 loss: 0.0012 scmap loss: 0.0011 locref loss: 0.0000 limb loss: 0.0001 lr: 1e-05
iteration: 19400 loss: 0.0012 scmap loss: 0.0010 locref loss: 0.0000 limb loss: 0.0001 lr: 1e-05
iteration: 19500 loss: 0.0011 scmap loss: 0.0010 locref loss: 0.0000 limb loss: 0.0001 lr: 1e-05
iteration: 19600 loss: 0.0012 scmap loss: 0.0010 locref loss: 0.0000 limb loss: 0.0001 lr: 1e-05
iteration: 19700 loss: 0.0012 scmap loss: 0.0010 locref loss: 0.0000 limb loss: 0.0001 lr: 1e-05
iteration: 19800 loss: 0.0011 scmap loss: 0.0010 locref loss: 0.0000 limb loss: 0.0001 lr: 1e-05
iteration: 19900 loss: 0.0011 scmap loss: 0.0010 locref loss: 0.0000 limb loss: 0.0001 lr: 1e-05
iteration: 20000 loss: 0.0012 scmap loss: 0.0010 locref loss: 0.0000 limb loss: 0.0001 lr: 1e-05
iteration: 20100 loss: 0.0011 scmap loss: 0.0010 locref loss: 0.0000 limb loss: 0.0001 lr: 1e-05
iteration: 20200 loss: 0.0011 scmap loss: 0.0010 locref loss: 0.0000 limb loss: 0.0001 lr: 1e-05
iteration: 20300 loss: 0.0011 scmap loss: 0.0010 locref loss: 0.0000 limb loss: 0.0001 lr: 1e-05
iteration: 20400 loss: 0.0012 scmap loss: 0.0010 locref loss: 0.0000 limb loss: 0.0001 lr: 1e-05
iteration: 20500 loss: 0.0011 scmap loss: 0.0010 locref loss: 0.0000 limb loss: 0.0001 lr: 1e-05
iteration: 20600 loss: 0.0011 scmap loss: 0.0010 locref loss: 0.0000 limb loss: 0.0001 lr: 1e-05
iteration: 20700 loss: 0.0011 scmap loss: 0.0010 locref loss: 0.0000 limb loss: 0.0001 lr: 1e-05
iteration: 20800 loss: 0.0011 scmap loss: 0.0010 locref loss: 0.0000 limb loss: 0.0001 lr: 1e-05
iteration: 20900 loss: 0.0012 scmap loss: 0.0010 locref loss: 0.0000 limb loss: 0.0001 lr: 1e-05
iteration: 21000 loss: 0.0011 scmap loss: 0.0010 locref loss: 0.0000 limb loss: 0.0001 lr: 1e-05
iteration: 21100 loss: 0.0012 scmap loss: 0.0010 locref loss: 0.0000 limb loss: 0.0001 lr: 1e-05
iteration: 21200 loss: 0.0012 scmap loss: 0.0010 locref loss: 0.0000 limb loss: 0.0001 lr: 1e-05
iteration: 21300 loss: 0.0011 scmap loss: 0.0010 locref loss: 0.0000 limb loss: 0.0001 lr: 1e-05
iteration: 21400 loss: 0.0011 scmap loss: 0.0009 locref loss: 0.0000 limb loss: 0.0001 lr: 1e-05
iteration: 21500 loss: 0.0011 scmap loss: 0.0010 locref loss: 0.0000 limb loss: 0.0001 lr: 1e-05
iteration: 21600 loss: 0.0011 scmap loss: 0.0010 locref loss: 0.0000 limb loss: 0.0001 lr: 1e-05
iteration: 21700 loss: 0.0011 scmap loss: 0.0010 locref loss: 0.0000 limb loss: 0.0001 lr: 1e-05
iteration: 21800 loss: 0.0011 scmap loss: 0.0009 locref loss: 0.0000 limb loss: 0.0001 lr: 1e-05
iteration: 21900 loss: 0.0012 scmap loss: 0.0010 locref loss: 0.0000 limb loss: 0.0001 lr: 1e-05
iteration: 22000 loss: 0.0011 scmap loss: 0.0010 locref loss: 0.0000 limb loss: 0.0001 lr: 1e-05
iteration: 22100 loss: 0.0012 scmap loss: 0.0010 locref loss: 0.0000 limb loss: 0.0001 lr: 1e-05
iteration: 22200 loss: 0.0011 scmap loss: 0.0010 locref loss: 0.0000 limb loss: 0.0001 lr: 1e-05
iteration: 22300 loss: 0.0011 scmap loss: 0.0009 locref loss: 0.0000 limb loss: 0.0001 lr: 1e-05
iteration: 22400 loss: 0.0011 scmap loss: 0.0010 locref loss: 0.0000 limb loss: 0.0001 lr: 1e-05
iteration: 22500 loss: 0.0011 scmap loss: 0.0010 locref loss: 0.0000 limb loss: 0.0001 lr: 1e-05
iteration: 22600 loss: 0.0011 scmap loss: 0.0010 locref loss: 0.0000 limb loss: 0.0001 lr: 1e-05
iteration: 22700 loss: 0.0010 scmap loss: 0.0009 locref loss: 0.0000 limb loss: 0.0001 lr: 1e-05
iteration: 22800 loss: 0.0011 scmap loss: 0.0009 locref loss: 0.0000 limb loss: 0.0001 lr: 1e-05
iteration: 22900 loss: 0.0011 scmap loss: 0.0010 locref loss: 0.0000 limb loss: 0.0001 lr: 1e-05
iteration: 23000 loss: 0.0011 scmap loss: 0.0009 locref loss: 0.0000 limb loss: 0.0001 lr: 1e-05
iteration: 23100 loss: 0.0011 scmap loss: 0.0010 locref loss: 0.0000 limb loss: 0.0001 lr: 1e-05
iteration: 23200 loss: 0.0011 scmap loss: 0.0010 locref loss: 0.0000 limb loss: 0.0001 lr: 1e-05
iteration: 23300 loss: 0.0011 scmap loss: 0.0009 locref loss: 0.0000 limb loss: 0.0001 lr: 1e-05
iteration: 23400 loss: 0.0011 scmap loss: 0.0010 locref loss: 0.0000 limb loss: 0.0001 lr: 1e-05
iteration: 23500 loss: 0.0011 scmap loss: 0.0010 locref loss: 0.0000 limb loss: 0.0001 lr: 1e-05
iteration: 23600 loss: 0.0011 scmap loss: 0.0010 locref loss: 0.0000 limb loss: 0.0001 lr: 1e-05
iteration: 23700 loss: 0.0012 scmap loss: 0.0010 locref loss: 0.0000 limb loss: 0.0001 lr: 1e-05
iteration: 23800 loss: 0.0012 scmap loss: 0.0010 locref loss: 0.0000 limb loss: 0.0001 lr: 1e-05
iteration: 23900 loss: 0.0011 scmap loss: 0.0009 locref loss: 0.0000 limb loss: 0.0001 lr: 1e-05
iteration: 24000 loss: 0.0011 scmap loss: 0.0010 locref loss: 0.0000 limb loss: 0.0001 lr: 1e-05
iteration: 24100 loss: 0.0011 scmap loss: 0.0009 locref loss: 0.0000 limb loss: 0.0001 lr: 1e-05
iteration: 24200 loss: 0.0011 scmap loss: 0.0009 locref loss: 0.0000 limb loss: 0.0001 lr: 1e-05
iteration: 24300 loss: 0.0011 scmap loss: 0.0010 locref loss: 0.0000 limb loss: 0.0001 lr: 1e-05
iteration: 24400 loss: 0.0011 scmap loss: 0.0010 locref loss: 0.0000 limb loss: 0.0001 lr: 1e-05
iteration: 24500 loss: 0.0011 scmap loss: 0.0010 locref loss: 0.0000 limb loss: 0.0001 lr: 1e-05
iteration: 24600 loss: 0.0011 scmap loss: 0.0009 locref loss: 0.0000 limb loss: 0.0001 lr: 1e-05
iteration: 24700 loss: 0.0011 scmap loss: 0.0010 locref loss: 0.0000 limb loss: 0.0001 lr: 1e-05
iteration: 24800 loss: 0.0011 scmap loss: 0.0009 locref loss: 0.0000 limb loss: 0.0001 lr: 1e-05
iteration: 24900 loss: 0.0011 scmap loss: 0.0009 locref loss: 0.0000 limb loss: 0.0001 lr: 1e-05
iteration: 25000 loss: 0.0011 scmap loss: 0.0009 locref loss: 0.0000 limb loss: 0.0001 lr: 1e-05
iteration: 25100 loss: 0.0011 scmap loss: 0.0009 locref loss: 0.0000 limb loss: 0.0001 lr: 1e-05
iteration: 25200 loss: 0.0010 scmap loss: 0.0009 locref loss: 0.0000 limb loss: 0.0001 lr: 1e-05
iteration: 25300 loss: 0.0011 scmap loss: 0.0010 locref loss: 0.0000 limb loss: 0.0001 lr: 1e-05
iteration: 25400 loss: 0.0011 scmap loss: 0.0010 locref loss: 0.0000 limb loss: 0.0001 lr: 1e-05
iteration: 25500 loss: 0.0011 scmap loss: 0.0010 locref loss: 0.0000 limb loss: 0.0001 lr: 1e-05
iteration: 25600 loss: 0.0011 scmap loss: 0.0010 locref loss: 0.0000 limb loss: 0.0001 lr: 1e-05
iteration: 25700 loss: 0.0011 scmap loss: 0.0009 locref loss: 0.0000 limb loss: 0.0001 lr: 1e-05
iteration: 25800 loss: 0.0011 scmap loss: 0.0009 locref loss: 0.0000 limb loss: 0.0001 lr: 1e-05
iteration: 25900 loss: 0.0011 scmap loss: 0.0009 locref loss: 0.0000 limb loss: 0.0001 lr: 1e-05
iteration: 26000 loss: 0.0011 scmap loss: 0.0009 locref loss: 0.0000 limb loss: 0.0001 lr: 1e-05
iteration: 26100 loss: 0.0011 scmap loss: 0.0009 locref loss: 0.0000 limb loss: 0.0001 lr: 1e-05
iteration: 26200 loss: 0.0011 scmap loss: 0.0009 locref loss: 0.0000 limb loss: 0.0001 lr: 1e-05
iteration: 26300 loss: 0.0011 scmap loss: 0.0009 locref loss: 0.0000 limb loss: 0.0001 lr: 1e-05
iteration: 26400 loss: 0.0011 scmap loss: 0.0009 locref loss: 0.0000 limb loss: 0.0001 lr: 1e-05
iteration: 26500 loss: 0.0011 scmap loss: 0.0009 locref loss: 0.0000 limb loss: 0.0001 lr: 1e-05
iteration: 26600 loss: 0.0010 scmap loss: 0.0009 locref loss: 0.0000 limb loss: 0.0001 lr: 1e-05
iteration: 26700 loss: 0.0010 scmap loss: 0.0009 locref loss: 0.0000 limb loss: 0.0001 lr: 1e-05
iteration: 26800 loss: 0.0010 scmap loss: 0.0009 locref loss: 0.0000 limb loss: 0.0001 lr: 1e-05
iteration: 26900 loss: 0.0011 scmap loss: 0.0009 locref loss: 0.0000 limb loss: 0.0001 lr: 1e-05
iteration: 27000 loss: 0.0011 scmap loss: 0.0009 locref loss: 0.0000 limb loss: 0.0001 lr: 1e-05
iteration: 27100 loss: 0.0010 scmap loss: 0.0009 locref loss: 0.0000 limb loss: 0.0001 lr: 1e-05
iteration: 27200 loss: 0.0011 scmap loss: 0.0009 locref loss: 0.0000 limb loss: 0.0001 lr: 1e-05
iteration: 27300 loss: 0.0011 scmap loss: 0.0009 locref loss: 0.0000 limb loss: 0.0001 lr: 1e-05
iteration: 27400 loss: 0.0011 scmap loss: 0.0009 locref loss: 0.0000 limb loss: 0.0001 lr: 1e-05
iteration: 27500 loss: 0.0011 scmap loss: 0.0009 locref loss: 0.0000 limb loss: 0.0001 lr: 1e-05
iteration: 27600 loss: 0.0010 scmap loss: 0.0009 locref loss: 0.0000 limb loss: 0.0001 lr: 1e-05
iteration: 27700 loss: 0.0011 scmap loss: 0.0009 locref loss: 0.0000 limb loss: 0.0001 lr: 1e-05
iteration: 27800 loss: 0.0011 scmap loss: 0.0009 locref loss: 0.0000 limb loss: 0.0001 lr: 1e-05
iteration: 27900 loss: 0.0011 scmap loss: 0.0009 locref loss: 0.0000 limb loss: 0.0001 lr: 1e-05
iteration: 28000 loss: 0.0010 scmap loss: 0.0009 locref loss: 0.0000 limb loss: 0.0001 lr: 1e-05
iteration: 28100 loss: 0.0011 scmap loss: 0.0009 locref loss: 0.0000 limb loss: 0.0001 lr: 1e-05
iteration: 28200 loss: 0.0010 scmap loss: 0.0009 locref loss: 0.0000 limb loss: 0.0001 lr: 1e-05
iteration: 28300 loss: 0.0010 scmap loss: 0.0009 locref loss: 0.0000 limb loss: 0.0001 lr: 1e-05
iteration: 28400 loss: 0.0010 scmap loss: 0.0009 locref loss: 0.0000 limb loss: 0.0001 lr: 1e-05
iteration: 28500 loss: 0.0010 scmap loss: 0.0009 locref loss: 0.0000 limb loss: 0.0001 lr: 1e-05
iteration: 28600 loss: 0.0010 scmap loss: 0.0009 locref loss: 0.0000 limb loss: 0.0001 lr: 1e-05
iteration: 28700 loss: 0.0011 scmap loss: 0.0009 locref loss: 0.0000 limb loss: 0.0001 lr: 1e-05
iteration: 28800 loss: 0.0011 scmap loss: 0.0009 locref loss: 0.0000 limb loss: 0.0001 lr: 1e-05
iteration: 28900 loss: 0.0011 scmap loss: 0.0009 locref loss: 0.0000 limb loss: 0.0001 lr: 1e-05
iteration: 29000 loss: 0.0011 scmap loss: 0.0009 locref loss: 0.0000 limb loss: 0.0001 lr: 1e-05
iteration: 29100 loss: 0.0011 scmap loss: 0.0009 locref loss: 0.0000 limb loss: 0.0001 lr: 1e-05
iteration: 29200 loss: 0.0011 scmap loss: 0.0009 locref loss: 0.0000 limb loss: 0.0001 lr: 1e-05
iteration: 29300 loss: 0.0011 scmap loss: 0.0009 locref loss: 0.0000 limb loss: 0.0001 lr: 1e-05
iteration: 29400 loss: 0.0011 scmap loss: 0.0009 locref loss: 0.0000 limb loss: 0.0001 lr: 1e-05
iteration: 29500 loss: 0.0010 scmap loss: 0.0009 locref loss: 0.0000 limb loss: 0.0001 lr: 1e-05
iteration: 29600 loss: 0.0011 scmap loss: 0.0010 locref loss: 0.0000 limb loss: 0.0001 lr: 1e-05
iteration: 29700 loss: 0.0011 scmap loss: 0.0009 locref loss: 0.0000 limb loss: 0.0001 lr: 1e-05
iteration: 29800 loss: 0.0010 scmap loss: 0.0009 locref loss: 0.0000 limb loss: 0.0001 lr: 1e-05
iteration: 29900 loss: 0.0010 scmap loss: 0.0009 locref loss: 0.0000 limb loss: 0.0001 lr: 1e-05
iteration: 30000 loss: 0.0010 scmap loss: 0.0009 locref loss: 0.0000 limb loss: 0.0001 lr: 1e-05
iteration: 30100 loss: 0.0010 scmap loss: 0.0009 locref loss: 0.0000 limb loss: 0.0001 lr: 1e-05
iteration: 30200 loss: 0.0010 scmap loss: 0.0009 locref loss: 0.0000 limb loss: 0.0001 lr: 1e-05
iteration: 30300 loss: 0.0011 scmap loss: 0.0009 locref loss: 0.0000 limb loss: 0.0001 lr: 1e-05
iteration: 30400 loss: 0.0011 scmap loss: 0.0009 locref loss: 0.0000 limb loss: 0.0001 lr: 1e-05
iteration: 30500 loss: 0.0011 scmap loss: 0.0009 locref loss: 0.0000 limb loss: 0.0001 lr: 1e-05
iteration: 30600 loss: 0.0010 scmap loss: 0.0009 locref loss: 0.0000 limb loss: 0.0001 lr: 1e-05
iteration: 30700 loss: 0.0010 scmap loss: 0.0009 locref loss: 0.0000 limb loss: 0.0001 lr: 1e-05
iteration: 30800 loss: 0.0010 scmap loss: 0.0009 locref loss: 0.0000 limb loss: 0.0001 lr: 1e-05
iteration: 30900 loss: 0.0010 scmap loss: 0.0009 locref loss: 0.0000 limb loss: 0.0001 lr: 1e-05
iteration: 31000 loss: 0.0010 scmap loss: 0.0009 locref loss: 0.0000 limb loss: 0.0001 lr: 1e-05
iteration: 31100 loss: 0.0010 scmap loss: 0.0009 locref loss: 0.0000 limb loss: 0.0001 lr: 1e-05
iteration: 31200 loss: 0.0010 scmap loss: 0.0009 locref loss: 0.0000 limb loss: 0.0001 lr: 1e-05
iteration: 31300 loss: 0.0010 scmap loss: 0.0009 locref loss: 0.0000 limb loss: 0.0001 lr: 1e-05
iteration: 31400 loss: 0.0010 scmap loss: 0.0009 locref loss: 0.0000 limb loss: 0.0001 lr: 1e-05
iteration: 31500 loss: 0.0010 scmap loss: 0.0009 locref loss: 0.0000 limb loss: 0.0001 lr: 1e-05
iteration: 31600 loss: 0.0011 scmap loss: 0.0009 locref loss: 0.0000 limb loss: 0.0001 lr: 1e-05
iteration: 31700 loss: 0.0010 scmap loss: 0.0009 locref loss: 0.0000 limb loss: 0.0001 lr: 1e-05
iteration: 31800 loss: 0.0010 scmap loss: 0.0008 locref loss: 0.0000 limb loss: 0.0001 lr: 1e-05
iteration: 31900 loss: 0.0010 scmap loss: 0.0009 locref loss: 0.0000 limb loss: 0.0001 lr: 1e-05
iteration: 32000 loss: 0.0010 scmap loss: 0.0009 locref loss: 0.0000 limb loss: 0.0001 lr: 1e-05
iteration: 32100 loss: 0.0010 scmap loss: 0.0009 locref loss: 0.0000 limb loss: 0.0001 lr: 1e-05
iteration: 32200 loss: 0.0011 scmap loss: 0.0009 locref loss: 0.0000 limb loss: 0.0001 lr: 1e-05
iteration: 32300 loss: 0.0010 scmap loss: 0.0009 locref loss: 0.0000 limb loss: 0.0001 lr: 1e-05
iteration: 32400 loss: 0.0011 scmap loss: 0.0009 locref loss: 0.0000 limb loss: 0.0001 lr: 1e-05
iteration: 32500 loss: 0.0010 scmap loss: 0.0009 locref loss: 0.0000 limb loss: 0.0001 lr: 1e-05
iteration: 32600 loss: 0.0010 scmap loss: 0.0009 locref loss: 0.0000 limb loss: 0.0001 lr: 1e-05
iteration: 32700 loss: 0.0010 scmap loss: 0.0009 locref loss: 0.0000 limb loss: 0.0001 lr: 1e-05
iteration: 32800 loss: 0.0010 scmap loss: 0.0009 locref loss: 0.0000 limb loss: 0.0001 lr: 1e-05
iteration: 32900 loss: 0.0010 scmap loss: 0.0009 locref loss: 0.0000 limb loss: 0.0001 lr: 1e-05
iteration: 33000 loss: 0.0010 scmap loss: 0.0009 locref loss: 0.0000 limb loss: 0.0001 lr: 1e-05
iteration: 33100 loss: 0.0010 scmap loss: 0.0009 locref loss: 0.0000 limb loss: 0.0001 lr: 1e-05
iteration: 33200 loss: 0.0010 scmap loss: 0.0009 locref loss: 0.0000 limb loss: 0.0001 lr: 1e-05
iteration: 33300 loss: 0.0010 scmap loss: 0.0008 locref loss: 0.0000 limb loss: 0.0001 lr: 1e-05
iteration: 33400 loss: 0.0010 scmap loss: 0.0009 locref loss: 0.0000 limb loss: 0.0001 lr: 1e-05
iteration: 33500 loss: 0.0010 scmap loss: 0.0009 locref loss: 0.0000 limb loss: 0.0001 lr: 1e-05
iteration: 33600 loss: 0.0010 scmap loss: 0.0009 locref loss: 0.0000 limb loss: 0.0001 lr: 1e-05
iteration: 33700 loss: 0.0010 scmap loss: 0.0009 locref loss: 0.0000 limb loss: 0.0001 lr: 1e-05
iteration: 33800 loss: 0.0010 scmap loss: 0.0009 locref loss: 0.0000 limb loss: 0.0001 lr: 1e-05
iteration: 33900 loss: 0.0010 scmap loss: 0.0009 locref loss: 0.0000 limb loss: 0.0001 lr: 1e-05
iteration: 34000 loss: 0.0010 scmap loss: 0.0009 locref loss: 0.0000 limb loss: 0.0001 lr: 1e-05
iteration: 34100 loss: 0.0011 scmap loss: 0.0009 locref loss: 0.0000 limb loss: 0.0001 lr: 1e-05
iteration: 34200 loss: 0.0010 scmap loss: 0.0009 locref loss: 0.0000 limb loss: 0.0001 lr: 1e-05
iteration: 34300 loss: 0.0010 scmap loss: 0.0009 locref loss: 0.0000 limb loss: 0.0001 lr: 1e-05
iteration: 34400 loss: 0.0010 scmap loss: 0.0008 locref loss: 0.0000 limb loss: 0.0001 lr: 1e-05
iteration: 34500 loss: 0.0010 scmap loss: 0.0009 locref loss: 0.0000 limb loss: 0.0001 lr: 1e-05
iteration: 34600 loss: 0.0010 scmap loss: 0.0009 locref loss: 0.0000 limb loss: 0.0001 lr: 1e-05
iteration: 34700 loss: 0.0010 scmap loss: 0.0009 locref loss: 0.0000 limb loss: 0.0001 lr: 1e-05
iteration: 34800 loss: 0.0010 scmap loss: 0.0009 locref loss: 0.0000 limb loss: 0.0001 lr: 1e-05
iteration: 34900 loss: 0.0010 scmap loss: 0.0008 locref loss: 0.0000 limb loss: 0.0001 lr: 1e-05
iteration: 35000 loss: 0.0010 scmap loss: 0.0008 locref loss: 0.0000 limb loss: 0.0001 lr: 1e-05
iteration: 35100 loss: 0.0010 scmap loss: 0.0009 locref loss: 0.0000 limb loss: 0.0001 lr: 1e-05
iteration: 35200 loss: 0.0010 scmap loss: 0.0009 locref loss: 0.0000 limb loss: 0.0001 lr: 1e-05
iteration: 35300 loss: 0.0010 scmap loss: 0.0009 locref loss: 0.0000 limb loss: 0.0001 lr: 1e-05
iteration: 35400 loss: 0.0010 scmap loss: 0.0009 locref loss: 0.0000 limb loss: 0.0001 lr: 1e-05
iteration: 35500 loss: 0.0010 scmap loss: 0.0009 locref loss: 0.0000 limb loss: 0.0001 lr: 1e-05
iteration: 35600 loss: 0.0010 scmap loss: 0.0009 locref loss: 0.0000 limb loss: 0.0001 lr: 1e-05
iteration: 35700 loss: 0.0010 scmap loss: 0.0008 locref loss: 0.0000 limb loss: 0.0001 lr: 1e-05
iteration: 35800 loss: 0.0010 scmap loss: 0.0009 locref loss: 0.0000 limb loss: 0.0001 lr: 1e-05
iteration: 35900 loss: 0.0010 scmap loss: 0.0008 locref loss: 0.0000 limb loss: 0.0001 lr: 1e-05
iteration: 36000 loss: 0.0010 scmap loss: 0.0009 locref loss: 0.0000 limb loss: 0.0001 lr: 1e-05
iteration: 36100 loss: 0.0011 scmap loss: 0.0009 locref loss: 0.0000 limb loss: 0.0001 lr: 1e-05
iteration: 36200 loss: 0.0010 scmap loss: 0.0009 locref loss: 0.0000 limb loss: 0.0001 lr: 1e-05
iteration: 36300 loss: 0.0010 scmap loss: 0.0008 locref loss: 0.0000 limb loss: 0.0001 lr: 1e-05
iteration: 36400 loss: 0.0010 scmap loss: 0.0009 locref loss: 0.0000 limb loss: 0.0001 lr: 1e-05
iteration: 36500 loss: 0.0010 scmap loss: 0.0009 locref loss: 0.0000 limb loss: 0.0001 lr: 1e-05
iteration: 36600 loss: 0.0010 scmap loss: 0.0009 locref loss: 0.0000 limb loss: 0.0001 lr: 1e-05
iteration: 36700 loss: 0.0010 scmap loss: 0.0009 locref loss: 0.0000 limb loss: 0.0001 lr: 1e-05
iteration: 36800 loss: 0.0010 scmap loss: 0.0008 locref loss: 0.0000 limb loss: 0.0001 lr: 1e-05
iteration: 36900 loss: 0.0010 scmap loss: 0.0009 locref loss: 0.0000 limb loss: 0.0001 lr: 1e-05
iteration: 37000 loss: 0.0010 scmap loss: 0.0009 locref loss: 0.0000 limb loss: 0.0001 lr: 1e-05
iteration: 37100 loss: 0.0010 scmap loss: 0.0008 locref loss: 0.0000 limb loss: 0.0001 lr: 1e-05
iteration: 37200 loss: 0.0010 scmap loss: 0.0008 locref loss: 0.0000 limb loss: 0.0001 lr: 1e-05
iteration: 37300 loss: 0.0010 scmap loss: 0.0008 locref loss: 0.0000 limb loss: 0.0001 lr: 1e-05
iteration: 37400 loss: 0.0010 scmap loss: 0.0009 locref loss: 0.0000 limb loss: 0.0001 lr: 1e-05
iteration: 37500 loss: 0.0010 scmap loss: 0.0008 locref loss: 0.0000 limb loss: 0.0001 lr: 1e-05
iteration: 37600 loss: 0.0010 scmap loss: 0.0009 locref loss: 0.0000 limb loss: 0.0001 lr: 1e-05
iteration: 37700 loss: 0.0010 scmap loss: 0.0009 locref loss: 0.0000 limb loss: 0.0001 lr: 1e-05
iteration: 37800 loss: 0.0010 scmap loss: 0.0008 locref loss: 0.0000 limb loss: 0.0001 lr: 1e-05
iteration: 37900 loss: 0.0010 scmap loss: 0.0009 locref loss: 0.0000 limb loss: 0.0001 lr: 1e-05
iteration: 38000 loss: 0.0010 scmap loss: 0.0008 locref loss: 0.0000 limb loss: 0.0001 lr: 1e-05
iteration: 38100 loss: 0.0010 scmap loss: 0.0009 locref loss: 0.0000 limb loss: 0.0001 lr: 1e-05
iteration: 38200 loss: 0.0010 scmap loss: 0.0008 locref loss: 0.0000 limb loss: 0.0001 lr: 1e-05
iteration: 38300 loss: 0.0010 scmap loss: 0.0008 locref loss: 0.0000 limb loss: 0.0001 lr: 1e-05
iteration: 38400 loss: 0.0009 scmap loss: 0.0008 locref loss: 0.0000 limb loss: 0.0001 lr: 1e-05
iteration: 38500 loss: 0.0010 scmap loss: 0.0008 locref loss: 0.0000 limb loss: 0.0001 lr: 1e-05
iteration: 38600 loss: 0.0010 scmap loss: 0.0009 locref loss: 0.0000 limb loss: 0.0001 lr: 1e-05
iteration: 38700 loss: 0.0010 scmap loss: 0.0008 locref loss: 0.0000 limb loss: 0.0001 lr: 1e-05
iteration: 38800 loss: 0.0010 scmap loss: 0.0008 locref loss: 0.0000 limb loss: 0.0001 lr: 1e-05
iteration: 38900 loss: 0.0010 scmap loss: 0.0008 locref loss: 0.0000 limb loss: 0.0001 lr: 1e-05
iteration: 39000 loss: 0.0010 scmap loss: 0.0008 locref loss: 0.0000 limb loss: 0.0001 lr: 1e-05
iteration: 39100 loss: 0.0010 scmap loss: 0.0008 locref loss: 0.0000 limb loss: 0.0001 lr: 1e-05
iteration: 39200 loss: 0.0010 scmap loss: 0.0008 locref loss: 0.0000 limb loss: 0.0001 lr: 1e-05
iteration: 39300 loss: 0.0009 scmap loss: 0.0008 locref loss: 0.0000 limb loss: 0.0001 lr: 1e-05
iteration: 39400 loss: 0.0010 scmap loss: 0.0009 locref loss: 0.0000 limb loss: 0.0001 lr: 1e-05
iteration: 39500 loss: 0.0009 scmap loss: 0.0008 locref loss: 0.0000 limb loss: 0.0001 lr: 1e-05
iteration: 39600 loss: 0.0010 scmap loss: 0.0008 locref loss: 0.0000 limb loss: 0.0001 lr: 1e-05
iteration: 39700 loss: 0.0010 scmap loss: 0.0008 locref loss: 0.0000 limb loss: 0.0001 lr: 1e-05
iteration: 39800 loss: 0.0009 scmap loss: 0.0008 locref loss: 0.0000 limb loss: 0.0001 lr: 1e-05
iteration: 39900 loss: 0.0010 scmap loss: 0.0008 locref loss: 0.0000 limb loss: 0.0001 lr: 1e-05
iteration: 40000 loss: 0.0010 scmap loss: 0.0009 locref loss: 0.0000 limb loss: 0.0001 lr: 1e-05
Exception in thread Thread-2:
Traceback (most recent call last):
  File "/home/xp2027/.local/lib/python3.9/site-packages/tensorflow/python/client/session.py", line 1377, in _do_call
    return fn(*args)
  File "/home/xp2027/.local/lib/python3.9/site-packages/tensorflow/python/client/session.py", line 1360, in _run_fn
    return self._call_tf_sessionrun(options, feed_dict, fetch_list,
  File "/home/xp2027/.local/lib/python3.9/site-packages/tensorflow/python/client/session.py", line 1453, in _call_tf_sessionrun
    return tf_session.TF_SessionRun_wrapper(self._session, options, feed_dict,
tensorflow.python.framework.errors_impl.CancelledError: Session has been closed.

During handling of the above exception, another exception occurred:

Traceback (most recent call last):
  File "/ext3/miniconda3/lib/python3.9/threading.py", line 973, in _bootstrap_inner
    self.run()
  File "/ext3/miniconda3/lib/python3.9/threading.py", line 910, in run
    self._target(*self._args, **self._kwargs)
  File "/home/xp2027/.local/lib/python3.9/site-packages/deeplabcut/pose_estimation_tensorflow/core/train.py", line 83, in load_and_enqueue
    sess.run(enqueue_op, feed_dict=food)
  File "/home/xp2027/.local/lib/python3.9/site-packages/tensorflow/python/client/session.py", line 967, in run
    result = self._run(None, fetches, feed_dict, options_ptr,
  File "/home/xp2027/.local/lib/python3.9/site-packages/tensorflow/python/client/session.py", line 1190, in _run
    results = self._do_run(handle, final_targets, final_fetches,
  File "/home/xp2027/.local/lib/python3.9/site-packages/tensorflow/python/client/session.py", line 1370, in _do_run
    return self._do_call(_run_fn, feeds, fetches, targets, options,
  File "/home/xp2027/.local/lib/python3.9/site-packages/tensorflow/python/client/session.py", line 1396, in _do_call
    raise type(e)(node_def, op, message)  # pylint: disable=no-value-for-parameter
tensorflow.python.framework.errors_impl.CancelledError: Graph execution error:

Session has been closed.
Config:
{'all_joints': [[0], [1], [2], [3], [4], [5], [6], [7], [8], [9], [10], [11]],
 'all_joints_names': ['bodypart1',
                      'bodypart2',
                      'bodypart3',
                      'bodypart4',
                      'bodypart5',
                      'bodypart6',
                      'bodypart7',
                      'bodypart8',
                      'bodypart9',
                      'bodypart10',
                      'bodypart11',
                      'bodypart12'],
 'batch_size': 1,
 'crop_pad': 0,
 'dataset': 'training-datasets/iteration-0/UnaugmentedDataSet_YlSsEnetCh01Jul8/YlSsEnetCh01_Chen95shuffle0.pickle',
 'dataset_type': 'multi-animal-imgaug',
 'deterministic': False,
 'fg_fraction': 0.25,
 'global_scale': 0.8,
 'init_weights': '/home/xp2027/.local/lib/python3.9/site-packages/deeplabcut/pose_estimation_tensorflow/models/pretrained/resnet_v1_50.ckpt',
 'intermediate_supervision': False,
 'intermediate_supervision_layer': 12,
 'location_refinement': True,
 'locref_huber_loss': True,
 'locref_loss_weight': 1.0,
 'locref_smooth': False,
 'locref_stdev': 7.2801,
 'log_dir': 'log',
 'mean_pixel': [123.68, 116.779, 103.939],
 'minconfidence': 0.01,
 'mirror': False,
 'multi_stage': False,
 'net_type': 'resnet_50',
 'nmsradius': 5.0,
 'num_idchannel': 0,
 'num_joints': 12,
 'num_limbs': 66,
 'optimizer': 'sgd',
 'pairwise_huber_loss': True,
 'pairwise_predict': False,
 'partaffinityfield_graph': [[0, 1],
                             [0, 2],
                             [0, 3],
                             [0, 4],
                             [0, 5],
                             [0, 6],
                             [0, 7],
                             [0, 8],
                             [0, 9],
                             [0, 10],
                             [0, 11],
                             [1, 2],
                             [1, 3],
                             [1, 4],
                             [1, 5],
                             [1, 6],
                             [1, 7],
                             [1, 8],
                             [1, 9],
                             [1, 10],
                             [1, 11],
                             [2, 3],
                             [2, 4],
                             [2, 5],
                             [2, 6],
                             [2, 7],
                             [2, 8],
                             [2, 9],
                             [2, 10],
                             [2, 11],
                             [3, 4],
                             [3, 5],
                             [3, 6],
                             [3, 7],
                             [3, 8],
                             [3, 9],
                             [3, 10],
                             [3, 11],
                             [4, 5],
                             [4, 6],
                             [4, 7],
                             [4, 8],
                             [4, 9],
                             [4, 10],
                             [4, 11],
                             [5, 6],
                             [5, 7],
                             [5, 8],
                             [5, 9],
                             [5, 10],
                             [5, 11],
                             [6, 7],
                             [6, 8],
                             [6, 9],
                             [6, 10],
                             [6, 11],
                             [7, 8],
                             [7, 9],
                             [7, 10],
                             [7, 11],
                             [8, 9],
                             [8, 10],
                             [8, 11],
                             [9, 10],
                             [9, 11],
                             [10, 11]],
 'partaffinityfield_predict': True,
 'regularize': False,
 'scoremap_dir': 'test',
 'shuffle': True,
 'sigma': 1,
 'snapshot_prefix': '/scratch/xp2027/lab_39_YlSsRnetCh/YlSsRnetChen/dlc-models/iteration-0/YlSsEnetCh01Jul8-trainset95shuffle0/test/snapshot',
 'stride': 8.0,
 'weigh_negatives': False,
 'weigh_only_present_joints': False,
 'weigh_part_predictions': False,
 'weight_decay': 0.0001}
/home/xp2027/.local/lib/python3.9/site-packages/tensorflow/python/keras/engine/base_layer_v1.py:1694: UserWarning: `layer.apply` is deprecated and will be removed in a future version. Please use `layer.__call__` method instead.
  warnings.warn('`layer.apply` is deprecated and '
/home/xp2027/.local/lib/python3.9/site-packages/tf_slim/layers/layers.py:684: UserWarning: `layer.apply` is deprecated and will be removed in a future version. Please use `layer.__call__` method instead.
  outputs = layer.apply(inputs, training=is_training)
2022-07-26 00:49:06.700312: I tensorflow/core/common_runtime/gpu/gpu_device.cc:1525] Created device /job:localhost/replica:0/task:0/device:GPU:0 with 78953 MB memory:  -> device: 0, name: NVIDIA A100-SXM4-80GB, pci bus id: 0000:ca:00.0, compute capability: 8.0
The training dataset is successfully created. Use the function 'train_network' to start training. Happy training!
Selecting multi-animal trainer
Activating limb prediction...
Batch Size is 8
Getting specs multi-animal-imgaug 66 12
Loading ImageNet-pretrained resnet_50
Max_iters overwritten as 40000
Display_iters overwritten as 100
Save_iters overwritten as 2000
Training parameters:
{'stride': 8.0, 'weigh_part_predictions': False, 'weigh_negatives': False, 'fg_fraction': 0.25, 'mean_pixel': [123.68, 116.779, 103.939], 'shuffle': True, 'snapshot_prefix': '/scratch/xp2027/lab_39_YlSsRnetCh/YlSsRnetChen/dlc-models/iteration-0/YlSsEnetCh01Jul8-trainset95shuffle0/train/snapshot', 'log_dir': 'log', 'global_scale': 0.8, 'location_refinement': True, 'locref_stdev': 7.2801, 'locref_loss_weight': 0.05, 'locref_huber_loss': True, 'optimizer': 'adam', 'intermediate_supervision': False, 'intermediate_supervision_layer': 12, 'regularize': False, 'weight_decay': 0.0001, 'crop_pad': 0, 'scoremap_dir': 'test', 'batch_size': 8, 'dataset_type': 'multi-animal-imgaug', 'deterministic': False, 'mirror': False, 'pairwise_huber_loss': False, 'weigh_only_present_joints': False, 'partaffinityfield_predict': True, 'pairwise_predict': True, 'all_joints': [[0], [1], [2], [3], [4], [5], [6], [7], [8], [9], [10], [11]], 'all_joints_names': ['bodypart1', 'bodypart2', 'bodypart3', 'bodypart4', 'bodypart5', 'bodypart6', 'bodypart7', 'bodypart8', 'bodypart9', 'bodypart10', 'bodypart11', 'bodypart12'], 'alpha_r': 0.02, 'apply_prob': 0.5, 'clahe': True, 'claheratio': 0.1, 'crop_sampling': 'hybrid', 'crop_size': [400, 400], 'cropratio': 0.4, 'dataset': 'training-datasets/iteration-0/UnaugmentedDataSet_YlSsEnetCh01Jul8/YlSsEnetCh01_Chen95shuffle0.pickle', 'decay_steps': 30000, 'display_iters': 500, 'edge': False, 'emboss': {'alpha': [0.0, 1.0], 'embossratio': 0.1, 'strength': [0.5, 1.5]}, 'histeq': True, 'histeqratio': 0.1, 'init_weights': '/home/xp2027/.local/lib/python3.9/site-packages/deeplabcut/pose_estimation_tensorflow/models/pretrained/resnet_v1_50.ckpt', 'lr_init': 0.0005, 'max_input_size': 1500, 'max_shift': 0.4, 'metadataset': 'training-datasets/iteration-0/UnaugmentedDataSet_YlSsEnetCh01Jul8/Documentation_data-YlSsEnetCh01_95shuffle0.pickle', 'min_input_size': 64, 'multi_stage': False, 'multi_step': [[0.0001, 7500], [5e-05, 12000], [1e-05, 200000]], 'net_type': 'resnet_50', 'num_idchannel': 0, 'num_joints': 12, 'num_limbs': 66, 'pafwidth': 20, 'pairwise_loss_weight': 0.1, 'partaffinityfield_graph': [[0, 1], [0, 2], [0, 3], [0, 4], [0, 5], [0, 6], [0, 7], [0, 8], [0, 9], [0, 10], [0, 11], [1, 2], [1, 3], [1, 4], [1, 5], [1, 6], [1, 7], [1, 8], [1, 9], [1, 10], [1, 11], [2, 3], [2, 4], [2, 5], [2, 6], [2, 7], [2, 8], [2, 9], [2, 10], [2, 11], [3, 4], [3, 5], [3, 6], [3, 7], [3, 8], [3, 9], [3, 10], [3, 11], [4, 5], [4, 6], [4, 7], [4, 8], [4, 9], [4, 10], [4, 11], [5, 6], [5, 7], [5, 8], [5, 9], [5, 10], [5, 11], [6, 7], [6, 8], [6, 9], [6, 10], [6, 11], [7, 8], [7, 9], [7, 10], [7, 11], [8, 9], [8, 10], [8, 11], [9, 10], [9, 11], [10, 11]], 'pos_dist_thresh': 17, 'pre_resize': [], 'project_path': '/scratch/xp2027/lab_39_YlSsRnetCh/YlSsRnetChen', 'rotation': 25, 'rotratio': 0.4, 'save_iters': 10000, 'scale_jitter_lo': 0.5, 'scale_jitter_up': 1.25, 'sharpen': False, 'sharpenratio': 0.3}
Starting multi-animal training....
The network is now trained and ready to evaluate. Use the function 'evaluate_network' to evaluate the network.
Running  DLC_resnet50_YlSsEnetCh01Jul8shuffle0_40000  with # of trainingiterations: 40000
Activating extracting of PAFs
Network Evaluation underway...
0it [00:00, ?it/s]1it [00:01,  1.13s/it]4it [00:01,  3.97it/s]7it [00:01,  7.03it/s]10it [00:01,  9.87it/s]13it [00:01, 12.38it/s]16it [00:01, 14.43it/s]19it [00:01, 16.06it/s]22it [00:02, 17.30it/s]25it [00:02, 11.92it/s]28it [00:02, 13.67it/s]31it [00:02, 15.19it/s]34it [00:03, 16.45it/s]37it [00:03, 17.41it/s]39it [00:03, 17.74it/s]41it [00:03, 18.19it/s]44it [00:03, 18.83it/s]46it [00:03, 18.33it/s]48it [00:03, 17.42it/s]50it [00:03, 18.00it/s]52it [00:03, 18.51it/s]54it [00:04, 18.88it/s]56it [00:04, 19.13it/s]58it [00:04, 19.28it/s]60it [00:04, 19.41it/s]62it [00:04, 19.50it/s]64it [00:04, 19.54it/s]66it [00:04, 18.83it/s]68it [00:04, 18.41it/s]70it [00:04, 18.78it/s]72it [00:04, 19.02it/s]74it [00:05, 19.11it/s]76it [00:05, 19.27it/s]78it [00:05, 19.37it/s]80it [00:05, 19.43it/s]82it [00:05, 18.64it/s]84it [00:05, 19.00it/s]85it [00:05, 14.98it/s]
Results for 40000 training iterations, training fraction of 95, and shuffle 0:
Train error: 2.2 pixels. Test error: 2.39 pixels.
With pcutoff of 0.8:
Train error: 2.2 pixels. Test error: 2.39 pixels.
##########################################
Average Euclidean distance to GT per individual (in pixels; test-only)
individuals
individual1    2.386305
Average Euclidean distance to GT per bodypart (in pixels; test-only)
bodyparts
bodypart1     2.248043
bodypart10    2.579669
bodypart11    2.264010
bodypart12    2.392080
bodypart2     2.167584
bodypart3     2.287330
bodypart4     2.222511
bodypart5     2.542327
bodypart6     2.812611
bodypart7     2.887490
bodypart8     1.402459
bodypart9     2.829548
Done and results stored for snapshot:  snapshot-40000
Selecting best skeleton...
Graph 1|1
  0%|          | 0/85 [00:00<?, ?it/s]100%|██████████| 85/85 [00:00<00:00, 904.86it/s]
  0%|          | 0/80 [00:00<?, ?it/s]100%|██████████| 80/80 [00:00<00:00, 10073.08it/s]
  0%|          | 0/5 [00:00<?, ?it/s]100%|██████████| 5/5 [00:00<00:00, 8035.07it/s]
  0%|          | 0/85 [00:00<?, ?it/s]100%|██████████| 85/85 [00:00<00:00, 66700.81it/s]
Config:
{'all_joints': [[0], [1], [2], [3], [4], [5], [6], [7], [8], [9], [10], [11]],
 'all_joints_names': ['bodypart1',
                      'bodypart2',
                      'bodypart3',
                      'bodypart4',
                      'bodypart5',
                      'bodypart6',
                      'bodypart7',
                      'bodypart8',
                      'bodypart9',
                      'bodypart10',
                      'bodypart11',
                      'bodypart12'],
 'batch_size': 1,
 'crop_pad': 0,
 'dataset': 'training-datasets/iteration-0/UnaugmentedDataSet_YlSsEnetCh01Jul8/YlSsEnetCh01_Chen95shuffle0.pickle',
 'dataset_type': 'multi-animal-imgaug',
 'deterministic': False,
 'fg_fraction': 0.25,
 'global_scale': 0.8,
 'init_weights': '/home/xp2027/.local/lib/python3.9/site-packages/deeplabcut/pose_estimation_tensorflow/models/pretrained/resnet_v1_50.ckpt',
 'intermediate_supervision': False,
 'intermediate_supervision_layer': 12,
 'location_refinement': True,
 'locref_huber_loss': True,
 'locref_loss_weight': 1.0,
 'locref_smooth': False,
 'locref_stdev': 7.2801,
 'log_dir': 'log',
 'mean_pixel': [123.68, 116.779, 103.939],
 'minconfidence': 0.01,
 'mirror': False,
 'multi_stage': False,
 'net_type': 'resnet_50',
 'nmsradius': 5.0,
 'num_idchannel': 0,
 'num_joints': 12,
 'num_limbs': 66,
 'optimizer': 'sgd',
 'paf_best': [0,
              1,
              2,
              3,
              4,
              5,
              6,
              7,
              8,
              9,
              10,
              11,
              12,
              13,
              14,
              15,
              16,
              17,
              18,
              19,
              20,
              21,
              22,
              23,
              24,
              25,
              26,
              27,
              28,
              29,
              30,
              31,
              32,
              33,
              34,
              35,
              36,
              37,
              38,
              39,
              40,
              41,
              42,
              43,
              44,
              45,
              46,
              47,
              48,
              49,
              50,
              51,
              52,
              53,
              54,
              55,
              56,
              57,
              58,
              59,
              60,
              61,
              62,
              63,
              64,
              65],
 'pairwise_huber_loss': True,
 'pairwise_predict': False,
 'partaffinityfield_graph': [[0, 1],
                             [0, 2],
                             [0, 3],
                             [0, 4],
                             [0, 5],
                             [0, 6],
                             [0, 7],
                             [0, 8],
                             [0, 9],
                             [0, 10],
                             [0, 11],
                             [1, 2],
                             [1, 3],
                             [1, 4],
                             [1, 5],
                             [1, 6],
                             [1, 7],
                             [1, 8],
                             [1, 9],
                             [1, 10],
                             [1, 11],
                             [2, 3],
                             [2, 4],
                             [2, 5],
                             [2, 6],
                             [2, 7],
                             [2, 8],
                             [2, 9],
                             [2, 10],
                             [2, 11],
                             [3, 4],
                             [3, 5],
                             [3, 6],
                             [3, 7],
                             [3, 8],
                             [3, 9],
                             [3, 10],
                             [3, 11],
                             [4, 5],
                             [4, 6],
                             [4, 7],
                             [4, 8],
                             [4, 9],
                             [4, 10],
                             [4, 11],
                             [5, 6],
                             [5, 7],
                             [5, 8],
                             [5, 9],
                             [5, 10],
                             [5, 11],
                             [6, 7],
                             [6, 8],
                             [6, 9],
                             [6, 10],
                             [6, 11],
                             [7, 8],
                             [7, 9],
                             [7, 10],
                             [7, 11],
                             [8, 9],
                             [8, 10],
                             [8, 11],
                             [9, 10],
                             [9, 11],
                             [10, 11]],
 'partaffinityfield_predict': True,
 'regularize': False,
 'scoremap_dir': 'test',
 'shuffle': True,
 'sigma': 1,
 'snapshot_prefix': '/scratch/xp2027/lab_39_YlSsRnetCh/YlSsRnetChen/dlc-models/iteration-0/YlSsEnetCh01Jul8-trainset95shuffle0/test/snapshot',
 'stride': 8.0,
 'weigh_negatives': False,
 'weigh_only_present_joints': False,
 'weigh_part_predictions': False,
 'weight_decay': 0.0001}
/home/xp2027/.local/lib/python3.9/site-packages/tensorflow/python/keras/engine/base_layer_v1.py:1694: UserWarning: `layer.apply` is deprecated and will be removed in a future version. Please use `layer.__call__` method instead.
  warnings.warn('`layer.apply` is deprecated and '
/home/xp2027/.local/lib/python3.9/site-packages/tf_slim/layers/layers.py:684: UserWarning: `layer.apply` is deprecated and will be removed in a future version. Please use `layer.__call__` method instead.
  outputs = layer.apply(inputs, training=is_training)
2022-07-26 00:49:24.339014: I tensorflow/core/common_runtime/gpu/gpu_device.cc:1525] Created device /job:localhost/replica:0/task:0/device:GPU:0 with 78953 MB memory:  -> device: 0, name: NVIDIA A100-SXM4-80GB, pci bus id: 0000:ca:00.0, compute capability: 8.0
Overwriting cropping parameters: [140, 410, 120, 360]
These are used for all videos, but won't be save to the cfg file.
Using snapshot-40000 for model /scratch/xp2027/lab_39_YlSsRnetCh/YlSsRnetChen/dlc-models/iteration-0/YlSsEnetCh01Jul8-trainset95shuffle0
Activating extracting of PAFs
Starting to analyze %  /scratch/xp2027/lab_39_YlSsRnetCh/YlSsRnetChen/videos/yellow01-train-2022-06-04-18.56.16.mp4
Loading  /scratch/xp2027/lab_39_YlSsRnetCh/YlSsRnetChen/videos/yellow01-train-2022-06-04-18.56.16.mp4
Duration of video [s]:  193.18 , recorded with  29.49 fps!
Overall # of frames:  5697  found with (before cropping) frame dimensions:  640 480
Starting to extract posture from the video(s) with batchsize: 8
  0%|          | 0/5697 [00:00<?, ?it/s]  0%|          | 1/5697 [00:00<12:46,  7.43it/s]  0%|          | 8/5697 [00:00<07:45, 12.23it/s]  1%|          | 40/5697 [00:00<01:24, 67.02it/s]  1%|▏         | 72/5697 [00:00<00:48, 114.85it/s]  2%|▏         | 104/5697 [00:01<00:36, 155.08it/s]  2%|▏         | 136/5697 [00:01<00:29, 187.36it/s]  3%|▎         | 168/5697 [00:01<00:26, 212.58it/s]  4%|▎         | 200/5697 [00:01<00:23, 231.79it/s]  4%|▍         | 232/5697 [00:01<00:22, 245.38it/s]  5%|▍         | 264/5697 [00:01<00:21, 255.21it/s]  5%|▌         | 296/5697 [00:01<00:20, 263.00it/s]  6%|▌         | 328/5697 [00:01<00:20, 267.93it/s]  6%|▋         | 360/5697 [00:01<00:19, 271.68it/s]  7%|▋         | 392/5697 [00:02<00:19, 274.54it/s]  7%|▋         | 424/5697 [00:02<00:19, 275.83it/s]  8%|▊         | 456/5697 [00:02<00:18, 276.78it/s]  9%|▊         | 488/5697 [00:02<00:18, 278.06it/s]  9%|▉         | 520/5697 [00:02<00:18, 278.51it/s] 10%|▉         | 552/5697 [00:02<00:18, 277.45it/s] 10%|█         | 584/5697 [00:02<00:18, 276.77it/s] 11%|█         | 616/5697 [00:02<00:18, 275.28it/s] 11%|█▏        | 648/5697 [00:02<00:18, 274.55it/s] 12%|█▏        | 680/5697 [00:03<00:18, 274.62it/s] 12%|█▏        | 712/5697 [00:03<00:18, 273.62it/s] 13%|█▎        | 744/5697 [00:03<00:18, 272.57it/s] 14%|█▎        | 776/5697 [00:03<00:18, 272.88it/s] 14%|█▍        | 808/5697 [00:03<00:17, 272.64it/s] 15%|█▍        | 840/5697 [00:03<00:17, 272.63it/s] 15%|█▌        | 872/5697 [00:03<00:17, 273.51it/s] 16%|█▌        | 904/5697 [00:03<00:17, 272.96it/s] 16%|█▋        | 936/5697 [00:04<00:17, 273.17it/s] 17%|█▋        | 968/5697 [00:04<00:17, 273.84it/s] 18%|█▊        | 1000/5697 [00:04<00:17, 273.48it/s] 18%|█▊        | 1032/5697 [00:04<00:17, 273.52it/s] 19%|█▊        | 1064/5697 [00:04<00:16, 274.12it/s] 19%|█▉        | 1096/5697 [00:04<00:16, 273.73it/s] 20%|█▉        | 1128/5697 [00:04<00:16, 273.29it/s] 20%|██        | 1160/5697 [00:04<00:16, 273.80it/s] 21%|██        | 1192/5697 [00:04<00:16, 272.69it/s] 21%|██▏       | 1224/5697 [00:05<00:16, 272.81it/s] 22%|██▏       | 1256/5697 [00:05<00:16, 273.27it/s] 23%|██▎       | 1288/5697 [00:05<00:16, 273.05it/s] 23%|██▎       | 1320/5697 [00:05<00:16, 273.13it/s] 24%|██▎       | 1352/5697 [00:05<00:15, 273.26it/s] 24%|██▍       | 1384/5697 [00:05<00:15, 273.07it/s] 25%|██▍       | 1416/5697 [00:05<00:15, 272.34it/s] 25%|██▌       | 1448/5697 [00:05<00:15, 272.79it/s] 26%|██▌       | 1480/5697 [00:06<00:15, 272.78it/s] 27%|██▋       | 1512/5697 [00:06<00:15, 273.01it/s] 27%|██▋       | 1544/5697 [00:06<00:15, 273.33it/s] 28%|██▊       | 1576/5697 [00:06<00:15, 273.16it/s] 28%|██▊       | 1608/5697 [00:06<00:14, 272.96it/s] 29%|██▉       | 1640/5697 [00:06<00:14, 273.27it/s] 29%|██▉       | 1672/5697 [00:06<00:14, 273.38it/s] 30%|██▉       | 1704/5697 [00:06<00:14, 273.41it/s] 30%|███       | 1736/5697 [00:06<00:14, 274.17it/s] 31%|███       | 1768/5697 [00:07<00:14, 273.90it/s] 32%|███▏      | 1800/5697 [00:07<00:14, 274.00it/s] 32%|███▏      | 1832/5697 [00:07<00:14, 274.57it/s] 33%|███▎      | 1864/5697 [00:07<00:13, 274.70it/s] 33%|███▎      | 1896/5697 [00:07<00:13, 274.49it/s] 34%|███▍      | 1928/5697 [00:07<00:13, 274.99it/s] 34%|███▍      | 1960/5697 [00:07<00:13, 274.54it/s] 35%|███▍      | 1992/5697 [00:07<00:13, 274.41it/s] 36%|███▌      | 2024/5697 [00:07<00:13, 275.43it/s] 36%|███▌      | 2056/5697 [00:08<00:13, 275.43it/s] 37%|███▋      | 2088/5697 [00:08<00:13, 275.16it/s] 37%|███▋      | 2120/5697 [00:08<00:12, 276.42it/s] 38%|███▊      | 2152/5697 [00:08<00:12, 275.83it/s] 38%|███▊      | 2184/5697 [00:08<00:12, 272.86it/s] 39%|███▉      | 2216/5697 [00:08<00:12, 273.90it/s] 39%|███▉      | 2248/5697 [00:08<00:12, 275.47it/s] 40%|████      | 2280/5697 [00:08<00:12, 276.64it/s] 41%|████      | 2312/5697 [00:09<00:12, 278.14it/s] 41%|████      | 2344/5697 [00:09<00:12, 278.64it/s] 42%|████▏     | 2376/5697 [00:09<00:11, 279.38it/s] 42%|████▏     | 2408/5697 [00:09<00:11, 279.95it/s] 43%|████▎     | 2440/5697 [00:09<00:11, 279.86it/s] 43%|████▎     | 2472/5697 [00:09<00:11, 279.97it/s] 44%|████▍     | 2504/5697 [00:09<00:11, 280.82it/s] 45%|████▍     | 2536/5697 [00:09<00:11, 280.44it/s] 45%|████▌     | 2568/5697 [00:09<00:11, 280.54it/s] 46%|████▌     | 2600/5697 [00:10<00:11, 278.02it/s] 46%|████▌     | 2632/5697 [00:10<00:11, 276.23it/s] 47%|████▋     | 2664/5697 [00:10<00:11, 275.64it/s] 47%|████▋     | 2696/5697 [00:10<00:10, 276.41it/s] 48%|████▊     | 2728/5697 [00:10<00:10, 275.96it/s] 48%|████▊     | 2760/5697 [00:10<00:10, 275.37it/s] 49%|████▉     | 2792/5697 [00:10<00:10, 275.63it/s] 50%|████▉     | 2824/5697 [00:10<00:10, 275.82it/s] 50%|█████     | 2856/5697 [00:11<00:10, 275.56it/s] 51%|█████     | 2888/5697 [00:11<00:10, 275.64it/s] 51%|█████▏    | 2920/5697 [00:11<00:10, 275.40it/s] 52%|█████▏    | 2952/5697 [00:11<00:09, 275.01it/s] 52%|█████▏    | 2984/5697 [00:11<00:09, 275.49it/s] 53%|█████▎    | 3016/5697 [00:11<00:09, 276.50it/s] 54%|█████▎    | 3048/5697 [00:11<00:09, 277.67it/s] 54%|█████▍    | 3080/5697 [00:11<00:09, 278.70it/s] 55%|█████▍    | 3112/5697 [00:11<00:09, 278.74it/s] 55%|█████▌    | 3144/5697 [00:12<00:09, 279.28it/s] 56%|█████▌    | 3176/5697 [00:12<00:09, 278.88it/s] 56%|█████▋    | 3208/5697 [00:12<00:08, 278.97it/s] 57%|█████▋    | 3240/5697 [00:12<00:08, 278.97it/s] 57%|█████▋    | 3272/5697 [00:12<00:08, 279.89it/s] 58%|█████▊    | 3304/5697 [00:12<00:08, 280.12it/s] 59%|█████▊    | 3336/5697 [00:12<00:08, 278.88it/s] 59%|█████▉    | 3368/5697 [00:12<00:08, 278.83it/s] 60%|█████▉    | 3400/5697 [00:12<00:08, 278.73it/s] 60%|██████    | 3432/5697 [00:13<00:08, 278.87it/s] 61%|██████    | 3464/5697 [00:13<00:07, 279.72it/s] 61%|██████▏   | 3496/5697 [00:13<00:07, 280.00it/s] 62%|██████▏   | 3528/5697 [00:13<00:07, 279.99it/s] 62%|██████▏   | 3560/5697 [00:13<00:07, 280.63it/s] 63%|██████▎   | 3592/5697 [00:13<00:07, 280.38it/s] 64%|██████▎   | 3624/5697 [00:13<00:07, 280.28it/s] 64%|██████▍   | 3656/5697 [00:13<00:07, 279.48it/s] 65%|██████▍   | 3688/5697 [00:13<00:07, 277.03it/s] 65%|██████▌   | 3720/5697 [00:14<00:07, 276.11it/s] 66%|██████▌   | 3752/5697 [00:14<00:07, 277.20it/s] 66%|██████▋   | 3784/5697 [00:14<00:06, 277.93it/s] 67%|██████▋   | 3816/5697 [00:14<00:06, 278.42it/s] 68%|██████▊   | 3848/5697 [00:14<00:06, 279.29it/s] 68%|██████▊   | 3880/5697 [00:14<00:06, 279.30it/s] 69%|██████▊   | 3912/5697 [00:14<00:06, 279.55it/s] 69%|██████▉   | 3944/5697 [00:14<00:06, 280.16it/s] 70%|██████▉   | 3976/5697 [00:15<00:06, 279.92it/s] 70%|███████   | 4008/5697 [00:15<00:06, 279.92it/s] 71%|███████   | 4040/5697 [00:15<00:05, 279.17it/s] 71%|███████▏  | 4072/5697 [00:15<00:05, 277.45it/s] 72%|███████▏  | 4104/5697 [00:15<00:05, 276.41it/s] 73%|███████▎  | 4136/5697 [00:15<00:05, 275.80it/s] 73%|███████▎  | 4168/5697 [00:15<00:05, 274.29it/s] 74%|███████▎  | 4200/5697 [00:15<00:05, 274.26it/s] 74%|███████▍  | 4232/5697 [00:15<00:05, 274.32it/s] 75%|███████▍  | 4264/5697 [00:16<00:05, 274.27it/s] 75%|███████▌  | 4296/5697 [00:16<00:05, 273.79it/s] 76%|███████▌  | 4328/5697 [00:16<00:04, 276.08it/s] 77%|███████▋  | 4360/5697 [00:16<00:04, 277.00it/s] 77%|███████▋  | 4392/5697 [00:16<00:04, 277.98it/s] 78%|███████▊  | 4424/5697 [00:16<00:04, 278.76it/s] 78%|███████▊  | 4456/5697 [00:16<00:04, 279.00it/s] 79%|███████▉  | 4488/5697 [00:16<00:04, 279.54it/s] 79%|███████▉  | 4520/5697 [00:16<00:04, 280.13it/s] 80%|███████▉  | 4552/5697 [00:17<00:04, 279.79it/s] 80%|████████  | 4584/5697 [00:17<00:03, 280.05it/s] 81%|████████  | 4616/5697 [00:17<00:03, 280.27it/s] 82%|████████▏ | 4648/5697 [00:17<00:03, 277.69it/s] 82%|████████▏ | 4680/5697 [00:17<00:03, 276.75it/s] 83%|████████▎ | 4712/5697 [00:17<00:03, 276.56it/s] 83%|████████▎ | 4744/5697 [00:17<00:03, 276.16it/s] 84%|████████▍ | 4776/5697 [00:17<00:03, 276.11it/s] 84%|████████▍ | 4808/5697 [00:18<00:03, 276.81it/s] 85%|████████▍ | 4840/5697 [00:18<00:03, 276.76it/s] 86%|████████▌ | 4872/5697 [00:18<00:02, 275.96it/s] 86%|████████▌ | 4904/5697 [00:18<00:02, 275.57it/s] 87%|████████▋ | 4936/5697 [00:18<00:02, 275.49it/s] 87%|████████▋ | 4968/5697 [00:18<00:02, 276.65it/s] 88%|████████▊ | 5000/5697 [00:18<00:02, 277.76it/s] 88%|████████▊ | 5032/5697 [00:18<00:02, 278.02it/s] 89%|████████▉ | 5064/5697 [00:18<00:02, 278.37it/s] 89%|████████▉ | 5096/5697 [00:19<00:02, 279.10it/s] 90%|█████████ | 5128/5697 [00:19<00:02, 279.10it/s] 91%|█████████ | 5160/5697 [00:19<00:01, 277.67it/s] 91%|█████████ | 5192/5697 [00:19<00:01, 278.19it/s] 92%|█████████▏| 5224/5697 [00:19<00:01, 278.43it/s] 92%|█████████▏| 5256/5697 [00:19<00:01, 278.76it/s] 93%|█████████▎| 5288/5697 [00:19<00:01, 276.55it/s] 93%|█████████▎| 5320/5697 [00:19<00:01, 276.83it/s] 94%|█████████▍| 5352/5697 [00:19<00:01, 277.15it/s] 95%|█████████▍| 5384/5697 [00:20<00:01, 278.27it/s] 95%|█████████▌| 5416/5697 [00:20<00:01, 278.54it/s] 96%|█████████▌| 5448/5697 [00:20<00:00, 278.78it/s] 96%|█████████▌| 5480/5697 [00:20<00:00, 279.28it/s] 97%|█████████▋| 5512/5697 [00:20<00:00, 279.45it/s] 97%|█████████▋| 5544/5697 [00:20<00:00, 278.94it/s] 98%|█████████▊| 5576/5697 [00:20<00:00, 278.77it/s] 98%|█████████▊| 5608/5697 [00:20<00:00, 274.94it/s] 99%|█████████▉| 5640/5697 [00:21<00:00, 277.37it/s]100%|█████████▉| 5672/5697 [00:21<00:00, 286.45it/s]100%|██████████| 5697/5697 [00:21<00:00, 268.41it/s]
Config:
{'all_joints': [[0], [1], [2], [3], [4], [5], [6], [7], [8], [9], [10], [11]],
 'all_joints_names': ['bodypart1',
                      'bodypart2',
                      'bodypart3',
                      'bodypart4',
                      'bodypart5',
                      'bodypart6',
                      'bodypart7',
                      'bodypart8',
                      'bodypart9',
                      'bodypart10',
                      'bodypart11',
                      'bodypart12'],
 'batch_size': 1,
 'crop_pad': 0,
 'dataset': 'training-datasets/iteration-0/UnaugmentedDataSet_YlSsEnetCh01Jul8/YlSsEnetCh01_Chen95shuffle0.pickle',
 'dataset_type': 'multi-animal-imgaug',
 'deterministic': False,
 'fg_fraction': 0.25,
 'global_scale': 0.8,
 'init_weights': '/home/xp2027/.local/lib/python3.9/site-packages/deeplabcut/pose_estimation_tensorflow/models/pretrained/resnet_v1_50.ckpt',
 'intermediate_supervision': False,
 'intermediate_supervision_layer': 12,
 'location_refinement': True,
 'locref_huber_loss': True,
 'locref_loss_weight': 1.0,
 'locref_smooth': False,
 'locref_stdev': 7.2801,
 'log_dir': 'log',
 'mean_pixel': [123.68, 116.779, 103.939],
 'minconfidence': 0.01,
 'mirror': False,
 'multi_stage': False,
 'net_type': 'resnet_50',
 'nmsradius': 5.0,
 'num_idchannel': 0,
 'num_joints': 12,
 'num_limbs': 66,
 'optimizer': 'sgd',
 'paf_best': [0,
              1,
              2,
              3,
              4,
              5,
              6,
              7,
              8,
              9,
              10,
              11,
              12,
              13,
              14,
              15,
              16,
              17,
              18,
              19,
              20,
              21,
              22,
              23,
              24,
              25,
              26,
              27,
              28,
              29,
              30,
              31,
              32,
              33,
              34,
              35,
              36,
              37,
              38,
              39,
              40,
              41,
              42,
              43,
              44,
              45,
              46,
              47,
              48,
              49,
              50,
              51,
              52,
              53,
              54,
              55,
              56,
              57,
              58,
              59,
              60,
              61,
              62,
              63,
              64,
              65],
 'pairwise_huber_loss': True,
 'pairwise_predict': False,
 'partaffinityfield_graph': [[0, 1],
                             [0, 2],
                             [0, 3],
                             [0, 4],
                             [0, 5],
                             [0, 6],
                             [0, 7],
                             [0, 8],
                             [0, 9],
                             [0, 10],
                             [0, 11],
                             [1, 2],
                             [1, 3],
                             [1, 4],
                             [1, 5],
                             [1, 6],
                             [1, 7],
                             [1, 8],
                             [1, 9],
                             [1, 10],
                             [1, 11],
                             [2, 3],
                             [2, 4],
                             [2, 5],
                             [2, 6],
                             [2, 7],
                             [2, 8],
                             [2, 9],
                             [2, 10],
                             [2, 11],
                             [3, 4],
                             [3, 5],
                             [3, 6],
                             [3, 7],
                             [3, 8],
                             [3, 9],
                             [3, 10],
                             [3, 11],
                             [4, 5],
                             [4, 6],
                             [4, 7],
                             [4, 8],
                             [4, 9],
                             [4, 10],
                             [4, 11],
                             [5, 6],
                             [5, 7],
                             [5, 8],
                             [5, 9],
                             [5, 10],
                             [5, 11],
                             [6, 7],
                             [6, 8],
                             [6, 9],
                             [6, 10],
                             [6, 11],
                             [7, 8],
                             [7, 9],
                             [7, 10],
                             [7, 11],
                             [8, 9],
                             [8, 10],
                             [8, 11],
                             [9, 10],
                             [9, 11],
                             [10, 11]],
 'partaffinityfield_predict': True,
 'regularize': False,
 'scoremap_dir': 'test',
 'shuffle': True,
 'sigma': 1,
 'snapshot_prefix': '/scratch/xp2027/lab_39_YlSsRnetCh/YlSsRnetChen/dlc-models/iteration-0/YlSsEnetCh01Jul8-trainset95shuffle0/test/snapshot',
 'stride': 8.0,
 'weigh_negatives': False,
 'weigh_only_present_joints': False,
 'weigh_part_predictions': False,
 'weight_decay': 0.0001}
Video Analyzed. Saving results in /scratch/xp2027/lab_39_YlSsRnetCh/YlSsRnetChen/videos/iteration-0/...
Using snapshot-40000 for model /scratch/xp2027/lab_39_YlSsRnetCh/YlSsRnetChen/dlc-models/iteration-0/YlSsEnetCh01Jul8-trainset95shuffle0
Processing...  /scratch/xp2027/lab_39_YlSsRnetCh/YlSsRnetChen/videos/yellow01-train-2022-06-04-18.56.16.mp4
Analyzing /scratch/xp2027/lab_39_YlSsRnetCh/YlSsRnetChen/videos/iteration-0/yellow01-train-2022-06-04-18.56.16DLC_resnet50_YlSsEnetCh01Jul8shuffle0_40000.h5
  0%|          | 0/5697 [00:00<?, ?it/s]  0%|          | 1/5697 [00:00<38:28,  2.47it/s]  7%|▋         | 401/5697 [00:00<00:05, 969.39it/s] 15%|█▌        | 881/5697 [00:00<00:02, 1901.08it/s] 21%|██        | 1201/5697 [00:00<00:02, 2241.25it/s] 29%|██▊       | 1626/5697 [00:00<00:01, 2755.89it/s] 35%|███▍      | 1969/5697 [00:00<00:01, 2881.03it/s] 42%|████▏     | 2379/5697 [00:01<00:01, 3112.32it/s] 49%|████▉     | 2779/5697 [00:01<00:00, 3357.25it/s] 57%|█████▋    | 3259/5697 [00:01<00:00, 3576.12it/s] 64%|██████▍   | 3659/5697 [00:01<00:00, 3588.51it/s] 71%|███████   | 4059/5697 [00:01<00:00, 3634.25it/s] 78%|███████▊  | 4431/5697 [00:01<00:00, 3146.28it/s] 84%|████████▎ | 4762/5697 [00:01<00:00, 3175.74it/s] 92%|█████████▏| 5229/5697 [00:01<00:00, 3557.38it/s]100%|██████████| 5697/5697 [00:01<00:00, 2901.07it/s]
0it [00:00, ?it/s]5697it [00:00, 671206.46it/s]
The tracklets were created (i.e., under the hood deeplabcut.convert_detections2tracklets was run). Now you can 'refine_tracklets' in the GUI, or run 'deeplabcut.stitch_tracklets'.
Processing...  /scratch/xp2027/lab_39_YlSsRnetCh/YlSsRnetChen/videos/yellow01-train-2022-06-04-18.56.16.mp4
  0%|          | 0/1 [00:00<?, ?it/s]100%|██████████| 1/1 [00:00<00:00, 37786.52it/s]
The videos are analyzed. Time to assemble animals and track 'em... 
 Call 'create_video_with_all_detections' to check multi-animal detection quality before tracking.
If the tracking is not satisfactory for some videos, consider expanding the training set. You can use the function 'extract_outlier_frames' to extract a few representative outlier frames.
Loading  /scratch/xp2027/lab_39_YlSsRnetCh/YlSsRnetChen/videos/yellow01-train-2022-06-04-18.56.16.mp4 and data.
Plots created! Please check the directory "plot-poses" within the video directory
Starting to process video: /scratch/xp2027/lab_39_YlSsRnetCh/YlSsRnetChen/videos/yellow01-train-2022-06-04-18.56.16.mp4
Loading /scratch/xp2027/lab_39_YlSsRnetCh/YlSsRnetChen/videos/yellow01-train-2022-06-04-18.56.16.mp4 and data.
Duration of video [s]: 193.17, recorded with 29.49 fps!
Overall # of frames: 5697 with cropped frame dimensions: 640 480
Generating frames and creating video.
  0%|          | 0/5697 [00:00<?, ?it/s]  0%|          | 1/5697 [00:00<10:02,  9.45it/s]  0%|          | 27/5697 [00:00<00:37, 151.77it/s]  1%|          | 54/5697 [00:00<00:27, 203.67it/s]  1%|▏         | 82/5697 [00:00<00:24, 231.00it/s]  2%|▏         | 110/5697 [00:00<00:22, 246.06it/s]  2%|▏         | 138/5697 [00:00<00:21, 255.96it/s]  3%|▎         | 166/5697 [00:00<00:21, 262.53it/s]  3%|▎         | 194/5697 [00:00<00:20, 265.94it/s]  4%|▍         | 222/5697 [00:00<00:20, 269.04it/s]  4%|▍         | 250/5697 [00:01<00:20, 270.80it/s]  5%|▍         | 278/5697 [00:01<00:19, 271.49it/s]  5%|▌         | 306/5697 [00:01<00:19, 271.66it/s]  6%|▌         | 334/5697 [00:01<00:19, 271.97it/s]  6%|▋         | 362/5697 [00:01<00:19, 271.92it/s]  7%|▋         | 390/5697 [00:01<00:19, 270.73it/s]  7%|▋         | 418/5697 [00:01<00:19, 269.56it/s]  8%|▊         | 445/5697 [00:01<00:19, 269.55it/s]  8%|▊         | 473/5697 [00:01<00:19, 270.47it/s]  9%|▉         | 501/5697 [00:01<00:19, 268.98it/s]  9%|▉         | 528/5697 [00:02<00:19, 267.82it/s] 10%|▉         | 555/5697 [00:02<00:19, 268.20it/s] 10%|█         | 583/5697 [00:02<00:18, 269.75it/s] 11%|█         | 610/5697 [00:02<00:18, 269.35it/s] 11%|█         | 637/5697 [00:02<00:18, 267.87it/s] 12%|█▏        | 664/5697 [00:02<00:18, 268.16it/s] 12%|█▏        | 692/5697 [00:02<00:18, 269.90it/s] 13%|█▎        | 720/5697 [00:02<00:18, 270.09it/s] 13%|█▎        | 748/5697 [00:02<00:18, 269.93it/s] 14%|█▎        | 776/5697 [00:02<00:18, 271.19it/s] 14%|█▍        | 804/5697 [00:03<00:18, 270.47it/s] 15%|█▍        | 832/5697 [00:03<00:18, 269.14it/s] 15%|█▌        | 860/5697 [00:03<00:17, 269.61it/s] 16%|█▌        | 887/5697 [00:03<00:17, 269.14it/s] 16%|█▌        | 915/5697 [00:03<00:17, 270.03it/s] 17%|█▋        | 943/5697 [00:03<00:17, 271.39it/s] 17%|█▋        | 971/5697 [00:03<00:17, 268.90it/s] 18%|█▊        | 998/5697 [00:03<00:17, 267.74it/s] 18%|█▊        | 1025/5697 [00:03<00:17, 268.36it/s] 18%|█▊        | 1052/5697 [00:03<00:17, 268.57it/s] 19%|█▉        | 1079/5697 [00:04<00:17, 268.03it/s] 19%|█▉        | 1106/5697 [00:04<00:17, 266.10it/s] 20%|█▉        | 1134/5697 [00:04<00:17, 267.40it/s] 20%|██        | 1162/5697 [00:04<00:16, 269.43it/s] 21%|██        | 1189/5697 [00:04<00:16, 269.11it/s] 21%|██▏       | 1217/5697 [00:04<00:16, 270.30it/s] 22%|██▏       | 1245/5697 [00:04<00:16, 268.80it/s] 22%|██▏       | 1273/5697 [00:04<00:16, 269.38it/s] 23%|██▎       | 1301/5697 [00:04<00:16, 270.90it/s] 23%|██▎       | 1329/5697 [00:05<00:16, 270.84it/s] 24%|██▍       | 1357/5697 [00:05<00:16, 270.18it/s] 24%|██▍       | 1385/5697 [00:05<00:15, 271.01it/s] 25%|██▍       | 1413/5697 [00:05<00:15, 268.68it/s] 25%|██▌       | 1440/5697 [00:05<00:15, 268.14it/s] 26%|██▌       | 1467/5697 [00:05<00:15, 268.03it/s] 26%|██▌       | 1495/5697 [00:05<00:15, 269.32it/s] 27%|██▋       | 1523/5697 [00:05<00:15, 269.19it/s] 27%|██▋       | 1550/5697 [00:05<00:18, 222.01it/s] 28%|██▊       | 1578/5697 [00:06<00:17, 235.32it/s] 28%|██▊       | 1606/5697 [00:06<00:16, 245.96it/s] 29%|██▊       | 1633/5697 [00:06<00:16, 252.41it/s] 29%|██▉       | 1661/5697 [00:06<00:15, 258.88it/s] 30%|██▉       | 1689/5697 [00:06<00:15, 262.67it/s] 30%|███       | 1717/5697 [00:06<00:15, 264.57it/s] 31%|███       | 1744/5697 [00:06<00:14, 265.24it/s] 31%|███       | 1772/5697 [00:06<00:14, 267.60it/s] 32%|███▏      | 1800/5697 [00:06<00:14, 268.92it/s] 32%|███▏      | 1827/5697 [00:06<00:14, 268.58it/s] 33%|███▎      | 1855/5697 [00:07<00:14, 269.85it/s] 33%|███▎      | 1883/5697 [00:07<00:14, 270.48it/s] 34%|███▎      | 1911/5697 [00:07<00:14, 269.14it/s] 34%|███▍      | 1938/5697 [00:07<00:13, 269.01it/s] 34%|███▍      | 1965/5697 [00:07<00:13, 269.22it/s] 35%|███▍      | 1993/5697 [00:07<00:13, 269.42it/s] 35%|███▌      | 2021/5697 [00:07<00:13, 270.36it/s] 36%|███▌      | 2049/5697 [00:07<00:13, 268.53it/s] 36%|███▋      | 2076/5697 [00:07<00:13, 267.97it/s] 37%|███▋      | 2104/5697 [00:07<00:13, 268.84it/s] 37%|███▋      | 2131/5697 [00:08<00:13, 268.16it/s] 38%|███▊      | 2159/5697 [00:08<00:13, 268.94it/s] 38%|███▊      | 2187/5697 [00:08<00:13, 269.45it/s] 39%|███▉      | 2214/5697 [00:08<00:12, 268.88it/s] 39%|███▉      | 2241/5697 [00:08<00:12, 269.05it/s] 40%|███▉      | 2268/5697 [00:08<00:12, 267.94it/s] 40%|████      | 2295/5697 [00:08<00:12, 267.96it/s] 41%|████      | 2323/5697 [00:08<00:12, 269.24it/s] 41%|████▏     | 2351/5697 [00:08<00:12, 269.53it/s] 42%|████▏     | 2379/5697 [00:08<00:12, 270.34it/s] 42%|████▏     | 2407/5697 [00:09<00:12, 271.20it/s] 43%|████▎     | 2435/5697 [00:09<00:12, 271.62it/s] 43%|████▎     | 2463/5697 [00:09<00:11, 271.86it/s] 44%|████▎     | 2491/5697 [00:09<00:11, 269.42it/s] 44%|████▍     | 2518/5697 [00:09<00:11, 269.27it/s] 45%|████▍     | 2545/5697 [00:09<00:11, 268.87it/s] 45%|████▌     | 2573/5697 [00:09<00:11, 269.82it/s] 46%|████▌     | 2601/5697 [00:09<00:11, 270.43it/s] 46%|████▌     | 2629/5697 [00:09<00:11, 268.59it/s] 47%|████▋     | 2656/5697 [00:10<00:11, 268.06it/s] 47%|████▋     | 2684/5697 [00:10<00:11, 269.13it/s] 48%|████▊     | 2711/5697 [00:10<00:11, 267.78it/s] 48%|████▊     | 2739/5697 [00:10<00:10, 269.05it/s] 49%|████▊     | 2767/5697 [00:10<00:10, 270.12it/s] 49%|████▉     | 2795/5697 [00:10<00:10, 269.51it/s] 50%|████▉     | 2822/5697 [00:10<00:10, 268.81it/s] 50%|█████     | 2849/5697 [00:10<00:10, 269.10it/s] 51%|█████     | 2877/5697 [00:10<00:10, 269.59it/s] 51%|█████     | 2904/5697 [00:10<00:10, 268.35it/s] 51%|█████▏    | 2932/5697 [00:11<00:10, 269.09it/s] 52%|█████▏    | 2960/5697 [00:11<00:10, 270.38it/s] 52%|█████▏    | 2988/5697 [00:11<00:10, 270.32it/s] 53%|█████▎    | 3016/5697 [00:11<00:09, 270.95it/s] 53%|█████▎    | 3044/5697 [00:11<00:09, 271.53it/s] 54%|█████▍    | 3072/5697 [00:11<00:09, 271.94it/s] 54%|█████▍    | 3100/5697 [00:11<00:09, 271.92it/s] 55%|█████▍    | 3128/5697 [00:11<00:09, 270.27it/s] 55%|█████▌    | 3156/5697 [00:11<00:09, 269.13it/s] 56%|█████▌    | 3183/5697 [00:12<00:10, 235.56it/s] 56%|█████▋    | 3211/5697 [00:12<00:10, 246.28it/s] 57%|█████▋    | 3238/5697 [00:12<00:09, 252.59it/s] 57%|█████▋    | 3265/5697 [00:12<00:09, 257.21it/s] 58%|█████▊    | 3293/5697 [00:12<00:09, 261.71it/s] 58%|█████▊    | 3320/5697 [00:12<00:09, 262.36it/s] 59%|█████▉    | 3347/5697 [00:12<00:08, 264.18it/s] 59%|█████▉    | 3374/5697 [00:12<00:08, 265.27it/s] 60%|█████▉    | 3402/5697 [00:12<00:08, 267.92it/s] 60%|██████    | 3429/5697 [00:12<00:08, 268.18it/s] 61%|██████    | 3457/5697 [00:13<00:08, 269.43it/s] 61%|██████    | 3485/5697 [00:13<00:08, 270.86it/s] 62%|██████▏   | 3513/5697 [00:13<00:08, 271.64it/s] 62%|██████▏   | 3541/5697 [00:13<00:07, 269.58it/s] 63%|██████▎   | 3569/5697 [00:13<00:07, 270.57it/s] 63%|██████▎   | 3597/5697 [00:13<00:07, 271.46it/s] 64%|██████▎   | 3625/5697 [00:13<00:07, 269.35it/s] 64%|██████▍   | 3653/5697 [00:13<00:07, 269.99it/s] 65%|██████▍   | 3681/5697 [00:13<00:07, 270.82it/s] 65%|██████▌   | 3709/5697 [00:13<00:07, 270.19it/s] 66%|██████▌   | 3737/5697 [00:14<00:07, 269.82it/s] 66%|██████▌   | 3765/5697 [00:14<00:07, 270.20it/s] 67%|██████▋   | 3793/5697 [00:14<00:07, 269.71it/s] 67%|██████▋   | 3821/5697 [00:14<00:06, 270.23it/s] 68%|██████▊   | 3849/5697 [00:14<00:06, 271.04it/s] 68%|██████▊   | 3877/5697 [00:14<00:06, 270.68it/s] 69%|██████▊   | 3905/5697 [00:14<00:06, 271.15it/s] 69%|██████▉   | 3933/5697 [00:14<00:06, 267.74it/s] 70%|██████▉   | 3960/5697 [00:14<00:06, 268.13it/s] 70%|██████▉   | 3987/5697 [00:14<00:06, 268.12it/s] 70%|███████   | 4015/5697 [00:15<00:06, 269.62it/s] 71%|███████   | 4043/5697 [00:15<00:06, 269.85it/s] 71%|███████▏  | 4070/5697 [00:15<00:06, 269.88it/s] 72%|███████▏  | 4098/5697 [00:15<00:05, 271.14it/s] 72%|███████▏  | 4126/5697 [00:15<00:05, 268.42it/s] 73%|███████▎  | 4153/5697 [00:15<00:05, 266.40it/s] 73%|███████▎  | 4180/5697 [00:15<00:05, 266.73it/s] 74%|███████▍  | 4207/5697 [00:15<00:05, 267.39it/s] 74%|███████▍  | 4235/5697 [00:15<00:05, 268.00it/s] 75%|███████▍  | 4262/5697 [00:16<00:05, 266.96it/s] 75%|███████▌  | 4290/5697 [00:16<00:05, 268.24it/s] 76%|███████▌  | 4318/5697 [00:16<00:05, 269.23it/s] 76%|███████▋  | 4345/5697 [00:16<00:05, 269.32it/s] 77%|███████▋  | 4372/5697 [00:16<00:04, 268.91it/s] 77%|███████▋  | 4400/5697 [00:16<00:04, 269.82it/s] 78%|███████▊  | 4427/5697 [00:16<00:04, 269.80it/s] 78%|███████▊  | 4455/5697 [00:16<00:04, 270.28it/s] 79%|███████▊  | 4483/5697 [00:16<00:04, 270.96it/s] 79%|███████▉  | 4511/5697 [00:16<00:04, 268.65it/s] 80%|███████▉  | 4539/5697 [00:17<00:04, 269.12it/s] 80%|████████  | 4567/5697 [00:17<00:04, 270.37it/s] 81%|████████  | 4595/5697 [00:17<00:04, 270.57it/s] 81%|████████  | 4623/5697 [00:17<00:03, 269.83it/s] 82%|████████▏ | 4651/5697 [00:17<00:03, 270.55it/s] 82%|████████▏ | 4679/5697 [00:17<00:03, 270.37it/s] 83%|████████▎ | 4707/5697 [00:17<00:03, 270.39it/s] 83%|████████▎ | 4735/5697 [00:17<00:03, 271.10it/s] 84%|████████▎ | 4763/5697 [00:17<00:03, 271.35it/s] 84%|████████▍ | 4791/5697 [00:17<00:03, 270.69it/s] 85%|████████▍ | 4819/5697 [00:18<00:03, 271.99it/s] 85%|████████▌ | 4847/5697 [00:18<00:03, 269.18it/s] 86%|████████▌ | 4874/5697 [00:18<00:03, 268.23it/s] 86%|████████▌ | 4901/5697 [00:18<00:02, 268.53it/s] 87%|████████▋ | 4929/5697 [00:18<00:02, 270.32it/s] 87%|████████▋ | 4957/5697 [00:18<00:02, 269.36it/s] 87%|████████▋ | 4984/5697 [00:18<00:02, 269.43it/s] 88%|████████▊ | 5012/5697 [00:18<00:02, 270.78it/s] 88%|████████▊ | 5040/5697 [00:18<00:02, 271.06it/s] 89%|████████▉ | 5068/5697 [00:19<00:02, 270.95it/s] 89%|████████▉ | 5096/5697 [00:19<00:02, 270.25it/s] 90%|████████▉ | 5124/5697 [00:19<00:02, 268.08it/s] 90%|█████████ | 5151/5697 [00:19<00:02, 267.74it/s] 91%|█████████ | 5179/5697 [00:19<00:01, 269.54it/s] 91%|█████████▏| 5207/5697 [00:19<00:01, 269.99it/s] 92%|█████████▏| 5235/5697 [00:19<00:01, 267.79it/s] 92%|█████████▏| 5263/5697 [00:19<00:01, 268.90it/s] 93%|█████████▎| 5291/5697 [00:19<00:01, 269.69it/s] 93%|█████████▎| 5319/5697 [00:19<00:01, 270.13it/s] 94%|█████████▍| 5347/5697 [00:20<00:01, 270.93it/s] 94%|█████████▍| 5375/5697 [00:20<00:01, 271.08it/s] 95%|█████████▍| 5403/5697 [00:20<00:01, 269.47it/s] 95%|█████████▌| 5430/5697 [00:20<00:00, 269.42it/s] 96%|█████████▌| 5458/5697 [00:20<00:00, 270.18it/s] 96%|█████████▋| 5486/5697 [00:20<00:00, 270.25it/s] 97%|█████████▋| 5514/5697 [00:20<00:00, 270.72it/s] 97%|█████████▋| 5542/5697 [00:20<00:00, 268.51it/s] 98%|█████████▊| 5569/5697 [00:20<00:00, 268.59it/s] 98%|█████████▊| 5596/5697 [00:20<00:00, 268.22it/s] 99%|█████████▊| 5623/5697 [00:21<00:00, 267.77it/s] 99%|█████████▉| 5652/5697 [00:21<00:00, 272.62it/s]100%|█████████▉| 5682/5697 [00:21<00:00, 278.74it/s]100%|██████████| 5697/5697 [00:21<00:00, 267.15it/s]
