/home/xp2027/.local/lib/python3.9/site-packages/statsmodels/compat/pandas.py:65: FutureWarning: pandas.Int64Index is deprecated and will be removed from pandas in a future version. Use pandas.Index with the appropriate dtype instead.
  from pandas import Int64Index as NumericIndex
Config:
{'all_joints': [[0], [1], [2], [3], [4], [5], [6], [7], [8], [9], [10]],
 'all_joints_names': ['bodypart1',
                      'bodypart2',
                      'bodypart3',
                      'bodypart4',
                      'bodypart5',
                      'bodypart6',
                      'bodypart7',
                      'bodypart8',
                      'bodypart9',
                      'bodypart10',
                      'bodypart11'],
 'alpha_r': 0.02,
 'apply_prob': 0.5,
 'batch_size': 8,
 'clahe': True,
 'claheratio': 0.1,
 'crop_pad': 0,
 'crop_sampling': 'hybrid',
 'crop_size': [400, 400],
 'cropratio': 0.4,
 'dataset': 'training-datasets/iteration-0/UnaugmentedDataSet_PkPpEnetCh02Jun24/PkPpEnetCh02_Chen85shuffle1.pickle',
 'dataset_type': 'multi-animal-imgaug',
 'decay_steps': 30000,
 'deterministic': False,
 'display_iters': 500,
 'edge': False,
 'emboss': {'alpha': [0.0, 1.0], 'embossratio': 0.1, 'strength': [0.5, 1.5]},
 'fg_fraction': 0.25,
 'global_scale': 0.8,
 'histeq': True,
 'histeqratio': 0.1,
 'init_weights': '/home/xp2027/.local/lib/python3.9/site-packages/deeplabcut/pose_estimation_tensorflow/models/pretrained/mobilenet_v2_1.0_224.ckpt',
 'intermediate_supervision': False,
 'intermediate_supervision_layer': 12,
 'location_refinement': True,
 'locref_huber_loss': True,
 'locref_loss_weight': 0.05,
 'locref_stdev': 7.2801,
 'log_dir': 'log',
 'lr_init': 0.0005,
 'max_input_size': 1500,
 'max_shift': 0.4,
 'mean_pixel': [123.68, 116.779, 103.939],
 'metadataset': 'training-datasets/iteration-0/UnaugmentedDataSet_PkPpEnetCh02Jun24/Documentation_data-PkPpEnetCh02_85shuffle1.pickle',
 'min_input_size': 64,
 'mirror': False,
 'multi_stage': False,
 'multi_step': [[0.0001, 7500], [5e-05, 12000], [1e-05, 200000]],
 'net_type': 'mobilenet_v2_1.0',
 'num_idchannel': 0,
 'num_joints': 11,
 'num_limbs': 55,
 'optimizer': 'adam',
 'pafwidth': 20,
 'pairwise_huber_loss': False,
 'pairwise_loss_weight': 0.1,
 'pairwise_predict': False,
 'partaffinityfield_graph': [[0, 1],
                             [0, 2],
                             [0, 3],
                             [0, 4],
                             [0, 5],
                             [0, 6],
                             [0, 7],
                             [0, 8],
                             [0, 9],
                             [0, 10],
                             [1, 2],
                             [1, 3],
                             [1, 4],
                             [1, 5],
                             [1, 6],
                             [1, 7],
                             [1, 8],
                             [1, 9],
                             [1, 10],
                             [2, 3],
                             [2, 4],
                             [2, 5],
                             [2, 6],
                             [2, 7],
                             [2, 8],
                             [2, 9],
                             [2, 10],
                             [3, 4],
                             [3, 5],
                             [3, 6],
                             [3, 7],
                             [3, 8],
                             [3, 9],
                             [3, 10],
                             [4, 5],
                             [4, 6],
                             [4, 7],
                             [4, 8],
                             [4, 9],
                             [4, 10],
                             [5, 6],
                             [5, 7],
                             [5, 8],
                             [5, 9],
                             [5, 10],
                             [6, 7],
                             [6, 8],
                             [6, 9],
                             [6, 10],
                             [7, 8],
                             [7, 9],
                             [7, 10],
                             [8, 9],
                             [8, 10],
                             [9, 10]],
 'partaffinityfield_predict': True,
 'pos_dist_thresh': 17,
 'pre_resize': [],
 'project_path': '/scratch/xp2027/lab_29_PkPpAllCh/PkPpEnetCh01',
 'regularize': False,
 'rotation': 25,
 'rotratio': 0.4,
 'save_iters': 10000,
 'scale_jitter_lo': 0.5,
 'scale_jitter_up': 1.25,
 'scoremap_dir': 'test',
 'sharpen': False,
 'sharpenratio': 0.3,
 'shuffle': True,
 'snapshot_prefix': '/scratch/xp2027/lab_29_PkPpAllCh/PkPpEnetCh01/dlc-models/iteration-0/PkPpEnetCh02Jun24-trainset85shuffle1/train/snapshot',
 'stride': 8.0,
 'weigh_negatives': False,
 'weigh_only_present_joints': False,
 'weigh_part_predictions': False,
 'weight_decay': 0.0001}
/home/xp2027/.local/lib/python3.9/site-packages/tensorflow/python/keras/engine/base_layer_v1.py:1694: UserWarning: `layer.apply` is deprecated and will be removed in a future version. Please use `layer.__call__` method instead.
  warnings.warn('`layer.apply` is deprecated and '
/home/xp2027/.local/lib/python3.9/site-packages/tf_slim/layers/layers.py:684: UserWarning: `layer.apply` is deprecated and will be removed in a future version. Please use `layer.__call__` method instead.
  outputs = layer.apply(inputs, training=is_training)
2022-07-13 16:59:28.100610: I tensorflow/core/platform/cpu_feature_guard.cc:151] This TensorFlow binary is optimized with oneAPI Deep Neural Network Library (oneDNN) to use the following CPU instructions in performance-critical operations:  AVX2 AVX512F FMA
To enable them in other operations, rebuild TensorFlow with the appropriate compiler flags.
2022-07-13 16:59:31.511764: I tensorflow/core/common_runtime/gpu/gpu_device.cc:1525] Created device /job:localhost/replica:0/task:0/device:GPU:0 with 78953 MB memory:  -> device: 0, name: NVIDIA A100-SXM4-80GB, pci bus id: 0000:ca:00.0, compute capability: 8.0
2022-07-13 16:59:32.017983: I tensorflow/core/common_runtime/gpu/gpu_device.cc:1525] Created device /job:localhost/replica:0/task:0/device:GPU:0 with 78953 MB memory:  -> device: 0, name: NVIDIA A100-SXM4-80GB, pci bus id: 0000:ca:00.0, compute capability: 8.0
2022-07-13 16:59:50.532643: I tensorflow/stream_executor/cuda/cuda_dnn.cc:368] Loaded cuDNN version 8101
iteration: 100 loss: 0.1995 scmap loss: 0.1628 locref loss: 0.0073 limb loss: 0.0293 lr: 0.0001
iteration: 200 loss: 0.0286 scmap loss: 0.0141 locref loss: 0.0029 limb loss: 0.0115 lr: 0.0001
iteration: 300 loss: 0.0122 scmap loss: 0.0060 locref loss: 0.0013 limb loss: 0.0050 lr: 0.0001
iteration: 400 loss: 0.0073 scmap loss: 0.0041 locref loss: 0.0007 limb loss: 0.0026 lr: 0.0001
iteration: 500 loss: 0.0056 scmap loss: 0.0035 locref loss: 0.0004 limb loss: 0.0017 lr: 0.0001
iteration: 600 loss: 0.0045 scmap loss: 0.0030 locref loss: 0.0003 limb loss: 0.0012 lr: 0.0001
iteration: 700 loss: 0.0041 scmap loss: 0.0030 locref loss: 0.0002 limb loss: 0.0009 lr: 0.0001
iteration: 800 loss: 0.0036 scmap loss: 0.0028 locref loss: 0.0002 limb loss: 0.0007 lr: 0.0001
iteration: 900 loss: 0.0031 scmap loss: 0.0024 locref loss: 0.0001 limb loss: 0.0006 lr: 0.0001
iteration: 1000 loss: 0.0030 scmap loss: 0.0025 locref loss: 0.0001 limb loss: 0.0005 lr: 0.0001
iteration: 1100 loss: 0.0028 scmap loss: 0.0023 locref loss: 0.0001 limb loss: 0.0004 lr: 0.0001
iteration: 1200 loss: 0.0027 scmap loss: 0.0023 locref loss: 0.0001 limb loss: 0.0003 lr: 0.0001
iteration: 1300 loss: 0.0026 scmap loss: 0.0022 locref loss: 0.0001 limb loss: 0.0003 lr: 0.0001
iteration: 1400 loss: 0.0025 scmap loss: 0.0022 locref loss: 0.0001 limb loss: 0.0003 lr: 0.0001
iteration: 1500 loss: 0.0024 scmap loss: 0.0021 locref loss: 0.0001 limb loss: 0.0002 lr: 0.0001
iteration: 1600 loss: 0.0022 scmap loss: 0.0020 locref loss: 0.0001 limb loss: 0.0002 lr: 0.0001
iteration: 1700 loss: 0.0021 scmap loss: 0.0019 locref loss: 0.0000 limb loss: 0.0002 lr: 0.0001
iteration: 1800 loss: 0.0022 scmap loss: 0.0020 locref loss: 0.0000 limb loss: 0.0002 lr: 0.0001
iteration: 1900 loss: 0.0020 scmap loss: 0.0018 locref loss: 0.0000 limb loss: 0.0002 lr: 0.0001
iteration: 2000 loss: 0.0021 scmap loss: 0.0019 locref loss: 0.0000 limb loss: 0.0001 lr: 0.0001
iteration: 2100 loss: 0.0019 scmap loss: 0.0017 locref loss: 0.0000 limb loss: 0.0001 lr: 0.0001
iteration: 2200 loss: 0.0018 scmap loss: 0.0017 locref loss: 0.0000 limb loss: 0.0001 lr: 0.0001
iteration: 2300 loss: 0.0018 scmap loss: 0.0017 locref loss: 0.0000 limb loss: 0.0001 lr: 0.0001
iteration: 2400 loss: 0.0018 scmap loss: 0.0016 locref loss: 0.0000 limb loss: 0.0001 lr: 0.0001
iteration: 2500 loss: 0.0018 scmap loss: 0.0017 locref loss: 0.0000 limb loss: 0.0001 lr: 0.0001
iteration: 2600 loss: 0.0018 scmap loss: 0.0016 locref loss: 0.0000 limb loss: 0.0001 lr: 0.0001
iteration: 2700 loss: 0.0017 scmap loss: 0.0016 locref loss: 0.0000 limb loss: 0.0001 lr: 0.0001
iteration: 2800 loss: 0.0016 scmap loss: 0.0014 locref loss: 0.0000 limb loss: 0.0001 lr: 0.0001
iteration: 2900 loss: 0.0016 scmap loss: 0.0015 locref loss: 0.0000 limb loss: 0.0001 lr: 0.0001
iteration: 3000 loss: 0.0016 scmap loss: 0.0015 locref loss: 0.0000 limb loss: 0.0001 lr: 0.0001
iteration: 3100 loss: 0.0014 scmap loss: 0.0013 locref loss: 0.0000 limb loss: 0.0001 lr: 0.0001
iteration: 3200 loss: 0.0015 scmap loss: 0.0014 locref loss: 0.0000 limb loss: 0.0001 lr: 0.0001
iteration: 3300 loss: 0.0014 scmap loss: 0.0013 locref loss: 0.0000 limb loss: 0.0001 lr: 0.0001
iteration: 3400 loss: 0.0013 scmap loss: 0.0013 locref loss: 0.0000 limb loss: 0.0001 lr: 0.0001
iteration: 3500 loss: 0.0014 scmap loss: 0.0013 locref loss: 0.0000 limb loss: 0.0001 lr: 0.0001
iteration: 3600 loss: 0.0013 scmap loss: 0.0012 locref loss: 0.0000 limb loss: 0.0001 lr: 0.0001
iteration: 3700 loss: 0.0014 scmap loss: 0.0013 locref loss: 0.0000 limb loss: 0.0001 lr: 0.0001
iteration: 3800 loss: 0.0013 scmap loss: 0.0012 locref loss: 0.0000 limb loss: 0.0001 lr: 0.0001
iteration: 3900 loss: 0.0013 scmap loss: 0.0012 locref loss: 0.0000 limb loss: 0.0001 lr: 0.0001
iteration: 4000 loss: 0.0011 scmap loss: 0.0011 locref loss: 0.0000 limb loss: 0.0001 lr: 0.0001
iteration: 4100 loss: 0.0011 scmap loss: 0.0010 locref loss: 0.0000 limb loss: 0.0001 lr: 0.0001
iteration: 4200 loss: 0.0011 scmap loss: 0.0011 locref loss: 0.0000 limb loss: 0.0001 lr: 0.0001
iteration: 4300 loss: 0.0011 scmap loss: 0.0010 locref loss: 0.0000 limb loss: 0.0000 lr: 0.0001
iteration: 4400 loss: 0.0011 scmap loss: 0.0010 locref loss: 0.0000 limb loss: 0.0000 lr: 0.0001
iteration: 4500 loss: 0.0010 scmap loss: 0.0009 locref loss: 0.0000 limb loss: 0.0000 lr: 0.0001
iteration: 4600 loss: 0.0010 scmap loss: 0.0010 locref loss: 0.0000 limb loss: 0.0000 lr: 0.0001
iteration: 4700 loss: 0.0011 scmap loss: 0.0011 locref loss: 0.0000 limb loss: 0.0000 lr: 0.0001
iteration: 4800 loss: 0.0011 scmap loss: 0.0010 locref loss: 0.0000 limb loss: 0.0000 lr: 0.0001
iteration: 4900 loss: 0.0010 scmap loss: 0.0009 locref loss: 0.0000 limb loss: 0.0000 lr: 0.0001
iteration: 5000 loss: 0.0010 scmap loss: 0.0010 locref loss: 0.0000 limb loss: 0.0000 lr: 0.0001
iteration: 5100 loss: 0.0010 scmap loss: 0.0010 locref loss: 0.0000 limb loss: 0.0000 lr: 0.0001
iteration: 5200 loss: 0.0009 scmap loss: 0.0008 locref loss: 0.0000 limb loss: 0.0000 lr: 0.0001
iteration: 5300 loss: 0.0009 scmap loss: 0.0009 locref loss: 0.0000 limb loss: 0.0000 lr: 0.0001
iteration: 5400 loss: 0.0009 scmap loss: 0.0009 locref loss: 0.0000 limb loss: 0.0000 lr: 0.0001
iteration: 5500 loss: 0.0008 scmap loss: 0.0008 locref loss: 0.0000 limb loss: 0.0000 lr: 0.0001
iteration: 5600 loss: 0.0009 scmap loss: 0.0009 locref loss: 0.0000 limb loss: 0.0000 lr: 0.0001
iteration: 5700 loss: 0.0008 scmap loss: 0.0008 locref loss: 0.0000 limb loss: 0.0000 lr: 0.0001
iteration: 5800 loss: 0.0009 scmap loss: 0.0008 locref loss: 0.0000 limb loss: 0.0000 lr: 0.0001
iteration: 5900 loss: 0.0009 scmap loss: 0.0008 locref loss: 0.0000 limb loss: 0.0000 lr: 0.0001
iteration: 6000 loss: 0.0008 scmap loss: 0.0008 locref loss: 0.0000 limb loss: 0.0000 lr: 0.0001
iteration: 6100 loss: 0.0008 scmap loss: 0.0007 locref loss: 0.0000 limb loss: 0.0000 lr: 0.0001
iteration: 6200 loss: 0.0008 scmap loss: 0.0008 locref loss: 0.0000 limb loss: 0.0000 lr: 0.0001
iteration: 6300 loss: 0.0008 scmap loss: 0.0007 locref loss: 0.0000 limb loss: 0.0000 lr: 0.0001
iteration: 6400 loss: 0.0008 scmap loss: 0.0008 locref loss: 0.0000 limb loss: 0.0000 lr: 0.0001
iteration: 6500 loss: 0.0008 scmap loss: 0.0008 locref loss: 0.0000 limb loss: 0.0000 lr: 0.0001
iteration: 6600 loss: 0.0008 scmap loss: 0.0008 locref loss: 0.0000 limb loss: 0.0000 lr: 0.0001
iteration: 6700 loss: 0.0008 scmap loss: 0.0007 locref loss: 0.0000 limb loss: 0.0000 lr: 0.0001
iteration: 6800 loss: 0.0008 scmap loss: 0.0008 locref loss: 0.0000 limb loss: 0.0000 lr: 0.0001
iteration: 6900 loss: 0.0007 scmap loss: 0.0007 locref loss: 0.0000 limb loss: 0.0000 lr: 0.0001
iteration: 7000 loss: 0.0007 scmap loss: 0.0007 locref loss: 0.0000 limb loss: 0.0000 lr: 0.0001
iteration: 7100 loss: 0.0006 scmap loss: 0.0006 locref loss: 0.0000 limb loss: 0.0000 lr: 0.0001
iteration: 7200 loss: 0.0008 scmap loss: 0.0007 locref loss: 0.0000 limb loss: 0.0000 lr: 0.0001
iteration: 7300 loss: 0.0007 scmap loss: 0.0006 locref loss: 0.0000 limb loss: 0.0000 lr: 0.0001
iteration: 7400 loss: 0.0007 scmap loss: 0.0006 locref loss: 0.0000 limb loss: 0.0000 lr: 0.0001
iteration: 7500 loss: 0.0007 scmap loss: 0.0007 locref loss: 0.0000 limb loss: 0.0000 lr: 0.0001
iteration: 7600 loss: 0.0007 scmap loss: 0.0006 locref loss: 0.0000 limb loss: 0.0000 lr: 5e-05
iteration: 7700 loss: 0.0006 scmap loss: 0.0006 locref loss: 0.0000 limb loss: 0.0000 lr: 5e-05
iteration: 7800 loss: 0.0006 scmap loss: 0.0006 locref loss: 0.0000 limb loss: 0.0000 lr: 5e-05
iteration: 7900 loss: 0.0006 scmap loss: 0.0006 locref loss: 0.0000 limb loss: 0.0000 lr: 5e-05
iteration: 8000 loss: 0.0005 scmap loss: 0.0005 locref loss: 0.0000 limb loss: 0.0000 lr: 5e-05
iteration: 8100 loss: 0.0006 scmap loss: 0.0006 locref loss: 0.0000 limb loss: 0.0000 lr: 5e-05
iteration: 8200 loss: 0.0006 scmap loss: 0.0005 locref loss: 0.0000 limb loss: 0.0000 lr: 5e-05
iteration: 8300 loss: 0.0006 scmap loss: 0.0006 locref loss: 0.0000 limb loss: 0.0000 lr: 5e-05
iteration: 8400 loss: 0.0006 scmap loss: 0.0005 locref loss: 0.0000 limb loss: 0.0000 lr: 5e-05
iteration: 8500 loss: 0.0006 scmap loss: 0.0006 locref loss: 0.0000 limb loss: 0.0000 lr: 5e-05
iteration: 8600 loss: 0.0006 scmap loss: 0.0005 locref loss: 0.0000 limb loss: 0.0000 lr: 5e-05
iteration: 8700 loss: 0.0006 scmap loss: 0.0006 locref loss: 0.0000 limb loss: 0.0000 lr: 5e-05
iteration: 8800 loss: 0.0006 scmap loss: 0.0005 locref loss: 0.0000 limb loss: 0.0000 lr: 5e-05
iteration: 8900 loss: 0.0006 scmap loss: 0.0005 locref loss: 0.0000 limb loss: 0.0000 lr: 5e-05
iteration: 9000 loss: 0.0005 scmap loss: 0.0005 locref loss: 0.0000 limb loss: 0.0000 lr: 5e-05
iteration: 9100 loss: 0.0006 scmap loss: 0.0005 locref loss: 0.0000 limb loss: 0.0000 lr: 5e-05
iteration: 9200 loss: 0.0006 scmap loss: 0.0005 locref loss: 0.0000 limb loss: 0.0000 lr: 5e-05
iteration: 9300 loss: 0.0005 scmap loss: 0.0005 locref loss: 0.0000 limb loss: 0.0000 lr: 5e-05
iteration: 9400 loss: 0.0006 scmap loss: 0.0005 locref loss: 0.0000 limb loss: 0.0000 lr: 5e-05
iteration: 9500 loss: 0.0006 scmap loss: 0.0005 locref loss: 0.0000 limb loss: 0.0000 lr: 5e-05
iteration: 9600 loss: 0.0005 scmap loss: 0.0005 locref loss: 0.0000 limb loss: 0.0000 lr: 5e-05
iteration: 9700 loss: 0.0005 scmap loss: 0.0005 locref loss: 0.0000 limb loss: 0.0000 lr: 5e-05
iteration: 9800 loss: 0.0006 scmap loss: 0.0005 locref loss: 0.0000 limb loss: 0.0000 lr: 5e-05
iteration: 9900 loss: 0.0005 scmap loss: 0.0005 locref loss: 0.0000 limb loss: 0.0000 lr: 5e-05
iteration: 10000 loss: 0.0006 scmap loss: 0.0005 locref loss: 0.0000 limb loss: 0.0000 lr: 5e-05
iteration: 10100 loss: 0.0005 scmap loss: 0.0005 locref loss: 0.0000 limb loss: 0.0000 lr: 5e-05
iteration: 10200 loss: 0.0005 scmap loss: 0.0005 locref loss: 0.0000 limb loss: 0.0000 lr: 5e-05
iteration: 10300 loss: 0.0005 scmap loss: 0.0005 locref loss: 0.0000 limb loss: 0.0000 lr: 5e-05
iteration: 10400 loss: 0.0006 scmap loss: 0.0005 locref loss: 0.0000 limb loss: 0.0000 lr: 5e-05
iteration: 10500 loss: 0.0005 scmap loss: 0.0005 locref loss: 0.0000 limb loss: 0.0000 lr: 5e-05
iteration: 10600 loss: 0.0005 scmap loss: 0.0005 locref loss: 0.0000 limb loss: 0.0000 lr: 5e-05
iteration: 10700 loss: 0.0005 scmap loss: 0.0005 locref loss: 0.0000 limb loss: 0.0000 lr: 5e-05
iteration: 10800 loss: 0.0006 scmap loss: 0.0005 locref loss: 0.0000 limb loss: 0.0000 lr: 5e-05
iteration: 10900 loss: 0.0005 scmap loss: 0.0005 locref loss: 0.0000 limb loss: 0.0000 lr: 5e-05
iteration: 11000 loss: 0.0005 scmap loss: 0.0005 locref loss: 0.0000 limb loss: 0.0000 lr: 5e-05
iteration: 11100 loss: 0.0006 scmap loss: 0.0005 locref loss: 0.0000 limb loss: 0.0000 lr: 5e-05
iteration: 11200 loss: 0.0005 scmap loss: 0.0005 locref loss: 0.0000 limb loss: 0.0000 lr: 5e-05
iteration: 11300 loss: 0.0005 scmap loss: 0.0005 locref loss: 0.0000 limb loss: 0.0000 lr: 5e-05
iteration: 11400 loss: 0.0005 scmap loss: 0.0005 locref loss: 0.0000 limb loss: 0.0000 lr: 5e-05
iteration: 11500 loss: 0.0005 scmap loss: 0.0005 locref loss: 0.0000 limb loss: 0.0000 lr: 5e-05
iteration: 11600 loss: 0.0005 scmap loss: 0.0005 locref loss: 0.0000 limb loss: 0.0000 lr: 5e-05
iteration: 11700 loss: 0.0005 scmap loss: 0.0005 locref loss: 0.0000 limb loss: 0.0000 lr: 5e-05
iteration: 11800 loss: 0.0005 scmap loss: 0.0005 locref loss: 0.0000 limb loss: 0.0000 lr: 5e-05
iteration: 11900 loss: 0.0005 scmap loss: 0.0005 locref loss: 0.0000 limb loss: 0.0000 lr: 5e-05
iteration: 12000 loss: 0.0005 scmap loss: 0.0005 locref loss: 0.0000 limb loss: 0.0000 lr: 5e-05
iteration: 12100 loss: 0.0004 scmap loss: 0.0004 locref loss: 0.0000 limb loss: 0.0000 lr: 1e-05
iteration: 12200 loss: 0.0004 scmap loss: 0.0004 locref loss: 0.0000 limb loss: 0.0000 lr: 1e-05
iteration: 12300 loss: 0.0004 scmap loss: 0.0004 locref loss: 0.0000 limb loss: 0.0000 lr: 1e-05
iteration: 12400 loss: 0.0005 scmap loss: 0.0004 locref loss: 0.0000 limb loss: 0.0000 lr: 1e-05
iteration: 12500 loss: 0.0004 scmap loss: 0.0004 locref loss: 0.0000 limb loss: 0.0000 lr: 1e-05
iteration: 12600 loss: 0.0005 scmap loss: 0.0005 locref loss: 0.0000 limb loss: 0.0000 lr: 1e-05
iteration: 12700 loss: 0.0005 scmap loss: 0.0005 locref loss: 0.0000 limb loss: 0.0000 lr: 1e-05
iteration: 12800 loss: 0.0004 scmap loss: 0.0004 locref loss: 0.0000 limb loss: 0.0000 lr: 1e-05
iteration: 12900 loss: 0.0004 scmap loss: 0.0004 locref loss: 0.0000 limb loss: 0.0000 lr: 1e-05
iteration: 13000 loss: 0.0005 scmap loss: 0.0004 locref loss: 0.0000 limb loss: 0.0000 lr: 1e-05
iteration: 13100 loss: 0.0005 scmap loss: 0.0004 locref loss: 0.0000 limb loss: 0.0000 lr: 1e-05
iteration: 13200 loss: 0.0005 scmap loss: 0.0004 locref loss: 0.0000 limb loss: 0.0000 lr: 1e-05
iteration: 13300 loss: 0.0005 scmap loss: 0.0005 locref loss: 0.0000 limb loss: 0.0000 lr: 1e-05
iteration: 13400 loss: 0.0005 scmap loss: 0.0004 locref loss: 0.0000 limb loss: 0.0000 lr: 1e-05
iteration: 13500 loss: 0.0005 scmap loss: 0.0005 locref loss: 0.0000 limb loss: 0.0000 lr: 1e-05
iteration: 13600 loss: 0.0005 scmap loss: 0.0004 locref loss: 0.0000 limb loss: 0.0000 lr: 1e-05
iteration: 13700 loss: 0.0004 scmap loss: 0.0004 locref loss: 0.0000 limb loss: 0.0000 lr: 1e-05
iteration: 13800 loss: 0.0004 scmap loss: 0.0004 locref loss: 0.0000 limb loss: 0.0000 lr: 1e-05
iteration: 13900 loss: 0.0004 scmap loss: 0.0004 locref loss: 0.0000 limb loss: 0.0000 lr: 1e-05
iteration: 14000 loss: 0.0004 scmap loss: 0.0004 locref loss: 0.0000 limb loss: 0.0000 lr: 1e-05
iteration: 14100 loss: 0.0004 scmap loss: 0.0004 locref loss: 0.0000 limb loss: 0.0000 lr: 1e-05
iteration: 14200 loss: 0.0005 scmap loss: 0.0005 locref loss: 0.0000 limb loss: 0.0000 lr: 1e-05
iteration: 14300 loss: 0.0004 scmap loss: 0.0004 locref loss: 0.0000 limb loss: 0.0000 lr: 1e-05
iteration: 14400 loss: 0.0004 scmap loss: 0.0004 locref loss: 0.0000 limb loss: 0.0000 lr: 1e-05
iteration: 14500 loss: 0.0004 scmap loss: 0.0004 locref loss: 0.0000 limb loss: 0.0000 lr: 1e-05
iteration: 14600 loss: 0.0004 scmap loss: 0.0004 locref loss: 0.0000 limb loss: 0.0000 lr: 1e-05
iteration: 14700 loss: 0.0004 scmap loss: 0.0004 locref loss: 0.0000 limb loss: 0.0000 lr: 1e-05
iteration: 14800 loss: 0.0004 scmap loss: 0.0004 locref loss: 0.0000 limb loss: 0.0000 lr: 1e-05
iteration: 14900 loss: 0.0005 scmap loss: 0.0004 locref loss: 0.0000 limb loss: 0.0000 lr: 1e-05
iteration: 15000 loss: 0.0005 scmap loss: 0.0004 locref loss: 0.0000 limb loss: 0.0000 lr: 1e-05
iteration: 15100 loss: 0.0004 scmap loss: 0.0004 locref loss: 0.0000 limb loss: 0.0000 lr: 1e-05
iteration: 15200 loss: 0.0004 scmap loss: 0.0004 locref loss: 0.0000 limb loss: 0.0000 lr: 1e-05
iteration: 15300 loss: 0.0004 scmap loss: 0.0004 locref loss: 0.0000 limb loss: 0.0000 lr: 1e-05
iteration: 15400 loss: 0.0005 scmap loss: 0.0004 locref loss: 0.0000 limb loss: 0.0000 lr: 1e-05
iteration: 15500 loss: 0.0004 scmap loss: 0.0004 locref loss: 0.0000 limb loss: 0.0000 lr: 1e-05
iteration: 15600 loss: 0.0004 scmap loss: 0.0004 locref loss: 0.0000 limb loss: 0.0000 lr: 1e-05
iteration: 15700 loss: 0.0004 scmap loss: 0.0004 locref loss: 0.0000 limb loss: 0.0000 lr: 1e-05
iteration: 15800 loss: 0.0004 scmap loss: 0.0004 locref loss: 0.0000 limb loss: 0.0000 lr: 1e-05
iteration: 15900 loss: 0.0004 scmap loss: 0.0004 locref loss: 0.0000 limb loss: 0.0000 lr: 1e-05
iteration: 16000 loss: 0.0004 scmap loss: 0.0004 locref loss: 0.0000 limb loss: 0.0000 lr: 1e-05
iteration: 16100 loss: 0.0004 scmap loss: 0.0004 locref loss: 0.0000 limb loss: 0.0000 lr: 1e-05
iteration: 16200 loss: 0.0004 scmap loss: 0.0004 locref loss: 0.0000 limb loss: 0.0000 lr: 1e-05
iteration: 16300 loss: 0.0004 scmap loss: 0.0004 locref loss: 0.0000 limb loss: 0.0000 lr: 1e-05
iteration: 16400 loss: 0.0004 scmap loss: 0.0004 locref loss: 0.0000 limb loss: 0.0000 lr: 1e-05
iteration: 16500 loss: 0.0004 scmap loss: 0.0004 locref loss: 0.0000 limb loss: 0.0000 lr: 1e-05
iteration: 16600 loss: 0.0004 scmap loss: 0.0004 locref loss: 0.0000 limb loss: 0.0000 lr: 1e-05
iteration: 16700 loss: 0.0004 scmap loss: 0.0004 locref loss: 0.0000 limb loss: 0.0000 lr: 1e-05
iteration: 16800 loss: 0.0004 scmap loss: 0.0004 locref loss: 0.0000 limb loss: 0.0000 lr: 1e-05
iteration: 16900 loss: 0.0004 scmap loss: 0.0004 locref loss: 0.0000 limb loss: 0.0000 lr: 1e-05
iteration: 17000 loss: 0.0004 scmap loss: 0.0004 locref loss: 0.0000 limb loss: 0.0000 lr: 1e-05
iteration: 17100 loss: 0.0004 scmap loss: 0.0004 locref loss: 0.0000 limb loss: 0.0000 lr: 1e-05
iteration: 17200 loss: 0.0004 scmap loss: 0.0004 locref loss: 0.0000 limb loss: 0.0000 lr: 1e-05
iteration: 17300 loss: 0.0004 scmap loss: 0.0004 locref loss: 0.0000 limb loss: 0.0000 lr: 1e-05
iteration: 17400 loss: 0.0004 scmap loss: 0.0004 locref loss: 0.0000 limb loss: 0.0000 lr: 1e-05
iteration: 17500 loss: 0.0004 scmap loss: 0.0004 locref loss: 0.0000 limb loss: 0.0000 lr: 1e-05
iteration: 17600 loss: 0.0004 scmap loss: 0.0004 locref loss: 0.0000 limb loss: 0.0000 lr: 1e-05
iteration: 17700 loss: 0.0004 scmap loss: 0.0004 locref loss: 0.0000 limb loss: 0.0000 lr: 1e-05
iteration: 17800 loss: 0.0004 scmap loss: 0.0004 locref loss: 0.0000 limb loss: 0.0000 lr: 1e-05
iteration: 17900 loss: 0.0004 scmap loss: 0.0004 locref loss: 0.0000 limb loss: 0.0000 lr: 1e-05
iteration: 18000 loss: 0.0004 scmap loss: 0.0004 locref loss: 0.0000 limb loss: 0.0000 lr: 1e-05
iteration: 18100 loss: 0.0004 scmap loss: 0.0004 locref loss: 0.0000 limb loss: 0.0000 lr: 1e-05
iteration: 18200 loss: 0.0004 scmap loss: 0.0004 locref loss: 0.0000 limb loss: 0.0000 lr: 1e-05
iteration: 18300 loss: 0.0004 scmap loss: 0.0004 locref loss: 0.0000 limb loss: 0.0000 lr: 1e-05
iteration: 18400 loss: 0.0004 scmap loss: 0.0004 locref loss: 0.0000 limb loss: 0.0000 lr: 1e-05
iteration: 18500 loss: 0.0004 scmap loss: 0.0004 locref loss: 0.0000 limb loss: 0.0000 lr: 1e-05
iteration: 18600 loss: 0.0004 scmap loss: 0.0004 locref loss: 0.0000 limb loss: 0.0000 lr: 1e-05
iteration: 18700 loss: 0.0004 scmap loss: 0.0004 locref loss: 0.0000 limb loss: 0.0000 lr: 1e-05
iteration: 18800 loss: 0.0004 scmap loss: 0.0004 locref loss: 0.0000 limb loss: 0.0000 lr: 1e-05
iteration: 18900 loss: 0.0004 scmap loss: 0.0004 locref loss: 0.0000 limb loss: 0.0000 lr: 1e-05
iteration: 19000 loss: 0.0004 scmap loss: 0.0004 locref loss: 0.0000 limb loss: 0.0000 lr: 1e-05
iteration: 19100 loss: 0.0004 scmap loss: 0.0004 locref loss: 0.0000 limb loss: 0.0000 lr: 1e-05
iteration: 19200 loss: 0.0004 scmap loss: 0.0004 locref loss: 0.0000 limb loss: 0.0000 lr: 1e-05
iteration: 19300 loss: 0.0004 scmap loss: 0.0004 locref loss: 0.0000 limb loss: 0.0000 lr: 1e-05
iteration: 19400 loss: 0.0004 scmap loss: 0.0004 locref loss: 0.0000 limb loss: 0.0000 lr: 1e-05
iteration: 19500 loss: 0.0004 scmap loss: 0.0004 locref loss: 0.0000 limb loss: 0.0000 lr: 1e-05
iteration: 19600 loss: 0.0004 scmap loss: 0.0004 locref loss: 0.0000 limb loss: 0.0000 lr: 1e-05
iteration: 19700 loss: 0.0004 scmap loss: 0.0004 locref loss: 0.0000 limb loss: 0.0000 lr: 1e-05
iteration: 19800 loss: 0.0004 scmap loss: 0.0004 locref loss: 0.0000 limb loss: 0.0000 lr: 1e-05
iteration: 19900 loss: 0.0004 scmap loss: 0.0004 locref loss: 0.0000 limb loss: 0.0000 lr: 1e-05
iteration: 20000 loss: 0.0004 scmap loss: 0.0004 locref loss: 0.0000 limb loss: 0.0000 lr: 1e-05
iteration: 20100 loss: 0.0004 scmap loss: 0.0004 locref loss: 0.0000 limb loss: 0.0000 lr: 1e-05
iteration: 20200 loss: 0.0004 scmap loss: 0.0004 locref loss: 0.0000 limb loss: 0.0000 lr: 1e-05
iteration: 20300 loss: 0.0004 scmap loss: 0.0004 locref loss: 0.0000 limb loss: 0.0000 lr: 1e-05
iteration: 20400 loss: 0.0004 scmap loss: 0.0004 locref loss: 0.0000 limb loss: 0.0000 lr: 1e-05
iteration: 20500 loss: 0.0004 scmap loss: 0.0004 locref loss: 0.0000 limb loss: 0.0000 lr: 1e-05
iteration: 20600 loss: 0.0004 scmap loss: 0.0004 locref loss: 0.0000 limb loss: 0.0000 lr: 1e-05
iteration: 20700 loss: 0.0004 scmap loss: 0.0004 locref loss: 0.0000 limb loss: 0.0000 lr: 1e-05
iteration: 20800 loss: 0.0004 scmap loss: 0.0004 locref loss: 0.0000 limb loss: 0.0000 lr: 1e-05
iteration: 20900 loss: 0.0004 scmap loss: 0.0004 locref loss: 0.0000 limb loss: 0.0000 lr: 1e-05
iteration: 21000 loss: 0.0004 scmap loss: 0.0004 locref loss: 0.0000 limb loss: 0.0000 lr: 1e-05
iteration: 21100 loss: 0.0004 scmap loss: 0.0004 locref loss: 0.0000 limb loss: 0.0000 lr: 1e-05
iteration: 21200 loss: 0.0004 scmap loss: 0.0004 locref loss: 0.0000 limb loss: 0.0000 lr: 1e-05
iteration: 21300 loss: 0.0004 scmap loss: 0.0004 locref loss: 0.0000 limb loss: 0.0000 lr: 1e-05
iteration: 21400 loss: 0.0004 scmap loss: 0.0004 locref loss: 0.0000 limb loss: 0.0000 lr: 1e-05
iteration: 21500 loss: 0.0004 scmap loss: 0.0004 locref loss: 0.0000 limb loss: 0.0000 lr: 1e-05
iteration: 21600 loss: 0.0004 scmap loss: 0.0004 locref loss: 0.0000 limb loss: 0.0000 lr: 1e-05
iteration: 21700 loss: 0.0004 scmap loss: 0.0004 locref loss: 0.0000 limb loss: 0.0000 lr: 1e-05
iteration: 21800 loss: 0.0004 scmap loss: 0.0003 locref loss: 0.0000 limb loss: 0.0000 lr: 1e-05
iteration: 21900 loss: 0.0004 scmap loss: 0.0004 locref loss: 0.0000 limb loss: 0.0000 lr: 1e-05
iteration: 22000 loss: 0.0004 scmap loss: 0.0004 locref loss: 0.0000 limb loss: 0.0000 lr: 1e-05
iteration: 22100 loss: 0.0004 scmap loss: 0.0004 locref loss: 0.0000 limb loss: 0.0000 lr: 1e-05
iteration: 22200 loss: 0.0004 scmap loss: 0.0004 locref loss: 0.0000 limb loss: 0.0000 lr: 1e-05
iteration: 22300 loss: 0.0004 scmap loss: 0.0004 locref loss: 0.0000 limb loss: 0.0000 lr: 1e-05
iteration: 22400 loss: 0.0004 scmap loss: 0.0004 locref loss: 0.0000 limb loss: 0.0000 lr: 1e-05
iteration: 22500 loss: 0.0004 scmap loss: 0.0004 locref loss: 0.0000 limb loss: 0.0000 lr: 1e-05
iteration: 22600 loss: 0.0004 scmap loss: 0.0004 locref loss: 0.0000 limb loss: 0.0000 lr: 1e-05
iteration: 22700 loss: 0.0004 scmap loss: 0.0004 locref loss: 0.0000 limb loss: 0.0000 lr: 1e-05
iteration: 22800 loss: 0.0004 scmap loss: 0.0004 locref loss: 0.0000 limb loss: 0.0000 lr: 1e-05
iteration: 22900 loss: 0.0004 scmap loss: 0.0004 locref loss: 0.0000 limb loss: 0.0000 lr: 1e-05
iteration: 23000 loss: 0.0004 scmap loss: 0.0004 locref loss: 0.0000 limb loss: 0.0000 lr: 1e-05
iteration: 23100 loss: 0.0004 scmap loss: 0.0004 locref loss: 0.0000 limb loss: 0.0000 lr: 1e-05
iteration: 23200 loss: 0.0004 scmap loss: 0.0004 locref loss: 0.0000 limb loss: 0.0000 lr: 1e-05
iteration: 23300 loss: 0.0004 scmap loss: 0.0004 locref loss: 0.0000 limb loss: 0.0000 lr: 1e-05
iteration: 23400 loss: 0.0004 scmap loss: 0.0004 locref loss: 0.0000 limb loss: 0.0000 lr: 1e-05
iteration: 23500 loss: 0.0004 scmap loss: 0.0004 locref loss: 0.0000 limb loss: 0.0000 lr: 1e-05
iteration: 23600 loss: 0.0004 scmap loss: 0.0003 locref loss: 0.0000 limb loss: 0.0000 lr: 1e-05
iteration: 23700 loss: 0.0004 scmap loss: 0.0004 locref loss: 0.0000 limb loss: 0.0000 lr: 1e-05
iteration: 23800 loss: 0.0004 scmap loss: 0.0004 locref loss: 0.0000 limb loss: 0.0000 lr: 1e-05
iteration: 23900 loss: 0.0004 scmap loss: 0.0004 locref loss: 0.0000 limb loss: 0.0000 lr: 1e-05
iteration: 24000 loss: 0.0004 scmap loss: 0.0003 locref loss: 0.0000 limb loss: 0.0000 lr: 1e-05
iteration: 24100 loss: 0.0004 scmap loss: 0.0003 locref loss: 0.0000 limb loss: 0.0000 lr: 1e-05
iteration: 24200 loss: 0.0004 scmap loss: 0.0004 locref loss: 0.0000 limb loss: 0.0000 lr: 1e-05
iteration: 24300 loss: 0.0004 scmap loss: 0.0004 locref loss: 0.0000 limb loss: 0.0000 lr: 1e-05
iteration: 24400 loss: 0.0004 scmap loss: 0.0004 locref loss: 0.0000 limb loss: 0.0000 lr: 1e-05
iteration: 24500 loss: 0.0004 scmap loss: 0.0004 locref loss: 0.0000 limb loss: 0.0000 lr: 1e-05
iteration: 24600 loss: 0.0004 scmap loss: 0.0004 locref loss: 0.0000 limb loss: 0.0000 lr: 1e-05
iteration: 24700 loss: 0.0004 scmap loss: 0.0004 locref loss: 0.0000 limb loss: 0.0000 lr: 1e-05
iteration: 24800 loss: 0.0004 scmap loss: 0.0004 locref loss: 0.0000 limb loss: 0.0000 lr: 1e-05
iteration: 24900 loss: 0.0004 scmap loss: 0.0004 locref loss: 0.0000 limb loss: 0.0000 lr: 1e-05
iteration: 25000 loss: 0.0004 scmap loss: 0.0003 locref loss: 0.0000 limb loss: 0.0000 lr: 1e-05
iteration: 25100 loss: 0.0004 scmap loss: 0.0004 locref loss: 0.0000 limb loss: 0.0000 lr: 1e-05
iteration: 25200 loss: 0.0004 scmap loss: 0.0004 locref loss: 0.0000 limb loss: 0.0000 lr: 1e-05
iteration: 25300 loss: 0.0004 scmap loss: 0.0003 locref loss: 0.0000 limb loss: 0.0000 lr: 1e-05
iteration: 25400 loss: 0.0004 scmap loss: 0.0003 locref loss: 0.0000 limb loss: 0.0000 lr: 1e-05
iteration: 25500 loss: 0.0004 scmap loss: 0.0004 locref loss: 0.0000 limb loss: 0.0000 lr: 1e-05
iteration: 25600 loss: 0.0004 scmap loss: 0.0004 locref loss: 0.0000 limb loss: 0.0000 lr: 1e-05
iteration: 25700 loss: 0.0004 scmap loss: 0.0004 locref loss: 0.0000 limb loss: 0.0000 lr: 1e-05
iteration: 25800 loss: 0.0004 scmap loss: 0.0004 locref loss: 0.0000 limb loss: 0.0000 lr: 1e-05
iteration: 25900 loss: 0.0004 scmap loss: 0.0004 locref loss: 0.0000 limb loss: 0.0000 lr: 1e-05
iteration: 26000 loss: 0.0004 scmap loss: 0.0003 locref loss: 0.0000 limb loss: 0.0000 lr: 1e-05
iteration: 26100 loss: 0.0003 scmap loss: 0.0003 locref loss: 0.0000 limb loss: 0.0000 lr: 1e-05
iteration: 26200 loss: 0.0004 scmap loss: 0.0003 locref loss: 0.0000 limb loss: 0.0000 lr: 1e-05
iteration: 26300 loss: 0.0004 scmap loss: 0.0004 locref loss: 0.0000 limb loss: 0.0000 lr: 1e-05
iteration: 26400 loss: 0.0004 scmap loss: 0.0004 locref loss: 0.0000 limb loss: 0.0000 lr: 1e-05
iteration: 26500 loss: 0.0004 scmap loss: 0.0004 locref loss: 0.0000 limb loss: 0.0000 lr: 1e-05
iteration: 26600 loss: 0.0004 scmap loss: 0.0004 locref loss: 0.0000 limb loss: 0.0000 lr: 1e-05
iteration: 26700 loss: 0.0004 scmap loss: 0.0003 locref loss: 0.0000 limb loss: 0.0000 lr: 1e-05
iteration: 26800 loss: 0.0004 scmap loss: 0.0003 locref loss: 0.0000 limb loss: 0.0000 lr: 1e-05
iteration: 26900 loss: 0.0004 scmap loss: 0.0003 locref loss: 0.0000 limb loss: 0.0000 lr: 1e-05
iteration: 27000 loss: 0.0004 scmap loss: 0.0004 locref loss: 0.0000 limb loss: 0.0000 lr: 1e-05
iteration: 27100 loss: 0.0004 scmap loss: 0.0004 locref loss: 0.0000 limb loss: 0.0000 lr: 1e-05
iteration: 27200 loss: 0.0004 scmap loss: 0.0004 locref loss: 0.0000 limb loss: 0.0000 lr: 1e-05
iteration: 27300 loss: 0.0004 scmap loss: 0.0003 locref loss: 0.0000 limb loss: 0.0000 lr: 1e-05
iteration: 27400 loss: 0.0004 scmap loss: 0.0004 locref loss: 0.0000 limb loss: 0.0000 lr: 1e-05
iteration: 27500 loss: 0.0004 scmap loss: 0.0004 locref loss: 0.0000 limb loss: 0.0000 lr: 1e-05
iteration: 27600 loss: 0.0004 scmap loss: 0.0004 locref loss: 0.0000 limb loss: 0.0000 lr: 1e-05
iteration: 27700 loss: 0.0004 scmap loss: 0.0003 locref loss: 0.0000 limb loss: 0.0000 lr: 1e-05
iteration: 27800 loss: 0.0004 scmap loss: 0.0003 locref loss: 0.0000 limb loss: 0.0000 lr: 1e-05
iteration: 27900 loss: 0.0004 scmap loss: 0.0004 locref loss: 0.0000 limb loss: 0.0000 lr: 1e-05
iteration: 28000 loss: 0.0004 scmap loss: 0.0004 locref loss: 0.0000 limb loss: 0.0000 lr: 1e-05
iteration: 28100 loss: 0.0003 scmap loss: 0.0003 locref loss: 0.0000 limb loss: 0.0000 lr: 1e-05
iteration: 28200 loss: 0.0004 scmap loss: 0.0003 locref loss: 0.0000 limb loss: 0.0000 lr: 1e-05
iteration: 28300 loss: 0.0004 scmap loss: 0.0003 locref loss: 0.0000 limb loss: 0.0000 lr: 1e-05
iteration: 28400 loss: 0.0004 scmap loss: 0.0004 locref loss: 0.0000 limb loss: 0.0000 lr: 1e-05
iteration: 28500 loss: 0.0004 scmap loss: 0.0003 locref loss: 0.0000 limb loss: 0.0000 lr: 1e-05
iteration: 28600 loss: 0.0004 scmap loss: 0.0003 locref loss: 0.0000 limb loss: 0.0000 lr: 1e-05
iteration: 28700 loss: 0.0004 scmap loss: 0.0003 locref loss: 0.0000 limb loss: 0.0000 lr: 1e-05
iteration: 28800 loss: 0.0004 scmap loss: 0.0004 locref loss: 0.0000 limb loss: 0.0000 lr: 1e-05
iteration: 28900 loss: 0.0004 scmap loss: 0.0004 locref loss: 0.0000 limb loss: 0.0000 lr: 1e-05
iteration: 29000 loss: 0.0004 scmap loss: 0.0004 locref loss: 0.0000 limb loss: 0.0000 lr: 1e-05
iteration: 29100 loss: 0.0004 scmap loss: 0.0004 locref loss: 0.0000 limb loss: 0.0000 lr: 1e-05
iteration: 29200 loss: 0.0004 scmap loss: 0.0004 locref loss: 0.0000 limb loss: 0.0000 lr: 1e-05
iteration: 29300 loss: 0.0004 scmap loss: 0.0003 locref loss: 0.0000 limb loss: 0.0000 lr: 1e-05
iteration: 29400 loss: 0.0003 scmap loss: 0.0003 locref loss: 0.0000 limb loss: 0.0000 lr: 1e-05
iteration: 29500 loss: 0.0003 scmap loss: 0.0003 locref loss: 0.0000 limb loss: 0.0000 lr: 1e-05
iteration: 29600 loss: 0.0004 scmap loss: 0.0003 locref loss: 0.0000 limb loss: 0.0000 lr: 1e-05
iteration: 29700 loss: 0.0004 scmap loss: 0.0004 locref loss: 0.0000 limb loss: 0.0000 lr: 1e-05
iteration: 29800 loss: 0.0004 scmap loss: 0.0004 locref loss: 0.0000 limb loss: 0.0000 lr: 1e-05
iteration: 29900 loss: 0.0004 scmap loss: 0.0004 locref loss: 0.0000 limb loss: 0.0000 lr: 1e-05
iteration: 30000 loss: 0.0004 scmap loss: 0.0004 locref loss: 0.0000 limb loss: 0.0000 lr: 1e-05
iteration: 30100 loss: 0.0004 scmap loss: 0.0004 locref loss: 0.0000 limb loss: 0.0000 lr: 1e-05
iteration: 30200 loss: 0.0004 scmap loss: 0.0003 locref loss: 0.0000 limb loss: 0.0000 lr: 1e-05
iteration: 30300 loss: 0.0003 scmap loss: 0.0003 locref loss: 0.0000 limb loss: 0.0000 lr: 1e-05
iteration: 30400 loss: 0.0004 scmap loss: 0.0004 locref loss: 0.0000 limb loss: 0.0000 lr: 1e-05
iteration: 30500 loss: 0.0004 scmap loss: 0.0003 locref loss: 0.0000 limb loss: 0.0000 lr: 1e-05
iteration: 30600 loss: 0.0004 scmap loss: 0.0004 locref loss: 0.0000 limb loss: 0.0000 lr: 1e-05
iteration: 30700 loss: 0.0004 scmap loss: 0.0003 locref loss: 0.0000 limb loss: 0.0000 lr: 1e-05
iteration: 30800 loss: 0.0003 scmap loss: 0.0003 locref loss: 0.0000 limb loss: 0.0000 lr: 1e-05
iteration: 30900 loss: 0.0004 scmap loss: 0.0004 locref loss: 0.0000 limb loss: 0.0000 lr: 1e-05
iteration: 31000 loss: 0.0004 scmap loss: 0.0004 locref loss: 0.0000 limb loss: 0.0000 lr: 1e-05
iteration: 31100 loss: 0.0004 scmap loss: 0.0004 locref loss: 0.0000 limb loss: 0.0000 lr: 1e-05
iteration: 31200 loss: 0.0004 scmap loss: 0.0004 locref loss: 0.0000 limb loss: 0.0000 lr: 1e-05
iteration: 31300 loss: 0.0004 scmap loss: 0.0004 locref loss: 0.0000 limb loss: 0.0000 lr: 1e-05
iteration: 31400 loss: 0.0003 scmap loss: 0.0003 locref loss: 0.0000 limb loss: 0.0000 lr: 1e-05
iteration: 31500 loss: 0.0004 scmap loss: 0.0004 locref loss: 0.0000 limb loss: 0.0000 lr: 1e-05
iteration: 31600 loss: 0.0003 scmap loss: 0.0003 locref loss: 0.0000 limb loss: 0.0000 lr: 1e-05
iteration: 31700 loss: 0.0004 scmap loss: 0.0004 locref loss: 0.0000 limb loss: 0.0000 lr: 1e-05
iteration: 31800 loss: 0.0004 scmap loss: 0.0004 locref loss: 0.0000 limb loss: 0.0000 lr: 1e-05
iteration: 31900 loss: 0.0003 scmap loss: 0.0003 locref loss: 0.0000 limb loss: 0.0000 lr: 1e-05
iteration: 32000 loss: 0.0004 scmap loss: 0.0004 locref loss: 0.0000 limb loss: 0.0000 lr: 1e-05
iteration: 32100 loss: 0.0004 scmap loss: 0.0003 locref loss: 0.0000 limb loss: 0.0000 lr: 1e-05
iteration: 32200 loss: 0.0004 scmap loss: 0.0003 locref loss: 0.0000 limb loss: 0.0000 lr: 1e-05
iteration: 32300 loss: 0.0004 scmap loss: 0.0004 locref loss: 0.0000 limb loss: 0.0000 lr: 1e-05
iteration: 32400 loss: 0.0004 scmap loss: 0.0004 locref loss: 0.0000 limb loss: 0.0000 lr: 1e-05
iteration: 32500 loss: 0.0003 scmap loss: 0.0003 locref loss: 0.0000 limb loss: 0.0000 lr: 1e-05
iteration: 32600 loss: 0.0004 scmap loss: 0.0004 locref loss: 0.0000 limb loss: 0.0000 lr: 1e-05
iteration: 32700 loss: 0.0004 scmap loss: 0.0003 locref loss: 0.0000 limb loss: 0.0000 lr: 1e-05
iteration: 32800 loss: 0.0004 scmap loss: 0.0003 locref loss: 0.0000 limb loss: 0.0000 lr: 1e-05
iteration: 32900 loss: 0.0004 scmap loss: 0.0004 locref loss: 0.0000 limb loss: 0.0000 lr: 1e-05
iteration: 33000 loss: 0.0003 scmap loss: 0.0003 locref loss: 0.0000 limb loss: 0.0000 lr: 1e-05
iteration: 33100 loss: 0.0003 scmap loss: 0.0003 locref loss: 0.0000 limb loss: 0.0000 lr: 1e-05
iteration: 33200 loss: 0.0003 scmap loss: 0.0003 locref loss: 0.0000 limb loss: 0.0000 lr: 1e-05
iteration: 33300 loss: 0.0004 scmap loss: 0.0003 locref loss: 0.0000 limb loss: 0.0000 lr: 1e-05
iteration: 33400 loss: 0.0003 scmap loss: 0.0003 locref loss: 0.0000 limb loss: 0.0000 lr: 1e-05
iteration: 33500 loss: 0.0003 scmap loss: 0.0003 locref loss: 0.0000 limb loss: 0.0000 lr: 1e-05
iteration: 33600 loss: 0.0004 scmap loss: 0.0004 locref loss: 0.0000 limb loss: 0.0000 lr: 1e-05
iteration: 33700 loss: 0.0004 scmap loss: 0.0003 locref loss: 0.0000 limb loss: 0.0000 lr: 1e-05
iteration: 33800 loss: 0.0004 scmap loss: 0.0003 locref loss: 0.0000 limb loss: 0.0000 lr: 1e-05
iteration: 33900 loss: 0.0004 scmap loss: 0.0004 locref loss: 0.0000 limb loss: 0.0000 lr: 1e-05
iteration: 34000 loss: 0.0003 scmap loss: 0.0003 locref loss: 0.0000 limb loss: 0.0000 lr: 1e-05
iteration: 34100 loss: 0.0004 scmap loss: 0.0003 locref loss: 0.0000 limb loss: 0.0000 lr: 1e-05
iteration: 34200 loss: 0.0003 scmap loss: 0.0003 locref loss: 0.0000 limb loss: 0.0000 lr: 1e-05
iteration: 34300 loss: 0.0004 scmap loss: 0.0004 locref loss: 0.0000 limb loss: 0.0000 lr: 1e-05
iteration: 34400 loss: 0.0004 scmap loss: 0.0004 locref loss: 0.0000 limb loss: 0.0000 lr: 1e-05
iteration: 34500 loss: 0.0003 scmap loss: 0.0003 locref loss: 0.0000 limb loss: 0.0000 lr: 1e-05
iteration: 34600 loss: 0.0004 scmap loss: 0.0003 locref loss: 0.0000 limb loss: 0.0000 lr: 1e-05
iteration: 34700 loss: 0.0003 scmap loss: 0.0003 locref loss: 0.0000 limb loss: 0.0000 lr: 1e-05
iteration: 34800 loss: 0.0004 scmap loss: 0.0004 locref loss: 0.0000 limb loss: 0.0000 lr: 1e-05
iteration: 34900 loss: 0.0004 scmap loss: 0.0004 locref loss: 0.0000 limb loss: 0.0000 lr: 1e-05
iteration: 35000 loss: 0.0004 scmap loss: 0.0003 locref loss: 0.0000 limb loss: 0.0000 lr: 1e-05
iteration: 35100 loss: 0.0003 scmap loss: 0.0003 locref loss: 0.0000 limb loss: 0.0000 lr: 1e-05
iteration: 35200 loss: 0.0004 scmap loss: 0.0003 locref loss: 0.0000 limb loss: 0.0000 lr: 1e-05
iteration: 35300 loss: 0.0004 scmap loss: 0.0003 locref loss: 0.0000 limb loss: 0.0000 lr: 1e-05
iteration: 35400 loss: 0.0003 scmap loss: 0.0003 locref loss: 0.0000 limb loss: 0.0000 lr: 1e-05
iteration: 35500 loss: 0.0003 scmap loss: 0.0003 locref loss: 0.0000 limb loss: 0.0000 lr: 1e-05
iteration: 35600 loss: 0.0003 scmap loss: 0.0003 locref loss: 0.0000 limb loss: 0.0000 lr: 1e-05
iteration: 35700 loss: 0.0004 scmap loss: 0.0003 locref loss: 0.0000 limb loss: 0.0000 lr: 1e-05
iteration: 35800 loss: 0.0004 scmap loss: 0.0003 locref loss: 0.0000 limb loss: 0.0000 lr: 1e-05
iteration: 35900 loss: 0.0003 scmap loss: 0.0003 locref loss: 0.0000 limb loss: 0.0000 lr: 1e-05
iteration: 36000 loss: 0.0003 scmap loss: 0.0003 locref loss: 0.0000 limb loss: 0.0000 lr: 1e-05
iteration: 36100 loss: 0.0004 scmap loss: 0.0004 locref loss: 0.0000 limb loss: 0.0000 lr: 1e-05
iteration: 36200 loss: 0.0004 scmap loss: 0.0004 locref loss: 0.0000 limb loss: 0.0000 lr: 1e-05
iteration: 36300 loss: 0.0004 scmap loss: 0.0003 locref loss: 0.0000 limb loss: 0.0000 lr: 1e-05
iteration: 36400 loss: 0.0003 scmap loss: 0.0003 locref loss: 0.0000 limb loss: 0.0000 lr: 1e-05
iteration: 36500 loss: 0.0003 scmap loss: 0.0003 locref loss: 0.0000 limb loss: 0.0000 lr: 1e-05
iteration: 36600 loss: 0.0004 scmap loss: 0.0003 locref loss: 0.0000 limb loss: 0.0000 lr: 1e-05
iteration: 36700 loss: 0.0003 scmap loss: 0.0003 locref loss: 0.0000 limb loss: 0.0000 lr: 1e-05
iteration: 36800 loss: 0.0003 scmap loss: 0.0003 locref loss: 0.0000 limb loss: 0.0000 lr: 1e-05
iteration: 36900 loss: 0.0003 scmap loss: 0.0003 locref loss: 0.0000 limb loss: 0.0000 lr: 1e-05
iteration: 37000 loss: 0.0003 scmap loss: 0.0003 locref loss: 0.0000 limb loss: 0.0000 lr: 1e-05
iteration: 37100 loss: 0.0003 scmap loss: 0.0003 locref loss: 0.0000 limb loss: 0.0000 lr: 1e-05
iteration: 37200 loss: 0.0003 scmap loss: 0.0003 locref loss: 0.0000 limb loss: 0.0000 lr: 1e-05
iteration: 37300 loss: 0.0004 scmap loss: 0.0004 locref loss: 0.0000 limb loss: 0.0000 lr: 1e-05
iteration: 37400 loss: 0.0004 scmap loss: 0.0003 locref loss: 0.0000 limb loss: 0.0000 lr: 1e-05
iteration: 37500 loss: 0.0004 scmap loss: 0.0003 locref loss: 0.0000 limb loss: 0.0000 lr: 1e-05
iteration: 37600 loss: 0.0003 scmap loss: 0.0003 locref loss: 0.0000 limb loss: 0.0000 lr: 1e-05
iteration: 37700 loss: 0.0003 scmap loss: 0.0003 locref loss: 0.0000 limb loss: 0.0000 lr: 1e-05
iteration: 37800 loss: 0.0004 scmap loss: 0.0003 locref loss: 0.0000 limb loss: 0.0000 lr: 1e-05
iteration: 37900 loss: 0.0003 scmap loss: 0.0003 locref loss: 0.0000 limb loss: 0.0000 lr: 1e-05
iteration: 38000 loss: 0.0004 scmap loss: 0.0003 locref loss: 0.0000 limb loss: 0.0000 lr: 1e-05
iteration: 38100 loss: 0.0004 scmap loss: 0.0003 locref loss: 0.0000 limb loss: 0.0000 lr: 1e-05
iteration: 38200 loss: 0.0003 scmap loss: 0.0003 locref loss: 0.0000 limb loss: 0.0000 lr: 1e-05
iteration: 38300 loss: 0.0004 scmap loss: 0.0003 locref loss: 0.0000 limb loss: 0.0000 lr: 1e-05
iteration: 38400 loss: 0.0003 scmap loss: 0.0003 locref loss: 0.0000 limb loss: 0.0000 lr: 1e-05
iteration: 38500 loss: 0.0004 scmap loss: 0.0003 locref loss: 0.0000 limb loss: 0.0000 lr: 1e-05
iteration: 38600 loss: 0.0004 scmap loss: 0.0003 locref loss: 0.0000 limb loss: 0.0000 lr: 1e-05
iteration: 38700 loss: 0.0003 scmap loss: 0.0003 locref loss: 0.0000 limb loss: 0.0000 lr: 1e-05
iteration: 38800 loss: 0.0004 scmap loss: 0.0003 locref loss: 0.0000 limb loss: 0.0000 lr: 1e-05
iteration: 38900 loss: 0.0003 scmap loss: 0.0003 locref loss: 0.0000 limb loss: 0.0000 lr: 1e-05
iteration: 39000 loss: 0.0003 scmap loss: 0.0003 locref loss: 0.0000 limb loss: 0.0000 lr: 1e-05
iteration: 39100 loss: 0.0004 scmap loss: 0.0003 locref loss: 0.0000 limb loss: 0.0000 lr: 1e-05
iteration: 39200 loss: 0.0003 scmap loss: 0.0003 locref loss: 0.0000 limb loss: 0.0000 lr: 1e-05
iteration: 39300 loss: 0.0003 scmap loss: 0.0003 locref loss: 0.0000 limb loss: 0.0000 lr: 1e-05
iteration: 39400 loss: 0.0004 scmap loss: 0.0004 locref loss: 0.0000 limb loss: 0.0000 lr: 1e-05
iteration: 39500 loss: 0.0003 scmap loss: 0.0003 locref loss: 0.0000 limb loss: 0.0000 lr: 1e-05
iteration: 39600 loss: 0.0003 scmap loss: 0.0003 locref loss: 0.0000 limb loss: 0.0000 lr: 1e-05
iteration: 39700 loss: 0.0003 scmap loss: 0.0003 locref loss: 0.0000 limb loss: 0.0000 lr: 1e-05
iteration: 39800 loss: 0.0003 scmap loss: 0.0003 locref loss: 0.0000 limb loss: 0.0000 lr: 1e-05
iteration: 39900 loss: 0.0004 scmap loss: 0.0004 locref loss: 0.0000 limb loss: 0.0000 lr: 1e-05
iteration: 40000 loss: 0.0004 scmap loss: 0.0003 locref loss: 0.0000 limb loss: 0.0000 lr: 1e-05
2022-07-13 21:21:44.549473: W tensorflow/core/kernels/queue_base.cc:277] _0_fifo_queue: Skipping cancelled enqueue attempt with queue not closed
Exception in thread Thread-1:
Traceback (most recent call last):
  File "/home/xp2027/.local/lib/python3.9/site-packages/tensorflow/python/client/session.py", line 1377, in _do_call
    return fn(*args)
  File "/home/xp2027/.local/lib/python3.9/site-packages/tensorflow/python/client/session.py", line 1360, in _run_fn
    return self._call_tf_sessionrun(options, feed_dict, fetch_list,
  File "/home/xp2027/.local/lib/python3.9/site-packages/tensorflow/python/client/session.py", line 1453, in _call_tf_sessionrun
    return tf_session.TF_SessionRun_wrapper(self._session, options, feed_dict,
tensorflow.python.framework.errors_impl.CancelledError: Enqueue operation was cancelled
	 [[{{node fifo_queue_enqueue}}]]

During handling of the above exception, another exception occurred:

Traceback (most recent call last):
  File "/ext3/miniconda3/lib/python3.9/threading.py", line 973, in _bootstrap_inner
    self.run()
  File "/ext3/miniconda3/lib/python3.9/threading.py", line 910, in run
    self._target(*self._args, **self._kwargs)
  File "/home/xp2027/.local/lib/python3.9/site-packages/deeplabcut/pose_estimation_tensorflow/core/train.py", line 83, in load_and_enqueue
    sess.run(enqueue_op, feed_dict=food)
  File "/home/xp2027/.local/lib/python3.9/site-packages/tensorflow/python/client/session.py", line 967, in run
    result = self._run(None, fetches, feed_dict, options_ptr,
  File "/home/xp2027/.local/lib/python3.9/site-packages/tensorflow/python/client/session.py", line 1190, in _run
    results = self._do_run(handle, final_targets, final_fetches,
  File "/home/xp2027/.local/lib/python3.9/site-packages/tensorflow/python/client/session.py", line 1370, in _do_run
    return self._do_call(_run_fn, feeds, fetches, targets, options,
  File "/home/xp2027/.local/lib/python3.9/site-packages/tensorflow/python/client/session.py", line 1396, in _do_call
    raise type(e)(node_def, op, message)  # pylint: disable=no-value-for-parameter
tensorflow.python.framework.errors_impl.CancelledError: Graph execution error:

Detected at node 'fifo_queue_enqueue' defined at (most recent call last):
    File "/scratch/xp2027/lab_29_PkPpAllCh/dlc_2.py", line 16, in <module>
      deeplabcut.train_network(path_config_file, shuffle=1, displayiters=100, saveiters=2000, maxiters=40000)
    File "/home/xp2027/.local/lib/python3.9/site-packages/deeplabcut/pose_estimation_tensorflow/training.py", line 194, in train_network
      train(
    File "/home/xp2027/.local/lib/python3.9/site-packages/deeplabcut/pose_estimation_tensorflow/core/train_multianimal.py", line 66, in train
      batch, enqueue_op, placeholders = setup_preloading(batch_spec)
    File "/home/xp2027/.local/lib/python3.9/site-packages/deeplabcut/pose_estimation_tensorflow/core/train.py", line 69, in setup_preloading
      enqueue_op = q.enqueue(placeholders_list)
Node: 'fifo_queue_enqueue'
Enqueue operation was cancelled
	 [[{{node fifo_queue_enqueue}}]]

Original stack trace for 'fifo_queue_enqueue':
  File "/scratch/xp2027/lab_29_PkPpAllCh/dlc_2.py", line 16, in <module>
    deeplabcut.train_network(path_config_file, shuffle=1, displayiters=100, saveiters=2000, maxiters=40000)
  File "/home/xp2027/.local/lib/python3.9/site-packages/deeplabcut/pose_estimation_tensorflow/training.py", line 194, in train_network
    train(
  File "/home/xp2027/.local/lib/python3.9/site-packages/deeplabcut/pose_estimation_tensorflow/core/train_multianimal.py", line 66, in train
    batch, enqueue_op, placeholders = setup_preloading(batch_spec)
  File "/home/xp2027/.local/lib/python3.9/site-packages/deeplabcut/pose_estimation_tensorflow/core/train.py", line 69, in setup_preloading
    enqueue_op = q.enqueue(placeholders_list)
  File "/home/xp2027/.local/lib/python3.9/site-packages/tensorflow/python/ops/data_flow_ops.py", line 347, in enqueue
    return gen_data_flow_ops.queue_enqueue_v2(
  File "/home/xp2027/.local/lib/python3.9/site-packages/tensorflow/python/ops/gen_data_flow_ops.py", line 4063, in queue_enqueue_v2
    _, _, _op, _outputs = _op_def_library._apply_op_helper(
  File "/home/xp2027/.local/lib/python3.9/site-packages/tensorflow/python/framework/op_def_library.py", line 740, in _apply_op_helper
    op = g._create_op_internal(op_type_name, inputs, dtypes=None,
  File "/home/xp2027/.local/lib/python3.9/site-packages/tensorflow/python/framework/ops.py", line 3776, in _create_op_internal
    ret = Operation(
  File "/home/xp2027/.local/lib/python3.9/site-packages/tensorflow/python/framework/ops.py", line 2175, in __init__
    self._traceback = tf_stack.extract_stack_for_node(self._c_op)

Config:
{'all_joints': [[0], [1], [2], [3], [4], [5], [6], [7], [8], [9], [10]],
 'all_joints_names': ['bodypart1',
                      'bodypart2',
                      'bodypart3',
                      'bodypart4',
                      'bodypart5',
                      'bodypart6',
                      'bodypart7',
                      'bodypart8',
                      'bodypart9',
                      'bodypart10',
                      'bodypart11'],
 'batch_size': 1,
 'crop_pad': 0,
 'dataset': 'training-datasets/iteration-0/UnaugmentedDataSet_PkPpEnetCh02Jun24/PkPpEnetCh02_Chen85shuffle1.pickle',
 'dataset_type': 'multi-animal-imgaug',
 'deterministic': False,
 'fg_fraction': 0.25,
 'global_scale': 0.8,
 'init_weights': '/home/xp2027/.local/lib/python3.9/site-packages/deeplabcut/pose_estimation_tensorflow/models/pretrained/mobilenet_v2_1.0_224.ckpt',
 'intermediate_supervision': False,
 'intermediate_supervision_layer': 12,
 'location_refinement': True,
 'locref_huber_loss': True,
 'locref_loss_weight': 1.0,
 'locref_smooth': False,
 'locref_stdev': 7.2801,
 'log_dir': 'log',
 'mean_pixel': [123.68, 116.779, 103.939],
 'minconfidence': 0.01,
 'mirror': False,
 'multi_stage': False,
 'net_type': 'mobilenet_v2_1.0',
 'nmsradius': 5.0,
 'num_idchannel': 0,
 'num_joints': 11,
 'num_limbs': 55,
 'optimizer': 'sgd',
 'pairwise_huber_loss': True,
 'pairwise_predict': False,
 'partaffinityfield_graph': [[0, 1],
                             [0, 2],
                             [0, 3],
                             [0, 4],
                             [0, 5],
                             [0, 6],
                             [0, 7],
                             [0, 8],
                             [0, 9],
                             [0, 10],
                             [1, 2],
                             [1, 3],
                             [1, 4],
                             [1, 5],
                             [1, 6],
                             [1, 7],
                             [1, 8],
                             [1, 9],
                             [1, 10],
                             [2, 3],
                             [2, 4],
                             [2, 5],
                             [2, 6],
                             [2, 7],
                             [2, 8],
                             [2, 9],
                             [2, 10],
                             [3, 4],
                             [3, 5],
                             [3, 6],
                             [3, 7],
                             [3, 8],
                             [3, 9],
                             [3, 10],
                             [4, 5],
                             [4, 6],
                             [4, 7],
                             [4, 8],
                             [4, 9],
                             [4, 10],
                             [5, 6],
                             [5, 7],
                             [5, 8],
                             [5, 9],
                             [5, 10],
                             [6, 7],
                             [6, 8],
                             [6, 9],
                             [6, 10],
                             [7, 8],
                             [7, 9],
                             [7, 10],
                             [8, 9],
                             [8, 10],
                             [9, 10]],
 'partaffinityfield_predict': True,
 'regularize': False,
 'scoremap_dir': 'test',
 'shuffle': True,
 'sigma': 1,
 'snapshot_prefix': '/scratch/xp2027/lab_29_PkPpAllCh/PkPpEnetCh01/dlc-models/iteration-0/PkPpEnetCh02Jun24-trainset85shuffle1/test/snapshot',
 'stride': 8.0,
 'weigh_negatives': False,
 'weigh_only_present_joints': False,
 'weigh_part_predictions': False,
 'weight_decay': 0.0001}
/home/xp2027/.local/lib/python3.9/site-packages/tensorflow/python/keras/engine/base_layer_v1.py:1694: UserWarning: `layer.apply` is deprecated and will be removed in a future version. Please use `layer.__call__` method instead.
  warnings.warn('`layer.apply` is deprecated and '
/home/xp2027/.local/lib/python3.9/site-packages/tf_slim/layers/layers.py:684: UserWarning: `layer.apply` is deprecated and will be removed in a future version. Please use `layer.__call__` method instead.
  outputs = layer.apply(inputs, training=is_training)
2022-07-13 21:22:07.045451: I tensorflow/core/common_runtime/gpu/gpu_device.cc:1525] Created device /job:localhost/replica:0/task:0/device:GPU:0 with 78953 MB memory:  -> device: 0, name: NVIDIA A100-SXM4-80GB, pci bus id: 0000:ca:00.0, compute capability: 8.0
Loading DLC 2.2.1.1...
DLC loaded in light mode; you cannot use any GUI (labeling, relabeling and standalone GUI)
Selecting multi-animal trainer
Activating limb prediction...
Batch Size is 8
Getting specs multi-animal-imgaug 55 11
Loading ImageNet-pretrained mobilenet_v2_1.0
Max_iters overwritten as 40000
Display_iters overwritten as 100
Save_iters overwritten as 2000
Training parameters:
{'stride': 8.0, 'weigh_part_predictions': False, 'weigh_negatives': False, 'fg_fraction': 0.25, 'mean_pixel': [123.68, 116.779, 103.939], 'shuffle': True, 'snapshot_prefix': '/scratch/xp2027/lab_29_PkPpAllCh/PkPpEnetCh01/dlc-models/iteration-0/PkPpEnetCh02Jun24-trainset85shuffle1/train/snapshot', 'log_dir': 'log', 'global_scale': 0.8, 'location_refinement': True, 'locref_stdev': 7.2801, 'locref_loss_weight': 0.05, 'locref_huber_loss': True, 'optimizer': 'adam', 'intermediate_supervision': False, 'intermediate_supervision_layer': 12, 'regularize': False, 'weight_decay': 0.0001, 'crop_pad': 0, 'scoremap_dir': 'test', 'batch_size': 8, 'dataset_type': 'multi-animal-imgaug', 'deterministic': False, 'mirror': False, 'pairwise_huber_loss': False, 'weigh_only_present_joints': False, 'partaffinityfield_predict': True, 'pairwise_predict': True, 'all_joints': [[0], [1], [2], [3], [4], [5], [6], [7], [8], [9], [10]], 'all_joints_names': ['bodypart1', 'bodypart2', 'bodypart3', 'bodypart4', 'bodypart5', 'bodypart6', 'bodypart7', 'bodypart8', 'bodypart9', 'bodypart10', 'bodypart11'], 'alpha_r': 0.02, 'apply_prob': 0.5, 'clahe': True, 'claheratio': 0.1, 'crop_sampling': 'hybrid', 'crop_size': [400, 400], 'cropratio': 0.4, 'dataset': 'training-datasets/iteration-0/UnaugmentedDataSet_PkPpEnetCh02Jun24/PkPpEnetCh02_Chen85shuffle1.pickle', 'decay_steps': 30000, 'display_iters': 500, 'edge': False, 'emboss': {'alpha': [0.0, 1.0], 'embossratio': 0.1, 'strength': [0.5, 1.5]}, 'histeq': True, 'histeqratio': 0.1, 'init_weights': '/home/xp2027/.local/lib/python3.9/site-packages/deeplabcut/pose_estimation_tensorflow/models/pretrained/mobilenet_v2_1.0_224.ckpt', 'lr_init': 0.0005, 'max_input_size': 1500, 'max_shift': 0.4, 'metadataset': 'training-datasets/iteration-0/UnaugmentedDataSet_PkPpEnetCh02Jun24/Documentation_data-PkPpEnetCh02_85shuffle1.pickle', 'min_input_size': 64, 'multi_stage': False, 'multi_step': [[0.0001, 7500], [5e-05, 12000], [1e-05, 200000]], 'net_type': 'mobilenet_v2_1.0', 'num_idchannel': 0, 'num_joints': 11, 'num_limbs': 55, 'pafwidth': 20, 'pairwise_loss_weight': 0.1, 'partaffinityfield_graph': [[0, 1], [0, 2], [0, 3], [0, 4], [0, 5], [0, 6], [0, 7], [0, 8], [0, 9], [0, 10], [1, 2], [1, 3], [1, 4], [1, 5], [1, 6], [1, 7], [1, 8], [1, 9], [1, 10], [2, 3], [2, 4], [2, 5], [2, 6], [2, 7], [2, 8], [2, 9], [2, 10], [3, 4], [3, 5], [3, 6], [3, 7], [3, 8], [3, 9], [3, 10], [4, 5], [4, 6], [4, 7], [4, 8], [4, 9], [4, 10], [5, 6], [5, 7], [5, 8], [5, 9], [5, 10], [6, 7], [6, 8], [6, 9], [6, 10], [7, 8], [7, 9], [7, 10], [8, 9], [8, 10], [9, 10]], 'pos_dist_thresh': 17, 'pre_resize': [], 'project_path': '/scratch/xp2027/lab_29_PkPpAllCh/PkPpEnetCh01', 'rotation': 25, 'rotratio': 0.4, 'save_iters': 10000, 'scale_jitter_lo': 0.5, 'scale_jitter_up': 1.25, 'sharpen': False, 'sharpenratio': 0.3}
Starting multi-animal training....
The network is now trained and ready to evaluate. Use the function 'evaluate_network' to evaluate the network.
Running  DLC_mobnet_100_PkPpEnetCh02Jun24shuffle1_40000  with # of trainingiterations: 40000
Activating extracting of PAFs
Network Evaluation underway...
0it [00:00, ?it/s]1it [00:17, 17.70s/it]2it [00:33, 16.29s/it]3it [00:49, 16.49s/it]4it [01:06, 16.63s/it]5it [01:23, 16.71s/it]6it [01:38, 16.06s/it]7it [01:52, 15.61s/it]8it [02:09, 16.00s/it]9it [02:26, 16.25s/it]10it [02:27, 11.48s/it]11it [02:28,  8.20s/it]12it [02:28,  5.95s/it]13it [02:29,  4.39s/it]14it [02:30,  3.29s/it]15it [02:38,  4.74s/it]16it [02:45,  5.48s/it]17it [02:52,  5.95s/it]18it [02:59,  6.17s/it]19it [03:05,  6.21s/it]20it [03:11,  6.18s/it]21it [03:17,  6.15s/it]22it [03:24,  6.19s/it]23it [03:30,  6.28s/it]24it [03:36,  6.20s/it]25it [03:42,  6.18s/it]26it [03:49,  6.28s/it]27it [03:54,  6.06s/it]28it [03:58,  5.45s/it]29it [04:03,  5.03s/it]30it [04:06,  4.71s/it]31it [04:10,  4.45s/it]32it [04:14,  4.21s/it]33it [04:18,  4.00s/it]34it [04:20,  3.44s/it]35it [04:21,  2.68s/it]36it [04:22,  2.23s/it]37it [04:25,  2.51s/it]38it [04:28,  2.68s/it]39it [04:31,  2.81s/it]40it [04:34,  2.90s/it]41it [04:37,  2.96s/it]42it [04:40,  3.01s/it]43it [04:44,  3.09s/it]44it [04:47,  3.17s/it]45it [04:50,  3.18s/it]46it [04:53,  3.15s/it]47it [04:57,  3.27s/it]48it [05:00,  3.33s/it]49it [05:03,  3.27s/it]50it [05:07,  3.30s/it]51it [05:10,  3.33s/it]51it [05:10,  6.09s/it]
Results for 40000 training iterations, training fraction of 85, and shuffle 1:
Train error: 6.14 pixels. Test error: 13.33 pixels.
With pcutoff of 0.8:
Train error: 6.14 pixels. Test error: 11.93 pixels.
##########################################
Average Euclidean distance to GT per individual (in pixels; test-only)
individuals
individual1    12.269835
Average Euclidean distance to GT per bodypart (in pixels; test-only)
bodyparts
bodypart1     11.877961
bodypart10     9.937092
bodypart11    10.302859
bodypart2     10.183553
bodypart3     14.331735
bodypart4     19.804186
bodypart5     13.215862
bodypart6     10.790725
bodypart7      7.631290
bodypart8     12.141772
bodypart9     12.111742
Done and results stored for snapshot:  snapshot-40000
Selecting best skeleton...
Graph 1|10
  0%|          | 0/51 [00:00<?, ?it/s]100%|| 51/51 [00:00<00:00, 544.99it/s]
  0%|          | 0/43 [00:00<?, ?it/s]100%|| 43/43 [00:00<00:00, 9767.93it/s]
  0%|          | 0/8 [00:00<?, ?it/s]100%|| 8/8 [00:00<00:00, 9051.64it/s]
  0%|          | 0/51 [00:00<?, ?it/s]100%|| 51/51 [00:00<00:00, 70550.63it/s]
Graph 2|10
  0%|          | 0/51 [00:00<?, ?it/s]100%|| 51/51 [00:00<00:00, 639.63it/s]
  0%|          | 0/43 [00:00<?, ?it/s]100%|| 43/43 [00:00<00:00, 9903.63it/s]
  0%|          | 0/8 [00:00<?, ?it/s]100%|| 8/8 [00:00<00:00, 9754.20it/s]
  0%|          | 0/51 [00:00<?, ?it/s]100%|| 51/51 [00:00<00:00, 70341.83it/s]
Graph 3|10
  0%|          | 0/51 [00:00<?, ?it/s]100%|| 51/51 [00:00<00:00, 560.25it/s]
  0%|          | 0/43 [00:00<?, ?it/s]100%|| 43/43 [00:00<00:00, 9894.40it/s]
  0%|          | 0/8 [00:00<?, ?it/s]100%|| 8/8 [00:00<00:00, 9791.20it/s]
  0%|          | 0/51 [00:00<?, ?it/s]100%|| 51/51 [00:00<00:00, 71517.72it/s]
Graph 4|10
  0%|          | 0/51 [00:00<?, ?it/s]100%|| 51/51 [00:00<00:00, 635.02it/s]
  0%|          | 0/43 [00:00<?, ?it/s]100%|| 43/43 [00:00<00:00, 9902.55it/s]
  0%|          | 0/8 [00:00<?, ?it/s]100%|| 8/8 [00:00<00:00, 9737.21it/s]
  0%|          | 0/51 [00:00<?, ?it/s]100%|| 51/51 [00:00<00:00, 70784.08it/s]
Graph 5|10
  0%|          | 0/51 [00:00<?, ?it/s]  2%|         | 1/51 [00:00<00:06,  8.03it/s]100%|| 51/51 [00:00<00:00, 408.66it/s]
  0%|          | 0/43 [00:00<?, ?it/s]100%|| 43/43 [00:00<00:00, 9929.26it/s]
  0%|          | 0/8 [00:00<?, ?it/s]100%|| 8/8 [00:00<00:00, 9848.67it/s]
  0%|          | 0/51 [00:00<?, ?it/s]100%|| 51/51 [00:00<00:00, 70388.12it/s]
Graph 6|10
  0%|          | 0/51 [00:00<?, ?it/s]  2%|         | 1/51 [00:00<00:07,  6.28it/s]100%|| 51/51 [00:00<00:00, 319.63it/s]
  0%|          | 0/43 [00:00<?, ?it/s]100%|| 43/43 [00:00<00:00, 9871.11it/s]
  0%|          | 0/8 [00:00<?, ?it/s]100%|| 8/8 [00:00<00:00, 9794.05it/s]
  0%|          | 0/51 [00:00<?, ?it/s]100%|| 51/51 [00:00<00:00, 70901.39it/s]
Graph 7|10
  0%|          | 0/51 [00:00<?, ?it/s]100%|| 51/51 [00:00<00:00, 623.50it/s]
  0%|          | 0/43 [00:00<?, ?it/s]100%|| 43/43 [00:00<00:00, 9873.81it/s]
  0%|          | 0/8 [00:00<?, ?it/s]100%|| 8/8 [00:00<00:00, 9681.02it/s]
  0%|          | 0/51 [00:00<?, ?it/s]100%|| 51/51 [00:00<00:00, 71303.17it/s]
Graph 8|10
  0%|          | 0/51 [00:00<?, ?it/s]100%|| 51/51 [00:00<00:00, 605.17it/s]
  0%|          | 0/43 [00:00<?, ?it/s]100%|| 43/43 [00:00<00:00, 9947.33it/s]
  0%|          | 0/8 [00:00<?, ?it/s]100%|| 8/8 [00:00<00:00, 9433.35it/s]
  0%|          | 0/51 [00:00<?, ?it/s]100%|| 51/51 [00:00<00:00, 70457.68it/s]
Graph 9|10
  0%|          | 0/51 [00:00<?, ?it/s]100%|| 51/51 [00:00<00:00, 534.82it/s]
  0%|          | 0/43 [00:00<?, ?it/s]100%|| 43/43 [00:00<00:00, 9979.25it/s]
  0%|          | 0/8 [00:00<?, ?it/s]100%|| 8/8 [00:00<00:00, 9857.35it/s]
  0%|          | 0/51 [00:00<?, ?it/s]100%|| 51/51 [00:00<00:00, 71326.94it/s]
Graph 10|10
  0%|          | 0/51 [00:00<?, ?it/s]  2%|         | 1/51 [00:00<00:05,  8.43it/s]100%|| 51/51 [00:00<00:00, 429.01it/s]
  0%|          | 0/43 [00:00<?, ?it/s]100%|| 43/43 [00:00<00:00, 9907.99it/s]
  0%|          | 0/8 [00:00<?, ?it/s]100%|| 8/8 [00:00<00:00, 9751.36it/s]
  0%|          | 0/51 [00:00<?, ?it/s]100%|| 51/51 [00:00<00:00, 68670.79it/s]
Config:
{'all_joints': [[0], [1], [2], [3], [4], [5], [6], [7], [8], [9], [10]],
 'all_joints_names': ['bodypart1',
                      'bodypart2',
                      'bodypart3',
                      'bodypart4',
                      'bodypart5',
                      'bodypart6',
                      'bodypart7',
                      'bodypart8',
                      'bodypart9',
                      'bodypart10',
                      'bodypart11'],
 'batch_size': 1,
 'crop_pad': 0,
 'dataset': 'training-datasets/iteration-0/UnaugmentedDataSet_PkPpEnetCh02Jun24/PkPpEnetCh02_Chen85shuffle1.pickle',
 'dataset_type': 'multi-animal-imgaug',
 'deterministic': False,
 'fg_fraction': 0.25,
 'global_scale': 0.8,
 'init_weights': '/home/xp2027/.local/lib/python3.9/site-packages/deeplabcut/pose_estimation_tensorflow/models/pretrained/mobilenet_v2_1.0_224.ckpt',
 'intermediate_supervision': False,
 'intermediate_supervision_layer': 12,
 'location_refinement': True,
 'locref_huber_loss': True,
 'locref_loss_weight': 1.0,
 'locref_smooth': False,
 'locref_stdev': 7.2801,
 'log_dir': 'log',
 'mean_pixel': [123.68, 116.779, 103.939],
 'minconfidence': 0.01,
 'mirror': False,
 'multi_stage': False,
 'net_type': 'mobilenet_v2_1.0',
 'nmsradius': 5.0,
 'num_idchannel': 0,
 'num_joints': 11,
 'num_limbs': 55,
 'optimizer': 'sgd',
 'paf_best': [54,
              0,
              10,
              27,
              49,
              52,
              19,
              34,
              40,
              45,
              53,
              1,
              50,
              11,
              46,
              35,
              28,
              20,
              41,
              2,
              51,
              47,
              22,
              29,
              42,
              12,
              13,
              14,
              48,
              8,
              9,
              16,
              7,
              6,
              5,
              4,
              3,
              15,
              24,
              17,
              18,
              21,
              23,
              25,
              30,
              31,
              32,
              33,
              36,
              37,
              38,
              39,
              43,
              44,
              26],
 'pairwise_huber_loss': True,
 'pairwise_predict': False,
 'partaffinityfield_graph': [[0, 1],
                             [0, 2],
                             [0, 3],
                             [0, 4],
                             [0, 5],
                             [0, 6],
                             [0, 7],
                             [0, 8],
                             [0, 9],
                             [0, 10],
                             [1, 2],
                             [1, 3],
                             [1, 4],
                             [1, 5],
                             [1, 6],
                             [1, 7],
                             [1, 8],
                             [1, 9],
                             [1, 10],
                             [2, 3],
                             [2, 4],
                             [2, 5],
                             [2, 6],
                             [2, 7],
                             [2, 8],
                             [2, 9],
                             [2, 10],
                             [3, 4],
                             [3, 5],
                             [3, 6],
                             [3, 7],
                             [3, 8],
                             [3, 9],
                             [3, 10],
                             [4, 5],
                             [4, 6],
                             [4, 7],
                             [4, 8],
                             [4, 9],
                             [4, 10],
                             [5, 6],
                             [5, 7],
                             [5, 8],
                             [5, 9],
                             [5, 10],
                             [6, 7],
                             [6, 8],
                             [6, 9],
                             [6, 10],
                             [7, 8],
                             [7, 9],
                             [7, 10],
                             [8, 9],
                             [8, 10],
                             [9, 10]],
 'partaffinityfield_predict': True,
 'regularize': False,
 'scoremap_dir': 'test',
 'shuffle': True,
 'sigma': 1,
 'snapshot_prefix': '/scratch/xp2027/lab_29_PkPpAllCh/PkPpEnetCh01/dlc-models/iteration-0/PkPpEnetCh02Jun24-trainset85shuffle1/test/snapshot',
 'stride': 8.0,
 'weigh_negatives': False,
 'weigh_only_present_joints': False,
 'weigh_part_predictions': False,
 'weight_decay': 0.0001}
/home/xp2027/.local/lib/python3.9/site-packages/tensorflow/python/keras/engine/base_layer_v1.py:1694: UserWarning: `layer.apply` is deprecated and will be removed in a future version. Please use `layer.__call__` method instead.
  warnings.warn('`layer.apply` is deprecated and '
/home/xp2027/.local/lib/python3.9/site-packages/tf_slim/layers/layers.py:684: UserWarning: `layer.apply` is deprecated and will be removed in a future version. Please use `layer.__call__` method instead.
  outputs = layer.apply(inputs, training=is_training)
2022-07-13 21:28:13.047233: I tensorflow/core/common_runtime/gpu/gpu_device.cc:1525] Created device /job:localhost/replica:0/task:0/device:GPU:0 with 78953 MB memory:  -> device: 0, name: NVIDIA A100-SXM4-80GB, pci bus id: 0000:ca:00.0, compute capability: 8.0
Using snapshot-40000 for model /scratch/xp2027/lab_29_PkPpAllCh/PkPpEnetCh01/dlc-models/iteration-0/PkPpEnetCh02Jun24-trainset85shuffle1
Activating extracting of PAFs
Starting to analyze %  /scratch/xp2027/lab_29_PkPpAllCh/PkPpEnetCh01/videos/pink02-train-2022-02-21-20.05.09.mp4
Loading  /scratch/xp2027/lab_29_PkPpAllCh/PkPpEnetCh01/videos/pink02-train-2022-02-21-20.05.09.mp4
Duration of video [s]:  23.27 , recorded with  30.0 fps!
Overall # of frames:  698  found with (before cropping) frame dimensions:  1080 1920
Starting to extract posture from the video(s) with batchsize: 8
  0%|          | 0/698 [00:00<?, ?it/s]  0%|          | 1/698 [00:00<03:50,  3.02it/s]  1%|          | 8/698 [00:02<04:07,  2.78it/s]  2%|         | 15/698 [00:02<01:52,  6.07it/s]  3%|         | 19/698 [00:04<02:36,  4.35it/s]  3%|         | 24/698 [00:05<02:51,  3.94it/s]  5%|         | 32/698 [00:07<02:30,  4.43it/s]  6%|         | 40/698 [00:09<02:27,  4.47it/s]  7%|         | 47/698 [00:09<01:40,  6.45it/s]  7%|         | 50/698 [00:11<02:27,  4.38it/s]  8%|         | 56/698 [00:12<02:35,  4.12it/s]  9%|         | 63/698 [00:12<01:43,  6.13it/s]  9%|         | 66/698 [00:14<02:14,  4.71it/s] 10%|         | 72/698 [00:15<02:17,  4.56it/s] 11%|        | 79/698 [00:15<01:30,  6.85it/s] 12%|        | 83/698 [00:17<01:56,  5.30it/s] 13%|        | 88/698 [00:18<02:03,  4.95it/s] 14%|        | 95/698 [00:18<01:20,  7.47it/s] 14%|        | 99/698 [00:19<01:46,  5.65it/s] 15%|        | 104/698 [00:20<02:02,  4.87it/s] 16%|        | 111/698 [00:21<01:19,  7.37it/s] 16%|        | 115/698 [00:22<01:46,  5.47it/s] 17%|        | 120/698 [00:23<02:00,  4.80it/s] 18%|        | 127/698 [00:23<01:18,  7.28it/s] 19%|        | 131/698 [00:25<01:49,  5.17it/s] 19%|        | 136/698 [00:26<02:07,  4.42it/s] 20%|        | 142/698 [00:27<01:26,  6.40it/s] 21%|        | 145/698 [00:28<02:04,  4.45it/s] 22%|       | 152/698 [00:30<02:02,  4.45it/s] 23%|       | 159/698 [00:30<01:20,  6.68it/s] 23%|       | 163/698 [00:31<01:42,  5.24it/s] 24%|       | 168/698 [00:32<01:53,  4.66it/s] 25%|       | 175/698 [00:33<01:14,  7.06it/s] 26%|       | 179/698 [00:34<01:31,  5.69it/s] 26%|       | 184/698 [00:35<01:37,  5.28it/s] 27%|       | 191/698 [00:35<01:03,  7.97it/s] 28%|       | 195/698 [00:36<01:18,  6.38it/s] 29%|       | 200/698 [00:37<01:24,  5.89it/s] 30%|       | 207/698 [00:37<00:55,  8.88it/s] 30%|       | 211/698 [00:38<01:09,  7.00it/s] 31%|       | 216/698 [00:39<01:20,  5.99it/s] 32%|      | 223/698 [00:39<00:52,  9.02it/s] 33%|      | 227/698 [00:40<01:08,  6.92it/s] 33%|      | 232/698 [00:41<01:16,  6.07it/s] 34%|      | 239/698 [00:42<00:50,  9.14it/s] 35%|      | 243/698 [00:42<01:02,  7.30it/s] 36%|      | 248/698 [00:43<01:09,  6.46it/s] 37%|      | 255/698 [00:44<00:45,  9.70it/s] 37%|      | 259/698 [00:44<00:59,  7.33it/s] 38%|      | 264/698 [00:45<01:06,  6.55it/s] 39%|      | 272/698 [00:46<01:00,  7.09it/s] 40%|      | 280/698 [00:47<00:57,  7.32it/s] 41%|      | 287/698 [00:48<00:40, 10.16it/s] 42%|     | 291/698 [00:49<00:54,  7.46it/s] 42%|     | 296/698 [00:50<01:02,  6.44it/s] 44%|     | 304/698 [00:51<01:02,  6.28it/s] 45%|     | 311/698 [00:51<00:43,  8.88it/s] 45%|     | 315/698 [00:52<00:56,  6.79it/s] 46%|     | 320/698 [00:53<01:02,  6.08it/s] 47%|     | 327/698 [00:53<00:41,  8.95it/s] 47%|     | 331/698 [00:54<00:51,  7.18it/s] 48%|     | 336/698 [00:55<00:55,  6.52it/s] 49%|     | 343/698 [00:55<00:36,  9.71it/s] 50%|     | 347/698 [00:56<00:48,  7.29it/s] 50%|     | 352/698 [00:57<00:54,  6.37it/s] 52%|    | 360/698 [00:59<00:51,  6.58it/s] 53%|    | 368/698 [01:00<00:50,  6.59it/s] 54%|    | 376/698 [01:01<00:46,  6.95it/s] 55%|    | 384/698 [01:02<00:44,  7.07it/s] 56%|    | 391/698 [01:02<00:32,  9.56it/s] 56%|    | 394/698 [01:03<00:48,  6.29it/s] 57%|    | 400/698 [01:05<00:57,  5.18it/s] 58%|    | 407/698 [01:05<00:38,  7.48it/s] 59%|    | 410/698 [01:07<00:54,  5.28it/s] 60%|    | 416/698 [01:08<00:55,  5.10it/s] 61%|    | 423/698 [01:08<00:36,  7.55it/s] 61%|    | 427/698 [01:09<00:46,  5.87it/s] 62%|   | 432/698 [01:10<00:50,  5.23it/s] 63%|   | 438/698 [01:10<00:34,  7.46it/s] 63%|   | 441/698 [01:12<00:45,  5.60it/s] 64%|   | 448/698 [01:13<00:46,  5.32it/s] 65%|   | 455/698 [01:13<00:30,  7.90it/s] 66%|   | 459/698 [01:15<00:42,  5.59it/s] 66%|   | 464/698 [01:16<00:44,  5.20it/s] 67%|   | 471/698 [01:16<00:29,  7.83it/s] 68%|   | 475/698 [01:17<00:39,  5.69it/s] 69%|   | 480/698 [01:18<00:40,  5.37it/s] 70%|   | 487/698 [01:18<00:26,  8.10it/s] 70%|   | 491/698 [01:19<00:33,  6.20it/s] 71%|   | 496/698 [01:20<00:33,  5.94it/s] 72%|  | 503/698 [01:20<00:21,  8.95it/s] 73%|  | 507/698 [01:21<00:26,  7.24it/s] 73%|  | 512/698 [01:22<00:27,  6.66it/s] 74%|  | 520/698 [01:23<00:25,  7.04it/s] 76%|  | 527/698 [01:23<00:17, 10.05it/s] 76%|  | 531/698 [01:24<00:22,  7.55it/s] 77%|  | 536/698 [01:25<00:24,  6.49it/s] 78%|  | 543/698 [01:26<00:16,  9.58it/s] 78%|  | 547/698 [01:27<00:21,  7.15it/s] 79%|  | 552/698 [01:28<00:22,  6.41it/s] 80%|  | 560/698 [01:29<00:19,  6.93it/s] 81%| | 568/698 [01:30<00:17,  7.47it/s] 83%| | 576/698 [01:30<00:15,  7.80it/s] 84%| | 584/698 [01:31<00:14,  7.97it/s] 85%| | 592/698 [01:32<00:12,  8.24it/s] 86%| | 600/698 [01:33<00:11,  8.36it/s] 87%| | 608/698 [01:34<00:11,  7.80it/s] 88%| | 616/698 [01:36<00:10,  7.68it/s] 89%| | 624/698 [01:37<00:09,  7.82it/s] 90%| | 631/698 [01:37<00:06, 10.35it/s] 91%| | 634/698 [01:38<00:08,  7.91it/s] 92%|| 640/698 [01:39<00:08,  7.17it/s] 93%|| 648/698 [01:40<00:06,  7.26it/s] 94%|| 656/698 [01:41<00:05,  7.20it/s] 95%|| 664/698 [01:42<00:04,  7.43it/s] 96%|| 672/698 [01:43<00:03,  7.35it/s] 97%|| 680/698 [01:44<00:02,  7.43it/s] 99%|| 688/698 [01:45<00:01,  7.39it/s]100%|| 696/698 [01:46<00:00,  7.39it/s]100%|| 698/698 [01:47<00:00,  6.49it/s]
Config:
{'all_joints': [[0], [1], [2], [3], [4], [5], [6], [7], [8], [9], [10]],
 'all_joints_names': ['bodypart1',
                      'bodypart2',
                      'bodypart3',
                      'bodypart4',
                      'bodypart5',
                      'bodypart6',
                      'bodypart7',
                      'bodypart8',
                      'bodypart9',
                      'bodypart10',
                      'bodypart11'],
 'batch_size': 1,
 'crop_pad': 0,
 'dataset': 'training-datasets/iteration-0/UnaugmentedDataSet_PkPpEnetCh02Jun24/PkPpEnetCh02_Chen85shuffle1.pickle',
 'dataset_type': 'multi-animal-imgaug',
 'deterministic': False,
 'fg_fraction': 0.25,
 'global_scale': 0.8,
 'init_weights': '/home/xp2027/.local/lib/python3.9/site-packages/deeplabcut/pose_estimation_tensorflow/models/pretrained/mobilenet_v2_1.0_224.ckpt',
 'intermediate_supervision': False,
 'intermediate_supervision_layer': 12,
 'location_refinement': True,
 'locref_huber_loss': True,
 'locref_loss_weight': 1.0,
 'locref_smooth': False,
 'locref_stdev': 7.2801,
 'log_dir': 'log',
 'mean_pixel': [123.68, 116.779, 103.939],
 'minconfidence': 0.01,
 'mirror': False,
 'multi_stage': False,
 'net_type': 'mobilenet_v2_1.0',
 'nmsradius': 5.0,
 'num_idchannel': 0,
 'num_joints': 11,
 'num_limbs': 55,
 'optimizer': 'sgd',
 'paf_best': [54,
              0,
              10,
              27,
              49,
              52,
              19,
              34,
              40,
              45,
              53,
              1,
              50,
              11,
              46,
              35,
              28,
              20,
              41,
              2,
              51,
              47,
              22,
              29,
              42,
              12,
              13,
              14,
              48,
              8,
              9,
              16,
              7,
              6,
              5,
              4,
              3,
              15,
              24,
              17,
              18,
              21,
              23,
              25,
              30,
              31,
              32,
              33,
              36,
              37,
              38,
              39,
              43,
              44,
              26],
 'pairwise_huber_loss': True,
 'pairwise_predict': False,
 'partaffinityfield_graph': [[0, 1],
                             [0, 2],
                             [0, 3],
                             [0, 4],
                             [0, 5],
                             [0, 6],
                             [0, 7],
                             [0, 8],
                             [0, 9],
                             [0, 10],
                             [1, 2],
                             [1, 3],
                             [1, 4],
                             [1, 5],
                             [1, 6],
                             [1, 7],
                             [1, 8],
                             [1, 9],
                             [1, 10],
                             [2, 3],
                             [2, 4],
                             [2, 5],
                             [2, 6],
                             [2, 7],
                             [2, 8],
                             [2, 9],
                             [2, 10],
                             [3, 4],
                             [3, 5],
                             [3, 6],
                             [3, 7],
                             [3, 8],
                             [3, 9],
                             [3, 10],
                             [4, 5],
                             [4, 6],
                             [4, 7],
                             [4, 8],
                             [4, 9],
                             [4, 10],
                             [5, 6],
                             [5, 7],
                             [5, 8],
                             [5, 9],
                             [5, 10],
                             [6, 7],
                             [6, 8],
                             [6, 9],
                             [6, 10],
                             [7, 8],
                             [7, 9],
                             [7, 10],
                             [8, 9],
                             [8, 10],
                             [9, 10]],
 'partaffinityfield_predict': True,
 'regularize': False,
 'scoremap_dir': 'test',
 'shuffle': True,
 'sigma': 1,
 'snapshot_prefix': '/scratch/xp2027/lab_29_PkPpAllCh/PkPpEnetCh01/dlc-models/iteration-0/PkPpEnetCh02Jun24-trainset85shuffle1/test/snapshot',
 'stride': 8.0,
 'weigh_negatives': False,
 'weigh_only_present_joints': False,
 'weigh_part_predictions': False,
 'weight_decay': 0.0001}
Video Analyzed. Saving results in /scratch/xp2027/lab_29_PkPpAllCh/PkPpEnetCh01/videos/iteration-0/shuffle-1...
Using snapshot-40000 for model /scratch/xp2027/lab_29_PkPpAllCh/PkPpEnetCh01/dlc-models/iteration-0/PkPpEnetCh02Jun24-trainset85shuffle1
Processing...  /scratch/xp2027/lab_29_PkPpAllCh/PkPpEnetCh01/videos/pink02-train-2022-02-21-20.05.09.mp4
Analyzing /scratch/xp2027/lab_29_PkPpAllCh/PkPpEnetCh01/videos/iteration-0/shuffle-1/pink02-train-2022-02-21-20.05.09DLC_mobnet_100_PkPpEnetCh02Jun24shuffle1_40000.h5
  0%|          | 0/698 [00:00<?, ?it/s]  0%|          | 1/698 [00:00<04:12,  2.76it/s] 23%|       | 161/698 [00:00<00:01, 400.99it/s] 46%|     | 321/698 [00:00<00:00, 622.29it/s] 58%|    | 403/698 [00:00<00:00, 612.23it/s]100%|| 698/698 [00:00<00:00, 780.73it/s]
0it [00:00, ?it/s]698it [00:00, 625293.51it/s]
The tracklets were created (i.e., under the hood deeplabcut.convert_detections2tracklets was run). Now you can 'refine_tracklets' in the GUI, or run 'deeplabcut.stitch_tracklets'.
Processing...  /scratch/xp2027/lab_29_PkPpAllCh/PkPpEnetCh01/videos/pink02-train-2022-02-21-20.05.09.mp4
  0%|          | 0/1 [00:00<?, ?it/s]100%|| 1/1 [00:00<00:00, 38130.04it/s]
The videos are analyzed. Time to assemble animals and track 'em... 
 Call 'create_video_with_all_detections' to check multi-animal detection quality before tracking.
If the tracking is not satisfactory for some videos, consider expanding the training set. You can use the function 'extract_outlier_frames' to extract a few representative outlier frames.
Loading  /scratch/xp2027/lab_29_PkPpAllCh/PkPpEnetCh01/videos/pink02-train-2022-02-21-20.05.09.mp4 and data.
Plots created! Please check the directory "plot-poses" within the video directory
Starting to process video: /scratch/xp2027/lab_29_PkPpAllCh/PkPpEnetCh01/videos/pink02-train-2022-02-21-20.05.09.mp4
Loading /scratch/xp2027/lab_29_PkPpAllCh/PkPpEnetCh01/videos/pink02-train-2022-02-21-20.05.09.mp4 and data.
Duration of video [s]: 23.27, recorded with 30.0 fps!
Overall # of frames: 698 with cropped frame dimensions: 1080 1920
Generating frames and creating video.
  0%|          | 0/698 [00:00<?, ?it/s]  0%|          | 1/698 [00:00<05:00,  2.32it/s]  1%|          | 6/698 [00:00<00:50, 13.83it/s]  2%|         | 12/698 [00:00<00:27, 24.81it/s]  3%|         | 18/698 [00:00<00:20, 32.90it/s]  3%|         | 24/698 [00:00<00:17, 38.65it/s]  4%|         | 29/698 [00:00<00:16, 41.39it/s]  5%|         | 35/698 [00:01<00:14, 44.63it/s]  6%|         | 40/698 [00:01<00:14, 45.35it/s]  7%|         | 46/698 [00:01<00:13, 46.97it/s]  7%|         | 52/698 [00:01<00:13, 47.79it/s]  8%|         | 57/698 [00:01<00:13, 47.70it/s]  9%|         | 62/698 [00:01<00:13, 47.46it/s] 10%|         | 68/698 [00:01<00:12, 48.98it/s] 11%|         | 74/698 [00:01<00:12, 50.08it/s] 11%|        | 80/698 [00:02<00:12, 49.23it/s] 12%|        | 85/698 [00:02<00:12, 49.09it/s] 13%|        | 91/698 [00:02<00:12, 49.76it/s] 14%|        | 96/698 [00:02<00:12, 48.72it/s] 14%|        | 101/698 [00:02<00:12, 48.41it/s] 15%|        | 107/698 [00:02<00:11, 49.27it/s] 16%|        | 112/698 [00:02<00:11, 48.98it/s] 17%|        | 117/698 [00:02<00:11, 49.14it/s] 17%|        | 122/698 [00:02<00:11, 49.02it/s] 18%|        | 127/698 [00:02<00:11, 48.04it/s] 19%|        | 132/698 [00:03<00:11, 47.77it/s] 20%|        | 137/698 [00:03<00:11, 47.57it/s] 20%|        | 142/698 [00:03<00:11, 48.11it/s] 21%|        | 147/698 [00:03<00:11, 48.17it/s] 22%|       | 153/698 [00:03<00:11, 48.94it/s] 23%|       | 158/698 [00:03<00:11, 48.33it/s] 23%|       | 163/698 [00:03<00:11, 47.62it/s] 24%|       | 168/698 [00:03<00:11, 47.57it/s] 25%|       | 173/698 [00:03<00:11, 47.67it/s] 26%|       | 178/698 [00:04<00:10, 47.82it/s] 26%|       | 183/698 [00:04<00:10, 48.20it/s] 27%|       | 188/698 [00:04<00:10, 48.39it/s] 28%|       | 194/698 [00:04<00:10, 49.37it/s] 29%|       | 200/698 [00:04<00:09, 50.11it/s] 30%|       | 206/698 [00:04<00:09, 50.05it/s] 30%|       | 212/698 [00:04<00:09, 50.64it/s] 31%|       | 218/698 [00:04<00:09, 49.97it/s] 32%|      | 223/698 [00:04<00:09, 49.93it/s] 33%|      | 229/698 [00:05<00:09, 50.10it/s] 34%|      | 235/698 [00:05<00:09, 50.48it/s] 35%|      | 241/698 [00:05<00:08, 51.36it/s] 35%|      | 247/698 [00:05<00:08, 50.38it/s] 36%|      | 253/698 [00:05<00:08, 51.50it/s] 37%|      | 259/698 [00:05<00:08, 48.90it/s] 38%|      | 265/698 [00:05<00:08, 50.36it/s] 39%|      | 271/698 [00:05<00:08, 50.75it/s] 40%|      | 277/698 [00:06<00:08, 50.85it/s] 41%|      | 283/698 [00:06<00:08, 50.62it/s] 41%|     | 289/698 [00:06<00:08, 50.46it/s] 42%|     | 295/698 [00:06<00:07, 50.64it/s] 43%|     | 301/698 [00:06<00:07, 51.82it/s] 44%|     | 307/698 [00:06<00:07, 51.75it/s] 45%|     | 313/698 [00:06<00:07, 51.90it/s] 46%|     | 319/698 [00:06<00:07, 50.85it/s] 47%|     | 325/698 [00:06<00:07, 50.82it/s] 47%|     | 331/698 [00:07<00:07, 51.96it/s] 48%|     | 337/698 [00:07<00:06, 52.93it/s] 49%|     | 343/698 [00:07<00:06, 53.39it/s] 50%|     | 349/698 [00:07<00:06, 54.07it/s] 51%|     | 355/698 [00:07<00:06, 54.01it/s] 52%|    | 361/698 [00:07<00:06, 53.89it/s] 53%|    | 367/698 [00:07<00:06, 54.28it/s] 53%|    | 373/698 [00:07<00:05, 54.72it/s] 54%|    | 379/698 [00:07<00:05, 53.80it/s] 55%|    | 385/698 [00:08<00:05, 53.20it/s] 56%|    | 391/698 [00:08<00:05, 52.87it/s] 57%|    | 397/698 [00:08<00:05, 53.29it/s] 58%|    | 403/698 [00:08<00:06, 42.49it/s] 59%|    | 409/698 [00:08<00:06, 44.69it/s] 59%|    | 415/698 [00:08<00:06, 46.83it/s] 60%|    | 421/698 [00:08<00:05, 48.70it/s] 61%|    | 427/698 [00:08<00:05, 49.49it/s] 62%|   | 433/698 [00:09<00:05, 49.90it/s] 63%|   | 439/698 [00:09<00:05, 49.76it/s] 64%|   | 445/698 [00:09<00:05, 49.36it/s] 64%|   | 450/698 [00:09<00:05, 49.49it/s] 65%|   | 456/698 [00:09<00:04, 50.02it/s] 66%|   | 462/698 [00:09<00:04, 49.62it/s] 67%|   | 468/698 [00:09<00:04, 49.90it/s] 68%|   | 474/698 [00:09<00:04, 49.28it/s] 69%|   | 479/698 [00:09<00:04, 49.04it/s] 69%|   | 485/698 [00:10<00:04, 49.59it/s] 70%|   | 491/698 [00:10<00:04, 49.62it/s] 71%|   | 496/698 [00:10<00:04, 49.64it/s] 72%|  | 501/698 [00:10<00:04, 49.23it/s] 73%|  | 507/698 [00:10<00:03, 49.63it/s] 73%|  | 512/698 [00:10<00:03, 49.62it/s] 74%|  | 518/698 [00:10<00:03, 50.10it/s] 75%|  | 524/698 [00:10<00:03, 49.98it/s] 76%|  | 530/698 [00:11<00:03, 50.54it/s] 77%|  | 536/698 [00:11<00:03, 50.52it/s] 78%|  | 542/698 [00:11<00:03, 50.54it/s] 79%|  | 548/698 [00:11<00:02, 51.91it/s] 79%|  | 554/698 [00:11<00:02, 52.32it/s] 80%|  | 560/698 [00:11<00:03, 40.99it/s] 81%|  | 566/698 [00:11<00:02, 44.03it/s] 82%| | 572/698 [00:11<00:02, 47.25it/s] 83%| | 578/698 [00:12<00:02, 48.35it/s] 84%| | 584/698 [00:12<00:02, 49.92it/s] 85%| | 590/698 [00:12<00:02, 50.87it/s] 85%| | 596/698 [00:12<00:01, 52.89it/s] 86%| | 602/698 [00:12<00:01, 54.00it/s] 87%| | 608/698 [00:12<00:01, 54.81it/s] 88%| | 614/698 [00:12<00:01, 54.52it/s] 89%| | 620/698 [00:12<00:01, 55.94it/s] 90%| | 626/698 [00:12<00:01, 55.86it/s] 91%| | 633/698 [00:13<00:01, 57.29it/s] 92%|| 640/698 [00:13<00:00, 60.00it/s] 93%|| 647/698 [00:13<00:00, 60.94it/s] 94%|| 654/698 [00:13<00:00, 63.42it/s] 95%|| 661/698 [00:13<00:00, 64.83it/s] 96%|| 669/698 [00:13<00:00, 67.28it/s] 97%|| 676/698 [00:13<00:00, 67.63it/s] 98%|| 684/698 [00:13<00:00, 69.54it/s] 99%|| 692/698 [00:13<00:00, 69.93it/s]100%|| 698/698 [00:13<00:00, 50.07it/s]
