/home/xp2027/.local/lib/python3.9/site-packages/statsmodels/compat/pandas.py:65: FutureWarning: pandas.Int64Index is deprecated and will be removed from pandas in a future version. Use pandas.Index with the appropriate dtype instead.
  from pandas import Int64Index as NumericIndex
Config:
{'all_joints': [[0], [1], [2], [3], [4], [5], [6], [7], [8], [9], [10]],
 'all_joints_names': ['bodypart1',
                      'bodypart2',
                      'bodypart3',
                      'bodypart4',
                      'bodypart5',
                      'bodypart6',
                      'bodypart7',
                      'bodypart8',
                      'bodypart9',
                      'bodypart10',
                      'bodypart11'],
 'alpha_r': 0.02,
 'apply_prob': 0.5,
 'batch_size': 8,
 'clahe': True,
 'claheratio': 0.1,
 'crop_pad': 0,
 'crop_sampling': 'hybrid',
 'crop_size': [400, 400],
 'cropratio': 0.4,
 'dataset': 'training-datasets/iteration-0/UnaugmentedDataSet_PkPpEnetCh02Jun24/PkPpEnetCh02_Chen85shuffle2.pickle',
 'dataset_type': 'multi-animal-imgaug',
 'decay_steps': 30000,
 'deterministic': False,
 'display_iters': 500,
 'edge': False,
 'emboss': {'alpha': [0.0, 1.0], 'embossratio': 0.1, 'strength': [0.5, 1.5]},
 'fg_fraction': 0.25,
 'global_scale': 0.8,
 'histeq': True,
 'histeqratio': 0.1,
 'init_weights': '/home/xp2027/.local/lib/python3.9/site-packages/deeplabcut/pose_estimation_tensorflow/models/pretrained/mobilenet_v2_0.75_224.ckpt',
 'intermediate_supervision': False,
 'intermediate_supervision_layer': 12,
 'location_refinement': True,
 'locref_huber_loss': True,
 'locref_loss_weight': 0.05,
 'locref_stdev': 7.2801,
 'log_dir': 'log',
 'lr_init': 0.0005,
 'max_input_size': 1500,
 'max_shift': 0.4,
 'mean_pixel': [123.68, 116.779, 103.939],
 'metadataset': 'training-datasets/iteration-0/UnaugmentedDataSet_PkPpEnetCh02Jun24/Documentation_data-PkPpEnetCh02_85shuffle2.pickle',
 'min_input_size': 64,
 'mirror': False,
 'multi_stage': False,
 'multi_step': [[0.0001, 7500], [5e-05, 12000], [1e-05, 200000]],
 'net_type': 'mobilenet_v2_0.75',
 'num_idchannel': 0,
 'num_joints': 11,
 'num_limbs': 55,
 'optimizer': 'adam',
 'pafwidth': 20,
 'pairwise_huber_loss': False,
 'pairwise_loss_weight': 0.1,
 'pairwise_predict': False,
 'partaffinityfield_graph': [[0, 1],
                             [0, 2],
                             [0, 3],
                             [0, 4],
                             [0, 5],
                             [0, 6],
                             [0, 7],
                             [0, 8],
                             [0, 9],
                             [0, 10],
                             [1, 2],
                             [1, 3],
                             [1, 4],
                             [1, 5],
                             [1, 6],
                             [1, 7],
                             [1, 8],
                             [1, 9],
                             [1, 10],
                             [2, 3],
                             [2, 4],
                             [2, 5],
                             [2, 6],
                             [2, 7],
                             [2, 8],
                             [2, 9],
                             [2, 10],
                             [3, 4],
                             [3, 5],
                             [3, 6],
                             [3, 7],
                             [3, 8],
                             [3, 9],
                             [3, 10],
                             [4, 5],
                             [4, 6],
                             [4, 7],
                             [4, 8],
                             [4, 9],
                             [4, 10],
                             [5, 6],
                             [5, 7],
                             [5, 8],
                             [5, 9],
                             [5, 10],
                             [6, 7],
                             [6, 8],
                             [6, 9],
                             [6, 10],
                             [7, 8],
                             [7, 9],
                             [7, 10],
                             [8, 9],
                             [8, 10],
                             [9, 10]],
 'partaffinityfield_predict': True,
 'pos_dist_thresh': 17,
 'pre_resize': [],
 'project_path': '/scratch/xp2027/lab_29_PkPpAllCh/PkPpEnetCh01',
 'regularize': False,
 'rotation': 25,
 'rotratio': 0.4,
 'save_iters': 10000,
 'scale_jitter_lo': 0.5,
 'scale_jitter_up': 1.25,
 'scoremap_dir': 'test',
 'sharpen': False,
 'sharpenratio': 0.3,
 'shuffle': True,
 'snapshot_prefix': '/scratch/xp2027/lab_29_PkPpAllCh/PkPpEnetCh01/dlc-models/iteration-0/PkPpEnetCh02Jun24-trainset85shuffle2/train/snapshot',
 'stride': 8.0,
 'weigh_negatives': False,
 'weigh_only_present_joints': False,
 'weigh_part_predictions': False,
 'weight_decay': 0.0001}
/home/xp2027/.local/lib/python3.9/site-packages/tensorflow/python/keras/engine/base_layer_v1.py:1694: UserWarning: `layer.apply` is deprecated and will be removed in a future version. Please use `layer.__call__` method instead.
  warnings.warn('`layer.apply` is deprecated and '
/home/xp2027/.local/lib/python3.9/site-packages/tf_slim/layers/layers.py:684: UserWarning: `layer.apply` is deprecated and will be removed in a future version. Please use `layer.__call__` method instead.
  outputs = layer.apply(inputs, training=is_training)
2022-07-13 17:01:03.001594: I tensorflow/core/platform/cpu_feature_guard.cc:151] This TensorFlow binary is optimized with oneAPI Deep Neural Network Library (oneDNN) to use the following CPU instructions in performance-critical operations:  AVX2 AVX512F FMA
To enable them in other operations, rebuild TensorFlow with the appropriate compiler flags.
2022-07-13 17:01:05.810744: I tensorflow/core/common_runtime/gpu/gpu_device.cc:1525] Created device /job:localhost/replica:0/task:0/device:GPU:0 with 30989 MB memory:  -> device: 0, name: Tesla V100-PCIE-32GB, pci bus id: 0000:d8:00.0, compute capability: 7.0
2022-07-13 17:01:06.391886: I tensorflow/core/common_runtime/gpu/gpu_device.cc:1525] Created device /job:localhost/replica:0/task:0/device:GPU:0 with 30989 MB memory:  -> device: 0, name: Tesla V100-PCIE-32GB, pci bus id: 0000:d8:00.0, compute capability: 7.0
2022-07-13 17:01:22.627935: I tensorflow/stream_executor/cuda/cuda_dnn.cc:368] Loaded cuDNN version 8101
iteration: 100 loss: 0.2025 scmap loss: 0.1639 locref loss: 0.0077 limb loss: 0.0310 lr: 0.0001
iteration: 200 loss: 0.0289 scmap loss: 0.0136 locref loss: 0.0031 limb loss: 0.0122 lr: 0.0001
iteration: 300 loss: 0.0127 scmap loss: 0.0059 locref loss: 0.0013 limb loss: 0.0054 lr: 0.0001
iteration: 400 loss: 0.0080 scmap loss: 0.0043 locref loss: 0.0007 limb loss: 0.0030 lr: 0.0001
iteration: 500 loss: 0.0061 scmap loss: 0.0037 locref loss: 0.0005 limb loss: 0.0020 lr: 0.0001
iteration: 600 loss: 0.0049 scmap loss: 0.0032 locref loss: 0.0003 limb loss: 0.0014 lr: 0.0001
iteration: 700 loss: 0.0045 scmap loss: 0.0032 locref loss: 0.0003 limb loss: 0.0010 lr: 0.0001
iteration: 800 loss: 0.0041 scmap loss: 0.0030 locref loss: 0.0002 limb loss: 0.0008 lr: 0.0001
iteration: 900 loss: 0.0034 scmap loss: 0.0025 locref loss: 0.0002 limb loss: 0.0007 lr: 0.0001
iteration: 1000 loss: 0.0033 scmap loss: 0.0026 locref loss: 0.0001 limb loss: 0.0006 lr: 0.0001
iteration: 1100 loss: 0.0031 scmap loss: 0.0025 locref loss: 0.0001 limb loss: 0.0005 lr: 0.0001
iteration: 1200 loss: 0.0029 scmap loss: 0.0024 locref loss: 0.0001 limb loss: 0.0004 lr: 0.0001
iteration: 1300 loss: 0.0027 scmap loss: 0.0023 locref loss: 0.0001 limb loss: 0.0004 lr: 0.0001
iteration: 1400 loss: 0.0028 scmap loss: 0.0024 locref loss: 0.0001 limb loss: 0.0003 lr: 0.0001
iteration: 1500 loss: 0.0027 scmap loss: 0.0023 locref loss: 0.0001 limb loss: 0.0003 lr: 0.0001
iteration: 1600 loss: 0.0026 scmap loss: 0.0023 locref loss: 0.0001 limb loss: 0.0003 lr: 0.0001
iteration: 1700 loss: 0.0023 scmap loss: 0.0020 locref loss: 0.0001 limb loss: 0.0002 lr: 0.0001
iteration: 1800 loss: 0.0025 scmap loss: 0.0022 locref loss: 0.0001 limb loss: 0.0002 lr: 0.0001
iteration: 1900 loss: 0.0022 scmap loss: 0.0020 locref loss: 0.0001 limb loss: 0.0002 lr: 0.0001
iteration: 2000 loss: 0.0023 scmap loss: 0.0021 locref loss: 0.0000 limb loss: 0.0002 lr: 0.0001
iteration: 2100 loss: 0.0021 scmap loss: 0.0019 locref loss: 0.0000 limb loss: 0.0002 lr: 0.0001
iteration: 2200 loss: 0.0020 scmap loss: 0.0018 locref loss: 0.0000 limb loss: 0.0002 lr: 0.0001
iteration: 2300 loss: 0.0021 scmap loss: 0.0020 locref loss: 0.0000 limb loss: 0.0001 lr: 0.0001
iteration: 2400 loss: 0.0020 scmap loss: 0.0019 locref loss: 0.0000 limb loss: 0.0001 lr: 0.0001
iteration: 2500 loss: 0.0022 scmap loss: 0.0020 locref loss: 0.0000 limb loss: 0.0001 lr: 0.0001
iteration: 2600 loss: 0.0021 scmap loss: 0.0019 locref loss: 0.0000 limb loss: 0.0001 lr: 0.0001
iteration: 2700 loss: 0.0020 scmap loss: 0.0018 locref loss: 0.0000 limb loss: 0.0001 lr: 0.0001
iteration: 2800 loss: 0.0019 scmap loss: 0.0017 locref loss: 0.0000 limb loss: 0.0001 lr: 0.0001
iteration: 2900 loss: 0.0019 scmap loss: 0.0017 locref loss: 0.0000 limb loss: 0.0001 lr: 0.0001
iteration: 3000 loss: 0.0019 scmap loss: 0.0018 locref loss: 0.0000 limb loss: 0.0001 lr: 0.0001
iteration: 3100 loss: 0.0017 scmap loss: 0.0016 locref loss: 0.0000 limb loss: 0.0001 lr: 0.0001
iteration: 3200 loss: 0.0018 scmap loss: 0.0017 locref loss: 0.0000 limb loss: 0.0001 lr: 0.0001
iteration: 3300 loss: 0.0016 scmap loss: 0.0015 locref loss: 0.0000 limb loss: 0.0001 lr: 0.0001
iteration: 3400 loss: 0.0015 scmap loss: 0.0014 locref loss: 0.0000 limb loss: 0.0001 lr: 0.0001
iteration: 3500 loss: 0.0016 scmap loss: 0.0015 locref loss: 0.0000 limb loss: 0.0001 lr: 0.0001
iteration: 3600 loss: 0.0015 scmap loss: 0.0014 locref loss: 0.0000 limb loss: 0.0001 lr: 0.0001
iteration: 3700 loss: 0.0016 scmap loss: 0.0015 locref loss: 0.0000 limb loss: 0.0001 lr: 0.0001
iteration: 3800 loss: 0.0014 scmap loss: 0.0013 locref loss: 0.0000 limb loss: 0.0001 lr: 0.0001
iteration: 3900 loss: 0.0015 scmap loss: 0.0014 locref loss: 0.0000 limb loss: 0.0001 lr: 0.0001
iteration: 4000 loss: 0.0014 scmap loss: 0.0013 locref loss: 0.0000 limb loss: 0.0001 lr: 0.0001
iteration: 4100 loss: 0.0014 scmap loss: 0.0013 locref loss: 0.0000 limb loss: 0.0001 lr: 0.0001
iteration: 4200 loss: 0.0014 scmap loss: 0.0013 locref loss: 0.0000 limb loss: 0.0001 lr: 0.0001
iteration: 4300 loss: 0.0013 scmap loss: 0.0012 locref loss: 0.0000 limb loss: 0.0001 lr: 0.0001
iteration: 4400 loss: 0.0013 scmap loss: 0.0012 locref loss: 0.0000 limb loss: 0.0001 lr: 0.0001
iteration: 4500 loss: 0.0012 scmap loss: 0.0011 locref loss: 0.0000 limb loss: 0.0001 lr: 0.0001
iteration: 4600 loss: 0.0012 scmap loss: 0.0012 locref loss: 0.0000 limb loss: 0.0001 lr: 0.0001
iteration: 4700 loss: 0.0013 scmap loss: 0.0012 locref loss: 0.0000 limb loss: 0.0001 lr: 0.0001
iteration: 4800 loss: 0.0012 scmap loss: 0.0012 locref loss: 0.0000 limb loss: 0.0001 lr: 0.0001
iteration: 4900 loss: 0.0012 scmap loss: 0.0011 locref loss: 0.0000 limb loss: 0.0001 lr: 0.0001
iteration: 5000 loss: 0.0012 scmap loss: 0.0011 locref loss: 0.0000 limb loss: 0.0001 lr: 0.0001
iteration: 5100 loss: 0.0011 scmap loss: 0.0011 locref loss: 0.0000 limb loss: 0.0001 lr: 0.0001
iteration: 5200 loss: 0.0011 scmap loss: 0.0010 locref loss: 0.0000 limb loss: 0.0001 lr: 0.0001
iteration: 5300 loss: 0.0010 scmap loss: 0.0009 locref loss: 0.0000 limb loss: 0.0000 lr: 0.0001
iteration: 5400 loss: 0.0012 scmap loss: 0.0011 locref loss: 0.0000 limb loss: 0.0000 lr: 0.0001
iteration: 5500 loss: 0.0011 scmap loss: 0.0010 locref loss: 0.0000 limb loss: 0.0000 lr: 0.0001
iteration: 5600 loss: 0.0010 scmap loss: 0.0010 locref loss: 0.0000 limb loss: 0.0000 lr: 0.0001
iteration: 5700 loss: 0.0010 scmap loss: 0.0010 locref loss: 0.0000 limb loss: 0.0000 lr: 0.0001
iteration: 5800 loss: 0.0010 scmap loss: 0.0010 locref loss: 0.0000 limb loss: 0.0000 lr: 0.0001
iteration: 5900 loss: 0.0010 scmap loss: 0.0010 locref loss: 0.0000 limb loss: 0.0000 lr: 0.0001
iteration: 6000 loss: 0.0010 scmap loss: 0.0009 locref loss: 0.0000 limb loss: 0.0000 lr: 0.0001
iteration: 6100 loss: 0.0009 scmap loss: 0.0009 locref loss: 0.0000 limb loss: 0.0000 lr: 0.0001
iteration: 6200 loss: 0.0010 scmap loss: 0.0009 locref loss: 0.0000 limb loss: 0.0000 lr: 0.0001
iteration: 6300 loss: 0.0011 scmap loss: 0.0010 locref loss: 0.0000 limb loss: 0.0000 lr: 0.0001
iteration: 6400 loss: 0.0011 scmap loss: 0.0010 locref loss: 0.0000 limb loss: 0.0000 lr: 0.0001
iteration: 6500 loss: 0.0009 scmap loss: 0.0009 locref loss: 0.0000 limb loss: 0.0000 lr: 0.0001
iteration: 6600 loss: 0.0010 scmap loss: 0.0009 locref loss: 0.0000 limb loss: 0.0000 lr: 0.0001
iteration: 6700 loss: 0.0010 scmap loss: 0.0009 locref loss: 0.0000 limb loss: 0.0000 lr: 0.0001
iteration: 6800 loss: 0.0010 scmap loss: 0.0009 locref loss: 0.0000 limb loss: 0.0000 lr: 0.0001
iteration: 6900 loss: 0.0009 scmap loss: 0.0008 locref loss: 0.0000 limb loss: 0.0000 lr: 0.0001
iteration: 7000 loss: 0.0009 scmap loss: 0.0009 locref loss: 0.0000 limb loss: 0.0000 lr: 0.0001
iteration: 7100 loss: 0.0009 scmap loss: 0.0009 locref loss: 0.0000 limb loss: 0.0000 lr: 0.0001
iteration: 7200 loss: 0.0009 scmap loss: 0.0008 locref loss: 0.0000 limb loss: 0.0000 lr: 0.0001
iteration: 7300 loss: 0.0009 scmap loss: 0.0008 locref loss: 0.0000 limb loss: 0.0000 lr: 0.0001
iteration: 7400 loss: 0.0009 scmap loss: 0.0009 locref loss: 0.0000 limb loss: 0.0000 lr: 0.0001
iteration: 7500 loss: 0.0009 scmap loss: 0.0009 locref loss: 0.0000 limb loss: 0.0000 lr: 0.0001
iteration: 7600 loss: 0.0008 scmap loss: 0.0008 locref loss: 0.0000 limb loss: 0.0000 lr: 5e-05
iteration: 7700 loss: 0.0008 scmap loss: 0.0008 locref loss: 0.0000 limb loss: 0.0000 lr: 5e-05
iteration: 7800 loss: 0.0007 scmap loss: 0.0007 locref loss: 0.0000 limb loss: 0.0000 lr: 5e-05
iteration: 7900 loss: 0.0008 scmap loss: 0.0008 locref loss: 0.0000 limb loss: 0.0000 lr: 5e-05
iteration: 8000 loss: 0.0007 scmap loss: 0.0006 locref loss: 0.0000 limb loss: 0.0000 lr: 5e-05
iteration: 8100 loss: 0.0008 scmap loss: 0.0007 locref loss: 0.0000 limb loss: 0.0000 lr: 5e-05
iteration: 8200 loss: 0.0007 scmap loss: 0.0006 locref loss: 0.0000 limb loss: 0.0000 lr: 5e-05
iteration: 8300 loss: 0.0007 scmap loss: 0.0007 locref loss: 0.0000 limb loss: 0.0000 lr: 5e-05
iteration: 8400 loss: 0.0006 scmap loss: 0.0006 locref loss: 0.0000 limb loss: 0.0000 lr: 5e-05
iteration: 8500 loss: 0.0007 scmap loss: 0.0007 locref loss: 0.0000 limb loss: 0.0000 lr: 5e-05
iteration: 8600 loss: 0.0007 scmap loss: 0.0006 locref loss: 0.0000 limb loss: 0.0000 lr: 5e-05
iteration: 8700 loss: 0.0007 scmap loss: 0.0007 locref loss: 0.0000 limb loss: 0.0000 lr: 5e-05
iteration: 8800 loss: 0.0007 scmap loss: 0.0006 locref loss: 0.0000 limb loss: 0.0000 lr: 5e-05
iteration: 8900 loss: 0.0007 scmap loss: 0.0007 locref loss: 0.0000 limb loss: 0.0000 lr: 5e-05
iteration: 9000 loss: 0.0006 scmap loss: 0.0006 locref loss: 0.0000 limb loss: 0.0000 lr: 5e-05
iteration: 9100 loss: 0.0006 scmap loss: 0.0006 locref loss: 0.0000 limb loss: 0.0000 lr: 5e-05
iteration: 9200 loss: 0.0007 scmap loss: 0.0007 locref loss: 0.0000 limb loss: 0.0000 lr: 5e-05
iteration: 9300 loss: 0.0007 scmap loss: 0.0006 locref loss: 0.0000 limb loss: 0.0000 lr: 5e-05
iteration: 9400 loss: 0.0007 scmap loss: 0.0006 locref loss: 0.0000 limb loss: 0.0000 lr: 5e-05
iteration: 9500 loss: 0.0007 scmap loss: 0.0007 locref loss: 0.0000 limb loss: 0.0000 lr: 5e-05
iteration: 9600 loss: 0.0007 scmap loss: 0.0007 locref loss: 0.0000 limb loss: 0.0000 lr: 5e-05
iteration: 9700 loss: 0.0007 scmap loss: 0.0007 locref loss: 0.0000 limb loss: 0.0000 lr: 5e-05
iteration: 9800 loss: 0.0006 scmap loss: 0.0006 locref loss: 0.0000 limb loss: 0.0000 lr: 5e-05
iteration: 9900 loss: 0.0007 scmap loss: 0.0007 locref loss: 0.0000 limb loss: 0.0000 lr: 5e-05
iteration: 10000 loss: 0.0007 scmap loss: 0.0007 locref loss: 0.0000 limb loss: 0.0000 lr: 5e-05
iteration: 10100 loss: 0.0007 scmap loss: 0.0007 locref loss: 0.0000 limb loss: 0.0000 lr: 5e-05
iteration: 10200 loss: 0.0006 scmap loss: 0.0006 locref loss: 0.0000 limb loss: 0.0000 lr: 5e-05
iteration: 10300 loss: 0.0007 scmap loss: 0.0007 locref loss: 0.0000 limb loss: 0.0000 lr: 5e-05
iteration: 10400 loss: 0.0006 scmap loss: 0.0006 locref loss: 0.0000 limb loss: 0.0000 lr: 5e-05
iteration: 10500 loss: 0.0007 scmap loss: 0.0006 locref loss: 0.0000 limb loss: 0.0000 lr: 5e-05
iteration: 10600 loss: 0.0007 scmap loss: 0.0007 locref loss: 0.0000 limb loss: 0.0000 lr: 5e-05
iteration: 10700 loss: 0.0006 scmap loss: 0.0006 locref loss: 0.0000 limb loss: 0.0000 lr: 5e-05
iteration: 10800 loss: 0.0006 scmap loss: 0.0006 locref loss: 0.0000 limb loss: 0.0000 lr: 5e-05
iteration: 10900 loss: 0.0007 scmap loss: 0.0006 locref loss: 0.0000 limb loss: 0.0000 lr: 5e-05
iteration: 11000 loss: 0.0006 scmap loss: 0.0006 locref loss: 0.0000 limb loss: 0.0000 lr: 5e-05
iteration: 11100 loss: 0.0007 scmap loss: 0.0006 locref loss: 0.0000 limb loss: 0.0000 lr: 5e-05
iteration: 11200 loss: 0.0006 scmap loss: 0.0006 locref loss: 0.0000 limb loss: 0.0000 lr: 5e-05
iteration: 11300 loss: 0.0007 scmap loss: 0.0006 locref loss: 0.0000 limb loss: 0.0000 lr: 5e-05
iteration: 11400 loss: 0.0006 scmap loss: 0.0006 locref loss: 0.0000 limb loss: 0.0000 lr: 5e-05
iteration: 11500 loss: 0.0006 scmap loss: 0.0005 locref loss: 0.0000 limb loss: 0.0000 lr: 5e-05
iteration: 11600 loss: 0.0006 scmap loss: 0.0006 locref loss: 0.0000 limb loss: 0.0000 lr: 5e-05
iteration: 11700 loss: 0.0007 scmap loss: 0.0006 locref loss: 0.0000 limb loss: 0.0000 lr: 5e-05
iteration: 11800 loss: 0.0006 scmap loss: 0.0006 locref loss: 0.0000 limb loss: 0.0000 lr: 5e-05
iteration: 11900 loss: 0.0006 scmap loss: 0.0006 locref loss: 0.0000 limb loss: 0.0000 lr: 5e-05
iteration: 12000 loss: 0.0006 scmap loss: 0.0006 locref loss: 0.0000 limb loss: 0.0000 lr: 5e-05
iteration: 12100 loss: 0.0006 scmap loss: 0.0006 locref loss: 0.0000 limb loss: 0.0000 lr: 1e-05
iteration: 12200 loss: 0.0006 scmap loss: 0.0006 locref loss: 0.0000 limb loss: 0.0000 lr: 1e-05
iteration: 12300 loss: 0.0006 scmap loss: 0.0005 locref loss: 0.0000 limb loss: 0.0000 lr: 1e-05
iteration: 12400 loss: 0.0006 scmap loss: 0.0005 locref loss: 0.0000 limb loss: 0.0000 lr: 1e-05
iteration: 12500 loss: 0.0006 scmap loss: 0.0006 locref loss: 0.0000 limb loss: 0.0000 lr: 1e-05
iteration: 12600 loss: 0.0005 scmap loss: 0.0005 locref loss: 0.0000 limb loss: 0.0000 lr: 1e-05
iteration: 12700 loss: 0.0006 scmap loss: 0.0005 locref loss: 0.0000 limb loss: 0.0000 lr: 1e-05
iteration: 12800 loss: 0.0006 scmap loss: 0.0006 locref loss: 0.0000 limb loss: 0.0000 lr: 1e-05
iteration: 12900 loss: 0.0006 scmap loss: 0.0005 locref loss: 0.0000 limb loss: 0.0000 lr: 1e-05
iteration: 13000 loss: 0.0006 scmap loss: 0.0006 locref loss: 0.0000 limb loss: 0.0000 lr: 1e-05
iteration: 13100 loss: 0.0006 scmap loss: 0.0006 locref loss: 0.0000 limb loss: 0.0000 lr: 1e-05
iteration: 13200 loss: 0.0006 scmap loss: 0.0005 locref loss: 0.0000 limb loss: 0.0000 lr: 1e-05
iteration: 13300 loss: 0.0005 scmap loss: 0.0005 locref loss: 0.0000 limb loss: 0.0000 lr: 1e-05
iteration: 13400 loss: 0.0006 scmap loss: 0.0005 locref loss: 0.0000 limb loss: 0.0000 lr: 1e-05
iteration: 13500 loss: 0.0006 scmap loss: 0.0006 locref loss: 0.0000 limb loss: 0.0000 lr: 1e-05
iteration: 13600 loss: 0.0005 scmap loss: 0.0005 locref loss: 0.0000 limb loss: 0.0000 lr: 1e-05
iteration: 13700 loss: 0.0006 scmap loss: 0.0005 locref loss: 0.0000 limb loss: 0.0000 lr: 1e-05
iteration: 13800 loss: 0.0005 scmap loss: 0.0005 locref loss: 0.0000 limb loss: 0.0000 lr: 1e-05
iteration: 13900 loss: 0.0005 scmap loss: 0.0005 locref loss: 0.0000 limb loss: 0.0000 lr: 1e-05
iteration: 14000 loss: 0.0006 scmap loss: 0.0006 locref loss: 0.0000 limb loss: 0.0000 lr: 1e-05
iteration: 14100 loss: 0.0006 scmap loss: 0.0006 locref loss: 0.0000 limb loss: 0.0000 lr: 1e-05
iteration: 14200 loss: 0.0005 scmap loss: 0.0005 locref loss: 0.0000 limb loss: 0.0000 lr: 1e-05
iteration: 14300 loss: 0.0005 scmap loss: 0.0005 locref loss: 0.0000 limb loss: 0.0000 lr: 1e-05
iteration: 14400 loss: 0.0005 scmap loss: 0.0005 locref loss: 0.0000 limb loss: 0.0000 lr: 1e-05
iteration: 14500 loss: 0.0005 scmap loss: 0.0005 locref loss: 0.0000 limb loss: 0.0000 lr: 1e-05
iteration: 14600 loss: 0.0005 scmap loss: 0.0005 locref loss: 0.0000 limb loss: 0.0000 lr: 1e-05
iteration: 14700 loss: 0.0006 scmap loss: 0.0005 locref loss: 0.0000 limb loss: 0.0000 lr: 1e-05
iteration: 14800 loss: 0.0005 scmap loss: 0.0005 locref loss: 0.0000 limb loss: 0.0000 lr: 1e-05
iteration: 14900 loss: 0.0006 scmap loss: 0.0005 locref loss: 0.0000 limb loss: 0.0000 lr: 1e-05
iteration: 15000 loss: 0.0005 scmap loss: 0.0005 locref loss: 0.0000 limb loss: 0.0000 lr: 1e-05
iteration: 15100 loss: 0.0006 scmap loss: 0.0006 locref loss: 0.0000 limb loss: 0.0000 lr: 1e-05
iteration: 15200 loss: 0.0005 scmap loss: 0.0005 locref loss: 0.0000 limb loss: 0.0000 lr: 1e-05
iteration: 15300 loss: 0.0005 scmap loss: 0.0005 locref loss: 0.0000 limb loss: 0.0000 lr: 1e-05
iteration: 15400 loss: 0.0005 scmap loss: 0.0005 locref loss: 0.0000 limb loss: 0.0000 lr: 1e-05
iteration: 15500 loss: 0.0005 scmap loss: 0.0005 locref loss: 0.0000 limb loss: 0.0000 lr: 1e-05
iteration: 15600 loss: 0.0005 scmap loss: 0.0005 locref loss: 0.0000 limb loss: 0.0000 lr: 1e-05
iteration: 15700 loss: 0.0005 scmap loss: 0.0005 locref loss: 0.0000 limb loss: 0.0000 lr: 1e-05
iteration: 15800 loss: 0.0005 scmap loss: 0.0005 locref loss: 0.0000 limb loss: 0.0000 lr: 1e-05
iteration: 15900 loss: 0.0005 scmap loss: 0.0005 locref loss: 0.0000 limb loss: 0.0000 lr: 1e-05
iteration: 16000 loss: 0.0005 scmap loss: 0.0005 locref loss: 0.0000 limb loss: 0.0000 lr: 1e-05
iteration: 16100 loss: 0.0006 scmap loss: 0.0005 locref loss: 0.0000 limb loss: 0.0000 lr: 1e-05
iteration: 16200 loss: 0.0005 scmap loss: 0.0005 locref loss: 0.0000 limb loss: 0.0000 lr: 1e-05
iteration: 16300 loss: 0.0005 scmap loss: 0.0005 locref loss: 0.0000 limb loss: 0.0000 lr: 1e-05
iteration: 16400 loss: 0.0005 scmap loss: 0.0005 locref loss: 0.0000 limb loss: 0.0000 lr: 1e-05
iteration: 16500 loss: 0.0005 scmap loss: 0.0005 locref loss: 0.0000 limb loss: 0.0000 lr: 1e-05
iteration: 16600 loss: 0.0005 scmap loss: 0.0005 locref loss: 0.0000 limb loss: 0.0000 lr: 1e-05
iteration: 16700 loss: 0.0005 scmap loss: 0.0005 locref loss: 0.0000 limb loss: 0.0000 lr: 1e-05
iteration: 16800 loss: 0.0005 scmap loss: 0.0005 locref loss: 0.0000 limb loss: 0.0000 lr: 1e-05
iteration: 16900 loss: 0.0005 scmap loss: 0.0005 locref loss: 0.0000 limb loss: 0.0000 lr: 1e-05
iteration: 17000 loss: 0.0005 scmap loss: 0.0005 locref loss: 0.0000 limb loss: 0.0000 lr: 1e-05
iteration: 17100 loss: 0.0005 scmap loss: 0.0005 locref loss: 0.0000 limb loss: 0.0000 lr: 1e-05
iteration: 17200 loss: 0.0005 scmap loss: 0.0005 locref loss: 0.0000 limb loss: 0.0000 lr: 1e-05
iteration: 17300 loss: 0.0005 scmap loss: 0.0005 locref loss: 0.0000 limb loss: 0.0000 lr: 1e-05
iteration: 17400 loss: 0.0005 scmap loss: 0.0005 locref loss: 0.0000 limb loss: 0.0000 lr: 1e-05
iteration: 17500 loss: 0.0005 scmap loss: 0.0005 locref loss: 0.0000 limb loss: 0.0000 lr: 1e-05
iteration: 17600 loss: 0.0005 scmap loss: 0.0005 locref loss: 0.0000 limb loss: 0.0000 lr: 1e-05
iteration: 17700 loss: 0.0005 scmap loss: 0.0005 locref loss: 0.0000 limb loss: 0.0000 lr: 1e-05
iteration: 17800 loss: 0.0005 scmap loss: 0.0005 locref loss: 0.0000 limb loss: 0.0000 lr: 1e-05
iteration: 17900 loss: 0.0005 scmap loss: 0.0005 locref loss: 0.0000 limb loss: 0.0000 lr: 1e-05
iteration: 18000 loss: 0.0005 scmap loss: 0.0005 locref loss: 0.0000 limb loss: 0.0000 lr: 1e-05
iteration: 18100 loss: 0.0005 scmap loss: 0.0005 locref loss: 0.0000 limb loss: 0.0000 lr: 1e-05
iteration: 18200 loss: 0.0005 scmap loss: 0.0005 locref loss: 0.0000 limb loss: 0.0000 lr: 1e-05
iteration: 18300 loss: 0.0005 scmap loss: 0.0005 locref loss: 0.0000 limb loss: 0.0000 lr: 1e-05
iteration: 18400 loss: 0.0005 scmap loss: 0.0005 locref loss: 0.0000 limb loss: 0.0000 lr: 1e-05
iteration: 18500 loss: 0.0005 scmap loss: 0.0005 locref loss: 0.0000 limb loss: 0.0000 lr: 1e-05
iteration: 18600 loss: 0.0005 scmap loss: 0.0005 locref loss: 0.0000 limb loss: 0.0000 lr: 1e-05
iteration: 18700 loss: 0.0005 scmap loss: 0.0005 locref loss: 0.0000 limb loss: 0.0000 lr: 1e-05
iteration: 18800 loss: 0.0006 scmap loss: 0.0005 locref loss: 0.0000 limb loss: 0.0000 lr: 1e-05
iteration: 18900 loss: 0.0005 scmap loss: 0.0005 locref loss: 0.0000 limb loss: 0.0000 lr: 1e-05
iteration: 19000 loss: 0.0005 scmap loss: 0.0005 locref loss: 0.0000 limb loss: 0.0000 lr: 1e-05
iteration: 19100 loss: 0.0005 scmap loss: 0.0005 locref loss: 0.0000 limb loss: 0.0000 lr: 1e-05
iteration: 19200 loss: 0.0005 scmap loss: 0.0005 locref loss: 0.0000 limb loss: 0.0000 lr: 1e-05
iteration: 19300 loss: 0.0005 scmap loss: 0.0005 locref loss: 0.0000 limb loss: 0.0000 lr: 1e-05
iteration: 19400 loss: 0.0005 scmap loss: 0.0005 locref loss: 0.0000 limb loss: 0.0000 lr: 1e-05
iteration: 19500 loss: 0.0005 scmap loss: 0.0005 locref loss: 0.0000 limb loss: 0.0000 lr: 1e-05
iteration: 19600 loss: 0.0005 scmap loss: 0.0004 locref loss: 0.0000 limb loss: 0.0000 lr: 1e-05
iteration: 19700 loss: 0.0005 scmap loss: 0.0005 locref loss: 0.0000 limb loss: 0.0000 lr: 1e-05
iteration: 19800 loss: 0.0005 scmap loss: 0.0005 locref loss: 0.0000 limb loss: 0.0000 lr: 1e-05
iteration: 19900 loss: 0.0006 scmap loss: 0.0006 locref loss: 0.0000 limb loss: 0.0000 lr: 1e-05
iteration: 20000 loss: 0.0005 scmap loss: 0.0005 locref loss: 0.0000 limb loss: 0.0000 lr: 1e-05
iteration: 20100 loss: 0.0005 scmap loss: 0.0005 locref loss: 0.0000 limb loss: 0.0000 lr: 1e-05
iteration: 20200 loss: 0.0005 scmap loss: 0.0005 locref loss: 0.0000 limb loss: 0.0000 lr: 1e-05
iteration: 20300 loss: 0.0005 scmap loss: 0.0005 locref loss: 0.0000 limb loss: 0.0000 lr: 1e-05
iteration: 20400 loss: 0.0006 scmap loss: 0.0005 locref loss: 0.0000 limb loss: 0.0000 lr: 1e-05
iteration: 20500 loss: 0.0005 scmap loss: 0.0005 locref loss: 0.0000 limb loss: 0.0000 lr: 1e-05
iteration: 20600 loss: 0.0005 scmap loss: 0.0005 locref loss: 0.0000 limb loss: 0.0000 lr: 1e-05
iteration: 20700 loss: 0.0005 scmap loss: 0.0005 locref loss: 0.0000 limb loss: 0.0000 lr: 1e-05
iteration: 20800 loss: 0.0005 scmap loss: 0.0005 locref loss: 0.0000 limb loss: 0.0000 lr: 1e-05
iteration: 20900 loss: 0.0005 scmap loss: 0.0005 locref loss: 0.0000 limb loss: 0.0000 lr: 1e-05
iteration: 21000 loss: 0.0005 scmap loss: 0.0005 locref loss: 0.0000 limb loss: 0.0000 lr: 1e-05
iteration: 21100 loss: 0.0005 scmap loss: 0.0005 locref loss: 0.0000 limb loss: 0.0000 lr: 1e-05
iteration: 21200 loss: 0.0005 scmap loss: 0.0005 locref loss: 0.0000 limb loss: 0.0000 lr: 1e-05
iteration: 21300 loss: 0.0005 scmap loss: 0.0005 locref loss: 0.0000 limb loss: 0.0000 lr: 1e-05
iteration: 21400 loss: 0.0005 scmap loss: 0.0005 locref loss: 0.0000 limb loss: 0.0000 lr: 1e-05
iteration: 21500 loss: 0.0005 scmap loss: 0.0005 locref loss: 0.0000 limb loss: 0.0000 lr: 1e-05
iteration: 21600 loss: 0.0005 scmap loss: 0.0005 locref loss: 0.0000 limb loss: 0.0000 lr: 1e-05
iteration: 21700 loss: 0.0005 scmap loss: 0.0005 locref loss: 0.0000 limb loss: 0.0000 lr: 1e-05
iteration: 21800 loss: 0.0005 scmap loss: 0.0005 locref loss: 0.0000 limb loss: 0.0000 lr: 1e-05
iteration: 21900 loss: 0.0005 scmap loss: 0.0005 locref loss: 0.0000 limb loss: 0.0000 lr: 1e-05
iteration: 22000 loss: 0.0005 scmap loss: 0.0005 locref loss: 0.0000 limb loss: 0.0000 lr: 1e-05
iteration: 22100 loss: 0.0005 scmap loss: 0.0005 locref loss: 0.0000 limb loss: 0.0000 lr: 1e-05
iteration: 22200 loss: 0.0005 scmap loss: 0.0005 locref loss: 0.0000 limb loss: 0.0000 lr: 1e-05
iteration: 22300 loss: 0.0005 scmap loss: 0.0005 locref loss: 0.0000 limb loss: 0.0000 lr: 1e-05
iteration: 22400 loss: 0.0005 scmap loss: 0.0005 locref loss: 0.0000 limb loss: 0.0000 lr: 1e-05
iteration: 22500 loss: 0.0005 scmap loss: 0.0005 locref loss: 0.0000 limb loss: 0.0000 lr: 1e-05
iteration: 22600 loss: 0.0005 scmap loss: 0.0005 locref loss: 0.0000 limb loss: 0.0000 lr: 1e-05
iteration: 22700 loss: 0.0005 scmap loss: 0.0005 locref loss: 0.0000 limb loss: 0.0000 lr: 1e-05
iteration: 22800 loss: 0.0005 scmap loss: 0.0005 locref loss: 0.0000 limb loss: 0.0000 lr: 1e-05
iteration: 22900 loss: 0.0005 scmap loss: 0.0005 locref loss: 0.0000 limb loss: 0.0000 lr: 1e-05
iteration: 23000 loss: 0.0005 scmap loss: 0.0005 locref loss: 0.0000 limb loss: 0.0000 lr: 1e-05
iteration: 23100 loss: 0.0005 scmap loss: 0.0005 locref loss: 0.0000 limb loss: 0.0000 lr: 1e-05
iteration: 23200 loss: 0.0005 scmap loss: 0.0005 locref loss: 0.0000 limb loss: 0.0000 lr: 1e-05
iteration: 23300 loss: 0.0005 scmap loss: 0.0005 locref loss: 0.0000 limb loss: 0.0000 lr: 1e-05
iteration: 23400 loss: 0.0005 scmap loss: 0.0005 locref loss: 0.0000 limb loss: 0.0000 lr: 1e-05
iteration: 23500 loss: 0.0005 scmap loss: 0.0004 locref loss: 0.0000 limb loss: 0.0000 lr: 1e-05
iteration: 23600 loss: 0.0005 scmap loss: 0.0005 locref loss: 0.0000 limb loss: 0.0000 lr: 1e-05
iteration: 23700 loss: 0.0005 scmap loss: 0.0004 locref loss: 0.0000 limb loss: 0.0000 lr: 1e-05
iteration: 23800 loss: 0.0005 scmap loss: 0.0005 locref loss: 0.0000 limb loss: 0.0000 lr: 1e-05
iteration: 23900 loss: 0.0005 scmap loss: 0.0005 locref loss: 0.0000 limb loss: 0.0000 lr: 1e-05
iteration: 24000 loss: 0.0005 scmap loss: 0.0005 locref loss: 0.0000 limb loss: 0.0000 lr: 1e-05
iteration: 24100 loss: 0.0005 scmap loss: 0.0004 locref loss: 0.0000 limb loss: 0.0000 lr: 1e-05
iteration: 24200 loss: 0.0005 scmap loss: 0.0005 locref loss: 0.0000 limb loss: 0.0000 lr: 1e-05
iteration: 24300 loss: 0.0005 scmap loss: 0.0005 locref loss: 0.0000 limb loss: 0.0000 lr: 1e-05
iteration: 24400 loss: 0.0005 scmap loss: 0.0005 locref loss: 0.0000 limb loss: 0.0000 lr: 1e-05
iteration: 24500 loss: 0.0005 scmap loss: 0.0005 locref loss: 0.0000 limb loss: 0.0000 lr: 1e-05
iteration: 24600 loss: 0.0005 scmap loss: 0.0005 locref loss: 0.0000 limb loss: 0.0000 lr: 1e-05
iteration: 24700 loss: 0.0005 scmap loss: 0.0004 locref loss: 0.0000 limb loss: 0.0000 lr: 1e-05
iteration: 24800 loss: 0.0005 scmap loss: 0.0005 locref loss: 0.0000 limb loss: 0.0000 lr: 1e-05
iteration: 24900 loss: 0.0005 scmap loss: 0.0005 locref loss: 0.0000 limb loss: 0.0000 lr: 1e-05
iteration: 25000 loss: 0.0004 scmap loss: 0.0004 locref loss: 0.0000 limb loss: 0.0000 lr: 1e-05
iteration: 25100 loss: 0.0005 scmap loss: 0.0005 locref loss: 0.0000 limb loss: 0.0000 lr: 1e-05
iteration: 25200 loss: 0.0005 scmap loss: 0.0005 locref loss: 0.0000 limb loss: 0.0000 lr: 1e-05
iteration: 25300 loss: 0.0005 scmap loss: 0.0005 locref loss: 0.0000 limb loss: 0.0000 lr: 1e-05
iteration: 25400 loss: 0.0005 scmap loss: 0.0004 locref loss: 0.0000 limb loss: 0.0000 lr: 1e-05
iteration: 25500 loss: 0.0005 scmap loss: 0.0005 locref loss: 0.0000 limb loss: 0.0000 lr: 1e-05
iteration: 25600 loss: 0.0005 scmap loss: 0.0005 locref loss: 0.0000 limb loss: 0.0000 lr: 1e-05
iteration: 25700 loss: 0.0005 scmap loss: 0.0005 locref loss: 0.0000 limb loss: 0.0000 lr: 1e-05
iteration: 25800 loss: 0.0005 scmap loss: 0.0005 locref loss: 0.0000 limb loss: 0.0000 lr: 1e-05
iteration: 25900 loss: 0.0005 scmap loss: 0.0005 locref loss: 0.0000 limb loss: 0.0000 lr: 1e-05
iteration: 26000 loss: 0.0005 scmap loss: 0.0005 locref loss: 0.0000 limb loss: 0.0000 lr: 1e-05
iteration: 26100 loss: 0.0004 scmap loss: 0.0004 locref loss: 0.0000 limb loss: 0.0000 lr: 1e-05
iteration: 26200 loss: 0.0005 scmap loss: 0.0005 locref loss: 0.0000 limb loss: 0.0000 lr: 1e-05
iteration: 26300 loss: 0.0005 scmap loss: 0.0005 locref loss: 0.0000 limb loss: 0.0000 lr: 1e-05
iteration: 26400 loss: 0.0005 scmap loss: 0.0005 locref loss: 0.0000 limb loss: 0.0000 lr: 1e-05
iteration: 26500 loss: 0.0005 scmap loss: 0.0004 locref loss: 0.0000 limb loss: 0.0000 lr: 1e-05
iteration: 26600 loss: 0.0005 scmap loss: 0.0005 locref loss: 0.0000 limb loss: 0.0000 lr: 1e-05
iteration: 26700 loss: 0.0005 scmap loss: 0.0004 locref loss: 0.0000 limb loss: 0.0000 lr: 1e-05
iteration: 26800 loss: 0.0005 scmap loss: 0.0005 locref loss: 0.0000 limb loss: 0.0000 lr: 1e-05
iteration: 26900 loss: 0.0005 scmap loss: 0.0005 locref loss: 0.0000 limb loss: 0.0000 lr: 1e-05
iteration: 27000 loss: 0.0005 scmap loss: 0.0005 locref loss: 0.0000 limb loss: 0.0000 lr: 1e-05
iteration: 27100 loss: 0.0005 scmap loss: 0.0005 locref loss: 0.0000 limb loss: 0.0000 lr: 1e-05
iteration: 27200 loss: 0.0005 scmap loss: 0.0004 locref loss: 0.0000 limb loss: 0.0000 lr: 1e-05
iteration: 27300 loss: 0.0005 scmap loss: 0.0005 locref loss: 0.0000 limb loss: 0.0000 lr: 1e-05
iteration: 27400 loss: 0.0005 scmap loss: 0.0005 locref loss: 0.0000 limb loss: 0.0000 lr: 1e-05
iteration: 27500 loss: 0.0005 scmap loss: 0.0005 locref loss: 0.0000 limb loss: 0.0000 lr: 1e-05
iteration: 27600 loss: 0.0005 scmap loss: 0.0005 locref loss: 0.0000 limb loss: 0.0000 lr: 1e-05
iteration: 27700 loss: 0.0005 scmap loss: 0.0004 locref loss: 0.0000 limb loss: 0.0000 lr: 1e-05
iteration: 27800 loss: 0.0005 scmap loss: 0.0005 locref loss: 0.0000 limb loss: 0.0000 lr: 1e-05
iteration: 27900 loss: 0.0005 scmap loss: 0.0004 locref loss: 0.0000 limb loss: 0.0000 lr: 1e-05
iteration: 28000 loss: 0.0005 scmap loss: 0.0005 locref loss: 0.0000 limb loss: 0.0000 lr: 1e-05
iteration: 28100 loss: 0.0004 scmap loss: 0.0004 locref loss: 0.0000 limb loss: 0.0000 lr: 1e-05
iteration: 28200 loss: 0.0004 scmap loss: 0.0004 locref loss: 0.0000 limb loss: 0.0000 lr: 1e-05
iteration: 28300 loss: 0.0004 scmap loss: 0.0004 locref loss: 0.0000 limb loss: 0.0000 lr: 1e-05
iteration: 28400 loss: 0.0005 scmap loss: 0.0005 locref loss: 0.0000 limb loss: 0.0000 lr: 1e-05
iteration: 28500 loss: 0.0004 scmap loss: 0.0004 locref loss: 0.0000 limb loss: 0.0000 lr: 1e-05
iteration: 28600 loss: 0.0005 scmap loss: 0.0005 locref loss: 0.0000 limb loss: 0.0000 lr: 1e-05
iteration: 28700 loss: 0.0005 scmap loss: 0.0005 locref loss: 0.0000 limb loss: 0.0000 lr: 1e-05
iteration: 28800 loss: 0.0005 scmap loss: 0.0005 locref loss: 0.0000 limb loss: 0.0000 lr: 1e-05
iteration: 28900 loss: 0.0005 scmap loss: 0.0005 locref loss: 0.0000 limb loss: 0.0000 lr: 1e-05
iteration: 29000 loss: 0.0005 scmap loss: 0.0005 locref loss: 0.0000 limb loss: 0.0000 lr: 1e-05
iteration: 29100 loss: 0.0005 scmap loss: 0.0004 locref loss: 0.0000 limb loss: 0.0000 lr: 1e-05
iteration: 29200 loss: 0.0005 scmap loss: 0.0004 locref loss: 0.0000 limb loss: 0.0000 lr: 1e-05
iteration: 29300 loss: 0.0005 scmap loss: 0.0004 locref loss: 0.0000 limb loss: 0.0000 lr: 1e-05
iteration: 29400 loss: 0.0005 scmap loss: 0.0005 locref loss: 0.0000 limb loss: 0.0000 lr: 1e-05
iteration: 29500 loss: 0.0005 scmap loss: 0.0004 locref loss: 0.0000 limb loss: 0.0000 lr: 1e-05
iteration: 29600 loss: 0.0004 scmap loss: 0.0004 locref loss: 0.0000 limb loss: 0.0000 lr: 1e-05
iteration: 29700 loss: 0.0005 scmap loss: 0.0004 locref loss: 0.0000 limb loss: 0.0000 lr: 1e-05
iteration: 29800 loss: 0.0005 scmap loss: 0.0005 locref loss: 0.0000 limb loss: 0.0000 lr: 1e-05
iteration: 29900 loss: 0.0005 scmap loss: 0.0005 locref loss: 0.0000 limb loss: 0.0000 lr: 1e-05
iteration: 30000 loss: 0.0005 scmap loss: 0.0005 locref loss: 0.0000 limb loss: 0.0000 lr: 1e-05
iteration: 30100 loss: 0.0005 scmap loss: 0.0005 locref loss: 0.0000 limb loss: 0.0000 lr: 1e-05
iteration: 30200 loss: 0.0005 scmap loss: 0.0005 locref loss: 0.0000 limb loss: 0.0000 lr: 1e-05
iteration: 30300 loss: 0.0005 scmap loss: 0.0005 locref loss: 0.0000 limb loss: 0.0000 lr: 1e-05
iteration: 30400 loss: 0.0005 scmap loss: 0.0005 locref loss: 0.0000 limb loss: 0.0000 lr: 1e-05
iteration: 30500 loss: 0.0005 scmap loss: 0.0005 locref loss: 0.0000 limb loss: 0.0000 lr: 1e-05
iteration: 30600 loss: 0.0005 scmap loss: 0.0005 locref loss: 0.0000 limb loss: 0.0000 lr: 1e-05
iteration: 30700 loss: 0.0005 scmap loss: 0.0004 locref loss: 0.0000 limb loss: 0.0000 lr: 1e-05
iteration: 30800 loss: 0.0005 scmap loss: 0.0004 locref loss: 0.0000 limb loss: 0.0000 lr: 1e-05
iteration: 30900 loss: 0.0005 scmap loss: 0.0005 locref loss: 0.0000 limb loss: 0.0000 lr: 1e-05
iteration: 31000 loss: 0.0005 scmap loss: 0.0005 locref loss: 0.0000 limb loss: 0.0000 lr: 1e-05
iteration: 31100 loss: 0.0005 scmap loss: 0.0005 locref loss: 0.0000 limb loss: 0.0000 lr: 1e-05
iteration: 31200 loss: 0.0005 scmap loss: 0.0005 locref loss: 0.0000 limb loss: 0.0000 lr: 1e-05
iteration: 31300 loss: 0.0004 scmap loss: 0.0004 locref loss: 0.0000 limb loss: 0.0000 lr: 1e-05
iteration: 31400 loss: 0.0004 scmap loss: 0.0004 locref loss: 0.0000 limb loss: 0.0000 lr: 1e-05
iteration: 31500 loss: 0.0005 scmap loss: 0.0005 locref loss: 0.0000 limb loss: 0.0000 lr: 1e-05
iteration: 31600 loss: 0.0005 scmap loss: 0.0005 locref loss: 0.0000 limb loss: 0.0000 lr: 1e-05
iteration: 31700 loss: 0.0005 scmap loss: 0.0005 locref loss: 0.0000 limb loss: 0.0000 lr: 1e-05
iteration: 31800 loss: 0.0005 scmap loss: 0.0005 locref loss: 0.0000 limb loss: 0.0000 lr: 1e-05
iteration: 31900 loss: 0.0005 scmap loss: 0.0004 locref loss: 0.0000 limb loss: 0.0000 lr: 1e-05
iteration: 32000 loss: 0.0004 scmap loss: 0.0004 locref loss: 0.0000 limb loss: 0.0000 lr: 1e-05
iteration: 32100 loss: 0.0004 scmap loss: 0.0004 locref loss: 0.0000 limb loss: 0.0000 lr: 1e-05
iteration: 32200 loss: 0.0005 scmap loss: 0.0005 locref loss: 0.0000 limb loss: 0.0000 lr: 1e-05
iteration: 32300 loss: 0.0004 scmap loss: 0.0004 locref loss: 0.0000 limb loss: 0.0000 lr: 1e-05
iteration: 32400 loss: 0.0005 scmap loss: 0.0004 locref loss: 0.0000 limb loss: 0.0000 lr: 1e-05
iteration: 32500 loss: 0.0005 scmap loss: 0.0005 locref loss: 0.0000 limb loss: 0.0000 lr: 1e-05
iteration: 32600 loss: 0.0004 scmap loss: 0.0004 locref loss: 0.0000 limb loss: 0.0000 lr: 1e-05
iteration: 32700 loss: 0.0005 scmap loss: 0.0005 locref loss: 0.0000 limb loss: 0.0000 lr: 1e-05
iteration: 32800 loss: 0.0005 scmap loss: 0.0004 locref loss: 0.0000 limb loss: 0.0000 lr: 1e-05
iteration: 32900 loss: 0.0005 scmap loss: 0.0004 locref loss: 0.0000 limb loss: 0.0000 lr: 1e-05
iteration: 33000 loss: 0.0004 scmap loss: 0.0004 locref loss: 0.0000 limb loss: 0.0000 lr: 1e-05
iteration: 33100 loss: 0.0005 scmap loss: 0.0004 locref loss: 0.0000 limb loss: 0.0000 lr: 1e-05
iteration: 33200 loss: 0.0004 scmap loss: 0.0004 locref loss: 0.0000 limb loss: 0.0000 lr: 1e-05
iteration: 33300 loss: 0.0005 scmap loss: 0.0005 locref loss: 0.0000 limb loss: 0.0000 lr: 1e-05
iteration: 33400 loss: 0.0005 scmap loss: 0.0004 locref loss: 0.0000 limb loss: 0.0000 lr: 1e-05
iteration: 33500 loss: 0.0004 scmap loss: 0.0004 locref loss: 0.0000 limb loss: 0.0000 lr: 1e-05
iteration: 33600 loss: 0.0005 scmap loss: 0.0004 locref loss: 0.0000 limb loss: 0.0000 lr: 1e-05
iteration: 33700 loss: 0.0005 scmap loss: 0.0005 locref loss: 0.0000 limb loss: 0.0000 lr: 1e-05
iteration: 33800 loss: 0.0004 scmap loss: 0.0004 locref loss: 0.0000 limb loss: 0.0000 lr: 1e-05
iteration: 33900 loss: 0.0005 scmap loss: 0.0005 locref loss: 0.0000 limb loss: 0.0000 lr: 1e-05
iteration: 34000 loss: 0.0004 scmap loss: 0.0004 locref loss: 0.0000 limb loss: 0.0000 lr: 1e-05
iteration: 34100 loss: 0.0005 scmap loss: 0.0005 locref loss: 0.0000 limb loss: 0.0000 lr: 1e-05
iteration: 34200 loss: 0.0004 scmap loss: 0.0004 locref loss: 0.0000 limb loss: 0.0000 lr: 1e-05
iteration: 34300 loss: 0.0004 scmap loss: 0.0004 locref loss: 0.0000 limb loss: 0.0000 lr: 1e-05
iteration: 34400 loss: 0.0005 scmap loss: 0.0005 locref loss: 0.0000 limb loss: 0.0000 lr: 1e-05
iteration: 34500 loss: 0.0004 scmap loss: 0.0004 locref loss: 0.0000 limb loss: 0.0000 lr: 1e-05
iteration: 34600 loss: 0.0004 scmap loss: 0.0004 locref loss: 0.0000 limb loss: 0.0000 lr: 1e-05
iteration: 34700 loss: 0.0004 scmap loss: 0.0004 locref loss: 0.0000 limb loss: 0.0000 lr: 1e-05
iteration: 34800 loss: 0.0005 scmap loss: 0.0004 locref loss: 0.0000 limb loss: 0.0000 lr: 1e-05
iteration: 34900 loss: 0.0004 scmap loss: 0.0004 locref loss: 0.0000 limb loss: 0.0000 lr: 1e-05
iteration: 35000 loss: 0.0005 scmap loss: 0.0004 locref loss: 0.0000 limb loss: 0.0000 lr: 1e-05
iteration: 35100 loss: 0.0005 scmap loss: 0.0004 locref loss: 0.0000 limb loss: 0.0000 lr: 1e-05
iteration: 35200 loss: 0.0005 scmap loss: 0.0005 locref loss: 0.0000 limb loss: 0.0000 lr: 1e-05
iteration: 35300 loss: 0.0004 scmap loss: 0.0004 locref loss: 0.0000 limb loss: 0.0000 lr: 1e-05
iteration: 35400 loss: 0.0005 scmap loss: 0.0004 locref loss: 0.0000 limb loss: 0.0000 lr: 1e-05
iteration: 35500 loss: 0.0004 scmap loss: 0.0004 locref loss: 0.0000 limb loss: 0.0000 lr: 1e-05
iteration: 35600 loss: 0.0004 scmap loss: 0.0004 locref loss: 0.0000 limb loss: 0.0000 lr: 1e-05
iteration: 35700 loss: 0.0004 scmap loss: 0.0004 locref loss: 0.0000 limb loss: 0.0000 lr: 1e-05
iteration: 35800 loss: 0.0005 scmap loss: 0.0004 locref loss: 0.0000 limb loss: 0.0000 lr: 1e-05
iteration: 35900 loss: 0.0005 scmap loss: 0.0004 locref loss: 0.0000 limb loss: 0.0000 lr: 1e-05
iteration: 36000 loss: 0.0005 scmap loss: 0.0004 locref loss: 0.0000 limb loss: 0.0000 lr: 1e-05
iteration: 36100 loss: 0.0004 scmap loss: 0.0004 locref loss: 0.0000 limb loss: 0.0000 lr: 1e-05
iteration: 36200 loss: 0.0005 scmap loss: 0.0004 locref loss: 0.0000 limb loss: 0.0000 lr: 1e-05
iteration: 36300 loss: 0.0005 scmap loss: 0.0004 locref loss: 0.0000 limb loss: 0.0000 lr: 1e-05
iteration: 36400 loss: 0.0005 scmap loss: 0.0004 locref loss: 0.0000 limb loss: 0.0000 lr: 1e-05
iteration: 36500 loss: 0.0004 scmap loss: 0.0004 locref loss: 0.0000 limb loss: 0.0000 lr: 1e-05
iteration: 36600 loss: 0.0004 scmap loss: 0.0004 locref loss: 0.0000 limb loss: 0.0000 lr: 1e-05
iteration: 36700 loss: 0.0004 scmap loss: 0.0004 locref loss: 0.0000 limb loss: 0.0000 lr: 1e-05
iteration: 36800 loss: 0.0005 scmap loss: 0.0004 locref loss: 0.0000 limb loss: 0.0000 lr: 1e-05
iteration: 36900 loss: 0.0004 scmap loss: 0.0004 locref loss: 0.0000 limb loss: 0.0000 lr: 1e-05
iteration: 37000 loss: 0.0005 scmap loss: 0.0004 locref loss: 0.0000 limb loss: 0.0000 lr: 1e-05
iteration: 37100 loss: 0.0004 scmap loss: 0.0004 locref loss: 0.0000 limb loss: 0.0000 lr: 1e-05
iteration: 37200 loss: 0.0004 scmap loss: 0.0004 locref loss: 0.0000 limb loss: 0.0000 lr: 1e-05
iteration: 37300 loss: 0.0005 scmap loss: 0.0005 locref loss: 0.0000 limb loss: 0.0000 lr: 1e-05
iteration: 37400 loss: 0.0005 scmap loss: 0.0004 locref loss: 0.0000 limb loss: 0.0000 lr: 1e-05
iteration: 37500 loss: 0.0004 scmap loss: 0.0004 locref loss: 0.0000 limb loss: 0.0000 lr: 1e-05
iteration: 37600 loss: 0.0004 scmap loss: 0.0004 locref loss: 0.0000 limb loss: 0.0000 lr: 1e-05
iteration: 37700 loss: 0.0005 scmap loss: 0.0005 locref loss: 0.0000 limb loss: 0.0000 lr: 1e-05
iteration: 37800 loss: 0.0004 scmap loss: 0.0004 locref loss: 0.0000 limb loss: 0.0000 lr: 1e-05
iteration: 37900 loss: 0.0004 scmap loss: 0.0004 locref loss: 0.0000 limb loss: 0.0000 lr: 1e-05
iteration: 38000 loss: 0.0005 scmap loss: 0.0005 locref loss: 0.0000 limb loss: 0.0000 lr: 1e-05
iteration: 38100 loss: 0.0004 scmap loss: 0.0004 locref loss: 0.0000 limb loss: 0.0000 lr: 1e-05
iteration: 38200 loss: 0.0005 scmap loss: 0.0005 locref loss: 0.0000 limb loss: 0.0000 lr: 1e-05
iteration: 38300 loss: 0.0004 scmap loss: 0.0004 locref loss: 0.0000 limb loss: 0.0000 lr: 1e-05
iteration: 38400 loss: 0.0004 scmap loss: 0.0004 locref loss: 0.0000 limb loss: 0.0000 lr: 1e-05
iteration: 38500 loss: 0.0005 scmap loss: 0.0004 locref loss: 0.0000 limb loss: 0.0000 lr: 1e-05
iteration: 38600 loss: 0.0004 scmap loss: 0.0004 locref loss: 0.0000 limb loss: 0.0000 lr: 1e-05
iteration: 38700 loss: 0.0004 scmap loss: 0.0004 locref loss: 0.0000 limb loss: 0.0000 lr: 1e-05
iteration: 38800 loss: 0.0005 scmap loss: 0.0005 locref loss: 0.0000 limb loss: 0.0000 lr: 1e-05
iteration: 38900 loss: 0.0004 scmap loss: 0.0004 locref loss: 0.0000 limb loss: 0.0000 lr: 1e-05
iteration: 39000 loss: 0.0005 scmap loss: 0.0005 locref loss: 0.0000 limb loss: 0.0000 lr: 1e-05
iteration: 39100 loss: 0.0004 scmap loss: 0.0004 locref loss: 0.0000 limb loss: 0.0000 lr: 1e-05
iteration: 39200 loss: 0.0004 scmap loss: 0.0004 locref loss: 0.0000 limb loss: 0.0000 lr: 1e-05
iteration: 39300 loss: 0.0004 scmap loss: 0.0004 locref loss: 0.0000 limb loss: 0.0000 lr: 1e-05
iteration: 39400 loss: 0.0005 scmap loss: 0.0004 locref loss: 0.0000 limb loss: 0.0000 lr: 1e-05
iteration: 39500 loss: 0.0004 scmap loss: 0.0004 locref loss: 0.0000 limb loss: 0.0000 lr: 1e-05
iteration: 39600 loss: 0.0004 scmap loss: 0.0004 locref loss: 0.0000 limb loss: 0.0000 lr: 1e-05
iteration: 39700 loss: 0.0004 scmap loss: 0.0004 locref loss: 0.0000 limb loss: 0.0000 lr: 1e-05
iteration: 39800 loss: 0.0004 scmap loss: 0.0004 locref loss: 0.0000 limb loss: 0.0000 lr: 1e-05
iteration: 39900 loss: 0.0005 scmap loss: 0.0004 locref loss: 0.0000 limb loss: 0.0000 lr: 1e-05
iteration: 40000 loss: 0.0005 scmap loss: 0.0004 locref loss: 0.0000 limb loss: 0.0000 lr: 1e-05
Exception in thread Thread-1:
Traceback (most recent call last):
  File "/ext3/miniconda3/lib/python3.9/threading.py", line 973, in _bootstrap_inner
    self.run()
  File "/ext3/miniconda3/lib/python3.9/threading.py", line 910, in run
    self._target(*self._args, **self._kwargs)
  File "/home/xp2027/.local/lib/python3.9/site-packages/deeplabcut/pose_estimation_tensorflow/core/train.py", line 83, in load_and_enqueue
    sess.run(enqueue_op, feed_dict=food)
  File "/home/xp2027/.local/lib/python3.9/site-packages/tensorflow/python/client/session.py", line 967, in run
    result = self._run(None, fetches, feed_dict, options_ptr,
  File "/home/xp2027/.local/lib/python3.9/site-packages/tensorflow/python/client/session.py", line 1115, in _run
    raise RuntimeError('Attempted to use a closed Session.')
RuntimeError: Attempted to use a closed Session.
Config:
{'all_joints': [[0], [1], [2], [3], [4], [5], [6], [7], [8], [9], [10]],
 'all_joints_names': ['bodypart1',
                      'bodypart2',
                      'bodypart3',
                      'bodypart4',
                      'bodypart5',
                      'bodypart6',
                      'bodypart7',
                      'bodypart8',
                      'bodypart9',
                      'bodypart10',
                      'bodypart11'],
 'batch_size': 1,
 'crop_pad': 0,
 'dataset': 'training-datasets/iteration-0/UnaugmentedDataSet_PkPpEnetCh02Jun24/PkPpEnetCh02_Chen85shuffle2.pickle',
 'dataset_type': 'multi-animal-imgaug',
 'deterministic': False,
 'fg_fraction': 0.25,
 'global_scale': 0.8,
 'init_weights': '/home/xp2027/.local/lib/python3.9/site-packages/deeplabcut/pose_estimation_tensorflow/models/pretrained/mobilenet_v2_0.75_224.ckpt',
 'intermediate_supervision': False,
 'intermediate_supervision_layer': 12,
 'location_refinement': True,
 'locref_huber_loss': True,
 'locref_loss_weight': 1.0,
 'locref_smooth': False,
 'locref_stdev': 7.2801,
 'log_dir': 'log',
 'mean_pixel': [123.68, 116.779, 103.939],
 'minconfidence': 0.01,
 'mirror': False,
 'multi_stage': False,
 'net_type': 'mobilenet_v2_0.75',
 'nmsradius': 5.0,
 'num_idchannel': 0,
 'num_joints': 11,
 'num_limbs': 55,
 'optimizer': 'sgd',
 'pairwise_huber_loss': True,
 'pairwise_predict': False,
 'partaffinityfield_graph': [[0, 1],
                             [0, 2],
                             [0, 3],
                             [0, 4],
                             [0, 5],
                             [0, 6],
                             [0, 7],
                             [0, 8],
                             [0, 9],
                             [0, 10],
                             [1, 2],
                             [1, 3],
                             [1, 4],
                             [1, 5],
                             [1, 6],
                             [1, 7],
                             [1, 8],
                             [1, 9],
                             [1, 10],
                             [2, 3],
                             [2, 4],
                             [2, 5],
                             [2, 6],
                             [2, 7],
                             [2, 8],
                             [2, 9],
                             [2, 10],
                             [3, 4],
                             [3, 5],
                             [3, 6],
                             [3, 7],
                             [3, 8],
                             [3, 9],
                             [3, 10],
                             [4, 5],
                             [4, 6],
                             [4, 7],
                             [4, 8],
                             [4, 9],
                             [4, 10],
                             [5, 6],
                             [5, 7],
                             [5, 8],
                             [5, 9],
                             [5, 10],
                             [6, 7],
                             [6, 8],
                             [6, 9],
                             [6, 10],
                             [7, 8],
                             [7, 9],
                             [7, 10],
                             [8, 9],
                             [8, 10],
                             [9, 10]],
 'partaffinityfield_predict': True,
 'regularize': False,
 'scoremap_dir': 'test',
 'shuffle': True,
 'sigma': 1,
 'snapshot_prefix': '/scratch/xp2027/lab_29_PkPpAllCh/PkPpEnetCh01/dlc-models/iteration-0/PkPpEnetCh02Jun24-trainset85shuffle2/test/snapshot',
 'stride': 8.0,
 'weigh_negatives': False,
 'weigh_only_present_joints': False,
 'weigh_part_predictions': False,
 'weight_decay': 0.0001}
/home/xp2027/.local/lib/python3.9/site-packages/tensorflow/python/keras/engine/base_layer_v1.py:1694: UserWarning: `layer.apply` is deprecated and will be removed in a future version. Please use `layer.__call__` method instead.
  warnings.warn('`layer.apply` is deprecated and '
/home/xp2027/.local/lib/python3.9/site-packages/tf_slim/layers/layers.py:684: UserWarning: `layer.apply` is deprecated and will be removed in a future version. Please use `layer.__call__` method instead.
  outputs = layer.apply(inputs, training=is_training)
2022-07-13 21:13:14.854610: I tensorflow/core/common_runtime/gpu/gpu_device.cc:1525] Created device /job:localhost/replica:0/task:0/device:GPU:0 with 30989 MB memory:  -> device: 0, name: Tesla V100-PCIE-32GB, pci bus id: 0000:d8:00.0, compute capability: 7.0
Loading DLC 2.2.1.1...
DLC loaded in light mode; you cannot use any GUI (labeling, relabeling and standalone GUI)
Selecting multi-animal trainer
Activating limb prediction...
Batch Size is 8
Getting specs multi-animal-imgaug 55 11
Loading ImageNet-pretrained mobilenet_v2_0.75
Max_iters overwritten as 40000
Display_iters overwritten as 100
Save_iters overwritten as 2000
Training parameters:
{'stride': 8.0, 'weigh_part_predictions': False, 'weigh_negatives': False, 'fg_fraction': 0.25, 'mean_pixel': [123.68, 116.779, 103.939], 'shuffle': True, 'snapshot_prefix': '/scratch/xp2027/lab_29_PkPpAllCh/PkPpEnetCh01/dlc-models/iteration-0/PkPpEnetCh02Jun24-trainset85shuffle2/train/snapshot', 'log_dir': 'log', 'global_scale': 0.8, 'location_refinement': True, 'locref_stdev': 7.2801, 'locref_loss_weight': 0.05, 'locref_huber_loss': True, 'optimizer': 'adam', 'intermediate_supervision': False, 'intermediate_supervision_layer': 12, 'regularize': False, 'weight_decay': 0.0001, 'crop_pad': 0, 'scoremap_dir': 'test', 'batch_size': 8, 'dataset_type': 'multi-animal-imgaug', 'deterministic': False, 'mirror': False, 'pairwise_huber_loss': False, 'weigh_only_present_joints': False, 'partaffinityfield_predict': True, 'pairwise_predict': True, 'all_joints': [[0], [1], [2], [3], [4], [5], [6], [7], [8], [9], [10]], 'all_joints_names': ['bodypart1', 'bodypart2', 'bodypart3', 'bodypart4', 'bodypart5', 'bodypart6', 'bodypart7', 'bodypart8', 'bodypart9', 'bodypart10', 'bodypart11'], 'alpha_r': 0.02, 'apply_prob': 0.5, 'clahe': True, 'claheratio': 0.1, 'crop_sampling': 'hybrid', 'crop_size': [400, 400], 'cropratio': 0.4, 'dataset': 'training-datasets/iteration-0/UnaugmentedDataSet_PkPpEnetCh02Jun24/PkPpEnetCh02_Chen85shuffle2.pickle', 'decay_steps': 30000, 'display_iters': 500, 'edge': False, 'emboss': {'alpha': [0.0, 1.0], 'embossratio': 0.1, 'strength': [0.5, 1.5]}, 'histeq': True, 'histeqratio': 0.1, 'init_weights': '/home/xp2027/.local/lib/python3.9/site-packages/deeplabcut/pose_estimation_tensorflow/models/pretrained/mobilenet_v2_0.75_224.ckpt', 'lr_init': 0.0005, 'max_input_size': 1500, 'max_shift': 0.4, 'metadataset': 'training-datasets/iteration-0/UnaugmentedDataSet_PkPpEnetCh02Jun24/Documentation_data-PkPpEnetCh02_85shuffle2.pickle', 'min_input_size': 64, 'multi_stage': False, 'multi_step': [[0.0001, 7500], [5e-05, 12000], [1e-05, 200000]], 'net_type': 'mobilenet_v2_0.75', 'num_idchannel': 0, 'num_joints': 11, 'num_limbs': 55, 'pafwidth': 20, 'pairwise_loss_weight': 0.1, 'partaffinityfield_graph': [[0, 1], [0, 2], [0, 3], [0, 4], [0, 5], [0, 6], [0, 7], [0, 8], [0, 9], [0, 10], [1, 2], [1, 3], [1, 4], [1, 5], [1, 6], [1, 7], [1, 8], [1, 9], [1, 10], [2, 3], [2, 4], [2, 5], [2, 6], [2, 7], [2, 8], [2, 9], [2, 10], [3, 4], [3, 5], [3, 6], [3, 7], [3, 8], [3, 9], [3, 10], [4, 5], [4, 6], [4, 7], [4, 8], [4, 9], [4, 10], [5, 6], [5, 7], [5, 8], [5, 9], [5, 10], [6, 7], [6, 8], [6, 9], [6, 10], [7, 8], [7, 9], [7, 10], [8, 9], [8, 10], [9, 10]], 'pos_dist_thresh': 17, 'pre_resize': [], 'project_path': '/scratch/xp2027/lab_29_PkPpAllCh/PkPpEnetCh01', 'rotation': 25, 'rotratio': 0.4, 'save_iters': 10000, 'scale_jitter_lo': 0.5, 'scale_jitter_up': 1.25, 'sharpen': False, 'sharpenratio': 0.3}
Starting multi-animal training....
The network is now trained and ready to evaluate. Use the function 'evaluate_network' to evaluate the network.
Running  DLC_mobnet_75_PkPpEnetCh02Jun24shuffle2_40000  with # of trainingiterations: 40000
Activating extracting of PAFs
Network Evaluation underway...
0it [00:00, ?it/s]1it [00:02,  2.99s/it]2it [00:03,  1.70s/it]3it [00:04,  1.34s/it]4it [00:05,  1.18s/it]5it [00:06,  1.04s/it]6it [00:07,  1.04it/s]7it [00:08,  1.09it/s]8it [00:08,  1.13it/s]9it [00:09,  1.16it/s]10it [00:10,  1.19it/s]11it [00:11,  1.22it/s]12it [00:12,  1.22it/s]13it [00:12,  1.22it/s]14it [00:13,  1.24it/s]15it [00:14,  1.27it/s]16it [00:15,  1.29it/s]17it [00:15,  1.29it/s]18it [00:16,  1.28it/s]19it [00:17,  1.27it/s]20it [00:18,  1.25it/s]21it [00:19,  1.23it/s]22it [00:20,  1.24it/s]23it [00:20,  1.27it/s]24it [00:21,  1.29it/s]25it [00:22,  1.29it/s]26it [00:23,  1.29it/s]27it [00:23,  1.28it/s]28it [00:24,  1.26it/s]29it [00:25,  1.26it/s]30it [00:26,  1.25it/s]31it [00:27,  1.24it/s]32it [00:27,  1.21it/s]33it [00:28,  1.21it/s]34it [00:29,  1.21it/s]35it [00:30,  1.19it/s]36it [00:31,  1.19it/s]37it [00:32,  1.19it/s]38it [00:32,  1.21it/s]39it [00:33,  1.21it/s]40it [00:34,  1.21it/s]41it [00:35,  1.18it/s]42it [00:36,  1.22it/s]43it [00:37,  1.25it/s]44it [00:37,  1.24it/s]45it [00:38,  1.26it/s]46it [00:39,  1.27it/s]47it [00:40,  1.25it/s]48it [00:41,  1.23it/s]49it [00:41,  1.19it/s]50it [00:42,  1.16it/s]51it [00:43,  1.16it/s]51it [00:43,  1.17it/s]
Results for 40000 training iterations, training fraction of 85, and shuffle 2:
Train error: 6.98 pixels. Test error: 8.8 pixels.
With pcutoff of 0.8:
Train error: 6.99 pixels. Test error: 8.8 pixels.
##########################################
Average Euclidean distance to GT per individual (in pixels; test-only)
individuals
individual1    8.798421
Average Euclidean distance to GT per bodypart (in pixels; test-only)
bodyparts
bodypart1      7.244568
bodypart10     7.056512
bodypart11     8.842290
bodypart2     12.709755
bodypart3      9.191045
bodypart4      9.260750
bodypart5      9.454446
bodypart6      8.266773
bodypart7      6.959430
bodypart8      9.356653
bodypart9      8.440415
Done and results stored for snapshot:  snapshot-40000
Selecting best skeleton...
Graph 1|10
  0%|          | 0/51 [00:00<?, ?it/s]100%|| 51/51 [00:00<00:00, 632.96it/s]
  0%|          | 0/43 [00:00<?, ?it/s]100%|| 43/43 [00:00<00:00, 8610.48it/s]
  0%|          | 0/8 [00:00<?, ?it/s]100%|| 8/8 [00:00<00:00, 8397.01it/s]
  0%|          | 0/51 [00:00<?, ?it/s]100%|| 51/51 [00:00<00:00, 59784.66it/s]
Graph 2|10
  0%|          | 0/51 [00:00<?, ?it/s]100%|| 51/51 [00:00<00:00, 639.25it/s]
  0%|          | 0/43 [00:00<?, ?it/s]100%|| 43/43 [00:00<00:00, 8945.74it/s]
  0%|          | 0/8 [00:00<?, ?it/s]100%|| 8/8 [00:00<00:00, 8586.09it/s]
  0%|          | 0/51 [00:00<?, ?it/s]100%|| 51/51 [00:00<00:00, 61680.94it/s]
Graph 3|10
  0%|          | 0/51 [00:00<?, ?it/s]100%|| 51/51 [00:00<00:00, 520.38it/s]
  0%|          | 0/43 [00:00<?, ?it/s]100%|| 43/43 [00:00<00:00, 8859.61it/s]
  0%|          | 0/8 [00:00<?, ?it/s]100%|| 8/8 [00:00<00:00, 8473.34it/s]
  0%|          | 0/51 [00:00<?, ?it/s]100%|| 51/51 [00:00<00:00, 62237.27it/s]
Graph 4|10
  0%|          | 0/51 [00:00<?, ?it/s]100%|| 51/51 [00:00<00:00, 878.90it/s]
  0%|          | 0/43 [00:00<?, ?it/s]100%|| 43/43 [00:00<00:00, 9049.43it/s]
  0%|          | 0/8 [00:00<?, ?it/s]100%|| 8/8 [00:00<00:00, 8449.87it/s]
  0%|          | 0/51 [00:00<?, ?it/s]100%|| 51/51 [00:00<00:00, 62346.11it/s]
Graph 5|10
  0%|          | 0/51 [00:00<?, ?it/s]100%|| 51/51 [00:00<00:00, 880.01it/s]
  0%|          | 0/43 [00:00<?, ?it/s]100%|| 43/43 [00:00<00:00, 8906.42it/s]
  0%|          | 0/8 [00:00<?, ?it/s]100%|| 8/8 [00:00<00:00, 7921.25it/s]
  0%|          | 0/51 [00:00<?, ?it/s]100%|| 51/51 [00:00<00:00, 59172.75it/s]
Graph 6|10
  0%|          | 0/51 [00:00<?, ?it/s]100%|| 51/51 [00:00<00:00, 642.28it/s]
  0%|          | 0/43 [00:00<?, ?it/s]100%|| 43/43 [00:00<00:00, 8811.99it/s]
  0%|          | 0/8 [00:00<?, ?it/s]100%|| 8/8 [00:00<00:00, 8411.74it/s]
  0%|          | 0/51 [00:00<?, ?it/s]100%|| 51/51 [00:00<00:00, 62491.82it/s]
Graph 7|10
  0%|          | 0/51 [00:00<?, ?it/s]100%|| 51/51 [00:00<00:00, 581.76it/s]
  0%|          | 0/43 [00:00<?, ?it/s]100%|| 43/43 [00:00<00:00, 9417.04it/s]
  0%|          | 0/8 [00:00<?, ?it/s]100%|| 8/8 [00:00<00:00, 8326.16it/s]
  0%|          | 0/51 [00:00<?, ?it/s]100%|| 51/51 [00:00<00:00, 64958.85it/s]
Graph 8|10
  0%|          | 0/51 [00:00<?, ?it/s]100%|| 51/51 [00:00<00:00, 665.35it/s]
  0%|          | 0/43 [00:00<?, ?it/s]100%|| 43/43 [00:00<00:00, 8854.82it/s]
  0%|          | 0/8 [00:00<?, ?it/s]100%|| 8/8 [00:00<00:00, 8971.77it/s]
  0%|          | 0/51 [00:00<?, ?it/s]100%|| 51/51 [00:00<00:00, 57440.79it/s]
Graph 9|10
  0%|          | 0/51 [00:00<?, ?it/s]100%|| 51/51 [00:00<00:00, 622.02it/s]
  0%|          | 0/43 [00:00<?, ?it/s]100%|| 43/43 [00:00<00:00, 9107.46it/s]
  0%|          | 0/8 [00:00<?, ?it/s]100%|| 8/8 [00:00<00:00, 8797.70it/s]
  0%|          | 0/51 [00:00<?, ?it/s]100%|| 51/51 [00:00<00:00, 64391.78it/s]
Graph 10|10
  0%|          | 0/51 [00:00<?, ?it/s]100%|| 51/51 [00:00<00:00, 647.73it/s]
  0%|          | 0/43 [00:00<?, ?it/s]100%|| 43/43 [00:00<00:00, 9281.82it/s]
  0%|          | 0/8 [00:00<?, ?it/s]100%|| 8/8 [00:00<00:00, 8659.21it/s]
  0%|          | 0/51 [00:00<?, ?it/s]100%|| 51/51 [00:00<00:00, 64430.57it/s]
Config:
{'all_joints': [[0], [1], [2], [3], [4], [5], [6], [7], [8], [9], [10]],
 'all_joints_names': ['bodypart1',
                      'bodypart2',
                      'bodypart3',
                      'bodypart4',
                      'bodypart5',
                      'bodypart6',
                      'bodypart7',
                      'bodypart8',
                      'bodypart9',
                      'bodypart10',
                      'bodypart11'],
 'batch_size': 1,
 'crop_pad': 0,
 'dataset': 'training-datasets/iteration-0/UnaugmentedDataSet_PkPpEnetCh02Jun24/PkPpEnetCh02_Chen85shuffle2.pickle',
 'dataset_type': 'multi-animal-imgaug',
 'deterministic': False,
 'fg_fraction': 0.25,
 'global_scale': 0.8,
 'init_weights': '/home/xp2027/.local/lib/python3.9/site-packages/deeplabcut/pose_estimation_tensorflow/models/pretrained/mobilenet_v2_0.75_224.ckpt',
 'intermediate_supervision': False,
 'intermediate_supervision_layer': 12,
 'location_refinement': True,
 'locref_huber_loss': True,
 'locref_loss_weight': 1.0,
 'locref_smooth': False,
 'locref_stdev': 7.2801,
 'log_dir': 'log',
 'mean_pixel': [123.68, 116.779, 103.939],
 'minconfidence': 0.01,
 'mirror': False,
 'multi_stage': False,
 'net_type': 'mobilenet_v2_0.75',
 'nmsradius': 5.0,
 'num_idchannel': 0,
 'num_joints': 11,
 'num_limbs': 55,
 'optimizer': 'sgd',
 'paf_best': [54,
              0,
              52,
              49,
              10,
              19,
              27,
              45,
              34,
              40,
              53,
              50,
              1,
              46,
              41,
              35,
              51,
              28,
              20,
              11,
              2,
              12,
              47,
              21,
              14,
              29,
              43,
              42,
              26,
              8,
              4,
              3,
              38,
              23,
              31,
              37,
              44,
              39,
              5,
              6,
              7,
              9,
              25,
              24,
              13,
              33,
              15,
              16,
              17,
              18,
              48,
              32,
              22,
              30,
              36],
 'pairwise_huber_loss': True,
 'pairwise_predict': False,
 'partaffinityfield_graph': [[0, 1],
                             [0, 2],
                             [0, 3],
                             [0, 4],
                             [0, 5],
                             [0, 6],
                             [0, 7],
                             [0, 8],
                             [0, 9],
                             [0, 10],
                             [1, 2],
                             [1, 3],
                             [1, 4],
                             [1, 5],
                             [1, 6],
                             [1, 7],
                             [1, 8],
                             [1, 9],
                             [1, 10],
                             [2, 3],
                             [2, 4],
                             [2, 5],
                             [2, 6],
                             [2, 7],
                             [2, 8],
                             [2, 9],
                             [2, 10],
                             [3, 4],
                             [3, 5],
                             [3, 6],
                             [3, 7],
                             [3, 8],
                             [3, 9],
                             [3, 10],
                             [4, 5],
                             [4, 6],
                             [4, 7],
                             [4, 8],
                             [4, 9],
                             [4, 10],
                             [5, 6],
                             [5, 7],
                             [5, 8],
                             [5, 9],
                             [5, 10],
                             [6, 7],
                             [6, 8],
                             [6, 9],
                             [6, 10],
                             [7, 8],
                             [7, 9],
                             [7, 10],
                             [8, 9],
                             [8, 10],
                             [9, 10]],
 'partaffinityfield_predict': True,
 'regularize': False,
 'scoremap_dir': 'test',
 'shuffle': True,
 'sigma': 1,
 'snapshot_prefix': '/scratch/xp2027/lab_29_PkPpAllCh/PkPpEnetCh01/dlc-models/iteration-0/PkPpEnetCh02Jun24-trainset85shuffle2/test/snapshot',
 'stride': 8.0,
 'weigh_negatives': False,
 'weigh_only_present_joints': False,
 'weigh_part_predictions': False,
 'weight_decay': 0.0001}
/home/xp2027/.local/lib/python3.9/site-packages/tensorflow/python/keras/engine/base_layer_v1.py:1694: UserWarning: `layer.apply` is deprecated and will be removed in a future version. Please use `layer.__call__` method instead.
  warnings.warn('`layer.apply` is deprecated and '
/home/xp2027/.local/lib/python3.9/site-packages/tf_slim/layers/layers.py:684: UserWarning: `layer.apply` is deprecated and will be removed in a future version. Please use `layer.__call__` method instead.
  outputs = layer.apply(inputs, training=is_training)
2022-07-13 21:14:30.856421: I tensorflow/core/common_runtime/gpu/gpu_device.cc:1525] Created device /job:localhost/replica:0/task:0/device:GPU:0 with 30989 MB memory:  -> device: 0, name: Tesla V100-PCIE-32GB, pci bus id: 0000:d8:00.0, compute capability: 7.0
Using snapshot-40000 for model /scratch/xp2027/lab_29_PkPpAllCh/PkPpEnetCh01/dlc-models/iteration-0/PkPpEnetCh02Jun24-trainset85shuffle2
Activating extracting of PAFs
Starting to analyze %  /scratch/xp2027/lab_29_PkPpAllCh/PkPpEnetCh01/videos/pink02-train-2022-02-21-20.05.09.mp4
Loading  /scratch/xp2027/lab_29_PkPpAllCh/PkPpEnetCh01/videos/pink02-train-2022-02-21-20.05.09.mp4
Duration of video [s]:  23.27 , recorded with  30.0 fps!
Overall # of frames:  698  found with (before cropping) frame dimensions:  1080 1920
Starting to extract posture from the video(s) with batchsize: 8
  0%|          | 0/698 [00:00<?, ?it/s]  0%|          | 1/698 [00:00<03:46,  3.08it/s]  1%|          | 8/698 [00:02<03:42,  3.10it/s]  2%|         | 14/698 [00:02<01:50,  6.18it/s]  2%|         | 17/698 [00:03<02:05,  5.44it/s]  3%|         | 24/698 [00:04<01:40,  6.69it/s]  4%|         | 31/698 [00:04<01:03, 10.49it/s]  5%|         | 35/698 [00:05<01:20,  8.23it/s]  6%|         | 40/698 [00:05<01:30,  7.27it/s]  7%|         | 47/698 [00:06<00:59, 10.96it/s]  7%|         | 51/698 [00:06<01:17,  8.30it/s]  8%|         | 56/698 [00:07<01:27,  7.30it/s]  9%|         | 61/698 [00:07<01:05,  9.78it/s]  9%|         | 64/698 [00:08<01:28,  7.13it/s] 10%|         | 71/698 [00:08<00:56, 11.11it/s] 11%|         | 75/698 [00:09<01:19,  7.89it/s] 11%|        | 80/698 [00:10<01:30,  6.83it/s] 12%|        | 86/698 [00:10<01:02,  9.82it/s] 13%|        | 90/698 [00:11<01:23,  7.30it/s] 14%|        | 96/698 [00:12<01:31,  6.56it/s] 15%|        | 102/698 [00:13<01:04,  9.30it/s] 15%|        | 106/698 [00:14<01:24,  7.03it/s] 16%|        | 112/698 [00:15<01:28,  6.65it/s] 17%|        | 118/698 [00:15<01:02,  9.33it/s] 17%|        | 121/698 [00:16<01:32,  6.25it/s] 18%|        | 127/698 [00:16<01:02,  9.09it/s] 19%|        | 131/698 [00:17<01:18,  7.20it/s] 19%|        | 136/698 [00:18<01:26,  6.53it/s] 20%|        | 142/698 [00:18<00:58,  9.44it/s] 21%|        | 146/698 [00:19<01:16,  7.25it/s] 22%|       | 152/698 [00:20<01:20,  6.77it/s] 23%|       | 158/698 [00:20<00:56,  9.55it/s] 23%|       | 161/698 [00:21<01:16,  7.01it/s] 24%|       | 167/698 [00:21<00:52, 10.15it/s] 24%|       | 171/698 [00:22<01:05,  7.99it/s] 25%|       | 176/698 [00:22<01:07,  7.77it/s] 26%|       | 182/698 [00:23<00:46, 11.12it/s] 27%|       | 186/698 [00:23<00:55,  9.31it/s] 28%|       | 192/698 [00:24<00:54,  9.28it/s] 28%|       | 198/698 [00:24<00:38, 12.87it/s] 29%|       | 202/698 [00:25<00:53,  9.20it/s] 30%|       | 208/698 [00:25<00:52,  9.27it/s] 31%|       | 215/698 [00:26<00:36, 13.40it/s] 31%|      | 219/698 [00:26<00:45, 10.61it/s] 32%|      | 224/698 [00:27<00:50,  9.45it/s] 33%|      | 230/698 [00:27<00:35, 13.07it/s] 34%|      | 234/698 [00:28<00:45, 10.23it/s] 34%|      | 240/698 [00:28<00:47,  9.64it/s] 35%|      | 247/698 [00:28<00:32, 13.86it/s] 36%|      | 251/698 [00:29<00:41, 10.69it/s] 37%|      | 256/698 [00:30<00:46,  9.50it/s] 38%|      | 263/698 [00:30<00:31, 13.76it/s] 38%|      | 267/698 [00:31<00:40, 10.70it/s] 39%|      | 272/698 [00:31<00:43,  9.68it/s] 40%|      | 279/698 [00:31<00:29, 14.06it/s] 41%|      | 283/698 [00:32<00:37, 11.10it/s] 41%|     | 288/698 [00:33<00:41,  9.77it/s] 42%|     | 295/698 [00:33<00:28, 14.26it/s] 43%|     | 299/698 [00:33<00:36, 10.97it/s] 44%|     | 304/698 [00:34<00:40,  9.73it/s] 45%|     | 311/698 [00:34<00:27, 14.19it/s] 45%|     | 315/698 [00:35<00:36, 10.63it/s] 46%|     | 320/698 [00:35<00:39,  9.64it/s] 47%|     | 327/698 [00:35<00:26, 14.03it/s] 47%|     | 331/698 [00:36<00:33, 10.94it/s] 48%|     | 336/698 [00:37<00:37,  9.72it/s] 49%|     | 343/698 [00:37<00:25, 14.16it/s] 50%|     | 347/698 [00:38<00:32, 10.90it/s] 50%|     | 352/698 [00:38<00:36,  9.51it/s] 51%|    | 359/698 [00:38<00:24, 13.90it/s] 52%|    | 363/698 [00:39<00:30, 10.93it/s] 53%|    | 368/698 [00:40<00:33,  9.80it/s] 54%|    | 375/698 [00:40<00:22, 14.31it/s] 54%|    | 379/698 [00:40<00:29, 10.71it/s] 55%|    | 384/698 [00:41<00:32,  9.63it/s] 56%|    | 391/698 [00:41<00:21, 14.10it/s] 57%|    | 395/698 [00:42<00:27, 11.13it/s] 57%|    | 400/698 [00:42<00:30,  9.81it/s] 58%|    | 407/698 [00:42<00:20, 14.26it/s] 59%|    | 411/698 [00:43<00:25, 11.16it/s] 60%|    | 416/698 [00:44<00:28,  9.97it/s] 61%|    | 423/698 [00:44<00:19, 14.42it/s] 61%|    | 427/698 [00:44<00:24, 11.20it/s] 62%|   | 432/698 [00:45<00:27,  9.82it/s] 63%|   | 438/698 [00:45<00:19, 13.62it/s] 63%|   | 442/698 [00:46<00:23, 11.04it/s] 64%|   | 448/698 [00:46<00:23, 10.74it/s] 65%|   | 454/698 [00:47<00:16, 14.69it/s] 66%|   | 458/698 [00:47<00:20, 11.75it/s] 66%|   | 464/698 [00:48<00:21, 10.97it/s] 67%|   | 471/698 [00:48<00:14, 15.58it/s] 68%|   | 475/698 [00:48<00:19, 11.62it/s] 69%|   | 480/698 [00:49<00:21, 10.25it/s] 70%|   | 487/698 [00:49<00:14, 14.75it/s] 70%|   | 491/698 [00:50<00:19, 10.84it/s] 71%|   | 496/698 [00:51<00:21,  9.36it/s] 72%|  | 503/698 [00:51<00:14, 13.66it/s] 73%|  | 507/698 [00:51<00:17, 10.83it/s] 73%|  | 512/698 [00:52<00:19,  9.53it/s] 74%|  | 519/698 [00:52<00:12, 13.86it/s] 75%|  | 523/698 [00:53<00:16, 10.34it/s] 76%|  | 528/698 [00:54<00:19,  8.63it/s] 77%|  | 535/698 [00:54<00:12, 12.71it/s] 77%|  | 539/698 [00:55<00:16,  9.39it/s] 78%|  | 544/698 [00:55<00:18,  8.46it/s] 79%|  | 551/698 [00:55<00:11, 12.49it/s] 80%|  | 555/698 [00:56<00:14,  9.55it/s] 80%|  | 560/698 [00:57<00:16,  8.31it/s] 81%|  | 567/698 [00:57<00:10, 12.24it/s] 82%| | 571/698 [00:58<00:13,  9.13it/s] 83%| | 576/698 [00:59<00:15,  7.82it/s] 84%| | 583/698 [00:59<00:09, 11.60it/s] 84%| | 587/698 [01:00<00:12,  8.69it/s] 85%| | 592/698 [01:00<00:13,  7.73it/s] 86%| | 599/698 [01:01<00:08, 11.45it/s] 86%| | 603/698 [01:01<00:11,  8.63it/s] 87%| | 608/698 [01:02<00:11,  7.83it/s] 88%| | 615/698 [01:02<00:07, 11.61it/s] 89%| | 619/698 [01:03<00:08,  8.91it/s] 89%| | 624/698 [01:04<00:09,  7.91it/s] 90%| | 631/698 [01:04<00:05, 11.73it/s] 91%| | 635/698 [01:05<00:07,  8.91it/s] 92%|| 640/698 [01:06<00:07,  8.18it/s] 93%|| 648/698 [01:07<00:06,  8.11it/s] 94%|| 656/698 [01:07<00:05,  8.22it/s] 95%|| 664/698 [01:08<00:04,  8.30it/s] 96%|| 672/698 [01:09<00:03,  8.28it/s] 97%|| 680/698 [01:10<00:02,  8.43it/s] 99%|| 688/698 [01:11<00:01,  8.61it/s]100%|| 696/698 [01:12<00:00,  8.87it/s]100%|| 698/698 [01:13<00:00,  9.52it/s]
Config:
{'all_joints': [[0], [1], [2], [3], [4], [5], [6], [7], [8], [9], [10]],
 'all_joints_names': ['bodypart1',
                      'bodypart2',
                      'bodypart3',
                      'bodypart4',
                      'bodypart5',
                      'bodypart6',
                      'bodypart7',
                      'bodypart8',
                      'bodypart9',
                      'bodypart10',
                      'bodypart11'],
 'batch_size': 1,
 'crop_pad': 0,
 'dataset': 'training-datasets/iteration-0/UnaugmentedDataSet_PkPpEnetCh02Jun24/PkPpEnetCh02_Chen85shuffle2.pickle',
 'dataset_type': 'multi-animal-imgaug',
 'deterministic': False,
 'fg_fraction': 0.25,
 'global_scale': 0.8,
 'init_weights': '/home/xp2027/.local/lib/python3.9/site-packages/deeplabcut/pose_estimation_tensorflow/models/pretrained/mobilenet_v2_0.75_224.ckpt',
 'intermediate_supervision': False,
 'intermediate_supervision_layer': 12,
 'location_refinement': True,
 'locref_huber_loss': True,
 'locref_loss_weight': 1.0,
 'locref_smooth': False,
 'locref_stdev': 7.2801,
 'log_dir': 'log',
 'mean_pixel': [123.68, 116.779, 103.939],
 'minconfidence': 0.01,
 'mirror': False,
 'multi_stage': False,
 'net_type': 'mobilenet_v2_0.75',
 'nmsradius': 5.0,
 'num_idchannel': 0,
 'num_joints': 11,
 'num_limbs': 55,
 'optimizer': 'sgd',
 'paf_best': [54,
              0,
              52,
              49,
              10,
              19,
              27,
              45,
              34,
              40,
              53,
              50,
              1,
              46,
              41,
              35,
              51,
              28,
              20,
              11,
              2,
              12,
              47,
              21,
              14,
              29,
              43,
              42,
              26,
              8,
              4,
              3,
              38,
              23,
              31,
              37,
              44,
              39,
              5,
              6,
              7,
              9,
              25,
              24,
              13,
              33,
              15,
              16,
              17,
              18,
              48,
              32,
              22,
              30,
              36],
 'pairwise_huber_loss': True,
 'pairwise_predict': False,
 'partaffinityfield_graph': [[0, 1],
                             [0, 2],
                             [0, 3],
                             [0, 4],
                             [0, 5],
                             [0, 6],
                             [0, 7],
                             [0, 8],
                             [0, 9],
                             [0, 10],
                             [1, 2],
                             [1, 3],
                             [1, 4],
                             [1, 5],
                             [1, 6],
                             [1, 7],
                             [1, 8],
                             [1, 9],
                             [1, 10],
                             [2, 3],
                             [2, 4],
                             [2, 5],
                             [2, 6],
                             [2, 7],
                             [2, 8],
                             [2, 9],
                             [2, 10],
                             [3, 4],
                             [3, 5],
                             [3, 6],
                             [3, 7],
                             [3, 8],
                             [3, 9],
                             [3, 10],
                             [4, 5],
                             [4, 6],
                             [4, 7],
                             [4, 8],
                             [4, 9],
                             [4, 10],
                             [5, 6],
                             [5, 7],
                             [5, 8],
                             [5, 9],
                             [5, 10],
                             [6, 7],
                             [6, 8],
                             [6, 9],
                             [6, 10],
                             [7, 8],
                             [7, 9],
                             [7, 10],
                             [8, 9],
                             [8, 10],
                             [9, 10]],
 'partaffinityfield_predict': True,
 'regularize': False,
 'scoremap_dir': 'test',
 'shuffle': True,
 'sigma': 1,
 'snapshot_prefix': '/scratch/xp2027/lab_29_PkPpAllCh/PkPpEnetCh01/dlc-models/iteration-0/PkPpEnetCh02Jun24-trainset85shuffle2/test/snapshot',
 'stride': 8.0,
 'weigh_negatives': False,
 'weigh_only_present_joints': False,
 'weigh_part_predictions': False,
 'weight_decay': 0.0001}
Video Analyzed. Saving results in /scratch/xp2027/lab_29_PkPpAllCh/PkPpEnetCh01/videos/iteration-0/shuffle-2...
Using snapshot-40000 for model /scratch/xp2027/lab_29_PkPpAllCh/PkPpEnetCh01/dlc-models/iteration-0/PkPpEnetCh02Jun24-trainset85shuffle2
Processing...  /scratch/xp2027/lab_29_PkPpAllCh/PkPpEnetCh01/videos/pink02-train-2022-02-21-20.05.09.mp4
Analyzing /scratch/xp2027/lab_29_PkPpAllCh/PkPpEnetCh01/videos/iteration-0/shuffle-2/pink02-train-2022-02-21-20.05.09DLC_mobnet_75_PkPpEnetCh02Jun24shuffle2_40000.h5
  0%|          | 0/698 [00:00<?, ?it/s]  0%|          | 1/698 [00:00<02:22,  4.90it/s] 35%|      | 241/698 [00:00<00:00, 867.91it/s] 57%|    | 401/698 [00:00<00:00, 999.93it/s]100%|| 698/698 [00:00<00:00, 1281.88it/s]
0it [00:00, ?it/s]698it [00:00, 538166.21it/s]
The tracklets were created (i.e., under the hood deeplabcut.convert_detections2tracklets was run). Now you can 'refine_tracklets' in the GUI, or run 'deeplabcut.stitch_tracklets'.
Processing...  /scratch/xp2027/lab_29_PkPpAllCh/PkPpEnetCh01/videos/pink02-train-2022-02-21-20.05.09.mp4
  0%|          | 0/1 [00:00<?, ?it/s]100%|| 1/1 [00:00<00:00, 34952.53it/s]
The videos are analyzed. Time to assemble animals and track 'em... 
 Call 'create_video_with_all_detections' to check multi-animal detection quality before tracking.
If the tracking is not satisfactory for some videos, consider expanding the training set. You can use the function 'extract_outlier_frames' to extract a few representative outlier frames.
Loading  /scratch/xp2027/lab_29_PkPpAllCh/PkPpEnetCh01/videos/pink02-train-2022-02-21-20.05.09.mp4 and data.
Plots created! Please check the directory "plot-poses" within the video directory
Starting to process video: /scratch/xp2027/lab_29_PkPpAllCh/PkPpEnetCh01/videos/pink02-train-2022-02-21-20.05.09.mp4
Loading /scratch/xp2027/lab_29_PkPpAllCh/PkPpEnetCh01/videos/pink02-train-2022-02-21-20.05.09.mp4 and data.
Duration of video [s]: 23.27, recorded with 30.0 fps!
Overall # of frames: 698 with cropped frame dimensions: 1080 1920
Generating frames and creating video.
  0%|          | 0/698 [00:00<?, ?it/s]  0%|          | 1/698 [00:00<03:44,  3.11it/s]  1%|          | 6/698 [00:00<00:40, 17.17it/s]  2%|         | 12/698 [00:00<00:23, 28.93it/s]  3%|         | 18/698 [00:00<00:18, 37.24it/s]  3%|         | 24/698 [00:00<00:15, 43.03it/s]  4%|         | 30/698 [00:00<00:14, 45.87it/s]  5%|         | 36/698 [00:00<00:13, 48.49it/s]  6%|         | 42/698 [00:01<00:13, 49.51it/s]  7%|         | 48/698 [00:01<00:12, 51.42it/s]  8%|         | 54/698 [00:01<00:12, 52.99it/s]  9%|         | 60/698 [00:01<00:11, 54.34it/s]  9%|         | 66/698 [00:01<00:11, 55.13it/s] 10%|         | 72/698 [00:01<00:11, 55.59it/s] 11%|         | 78/698 [00:01<00:11, 54.51it/s] 12%|        | 84/698 [00:01<00:11, 53.84it/s] 13%|        | 90/698 [00:01<00:11, 53.81it/s] 14%|        | 96/698 [00:02<00:11, 53.12it/s] 15%|        | 102/698 [00:02<00:11, 51.91it/s] 15%|        | 108/698 [00:02<00:11, 51.10it/s] 16%|        | 114/698 [00:02<00:11, 49.23it/s] 17%|        | 119/698 [00:02<00:11, 49.24it/s] 18%|        | 124/698 [00:02<00:11, 48.82it/s] 18%|        | 129/698 [00:02<00:11, 48.26it/s] 19%|        | 134/698 [00:02<00:11, 47.86it/s] 20%|        | 139/698 [00:02<00:11, 48.15it/s] 21%|        | 144/698 [00:03<00:11, 48.38it/s] 21%|       | 149/698 [00:03<00:11, 47.49it/s] 22%|       | 154/698 [00:03<00:11, 47.12it/s] 23%|       | 159/698 [00:03<00:11, 46.06it/s] 23%|       | 164/698 [00:03<00:11, 44.90it/s] 24%|       | 169/698 [00:03<00:11, 45.44it/s] 25%|       | 174/698 [00:03<00:11, 45.49it/s] 26%|       | 179/698 [00:03<00:11, 45.69it/s] 26%|       | 184/698 [00:03<00:11, 46.18it/s] 27%|       | 189/698 [00:04<00:10, 46.48it/s] 28%|       | 194/698 [00:04<00:10, 46.45it/s] 29%|       | 199/698 [00:04<00:10, 47.02it/s] 29%|       | 204/698 [00:04<00:10, 46.93it/s] 30%|       | 209/698 [00:04<00:10, 47.02it/s] 31%|       | 214/698 [00:04<00:10, 47.70it/s] 31%|      | 219/698 [00:04<00:10, 47.55it/s] 32%|      | 224/698 [00:04<00:09, 47.52it/s] 33%|      | 229/698 [00:04<00:10, 46.32it/s] 34%|      | 234/698 [00:05<00:10, 45.81it/s] 34%|      | 239/698 [00:05<00:09, 46.58it/s] 35%|      | 244/698 [00:05<00:09, 47.08it/s] 36%|      | 250/698 [00:05<00:09, 48.19it/s] 37%|      | 255/698 [00:05<00:09, 47.81it/s] 37%|      | 261/698 [00:05<00:08, 49.62it/s] 38%|      | 267/698 [00:05<00:08, 50.79it/s] 39%|      | 273/698 [00:05<00:08, 50.82it/s] 40%|      | 279/698 [00:05<00:08, 50.30it/s] 41%|      | 285/698 [00:06<00:08, 50.79it/s] 42%|     | 291/698 [00:06<00:08, 50.63it/s] 43%|     | 297/698 [00:06<00:07, 50.93it/s] 43%|     | 303/698 [00:06<00:07, 50.37it/s] 44%|     | 309/698 [00:06<00:07, 51.43it/s] 45%|     | 315/698 [00:06<00:07, 51.22it/s] 46%|     | 321/698 [00:06<00:07, 51.09it/s] 47%|     | 327/698 [00:06<00:07, 50.89it/s] 48%|     | 333/698 [00:06<00:07, 51.49it/s] 49%|     | 339/698 [00:07<00:06, 51.52it/s] 49%|     | 345/698 [00:07<00:06, 52.98it/s] 50%|     | 351/698 [00:07<00:06, 52.76it/s] 51%|     | 357/698 [00:07<00:06, 52.96it/s] 52%|    | 363/698 [00:07<00:06, 52.20it/s] 53%|    | 369/698 [00:07<00:06, 51.43it/s] 54%|    | 375/698 [00:07<00:06, 51.67it/s] 55%|    | 381/698 [00:07<00:06, 51.10it/s] 55%|    | 387/698 [00:08<00:06, 51.16it/s] 56%|    | 393/698 [00:08<00:05, 51.39it/s] 57%|    | 399/698 [00:08<00:05, 51.35it/s] 58%|    | 405/698 [00:08<00:06, 45.29it/s] 59%|    | 411/698 [00:08<00:06, 46.75it/s] 60%|    | 417/698 [00:08<00:05, 48.33it/s] 61%|    | 423/698 [00:08<00:05, 48.88it/s] 61%|   | 429/698 [00:08<00:05, 50.43it/s] 62%|   | 435/698 [00:09<00:05, 50.80it/s] 63%|   | 441/698 [00:09<00:05, 50.66it/s] 64%|   | 447/698 [00:09<00:04, 50.92it/s] 65%|   | 453/698 [00:09<00:04, 50.05it/s] 66%|   | 459/698 [00:09<00:04, 49.69it/s] 66%|   | 464/698 [00:09<00:04, 49.03it/s] 67%|   | 469/698 [00:09<00:04, 48.35it/s] 68%|   | 474/698 [00:09<00:04, 48.44it/s] 69%|   | 479/698 [00:09<00:04, 48.22it/s] 69%|   | 484/698 [00:10<00:04, 48.33it/s] 70%|   | 489/698 [00:10<00:04, 48.59it/s] 71%|   | 494/698 [00:10<00:04, 48.06it/s] 71%|  | 499/698 [00:10<00:04, 48.03it/s] 72%|  | 504/698 [00:10<00:04, 47.24it/s] 73%|  | 509/698 [00:10<00:04, 45.07it/s] 74%|  | 514/698 [00:10<00:04, 45.88it/s] 74%|  | 519/698 [00:10<00:03, 46.98it/s] 75%|  | 525/698 [00:10<00:03, 48.77it/s] 76%|  | 530/698 [00:10<00:03, 48.84it/s] 77%|  | 536/698 [00:11<00:03, 49.34it/s] 78%|  | 541/698 [00:11<00:03, 48.88it/s] 78%|  | 547/698 [00:11<00:02, 50.45it/s] 79%|  | 553/698 [00:11<00:02, 49.09it/s] 80%|  | 559/698 [00:11<00:02, 49.82it/s] 81%|  | 565/698 [00:11<00:02, 50.79it/s] 82%| | 571/698 [00:11<00:02, 51.97it/s] 83%| | 577/698 [00:11<00:02, 52.84it/s] 84%| | 583/698 [00:11<00:02, 53.84it/s] 84%| | 589/698 [00:12<00:02, 53.82it/s] 85%| | 595/698 [00:12<00:01, 53.64it/s] 86%| | 601/698 [00:12<00:01, 54.08it/s] 87%| | 607/698 [00:12<00:01, 54.54it/s] 88%| | 613/698 [00:12<00:01, 54.85it/s] 89%| | 619/698 [00:12<00:01, 55.92it/s] 90%| | 625/698 [00:12<00:01, 56.46it/s] 90%| | 631/698 [00:12<00:01, 57.03it/s] 91%|| 637/698 [00:12<00:01, 55.85it/s] 92%|| 643/698 [00:13<00:01, 54.86it/s] 93%|| 649/698 [00:13<00:00, 53.93it/s] 94%|| 656/698 [00:13<00:00, 58.23it/s] 95%|| 663/698 [00:13<00:00, 60.81it/s] 96%|| 671/698 [00:13<00:00, 64.02it/s] 97%|| 678/698 [00:13<00:00, 64.90it/s] 98%|| 685/698 [00:13<00:00, 65.87it/s] 99%|| 692/698 [00:13<00:00, 66.63it/s]100%|| 698/698 [00:13<00:00, 50.19it/s]
